2022-12-09 21:35:13
Full thread dump OpenJDK 64-Bit Server VM (11.0.17+8-post-Ubuntu-1ubuntu218.04 mixed mode):

Threads class SMR info:
_java_thread_list=0x0000ffff58001e80, length=18, elements={
0x0000ffff9c017000, 0x0000ffff9c15c800, 0x0000ffff9c160800, 0x0000ffff9c179000,
0x0000ffff9c17f000, 0x0000ffff9c181000, 0x0000ffff9c183800, 0x0000ffff9c185800,
0x0000ffff9c1f8000, 0x0000ffff9c1fc800, 0x0000ffff9c206000, 0x0000ffff9c2a6800,
0x0000ffff9c2a9800, 0x0000ffff9c2ae000, 0x0000ffff9c2af800, 0x0000ffff9c2b1800,
0x0000ffff2c005800, 0x0000ffff58001000
}

"main" #1 prio=5 os_prio=0 cpu=342.16ms elapsed=918.94s tid=0x0000ffff9c017000 nid=0x412 waiting on condition  [0x0000ffffa379d000]
   java.lang.Thread.State: TIMED_WAITING (sleeping)
	at java.lang.Thread.sleep(java.base@11.0.17/Native Method)
	at cs451.Main.main(Main.java:127)

   Locked ownable synchronizers:
	- None

"Reference Handler" #2 daemon prio=10 os_prio=0 cpu=2.85ms elapsed=918.58s tid=0x0000ffff9c15c800 nid=0x4cc waiting on condition  [0x0000ffff771f8000]
   java.lang.Thread.State: RUNNABLE
	at java.lang.ref.Reference.waitForReferencePendingList(java.base@11.0.17/Native Method)
	at java.lang.ref.Reference.processPendingReferences(java.base@11.0.17/Reference.java:241)
	at java.lang.ref.Reference$ReferenceHandler.run(java.base@11.0.17/Reference.java:213)

   Locked ownable synchronizers:
	- None

"Finalizer" #3 daemon prio=8 os_prio=0 cpu=0.43ms elapsed=918.51s tid=0x0000ffff9c160800 nid=0x4e9 in Object.wait()  [0x0000ffff76ff8000]
   java.lang.Thread.State: WAITING (on object monitor)
	at java.lang.Object.wait(java.base@11.0.17/Native Method)
	- waiting on <0x00000000fc0ab2d8> (a java.lang.ref.ReferenceQueue$Lock)
	at java.lang.ref.ReferenceQueue.remove(java.base@11.0.17/ReferenceQueue.java:155)
	- waiting to re-lock in wait() <0x00000000fc0ab2d8> (a java.lang.ref.ReferenceQueue$Lock)
	at java.lang.ref.ReferenceQueue.remove(java.base@11.0.17/ReferenceQueue.java:176)
	at java.lang.ref.Finalizer$FinalizerThread.run(java.base@11.0.17/Finalizer.java:170)

   Locked ownable synchronizers:
	- None

"Signal Dispatcher" #4 daemon prio=9 os_prio=0 cpu=0.65ms elapsed=918.35s tid=0x0000ffff9c179000 nid=0x524 runnable  [0x0000000000000000]
   java.lang.Thread.State: RUNNABLE

   Locked ownable synchronizers:
	- None

"Service Thread" #5 daemon prio=9 os_prio=0 cpu=0.05ms elapsed=918.28s tid=0x0000ffff9c17f000 nid=0x53f runnable  [0x0000000000000000]
   java.lang.Thread.State: RUNNABLE

   Locked ownable synchronizers:
	- None

"C2 CompilerThread0" #6 daemon prio=9 os_prio=0 cpu=981.22ms elapsed=918.23s tid=0x0000ffff9c181000 nid=0x552 waiting on condition  [0x0000000000000000]
   java.lang.Thread.State: RUNNABLE
   No compile task

   Locked ownable synchronizers:
	- None

"C1 CompilerThread0" #9 daemon prio=9 os_prio=0 cpu=285.52ms elapsed=918.15s tid=0x0000ffff9c183800 nid=0x56c waiting on condition  [0x0000000000000000]
   java.lang.Thread.State: RUNNABLE
   No compile task

   Locked ownable synchronizers:
	- None

"Sweeper thread" #10 daemon prio=9 os_prio=0 cpu=0.55ms elapsed=918.06s tid=0x0000ffff9c185800 nid=0x59b runnable  [0x0000000000000000]
   java.lang.Thread.State: RUNNABLE

   Locked ownable synchronizers:
	- None

"JDWP Transport Listener: dt_socket" #11 daemon prio=10 os_prio=0 cpu=0.08ms elapsed=917.62s tid=0x0000ffff9c1f8000 nid=0x640 runnable  [0x0000000000000000]
   java.lang.Thread.State: RUNNABLE

   Locked ownable synchronizers:
	- None

"JDWP Event Helper Thread" #12 daemon prio=10 os_prio=0 cpu=0.08ms elapsed=917.58s tid=0x0000ffff9c1fc800 nid=0x654 runnable  [0x0000000000000000]
   java.lang.Thread.State: RUNNABLE

   Locked ownable synchronizers:
	- None

"Common-Cleaner" #13 daemon prio=8 os_prio=0 cpu=1.84ms elapsed=917.49s tid=0x0000ffff9c206000 nid=0x67a in Object.wait()  [0x0000ffff75df6000]
   java.lang.Thread.State: TIMED_WAITING (on object monitor)
	at java.lang.Object.wait(java.base@11.0.17/Native Method)
	- waiting on <0x00000000fc09f680> (a java.lang.ref.ReferenceQueue$Lock)
	at java.lang.ref.ReferenceQueue.remove(java.base@11.0.17/ReferenceQueue.java:155)
	- waiting to re-lock in wait() <0x00000000fc09f680> (a java.lang.ref.ReferenceQueue$Lock)
	at jdk.internal.ref.CleanerImpl.run(java.base@11.0.17/CleanerImpl.java:148)
	at java.lang.Thread.run(java.base@11.0.17/Thread.java:829)
	at jdk.internal.misc.InnocuousThread.run(java.base@11.0.17/InnocuousThread.java:161)

   Locked ownable synchronizers:
	- None

"Thread-2" #16 prio=5 os_prio=0 cpu=7334.77ms elapsed=914.76s tid=0x0000ffff9c2a6800 nid=0x9c0 waiting on condition  [0x0000ffff75bf6000]
   java.lang.Thread.State: TIMED_WAITING (sleeping)
	at java.lang.Thread.sleep(java.base@11.0.17/Native Method)
	at cs451.udp.UDPReceiver.lambda$new$0(UDPReceiver.java:46)
	at cs451.udp.UDPReceiver$$Lambda$5/0x00000001000a7c40.run(Unknown Source)
	at java.lang.Thread.run(java.base@11.0.17/Thread.java:829)

   Locked ownable synchronizers:
	- None

"Timer-0" #17 prio=5 os_prio=0 cpu=21.51ms elapsed=914.66s tid=0x0000ffff9c2a9800 nid=0x9d5 in Object.wait()  [0x0000ffff759f6000]
   java.lang.Thread.State: TIMED_WAITING (on object monitor)
	at java.lang.Object.wait(java.base@11.0.17/Native Method)
	- waiting on <0x00000000fc0a1d10> (a java.util.TaskQueue)
	at java.util.TimerThread.mainLoop(java.base@11.0.17/Timer.java:553)
	- waiting to re-lock in wait() <0x00000000fc0a1d10> (a java.util.TaskQueue)
	at java.util.TimerThread.run(java.base@11.0.17/Timer.java:506)

   Locked ownable synchronizers:
	- None

"Thread-1" #15 prio=5 os_prio=0 cpu=4925.75ms elapsed=914.60s tid=0x0000ffff9c2ae000 nid=0x9dd runnable  [0x0000ffff757f6000]
   java.lang.Thread.State: RUNNABLE
	at java.net.PlainDatagramSocketImpl.receive0(java.base@11.0.17/Native Method)
	- locked <0x00000000fc0a2cb8> (a java.net.PlainDatagramSocketImpl)
	at java.net.AbstractPlainDatagramSocketImpl.receive(java.base@11.0.17/AbstractPlainDatagramSocketImpl.java:200)
	- locked <0x00000000fc0a2cb8> (a java.net.PlainDatagramSocketImpl)
	at java.net.DatagramSocket.receive(java.base@11.0.17/DatagramSocket.java:814)
	- locked <0x00000000fc0a2ce8> (a java.net.DatagramPacket)
	- locked <0x00000000fc0a2c78> (a java.net.DatagramSocket)
	at cs451.udp.UDPReceiver.run(UDPReceiver.java:58)

   Locked ownable synchronizers:
	- None

"Thread-4" #18 prio=8 os_prio=0 cpu=1840.60ms elapsed=914.55s tid=0x0000ffff9c2af800 nid=0x9ec waiting on condition  [0x0000ffff755f6000]
   java.lang.Thread.State: TIMED_WAITING (sleeping)
	at java.lang.Thread.sleep(java.base@11.0.17/Native Method)
	at cs451.links.StubbornLinks.lambda$new$0(StubbornLinks.java:54)
	at cs451.links.StubbornLinks$$Lambda$6/0x00000001000a7440.run(Unknown Source)
	at java.lang.Thread.run(java.base@11.0.17/Thread.java:829)

   Locked ownable synchronizers:
	- None

"Thread-5" #19 prio=10 os_prio=0 cpu=2459.23ms elapsed=914.51s tid=0x0000ffff9c2b1800 nid=0x9f9 waiting on condition  [0x0000ffff753f6000]
   java.lang.Thread.State: TIMED_WAITING (sleeping)
	at java.lang.Thread.sleep(java.base@11.0.17/Native Method)
	at cs451.links.StubbornLinks.lambda$new$1(StubbornLinks.java:76)
	at cs451.links.StubbornLinks$$Lambda$7/0x00000001000a6840.run(Unknown Source)
	at java.lang.Thread.run(java.base@11.0.17/Thread.java:829)

   Locked ownable synchronizers:
	- None

"pool-1-thread-1" #20 prio=5 os_prio=0 cpu=4902.15ms elapsed=913.81s tid=0x0000ffff2c005800 nid=0xa99 waiting on condition  [0x0000ffff74ff6000]
   java.lang.Thread.State: WAITING (parking)
	at jdk.internal.misc.Unsafe.park(java.base@11.0.17/Native Method)
	- parking to wait for  <0x00000000fc0a16b8> (a java.util.concurrent.locks.AbstractQueuedSynchronizer$ConditionObject)
	at java.util.concurrent.locks.LockSupport.park(java.base@11.0.17/LockSupport.java:194)
	at java.util.concurrent.locks.AbstractQueuedSynchronizer$ConditionObject.await(java.base@11.0.17/AbstractQueuedSynchronizer.java:2081)
	at java.util.concurrent.LinkedBlockingQueue.take(java.base@11.0.17/LinkedBlockingQueue.java:433)
	at java.util.concurrent.ThreadPoolExecutor.getTask(java.base@11.0.17/ThreadPoolExecutor.java:1054)
	at java.util.concurrent.ThreadPoolExecutor.runWorker(java.base@11.0.17/ThreadPoolExecutor.java:1114)
	at java.util.concurrent.ThreadPoolExecutor$Worker.run(java.base@11.0.17/ThreadPoolExecutor.java:628)
	at java.lang.Thread.run(java.base@11.0.17/Thread.java:829)

   Locked ownable synchronizers:
	- None

"Attach Listener" #21 daemon prio=9 os_prio=0 cpu=2.54ms elapsed=219.12s tid=0x0000ffff58001000 nid=0xff5 waiting on condition  [0x0000000000000000]
   java.lang.Thread.State: RUNNABLE

   Locked ownable synchronizers:
	- None

"VM Thread" os_prio=0 cpu=914.40ms elapsed=918.64s tid=0x0000ffff9c154000 nid=0x4b6 runnable  

"GC Thread#0" os_prio=0 cpu=2062.98ms elapsed=918.85s tid=0x0000ffff9c02f000 nid=0x451 runnable  

"GC Thread#1" os_prio=0 cpu=1960.39ms elapsed=913.38s tid=0x0000ffff6c001000 nid=0xafe runnable  

"GC Thread#2" os_prio=0 cpu=1981.43ms elapsed=913.37s tid=0x0000ffff6c002800 nid=0xb03 runnable  

"GC Thread#3" os_prio=0 cpu=2043.91ms elapsed=913.36s tid=0x0000ffff6c004000 nid=0xb07 runnable  

"GC Thread#4" os_prio=0 cpu=2124.37ms elapsed=913.36s tid=0x0000ffff6c005800 nid=0xb0b runnable  

"GC Thread#5" os_prio=0 cpu=2080.73ms elapsed=913.36s tid=0x0000ffff6c007000 nid=0xb0d runnable  

"GC Thread#6" os_prio=0 cpu=2088.88ms elapsed=913.36s tid=0x0000ffff6c009000 nid=0xb0f runnable  

"GC Thread#7" os_prio=0 cpu=1965.96ms elapsed=913.21s tid=0x0000ffff6c00a800 nid=0xb28 runnable  

"G1 Main Marker" os_prio=0 cpu=24.26ms elapsed=918.79s tid=0x0000ffff9c036000 nid=0x469 runnable  

"G1 Conc#0" os_prio=0 cpu=1126.95ms elapsed=918.76s tid=0x0000ffff9c038000 nid=0x47a runnable  

"G1 Conc#1" os_prio=0 cpu=1104.90ms elapsed=902.37s tid=0x0000ffff78001000 nid=0xdeb runnable  

"G1 Refine#0" os_prio=0 cpu=3.56ms elapsed=918.73s tid=0x0000ffff9c08c000 nid=0x487 runnable  

"G1 Young RemSet Sampling" os_prio=0 cpu=144.62ms elapsed=918.68s tid=0x0000ffff9c08e000 nid=0x4a1 runnable  
"VM Periodic Task Thread" os_prio=0 cpu=669.90ms elapsed=917.52s tid=0x0000ffff9c1ff000 nid=0x670 waiting on condition  

JNI global refs: 44, weak refs: 1

