d 1 3251
d 1 3252
d 1 1251
d 1 2501
d 1 2502
d 1 2503
d 1 3501
d 1 1252
d 1 3752
d 1 2504
d 1 3253
d 1 3254
d 1 3753
d 1 1254
d 1 3751
d 1 2506
d 1 3502
d 1 2505
d 1 1253
d 1 3255
d 1 3256
d 1 3258
d 1 3259
d 1 3504
d 1 3260
d 1 3754
d 1 1259
d 1 2509
d 1 2508
d 1 1258
d 1 3503
d 1 1257
d 1 2507
d 1 1256
d 1 3257
d 1 1255
d 1 3261
d 1 3755
d 1 3505
d 1 3506
d 1 3756
d 1 3757
d 1 3262
d 1 3263
d 1 1260
d 1 1261
d 1 1262
d 1 2510
d 1 1263
d 1 1264
d 1 1265
d 1 1266
d 1 1267
d 1 1268
d 1 1269
d 1 1270
d 1 2511
d 1 2513
d 1 3264
d 1 3758
d 1 3265
d 1 2512
d 1 1271
d 1 3507
d 1 1272
d 1 1274
d 1 1273
d 1 1275
d 1 2514
d 1 1276
d 1 3266
d 1 3267
d 1 3759
d 1 3268
d 1 1277
d 1 3508
d 1 2515
d 1 1278
d 1 3269
d 1 3760
d 1 3270
d 1 3761
d 1 2516
d 1 2517
d 1 3509
d 1 2518
d 1 2519
d 1 2520
d 1 3762
d 1 1279
d 1 3510
d 1 1280
d 1 3271
d 1 1281
d 1 3763
d 1 3511
d 1 2521
d 1 2522
d 1 3512
d 1 2523
d 1 2524
d 1 2525
d 1 3764
d 1 2526
d 1 2527
d 1 1282
d 1 3272
d 1 3273
d 1 1283
d 1 3274
d 1 2528
d 1 3765
d 1 3766
d 1 3514
d 1 3513
d 1 3767
d 1 3515
d 1 3516
d 1 3517
d 1 2529
d 1 2530
d 1 3275
d 1 2531
d 1 2532
d 1 1284
d 1 2533
d 1 3277
d 1 3276
d 1 3278
d 1 3279
d 1 3280
d 1 3281
d 1 3283
d 1 3282
d 1 3284
d 1 3518
d 1 3768
d 1 3285
d 1 2534
d 1 3286
d 1 1285
d 1 1286
d 1 3519
d 1 2535
d 1 2536
d 1 2537
d 1 3287
d 1 3520
d 1 3769
d 1 3521
d 1 3522
d 1 3288
d 1 2538
d 1 3289
d 1 3291
d 1 1287
d 1 3290
d 1 1288
d 1 3292
d 1 2539
d 1 3523
d 1 3771
d 1 3770
d 1 3524
d 1 3525
d 1 2540
d 1 3293
d 1 3294
d 1 1289
d 1 3296
d 1 1291
d 1 1292
d 1 1290
d 1 1293
d 1 1294
d 1 2541
d 1 3526
d 1 2542
d 1 3772
d 1 2543
d 1 2545
d 1 2544
d 1 3528
d 1 3527
d 1 1295
d 1 3297
d 1 1296
d 1 3530
d 1 3529
d 1 3532
d 1 3533
d 1 3531
d 1 3534
d 1 3535
d 1 2547
d 1 2546
d 1 2548
d 1 3536
d 1 2550
d 1 2549
d 1 3773
d 1 3537
d 1 1297
d 1 3298
d 1 1298
d 1 3299
d 1 3538
d 1 3540
d 1 3541
d 1 3539
d 1 3309
d 1 1307
d 1 3779
d 1 3780
d 1 3556
d 1 3781
d 1 3783
d 1 3782
d 1 1308
d 1 1309
d 1 3310
d 1 3311
d 1 2563
d 1 3312
d 1 1310
d 1 3313
d 1 3314
d 1 3315
d 1 3316
d 1 3317
d 1 3319
d 1 3320
d 1 3321
d 1 3784
d 1 3785
d 1 3322
d 1 3557
d 1 3558
d 1 3559
d 1 3560
d 1 1311
d 1 2564
d 1 3318
d 1 2565
d 1 2566
d 1 1312
d 1 3562
d 1 3561
d 1 3563
d 1 3564
d 1 3323
d 1 3786
d 1 3327
d 1 3328
d 1 3329
d 1 3330
d 1 3794
d 1 3795
d 1 3796
d 1 3797
d 1 3331
d 1 3571
d 1 3572
d 1 3573
d 1 3574
d 1 1316
d 1 1317
d 1 1318
d 1 1319
d 1 2570
d 1 1320
d 1 1321
d 1 1322
d 1 1323
d 1 1324
d 1 1325
d 1 1326
d 1 1327
d 1 1328
d 1 1329
d 1 3575
d 1 3576
d 1 1330
d 1 3577
d 1 3578
d 1 3332
d 1 3798
d 1 3333
d 1 3334
d 1 3335
d 1 3336
d 1 3579
d 1 3337
d 1 1331
d 1 2578
d 1 2579
d 1 2580
d 1 2581
d 1 1335
d 1 1336
d 1 3341
d 1 3587
d 1 3801
d 1 3588
d 1 3802
d 1 3803
d 1 3804
d 1 3342
d 1 3343
d 1 3344
d 1 3345
d 1 1338
d 1 1337
d 1 1339
d 1 1340
d 1 2582
d 1 2583
d 1 2584
d 1 1341
d 1 1342
d 1 3346
d 1 3805
d 1 3806
d 1 3807
d 1 3808
d 1 3809
d 1 3810
d 1 3589
d 1 3590
d 1 3591
d 1 3592
d 1 3593
d 1 3594
d 1 3811
d 1 3347
d 1 2585
d 1 3813
d 1 3814
d 1 1346
d 1 3596
d 1 3595
d 1 3597
d 1 3598
d 1 3599
d 1 3600
d 1 3601
d 1 3602
d 1 3815
d 1 3816
d 1 3817
d 1 1347
d 1 3349
d 1 3350
d 1 3351
d 1 2591
d 1 2592
d 1 2593
d 1 1348
d 1 3352
d 1 3818
d 1 1349
d 1 1350
d 1 1351
d 1 1352
d 1 3603
d 1 3819
d 1 1353
d 1 3820
d 1 3821
d 1 3353
d 1 3354
d 1 3356
d 1 3357
d 1 2594
d 1 2595
d 1 3358
d 1 3360
d 1 3355
d 1 1372
d 1 3371
d 1 3372
d 1 3373
d 1 3374
d 1 2600
d 1 3610
d 1 3375
d 1 2601
d 1 3830
d 1 1373
d 1 2602
d 1 3611
d 1 3612
d 1 3613
d 1 3614
d 1 3376
d 1 3377
d 1 3378
d 1 3615
d 1 2603
d 1 2604
d 1 2605
d 1 2606
d 1 2607
d 1 2609
d 1 2608
d 1 2610
d 1 2611
d 1 2612
d 1 2613
d 1 1374
d 1 1375
d 1 3831
d 1 1376
d 1 1377
d 1 1378
d 1 2614
d 1 1379
d 1 1381
d 1 1380
d 1 3616
d 1 3621
d 1 3833
d 1 2616
d 1 3834
d 1 3835
d 1 1383
d 1 3836
d 1 1384
d 1 1385
d 1 3384
d 1 1386
d 1 1387
d 1 1388
d 1 1389
d 1 3837
d 1 3838
d 1 3839
d 1 2617
d 1 2619
d 1 2618
d 1 2621
d 1 2620
d 1 2622
d 1 2623
d 1 3622
d 1 3623
d 1 3624
d 1 3626
d 1 3625
d 1 2624
d 1 2625
d 1 2626
d 1 3840
d 1 1390
d 1 1391
d 1 3385
d 1 3386
d 1 3387
d 1 3841
d 1 3388
d 1 3842
d 1 3843
d 1 2635
d 1 3632
d 1 2636
d 1 2637
d 1 3395
d 1 1397
d 1 3396
d 1 3859
d 1 3860
d 1 3861
d 1 3862
d 1 3397
d 1 1398
d 1 3863
d 1 2638
d 1 2639
d 1 2640
d 1 3633
d 1 2641
d 1 2642
d 1 2643
d 1 2644
d 1 2645
d 1 2646
d 1 3864
d 1 2647
d 1 3865
d 1 1399
d 1 1400
d 1 1401
d 1 1402
d 1 1403
d 1 1404
d 1 3398
d 1 3399
d 1 3400
d 1 3401
d 1 3402
d 1 3404
d 1 3406
d 1 3405
d 1 3403
d 1 2650
d 1 3867
d 1 3868
d 1 3869
d 1 3870
d 1 3411
d 1 3872
d 1 1406
d 1 1407
d 1 3873
d 1 3871
d 1 3874
d 1 3875
d 1 3876
d 1 3877
d 1 2651
d 1 3637
d 1 2652
d 1 3636
d 1 2653
d 1 2654
d 1 2655
d 1 3878
d 1 1408
d 1 3412
d 1 1409
d 1 3879
d 1 1410
d 1 2656
d 1 3638
d 1 3639
d 1 2657
d 1 2658
d 1 1411
d 1 1413
d 1 1412
d 1 1414
d 1 1415
d 1 1416
d 1 3880
d 1 3413
d 1 3415
d 1 1427
d 1 1428
d 1 1429
d 1 2680
d 1 3427
d 1 3428
d 1 3429
d 1 3430
d 1 3431
d 1 2681
d 1 3432
d 1 3433
d 1 1430
d 1 1431
d 1 1432
d 1 3889
d 1 3890
d 1 3891
d 1 3647
d 1 3648
d 1 3892
d 1 1433
d 1 1434
d 1 1435
d 1 1436
d 1 1437
d 1 3649
d 1 1439
d 1 1440
d 1 2682
d 1 1441
d 1 1442
d 1 3434
d 1 1438
d 1 1443
d 1 1444
d 1 1445
d 1 1446
d 1 1448
d 1 1447
d 1 3893
d 1 3650
d 1 3659
d 1 3660
d 1 3894
d 1 1449
d 1 3435
d 1 3436
d 1 3437
d 1 2683
d 1 2684
d 1 3438
d 1 3439
d 1 1450
d 1 3440
d 1 1451
d 1 1452
d 1 3895
d 1 3661
d 1 3662
d 1 3896
d 1 1453
d 1 1454
d 1 1455
d 1 3441
d 1 2685
d 1 2686
d 1 2687
d 1 2688
d 1 1456
d 1 1457
d 1 3442
d 1 3897
d 1 3898
d 1 3663
d 1 1459
d 1 1458
d 1 3899
d 1 3900
d 1 3901
d 1 3902
d 1 3903
d 1 3904
d 1 3906
d 1 3450
d 1 3664
d 1 3908
d 1 3451
d 1 3666
d 1 3665
d 1 3453
d 1 3454
d 1 3452
d 1 3455
d 1 3456
d 1 2691
d 1 3457
d 1 2692
d 1 1462
d 1 1463
d 1 1464
d 1 1465
d 1 1466
d 1 1467
d 1 1468
d 1 1469
d 1 1470
d 1 1471
d 1 1473
d 1 2693
d 1 1472
d 1 3458
d 1 3459
d 1 3667
d 1 3909
d 1 3668
d 1 3669
d 1 3460
d 1 3461
d 1 3462
d 1 3463
d 1 3464
d 1 2694
d 1 1474
d 1 3670
d 1 3465
d 1 3466
d 1 3467
d 1 1476
d 1 1477
d 1 2702
d 1 2703
d 1 2704
d 1 2705
d 1 2706
d 1 2708
d 1 2707
d 1 2709
d 1 2710
d 1 2711
d 1 2712
d 1 3680
d 1 3681
d 1 3914
d 1 3682
d 1 2714
d 1 2713
d 1 2715
d 1 1479
d 1 1478
d 1 1480
d 1 1481
d 1 3468
d 1 3469
d 1 3471
d 1 3470
d 1 1482
d 1 1483
d 1 1484
d 1 1485
d 1 2717
d 1 1487
d 1 3684
d 1 1486
d 1 3683
d 1 3685
d 1 3917
d 1 3686
d 1 3001
d 1 3003
d 1 3004
d 1 3002
d 1 3006
d 1 3007
d 1 3005
d 1 3008
d 1 3010
d 1 3011
d 1 3012
d 1 3013
d 1 3014
d 1 3015
d 1 3016
d 1 3017
d 1 3018
d 1 3019
d 1 3020
d 1 3021
d 1 3022
d 1 3025
d 1 3024
d 1 3026
d 1 3027
d 1 3028
d 1 3031
d 1 3032
d 1 3033
d 1 3034
d 1 3036
d 1 3037
d 1 3035
d 1 3038
d 1 3039
d 1 3040
d 1 3041
d 1 3042
d 1 3009
d 1 3043
d 1 3044
d 1 3045
d 1 2787
d 1 2788
d 1 2789
d 1 2790
d 1 2791
d 1 2792
d 1 2793
d 1 2794
d 1 2795
d 1 2797
d 1 2796
d 1 2798
d 1 2799
d 1 2800
d 1 2801
d 1 2802
d 1 2803
d 1 2804
d 1 2805
d 1 2806
d 1 2807
d 1 2808
d 1 2809
d 1 2810
d 1 2811
d 1 2812
d 1 2813
d 1 2814
d 1 2815
d 1 2816
d 1 2817
d 1 2818
d 1 2819
d 1 2820
d 1 2821
d 1 2822
d 1 2823
d 1 2824
d 1 2825
d 1 2826
d 1 2827
d 1 2828
d 1 358
d 1 359
d 1 360
d 1 361
d 1 362
d 1 363
d 1 364
d 1 365
d 1 366
d 1 368
d 1 367
d 1 369
d 1 370
d 1 371
d 1 372
d 1 373
d 1 375
d 1 374
d 1 376
d 1 377
d 1 378
d 1 379
d 1 380
d 1 381
d 1 383
d 1 382
d 1 384
d 1 386
d 1 385
d 1 387
d 1 388
d 1 390
d 1 391
d 1 389
d 1 392
d 1 394
d 1 393
d 1 396
d 1 395
d 1 397
d 1 399
d 1 398
d 1 3678
d 1 3857
d 1 3858
d 1 3866
d 1 3881
d 1 3882
d 1 3883
d 1 3884
d 1 3885
d 1 3886
d 1 3887
d 1 3888
d 1 3905
d 1 3907
d 1 3910
d 1 3911
d 1 3912
d 1 3913
d 1 3915
d 1 3916
d 1 3918
d 1 3919
d 1 3920
d 1 3921
d 1 3922
d 1 3923
d 1 3924
d 1 3925
d 1 3926
d 1 3927
d 1 3928
d 1 3929
d 1 3930
d 1 3931
d 1 3932
d 1 3933
d 1 3934
d 1 3935
d 1 3936
d 1 3937
d 1 3938
d 1 1014
d 1 2312
d 1 2313
d 1 2314
d 1 2315
d 1 507
d 1 2316
d 1 508
d 1 2317
d 1 2318
d 1 2319
d 1 509
d 1 2320
d 1 510
d 1 2321
d 1 1602
d 1 511
d 1 2322
d 1 512
d 1 2323
d 1 513
d 1 2324
d 1 514
d 1 2325
d 1 2326
d 1 2327
d 1 515
d 1 2328
d 1 516
d 1 2329
d 1 517
d 1 2330
d 1 2331
d 1 2332
d 1 2333
d 1 2334
d 1 2335
d 1 2336
d 1 2337
d 1 2338
d 1 518
d 1 2339
d 1 490
d 1 491
d 1 492
d 1 493
d 1 494
d 1 495
d 1 496
d 1 497
d 1 498
d 1 499
d 1 500
d 1 501
d 1 502
d 1 503
d 1 504
d 1 2187
d 1 1006
d 1 2188
d 1 2189
d 1 1007
d 1 2190
d 1 1008
d 1 2191
d 1 1009
d 1 2192
d 1 1010
d 1 2193
d 1 1011
d 1 2194
d 1 1012
d 1 2195
d 1 1013
d 1 2196
d 1 1015
d 1 2197
d 1 1016
d 1 2198
d 1 2199
d 1 1017
d 1 2200
d 1 1018
d 1 1784
d 1 1785
d 1 1786
d 1 1787
d 1 807
d 1 808
d 1 809
d 1 810
d 1 811
d 1 812
d 1 813
d 1 814
d 1 815
d 1 816
d 1 817
d 1 818
d 1 819
d 1 820
d 1 821
d 1 822
d 1 823
d 1 824
d 1 825
d 1 826
d 1 827
d 1 828
d 1 829
d 1 830
d 1 831
d 1 832
d 1 833
d 1 834
d 1 835
d 1 836
d 1 837
d 1 838
d 1 839
d 1 840
d 1 841
d 1 842
d 1 843
d 1 844
d 1 12
d 1 290
d 1 13
d 1 291
d 1 14
d 1 15
d 1 292
d 1 16
d 1 293
d 1 17
d 1 18
d 1 294
d 1 19
d 1 295
d 1 20
d 1 296
d 1 21
d 1 297
d 1 22
d 1 298
d 1 696
d 1 23
d 1 299
d 1 24
d 1 697
d 1 300
d 1 25
d 1 698
d 1 301
d 1 26
d 1 699
d 1 302
d 1 27
d 1 700
d 1 303
d 1 701
d 1 304
d 1 29
d 1 28
d 1 702
d 1 305
d 1 30
d 1 2168
d 1 2169
d 1 2170
d 1 2171
d 1 2172
d 1 2173
d 1 2174
d 1 2167
d 1 2175
d 1 2176
d 1 2177
d 1 1026
d 1 3189
d 1 3190
d 1 3191
d 1 3192
d 1 3193
d 1 3194
d 1 3195
d 1 3196
d 1 3197
d 1 3198
d 1 1975
d 1 1976
d 1 1977
d 1 1978
d 1 1979
d 1 1980
d 1 1981
d 1 1982
d 1 1983
d 1 1984
d 1 1985
d 1 1986
d 1 1987
d 1 1988
d 1 1989
d 1 1788
d 1 2700
d 1 2701
d 1 2716
d 1 2718
d 1 3473
d 1 2719
d 1 3474
d 1 2720
d 1 3475
d 1 2721
d 1 3476
d 1 3477
d 1 3478
d 1 3479
d 1 2386
d 1 3480
d 1 2387
d 1 3481
d 1 2388
d 1 3482
d 1 2389
d 1 3483
d 1 2390
d 1 3484
d 1 2391
d 1 3485
d 1 2392
d 1 3486
d 1 2393
d 1 3487
d 1 2394
d 1 3488
d 1 2395
d 1 3489
d 1 3490
d 1 3491
d 1 3492
d 1 3493
d 1 3494
d 1 3495
d 1 3496
d 1 3497
d 1 2184
d 1 2185
d 1 2186
d 1 2201
d 1 2202
d 1 2743
d 1 2744
d 1 2745
d 1 2746
d 1 2747
d 1 2748
d 1 2749
d 1 2750
d 1 2751
d 1 2752
d 1 2753
d 1 2754
d 1 2755
d 1 2756
d 1 2757
d 1 2758
d 1 2759
d 1 3199
d 1 3200
d 1 3201
d 1 3202
d 1 3203
d 1 1066
d 1 1067
d 1 2760
d 1 2761
d 1 2762
d 1 2763
d 1 2764
d 1 2765
d 1 2766
d 1 2767
d 1 2768
d 1 2770
d 1 2771
d 1 2769
d 1 2772
d 1 761
d 1 762
d 1 763
d 1 764
d 1 765
d 1 766
d 1 767
d 1 768
d 1 769
d 1 770
d 1 771
d 1 772
d 1 773
d 1 774
d 1 775
d 1 776
d 1 777
d 1 778
d 1 779
d 1 780
d 1 781
d 1 782
d 1 783
d 1 784
d 1 785
d 1 786
d 1 787
d 1 788
d 1 789
d 1 790
d 1 791
d 1 792
d 1 793
d 1 794
d 1 796
d 1 795
d 1 797
d 1 798
d 1 799
d 1 800
d 1 801
d 1 802
d 1 803
d 1 804
d 1 805
d 1 806
d 1 845
d 1 846
d 1 847
d 1 848
d 1 849
d 1 850
d 1 851
d 1 852
d 1 853
d 1 854
d 1 855
d 1 856
d 1 857
d 1 858
d 1 859
d 1 860
d 1 861
d 1 862
d 1 863
d 1 864
d 1 865
d 1 866
d 1 196
d 1 197
d 1 198
d 1 199
d 1 200
d 1 201
d 1 202
d 1 203
d 1 204
d 1 205
d 1 206
d 1 207
d 1 208
d 1 209
d 1 210
d 1 211
d 1 212
d 1 213
d 1 214
d 1 215
d 1 216
d 1 217
d 1 218
d 1 219
d 1 220
d 1 221
d 1 222
d 1 223
d 1 224
d 1 225
d 1 226
d 1 227
d 1 228
d 1 229
d 1 230
d 1 231
d 1 232
d 1 233
d 1 234
d 1 235
d 1 236
d 1 237
d 1 238
d 1 239
d 1 240
d 1 241
d 1 242
d 1 243
d 1 244
d 1 245
d 1 246
d 1 247
d 1 248
d 1 249
d 1 250
d 1 251
d 1 252
d 1 253
d 1 254
d 1 255
d 1 256
d 1 257
d 1 258
d 1 259
d 1 260
d 1 261
d 1 262
d 1 263
d 1 264
d 1 265
d 1 266
d 1 267
d 1 268
d 1 269
d 1 270
d 1 271
d 1 272
d 1 273
d 1 274
d 1 275
d 1 276
d 1 277
d 1 278
d 1 279
d 1 280
d 1 281
d 1 282
d 1 283
d 1 284
d 1 285
d 1 286
d 1 287
d 1 288
d 1 289
d 1 52
d 1 53
d 1 54
d 1 56
d 1 57
d 1 58
d 1 59
d 1 60
d 1 61
d 1 62
d 1 63
d 1 64
d 1 65
d 1 66
d 1 67
d 1 68
d 1 69
d 1 70
d 1 71
d 1 72
d 1 73
d 1 74
d 1 75
d 1 76
d 1 77
d 1 78
d 1 79
d 1 80
d 1 81
d 1 82
d 1 83
d 1 84
d 1 85
d 1 86
d 1 87
d 1 88
d 1 89
d 1 91
d 1 92
d 1 93
d 1 94
d 1 95
d 1 2161
d 1 2162
d 1 2163
d 1 2164
d 1 2165
d 1 1092
d 1 1093
d 1 1094
d 1 1095
d 1 1096
d 1 1097
d 1 1098
d 1 1099
d 1 424
d 1 425
d 1 426
d 1 427
d 1 428
d 1 429
d 1 430
d 1 431
d 1 432
d 1 433
d 1 434
d 1 436
d 1 437
d 1 438
d 1 439
d 1 442
d 1 443
d 1 444
d 1 445
d 1 1100
d 1 1101
d 1 1102
d 1 1103
d 1 1104
d 1 1105
d 1 1106
d 1 1107
d 1 1108
d 1 1109
d 1 1626
d 1 1627
d 1 1628
d 1 1629
d 1 1631
d 1 1632
d 1 1633
d 1 1634
d 1 1635
d 1 1636
d 1 1637
d 1 1638
d 1 1639
d 1 1640
d 1 1641
d 1 1642
d 1 1643
d 1 1644
d 1 1645
d 1 1646
d 1 1647
d 1 1140
d 1 1141
d 1 1143
d 1 1145
d 1 1146
d 1 1147
d 1 1149
d 1 1150
d 1 1151
d 1 1152
d 1 1153
d 1 1154
d 1 1155
d 1 1156
d 1 1157
d 1 1158
d 1 1648
d 1 1650
d 1 1651
d 1 1652
d 1 1653
d 1 3179
d 1 2457
d 1 2244
d 1 3180
d 1 2458
d 1 2245
d 1 3181
d 1 2459
d 1 2246
d 1 3182
d 1 2460
d 1 2247
d 1 3183
d 1 2461
d 1 2248
d 1 3184
d 1 2462
d 1 2249
d 1 2463
d 1 2250
d 1 2464
d 1 2251
d 1 2725
d 1 2465
d 1 2252
d 1 2726
d 1 2466
d 1 2253
d 1 2727
d 1 2254
d 1 2467
d 1 2728
d 1 2468
d 1 2255
d 1 2729
d 1 2469
d 1 2256
d 1 2730
d 1 2470
d 1 2257
d 1 2731
d 1 2471
d 1 1209
d 1 3426
d 1 3443
d 1 3444
d 1 3445
d 1 3446
d 1 3447
d 1 3448
d 1 3449
d 1 3472
d 1 3498
d 1 3499
d 1 3500
d 1 3542
d 1 3543
d 1 3544
d 1 3545
d 1 3546
d 1 3548
d 1 3549
d 1 3550
d 1 3551
d 1 3552
d 1 3553
d 1 3554
d 1 2069
d 1 3555
d 1 3565
d 1 2070
d 1 3566
d 1 2071
d 1 3567
d 1 2072
d 1 3568
d 1 3569
d 1 3570
d 1 3580
d 1 3581
d 1 3582
d 1 3583
d 1 3584
d 1 3585
d 1 3586
d 1 3604
d 1 3605
d 1 3606
d 1 3607
d 1 3608
d 1 3609
d 1 3617
d 1 3618
d 1 3619
d 1 3620
d 1 3627
d 1 3628
d 1 3629
d 1 3630
d 1 3631
d 1 3634
d 1 1894
d 1 3635
d 1 1895
d 1 3640
d 1 3641
d 1 1896
d 1 3642
d 1 1897
d 1 1898
d 1 3643
d 1 1899
d 1 3644
d 1 3646
d 1 3651
d 1 3652
d 1 3653
d 1 3654
d 1 3655
d 1 3656
d 1 3657
d 1 3658
d 1 3671
d 1 3672
d 1 3673
d 1 3674
d 1 3675
d 1 3676
d 1 3677
d 1 3679
d 1 3687
d 1 3688
d 1 3547
d 1 3225
d 1 3226
d 1 3227
d 1 3228
d 1 3229
d 1 3230
d 1 3231
d 1 3232
d 1 3233
d 1 3234
d 1 3235
d 1 3236
d 1 3237
d 1 3645
d 1 3238
d 1 3240
d 1 3241
d 1 3242
d 1 3243
d 1 3244
d 1 3245
d 1 3246
d 1 3247
d 1 3248
d 1 3249
d 1 3250
d 1 3295
d 1 3300
d 1 3301
d 1 3302
d 1 3303
d 1 3304
d 1 3305
d 1 3306
d 1 3307
d 1 3308
d 1 3324
d 1 3239
d 1 3326
d 1 3338
d 1 3339
d 1 3340
d 1 3348
d 1 3359
d 1 3361
d 1 3362
d 1 3363
d 1 3364
d 1 3365
d 1 3366
d 1 3367
d 1 3368
d 1 3369
d 1 3370
d 1 3379
d 1 3380
d 1 3381
d 1 3382
d 1 3383
d 1 3389
d 1 3390
d 1 3391
d 1 3392
d 1 3393
d 1 3394
d 1 3407
d 1 3408
d 1 3409
d 1 3410
d 1 3414
d 1 3416
d 1 3417
d 1 3418
d 1 3419
d 1 3420
d 1 3421
d 1 1606
d 1 1607
d 1 1418
d 1 1608
d 1 1419
d 1 1609
d 1 1420
d 1 1610
d 1 1421
d 1 1611
d 1 1422
d 1 1612
d 1 1423
d 1 1424
d 1 1613
d 1 1614
d 1 1425
d 1 1426
d 1 1615
d 1 1460
d 1 1616
d 1 1461
d 1 1475
d 1 1488
d 1 1489
d 1 1490
d 1 1617
d 1 1491
d 1 1492
d 1 1618
d 1 1493
d 1 1619
d 1 1494
d 1 1620
d 1 1495
d 1 1621
d 1 1496
d 1 1622
d 1 1497
d 1 1623
d 1 1498
d 1 1624
d 1 1160
d 1 1161
d 1 3178
d 1 3185
d 1 3186
d 1 3187
d 1 3188
d 1 3204
d 1 3205
d 1 3206
d 1 3207
d 1 3208
d 1 3209
d 1 2914
d 1 3210
d 1 3211
d 1 2915
d 1 3212
d 1 2916
d 1 3213
d 1 2917
d 1 3214
d 1 2918
d 1 3215
d 1 2919
d 1 3216
d 1 2920
d 1 3217
d 1 2921
d 1 3218
d 1 2922
d 1 3219
d 1 2923
d 1 3220
d 1 2924
d 1 3221
d 1 2925
d 1 3222
d 1 2926
d 1 3223
d 1 2927
d 1 3224
d 1 2928
d 1 3325
d 1 2929
d 1 2930
d 1 2931
d 1 2932
d 1 2933
d 1 2934
d 1 2935
d 1 2936
d 1 2937
d 1 2938
d 1 2939
d 1 2940
d 1 2941
d 1 2942
d 1 2943
d 1 2944
d 1 2945
d 1 2946
d 1 2947
d 1 2948
d 1 1084
d 1 2098
d 1 538
d 1 2099
d 1 539
d 1 1085
d 1 2100
d 1 540
d 1 1086
d 1 2101
d 1 541
d 1 1087
d 1 2102
d 1 542
d 1 1088
d 1 2103
d 1 543
d 1 1089
d 1 2104
d 1 544
d 1 1090
d 1 2105
d 1 545
d 1 1605
d 1 2106
d 1 1091
d 1 546
d 1 1625
d 1 1110
d 1 547
d 1 2107
d 1 1630
d 1 548
d 1 2108
d 1 1111
d 1 1649
d 1 2109
d 1 549
d 1 1112
d 1 2110
d 1 550
d 1 1113
d 1 1655
d 1 2111
d 1 1114
d 1 551
d 1 1656
d 1 2112
d 1 552
d 1 1115
d 1 1657
d 1 553
d 1 2113
d 1 1116
d 1 2114
d 1 554
d 1 1117
d 1 1658
d 1 1118
d 1 555
d 1 1659
d 1 1119
d 1 556
d 1 2116
d 1 1120
d 1 2117
d 1 1661
d 1 1121
d 1 557
d 1 2118
d 1 1662
d 1 1122
d 1 558
d 1 2119
d 1 1663
d 1 1123
d 1 2120
d 1 559
d 1 1664
d 1 2121
d 1 1124
d 1 560
d 1 1665
d 1 2122
d 1 1125
d 1 1666
d 1 2123
d 1 1667
d 1 2124
d 1 1126
d 1 1668
d 1 1127
d 1 1669
d 1 1670
d 1 1128
d 1 1314
d 1 1671
d 1 1129
d 1 1315
d 1 1672
d 1 1130
d 1 1332
d 1 2125
d 1 1673
d 1 1131
d 1 1674
d 1 1132
d 1 562
d 1 1675
d 1 1133
d 1 1676
d 1 1134
d 1 563
d 1 1677
d 1 1135
d 1 564
d 1 1678
d 1 1136
d 1 565
d 1 1137
d 1 1333
d 1 1679
d 1 1138
d 1 1680
d 1 1139
d 1 2126
d 1 1681
d 1 1142
d 1 1334
d 1 1682
d 1 2127
d 1 1144
d 1 1343
d 1 1683
d 1 2128
d 1 1148
d 1 1344
d 1 1684
d 1 1345
d 1 566
d 1 1685
d 1 1354
d 1 567
d 1 1686
d 1 1355
d 1 2129
d 1 1687
d 1 1356
d 1 2130
d 1 1688
d 1 1357
d 1 2131
d 1 1689
d 1 1358
d 1 2132
d 1 1690
d 1 1359
d 1 2133
d 1 1691
d 1 1360
d 1 2134
d 1 1692
d 1 1361
d 1 2135
d 1 1693
d 1 2136
d 1 1694
d 1 2137
d 1 1695
d 1 2138
d 1 1696
d 1 1159
d 1 1878
d 1 1051
d 1 1879
d 1 1052
d 1 1880
d 1 1053
d 1 1881
d 1 1054
d 1 1882
d 1 1055
d 1 1883
d 1 1056
d 1 1884
d 1 1057
d 1 1885
d 1 1058
d 1 1886
d 1 1059
d 1 1887
d 1 1060
d 1 1888
d 1 1061
d 1 1889
d 1 1062
d 1 1890
d 1 1063
d 1 1891
d 1 1064
d 1 1892
d 1 1065
d 1 1893
d 1 1900
d 1 1068
d 1 1901
d 1 1069
d 1 1902
d 1 1070
d 1 1903
d 1 1071
d 1 1904
d 1 1072
d 1 1905
d 1 2290
d 1 2291
d 1 2292
d 1 2293
d 1 2294
d 1 2295
d 1 2296
d 1 2297
d 1 2298
d 1 2299
d 1 3154
d 1 2300
d 1 2888
d 1 3155
d 1 2301
d 1 2889
d 1 3156
d 1 2302
d 1 2890
d 1 3157
d 1 2303
d 1 2891
d 1 3158
d 1 2304
d 1 2892
d 1 3159
d 1 2305
d 1 2893
d 1 3160
d 1 2306
d 1 2894
d 1 3161
d 1 2307
d 1 2895
d 1 3162
d 1 2308
d 1 2896
d 1 3163
d 1 2309
d 1 2897
d 1 3164
d 1 2310
d 1 2898
d 1 3165
d 1 2311
d 1 2899
d 1 2340
d 1 3166
d 1 2900
d 1 2341
d 1 3167
d 1 2901
d 1 2342
d 1 3168
d 1 2902
d 1 2343
d 1 3169
d 1 2903
d 1 2344
d 1 3170
d 1 2904
d 1 2345
d 1 3171
d 1 2905
d 1 2346
d 1 3172
d 1 2906
d 1 3173
d 1 2347
d 1 2907
d 1 3174
d 1 2908
d 1 2348
d 1 3175
d 1 2909
d 1 2349
d 1 3176
d 1 2350
d 1 2910
d 1 3177
d 1 2351
d 1 2911
d 1 3422
d 1 2352
d 1 2912
d 1 2353
d 1 2913
d 1 2354
d 1 3423
d 1 2355
d 1 2949
d 1 3424
d 1 2356
d 1 2950
d 1 3425
d 1 2357
d 1 2951
d 1 3689
d 1 2358
d 1 2952
d 1 3690
d 1 2359
d 1 2953
d 1 3691
d 1 2360
d 1 2954
d 1 3692
d 1 2361
d 1 2955
d 1 3693
d 1 2362
d 1 2956
d 1 2363
d 1 3694
d 1 2957
d 1 2364
d 1 3695
d 1 2958
d 1 2365
d 1 3696
d 1 2959
d 1 2366
d 1 3697
d 1 2960
d 1 2367
d 1 3698
d 1 2961
d 1 2368
d 1 3699
d 1 2962
d 1 2369
d 1 3700
d 1 2963
d 1 2370
d 1 3701
d 1 2964
d 1 2371
d 1 3702
d 1 2965
d 1 2372
d 1 3703
d 1 2966
d 1 2373
d 1 3704
d 1 2967
d 1 2374
d 1 3705
d 1 2968
d 1 2375
d 1 3706
d 1 2969
d 1 2376
d 1 3707
d 1 2970
d 1 2377
d 1 3708
d 1 2971
d 1 2378
d 1 3709
d 1 2972
d 1 2379
d 1 3710
d 1 2973
d 1 2380
d 1 3711
d 1 2974
d 1 3712
d 1 1559
d 1 1822
d 1 1560
d 1 2861
d 1 1823
d 1 1561
d 1 2862
d 1 1824
d 1 1562
d 1 2863
d 1 1825
d 1 1563
d 1 1826
d 1 2864
d 1 1564
d 1 1827
d 1 1565
d 1 1828
d 1 1566
d 1 1829
d 1 1567
d 1 1830
d 1 1568
d 1 1831
d 1 1569
d 1 1570
d 1 1833
d 1 1572
d 1 1835
d 1 1573
d 1 1574
d 1 1837
d 1 1575
d 1 1838
d 1 1576
d 1 1839
d 1 1577
d 1 1578
d 1 1392
d 1 1579
d 1 1393
d 1 1580
d 1 1396
d 1 1583
d 1 1405
d 1 1584
d 1 1417
d 1 1585
d 1 1499
d 1 1586
d 1 1500
d 1 1587
d 1 1501
d 1 1588
d 1 1502
d 1 1589
d 1 1503
d 1 1590
d 1 1504
d 1 1591
d 1 1505
d 1 1592
d 1 1506
d 1 1593
d 1 1507
d 1 1594
d 1 1508
d 1 1595
d 1 1509
d 1 1596
d 1 1510
d 1 1597
d 1 1511
d 1 1598
d 1 1512
d 1 1599
d 1 1600
d 1 1514
d 1 1601
d 1 1515
d 1 1603
d 1 1516
d 1 1604
d 1 1517
d 1 2032
d 1 2033
d 1 2034
d 1 2035
d 1 2036
d 1 2037
d 1 2039
d 1 2038
d 1 2040
d 1 2041
d 1 2042
d 1 2043
d 1 2044
d 1 2045
d 1 2046
d 1 2047
d 1 2048
d 1 2049
d 1 2050
d 1 2051
d 1 2052
d 1 2053
d 1 2054
d 1 2055
d 1 2056
d 1 973
d 1 2057
d 1 974
d 1 2058
d 1 2059
d 1 2060
d 1 2061
d 1 2062
d 1 2063
d 1 2064
d 1 2065
d 1 2066
d 1 2067
d 1 2068
d 1 2073
d 1 3062
d 1 3063
d 1 3064
d 1 3065
d 1 3066
d 1 3067
d 1 2074
d 1 3068
d 1 3069
d 1 2075
d 1 3070
d 1 2076
d 1 2077
d 1 3071
d 1 3072
d 1 3073
d 1 2078
d 1 3074
d 1 2079
d 1 3075
d 1 2080
d 1 3076
d 1 2081
d 1 3077
d 1 2082
d 1 3078
d 1 2083
d 1 3079
d 1 2084
d 1 3080
d 1 2085
d 1 3081
d 1 2086
d 1 3082
d 1 2087
d 1 3083
d 1 2088
d 1 3084
d 1 2089
d 1 3085
d 1 2090
d 1 3086
d 1 2091
d 1 3087
d 1 2092
d 1 3088
d 1 2093
d 1 3089
d 1 2094
d 1 3090
d 1 2095
d 1 3091
d 1 2096
d 1 3092
d 1 2097
d 1 3093
d 1 2115
d 1 3094
d 1 2139
d 1 3095
d 1 3096
d 1 2140
d 1 3097
d 1 2141
d 1 2142
d 1 3098
d 1 2143
d 1 3099
d 1 2144
d 1 3100
d 1 2145
d 1 3101
d 1 2146
d 1 3102
d 1 2147
d 1 3103
d 1 3104
d 1 2148
d 1 3105
d 1 2149
d 1 3106
d 1 2150
d 1 3107
d 1 2151
d 1 3108
d 1 2152
d 1 3109
d 1 2153
d 1 3110
d 1 2154
d 1 3111
d 1 2155
d 1 3112
d 1 2156
d 1 3113
d 1 3114
d 1 3116
d 1 3115
d 1 3117
d 1 3118
d 1 3120
d 1 3121
d 1 2157
d 1 3122
d 1 3119
d 1 2158
d 1 3124
d 1 2159
d 1 3123
d 1 3125
d 1 2160
d 1 3126
d 1 3127
d 1 2178
d 1 3128
d 1 2179
d 1 2166
d 1 3129
d 1 2180
d 1 3130
d 1 2181
d 1 3131
d 1 3132
d 1 2182
d 1 3133
d 1 2183
d 1 3134
d 1 420
d 1 1974
d 1 1990
d 1 1991
d 1 1992
d 1 1993
d 1 165
d 1 166
d 1 167
d 1 168
d 1 169
d 1 170
d 1 171
d 1 172
d 1 173
d 1 174
d 1 175
d 1 177
d 1 178
d 1 179
d 1 180
d 1 181
d 1 182
d 1 183
d 1 184
d 1 185
d 1 186
d 1 187
d 1 188
d 1 189
d 1 190
d 1 192
d 1 191
d 1 193
d 1 194
d 1 195
d 1 306
d 1 307
d 1 421
d 1 308
d 1 309
d 1 310
d 1 311
d 1 176
d 1 312
d 1 313
d 1 315
d 1 316
d 1 317
d 1 314
d 1 318
d 1 320
d 1 319
d 1 321
d 1 322
d 1 323
d 1 324
d 1 325
d 1 326
d 1 327
d 1 328
d 1 329
d 1 330
d 1 331
d 1 332
d 1 334
d 1 335
d 1 422
d 1 336
d 1 337
d 1 423
d 1 435
d 1 440
d 1 333
d 1 338
d 1 339
d 1 340
d 1 341
d 1 342
d 1 343
d 1 344
d 1 345
d 1 346
d 1 347
d 1 348
d 1 349
d 1 1994
d 1 350
d 1 1995
d 1 1996
d 1 351
d 1 1997
d 1 352
d 1 1998
d 1 353
d 1 1999
d 1 354
d 1 2000
d 1 355
d 1 2001
d 1 356
d 1 2002
d 1 357
d 1 2003
d 1 400
d 1 2004
d 1 401
d 1 2005
d 1 402
d 1 2006
d 1 403
d 1 2007
d 1 404
d 1 2008
d 1 405
d 1 406
d 1 2009
d 1 407
d 1 2010
d 1 408
d 1 2011
d 1 409
d 1 2012
d 1 2013
d 1 410
d 1 411
d 1 2014
d 1 412
d 1 2015
d 1 413
d 1 2016
d 1 414
d 1 2017
d 1 415
d 1 2018
d 1 416
d 1 2019
d 1 417
d 1 2020
d 1 418
d 1 2021
d 1 419
d 1 2022
d 1 2023
d 1 2024
d 1 2025
d 1 2026
d 1 2027
d 1 1
d 1 2028
d 1 2
d 1 2029
d 1 3
d 1 2030
d 1 2031
d 1 4
d 1 5
d 1 6
d 1 7
d 1 8
d 1 9
d 1 10
d 1 11
d 1 31
d 1 32
d 1 33
d 1 34
d 1 35
d 1 36
d 1 37
d 1 38
d 1 39
d 1 40
d 1 41
d 1 42
d 1 43
d 1 44
d 1 45
d 1 46
d 1 2203
d 1 47
d 1 2204
d 1 48
d 1 2205
d 1 49
d 1 2206
d 1 50
d 1 51
d 1 2207
d 1 55
d 1 2208
d 1 90
d 1 2209
d 1 96
d 1 2210
d 1 97
d 1 2211
d 1 2212
d 1 2213
d 1 2214
d 1 2215
d 1 2216
d 1 98
d 1 2217
d 1 2218
d 1 99
d 1 2219
d 1 100
d 1 2220
d 1 101
d 1 2221
d 1 102
d 1 2222
d 1 103
d 1 2223
d 1 104
d 1 2224
d 1 105
d 1 2225
d 1 106
d 1 2226
d 1 107
d 1 2227
d 1 108
d 1 117
d 1 2233
d 1 979
d 1 980
d 1 981
d 1 982
d 1 983
d 1 984
d 1 985
d 1 1394
d 1 1395
d 1 1513
d 1 1518
d 1 1519
d 1 1520
d 1 1521
d 1 2235
d 1 1522
d 1 2236
d 1 1523
d 1 2237
d 1 1524
d 1 1525
d 1 2238
d 1 1526
d 1 2239
d 1 1527
d 1 2240
d 1 1528
d 1 2241
d 1 2242
d 1 1529
d 1 2243
d 1 2258
d 1 2259
d 1 888
d 1 889
d 1 641
d 1 642
d 1 643
d 1 1530
d 1 1531
d 1 1532
d 1 1533
d 1 1534
d 1 1535
d 1 1536
d 1 1537
d 1 1538
d 1 1539
d 1 1540
d 1 1541
d 1 644
d 1 645
d 1 646
d 1 647
d 1 648
d 1 649
d 1 650
d 1 651
d 1 652
d 1 653
d 1 654
d 1 655
d 1 656
d 1 657
d 1 658
d 1 659
d 1 660
d 1 661
d 1 662
d 1 663
d 1 890
d 1 1542
d 1 1543
d 1 1544
d 1 1545
d 1 1546
d 1 1547
d 1 1548
d 1 1549
d 1 1550
d 1 1551
d 1 1552
d 1 1553
d 1 1554
d 1 1555
d 1 1556
d 1 1557
d 1 666
d 1 667
d 1 668
d 1 669
d 1 670
d 1 671
d 1 672
d 1 673
d 1 1558
d 1 674
d 1 675
d 1 676
d 1 677
d 1 678
d 1 679
d 1 680
d 1 681
d 1 682
d 1 683
d 1 684
d 1 685
d 1 597
d 1 1571
d 1 1581
d 1 1582
d 1 1654
d 1 665
d 1 664
d 1 1697
d 1 1698
d 1 1699
d 1 1700
d 1 1701
d 1 1660
d 1 598
d 1 599
d 1 1702
d 1 1703
d 1 1704
d 1 2264
d 1 2265
d 1 2266
d 1 2267
d 1 2268
d 1 2269
d 1 2270
d 1 2271
d 1 2272
d 1 2273
d 1 2274
d 1 2275
d 1 2276
d 1 2277
d 1 2278
d 1 2279
d 1 2280
d 1 2281
d 1 2282
d 1 2283
d 1 2284
d 1 2285
d 1 2287
d 1 997
d 1 998
d 1 999
d 1 1000
d 1 1001
d 1 2286
d 1 896
d 1 897
d 1 898
d 1 1002
d 1 899
d 1 1003
d 1 900
d 1 901
d 1 1004
d 1 902
d 1 1005
d 1 903
d 1 2492
d 1 2493
d 1 2494
d 1 2495
d 1 2498
d 1 2385
d 1 2396
d 1 2397
d 1 2398
d 1 2472
d 1 3727
d 1 2497
d 1 3728
d 1 3729
d 1 3730
d 1 3731
d 1 3732
d 1 3733
d 1 3734
d 1 3735
d 1 3736
d 1 3737
d 1 3738
d 1 3739
d 1 3740
d 1 3741
d 1 3742
d 1 3743
d 1 3744
d 1 3745
d 1 3746
d 1 3747
d 1 3748
d 1 3749
d 1 3750
d 1 3774
d 1 3775
d 1 3776
d 1 3777
d 1 3778
d 1 3787
d 1 3788
d 1 686
d 1 687
d 1 688
d 1 689
d 1 690
d 1 691
d 1 692
d 1 693
d 1 694
d 1 695
d 1 703
d 1 704
d 1 705
d 1 706
d 1 707
d 1 708
d 1 709
d 1 710
d 1 711
d 1 712
d 1 713
d 1 714
d 1 715
d 1 716
d 1 717
d 1 718
d 1 719
d 1 720
d 1 721
d 1 722
d 1 723
d 1 724
d 1 725
d 1 726
d 1 727
d 1 728
d 1 729
d 1 730
d 1 731
d 1 732
d 1 733
d 1 734
d 1 2261
d 1 2262
d 1 2263
d 1 2288
d 1 2289
d 1 2381
d 1 2382
d 1 2383
d 1 2384
d 1 2399
d 1 2400
d 1 2401
d 1 2402
d 1 2403
d 1 2404
d 1 2405
d 1 2406
d 1 2407
d 1 2408
d 1 2409
d 1 2410
d 1 2411
d 1 2412
d 1 2413
d 1 2414
d 1 2415
d 1 1019
d 1 1020
d 1 1859
d 1 1860
d 1 1861
d 1 1862
d 1 1863
d 1 1864
d 1 1865
d 1 1866
d 1 1867
d 1 1868
d 1 1869
d 1 1870
d 1 1871
d 1 1872
d 1 1873
d 1 1874
d 1 1875
d 1 463
d 1 464
d 1 465
d 1 2855
d 1 2856
d 1 2857
d 1 2858
d 1 2859
d 1 2860
d 1 2865
d 1 2866
d 1 2867
d 1 2868
d 1 2869
d 1 2870
d 1 2871
d 1 2872
d 1 2873
d 1 2874
d 1 2875
d 1 2876
d 1 2877
d 1 2878
d 1 2879
d 1 2880
d 1 1960
d 1 1961
d 1 1962
d 1 1963
d 1 1964
d 1 1965
d 1 1966
d 1 1967
d 1 1968
d 1 1969
d 1 1970
d 1 1971
d 1 1972
d 1 1973
d 1 2228
d 1 2229
d 1 2230
d 1 2231
d 1 2232
d 1 2234
d 1 2260
d 1 2416
d 1 2417
d 1 2418
d 1 2419
d 1 2420
d 1 2421
d 1 2422
d 1 2423
d 1 2424
d 1 2425
d 1 2426
d 1 2427
d 1 2428
d 1 2429
d 1 2430
d 1 2431
d 1 2432
d 1 2433
d 1 2434
d 1 2435
d 1 2436
d 1 2437
d 1 2438
d 1 2439
d 1 2440
d 1 2441
d 1 2442
d 1 2443
d 1 2444
d 1 2445
d 1 2446
d 1 2447
d 1 2448
d 1 2449
d 1 2450
d 1 2451
d 1 2452
d 1 2453
d 1 2454
d 1 2455
d 1 2456
d 1 2473
d 1 2474
d 1 2569
d 1 2571
d 1 2572
d 1 2573
d 1 2574
d 1 2575
d 1 2576
d 1 2577
d 1 2586
d 1 2587
d 1 2588
d 1 2589
d 1 2590
d 1 2596
d 1 2597
d 1 2598
d 1 2599
d 1 2615
d 1 2627
d 1 2628
d 1 2629
d 1 2630
d 1 2631
d 1 2632
d 1 2633
d 1 2634
d 1 2648
d 1 2649
d 1 2659
d 1 2660
d 1 2661
d 1 2662
d 1 2663
d 1 2664
d 1 2665
d 1 2475
d 1 2476
d 1 2477
d 1 2478
d 1 2479
d 1 2480
d 1 2481
d 1 2482
d 1 2483
d 1 2484
d 1 2485
d 1 2486
d 1 2487
d 1 2488
d 1 2489
d 1 2490
d 1 2491
d 1 2496
d 1 2499
d 1 2500
d 1 2551
d 1 2552
d 1 2553
d 1 2554
d 1 2555
d 1 2556
d 1 2557
d 1 2558
d 1 2559
d 1 2560
d 1 2561
d 1 2562
d 1 2567
d 1 2568
d 1 1034
d 1 1035
d 1 1036
d 1 1037
d 1 1038
d 1 1039
d 1 1040
d 1 1041
d 1 1042
d 1 1043
d 1 1044
d 1 1045
d 1 1046
d 1 1047
d 1 1048
d 1 1049
d 1 1050
d 1 1073
d 1 1074
d 1 1075
d 1 1076
d 1 1077
d 1 1078
d 1 1079
d 1 1080
d 1 1081
d 1 1082
d 1 1083
d 1 1162
d 1 1163
d 1 1819
d 1 1820
d 1 1821
d 1 939
d 1 1832
d 1 3149
d 1 1834
d 1 940
d 1 3150
d 1 1836
d 1 941
d 1 3151
d 1 1840
d 1 942
d 1 3152
d 1 1841
d 1 943
d 1 3153
d 1 1842
d 1 944
d 1 1843
d 1 3713
d 1 1844
d 1 945
d 1 3714
d 1 1845
d 1 946
d 1 3715
d 1 1846
d 1 3716
d 1 947
d 1 1847
d 1 3717
d 1 1848
d 1 948
d 1 1849
d 1 949
d 1 3718
d 1 1850
d 1 950
d 1 3719
d 1 1851
d 1 951
d 1 3720
d 1 1852
d 1 952
d 1 1853
d 1 3721
d 1 953
d 1 3722
d 1 1854
d 1 954
d 1 1855
d 1 1856
d 1 1857
d 1 955
d 1 1858
d 1 956
d 1 1876
d 1 957
d 1 1877
d 1 958
d 1 1906
d 1 3723
d 1 959
d 1 1907
d 1 960
d 1 1908
d 1 3724
d 1 961
d 1 1909
d 1 3725
d 1 962
d 1 1910
d 1 1911
d 1 963
d 1 3726
d 1 1912
d 1 964
d 1 3789
d 1 965
d 1 1913
d 1 3790
d 1 1914
d 1 966
d 1 3791
d 1 967
d 1 1915
d 1 3792
d 1 1916
d 1 968
d 1 3793
d 1 1917
d 1 969
d 1 3799
d 1 1918
d 1 970
d 1 3800
d 1 1919
d 1 971
d 1 3812
d 1 972
d 1 1920
d 1 3822
d 1 975
d 1 1921
d 1 3823
d 1 976
d 1 1922
d 1 3824
d 1 977
d 1 1923
d 1 3825
d 1 1924
d 1 978
d 1 3826
d 1 1925
d 1 986
d 1 3827
d 1 987
d 1 1926
d 1 3828
d 1 988
d 1 1927
d 1 3829
d 1 1928
d 1 989
d 1 3832
d 1 1929
d 1 990
d 1 3844
d 1 1930
d 1 991
d 1 3845
d 1 992
d 1 1931
d 1 3846
d 1 993
d 1 1932
d 1 3847
d 1 994
d 1 1933
d 1 3848
d 1 995
d 1 3849
d 1 3850
d 1 996
d 1 1021
d 1 2668
d 1 3851
d 1 1022
d 1 2669
d 1 3852
d 1 1023
d 1 2670
d 1 3853
d 1 2671
d 1 1024
d 1 3854
d 1 2672
d 1 1025
d 1 3855
d 1 1027
d 1 2673
d 1 3856
d 1 2674
d 1 3939
d 1 1716
d 1 584
d 1 585
d 1 586
d 1 587
d 1 588
d 1 589
d 1 590
d 1 591
d 1 592
d 1 593
d 1 594
d 1 595
d 1 596
d 1 600
d 1 601
d 1 602
d 1 603
d 1 604
d 1 605
d 1 606
d 1 607
d 1 608
d 1 609
d 1 610
d 1 611
d 1 612
d 1 613
d 1 614
d 1 615
d 1 616
d 1 739
d 1 740
d 1 741
d 1 742
d 1 743
d 1 744
d 1 745
d 1 746
d 1 747
d 1 748
d 1 749
d 1 1201
d 1 1202
d 1 1203
d 1 157
d 1 158
d 1 159
d 1 160
d 1 161
d 1 162
d 1 164
d 1 446
d 1 447
d 1 448
d 1 449
d 1 450
d 1 451
d 1 452
d 1 453
d 1 454
d 1 455
d 1 163
d 1 894
d 1 895
d 1 904
d 1 905
d 1 906
d 1 907
d 1 908
d 1 909
d 1 910
d 1 911
d 1 912
d 1 913
d 1 914
d 1 915
d 1 916
d 1 917
d 1 918
d 1 919
d 1 920
d 1 922
d 1 923
d 1 924
d 1 925
d 1 926
d 1 927
d 1 928
d 1 929
d 1 930
d 1 931
d 1 932
d 1 933
d 1 934
d 1 935
d 1 936
d 1 937
d 1 938
d 1 867
d 1 868
d 1 869
d 1 870
d 1 871
d 1 872
d 1 873
d 1 874
d 1 875
d 1 876
d 1 877
d 1 878
d 1 879
d 1 880
d 1 881
d 1 882
d 1 3984
d 1 617
d 1 921
d 1 2839
d 1 472
d 1 1174
d 1 2979
d 1 1761
d 1 1180
d 1 3147
d 1 1246
d 1 1814
d 1 1184
d 1 1183
d 1 1815
d 1 1816
d 1 1186
d 1 1817
d 1 1185
d 1 1187
d 1 1818
d 1 486
d 1 1188
d 1 1934
d 1 487
d 1 1935
d 1 1189
d 1 488
d 1 1190
d 1 1936
d 1 489
d 1 1191
d 1 1937
d 1 505
d 1 1938
d 1 1192
d 1 1939
d 1 1193
d 1 506
d 1 1940
d 1 1194
d 1 519
d 1 1941
d 1 1195
d 1 520
d 1 1942
d 1 1196
d 1 521
d 1 1943
d 1 1197
d 1 522
d 1 1944
d 1 1198
d 1 523
d 1 1945
d 1 1199
d 1 524
d 1 1200
d 1 1946
d 1 525
d 1 1204
d 1 526
d 1 1947
d 1 1205
d 1 527
d 1 1948
d 1 1206
d 1 1949
d 1 528
d 1 1950
d 1 1207
d 1 529
d 1 1951
d 1 1208
d 1 530
d 1 1210
d 1 1952
d 1 531
d 1 1211
d 1 1953
d 1 532
d 1 1954
d 1 1212
d 1 533
d 1 1955
d 1 1213
d 1 534
d 1 1214
d 1 535
d 1 1215
d 1 536
d 1 1364
d 1 1216
d 1 537
d 1 1365
d 1 1217
d 1 561
d 1 1218
d 1 568
d 1 1219
d 1 569
d 1 1224
d 1 570
d 1 1225
d 1 571
d 1 1226
d 1 572
d 1 1227
d 1 573
d 1 1228
d 1 574
d 1 1229
d 1 575
d 1 1230
d 1 576
d 1 1231
d 1 577
d 1 578
d 1 1232
d 1 1233
d 1 579
d 1 1234
d 1 580
d 1 1235
d 1 581
d 1 1236
d 1 582
d 1 1237
d 1 583
d 1 1238
d 1 618
d 1 1239
d 1 619
d 1 1240
d 1 620
d 1 1241
d 1 621
d 1 1242
d 1 622
d 1 1243
d 1 623
d 1 1244
d 1 624
d 1 1245
d 1 625
d 1 1247
d 1 626
d 1 1248
d 1 627
d 1 628
d 1 1249
d 1 629
d 1 1250
d 1 630
d 1 1299
d 1 631
d 1 632
d 1 633
d 1 1300
d 1 634
d 1 1301
d 1 635
d 1 1302
d 1 636
d 1 1303
d 1 637
d 1 638
d 1 1304
d 1 639
d 1 1305
d 1 640
d 1 1306
d 1 735
d 1 1313
d 1 736
d 1 1362
d 1 737
d 1 1363
d 1 1726
d 1 1727
d 1 1728
d 1 1729
d 1 1730
d 1 1731
d 1 1732
d 1 1220
d 1 1221
d 1 1222
d 1 1223
d 1 1733
d 1 2835
d 1 2836
d 1 2837
d 1 2838
d 1 2840
d 1 1709
d 1 2695
d 1 2841
d 1 2696
d 1 1710
d 1 3961
d 1 2842
d 1 2697
d 1 2843
d 1 2698
d 1 1711
d 1 2844
d 1 2699
d 1 2722
d 1 1712
d 1 2845
d 1 2723
d 1 1713
d 1 2846
d 1 2724
d 1 476
d 1 1714
d 1 2847
d 1 2732
d 1 2848
d 1 1715
d 1 2733
d 1 477
d 1 2734
d 1 478
d 1 2735
d 1 479
d 1 2736
d 1 2780
d 1 480
d 1 2781
d 1 2737
d 1 481
d 1 2782
d 1 2738
d 1 3962
d 1 2739
d 1 2740
d 1 3963
d 1 2741
d 1 3964
d 1 2742
d 1 3965
d 1 2773
d 1 3966
d 1 2774
d 1 3967
d 1 2775
d 1 3968
d 1 2776
d 1 3969
d 1 2777
d 1 3970
d 1 2778
d 1 3971
d 1 2779
d 1 3972
d 1 1802
d 1 3973
d 1 1803
d 1 1804
d 1 3948
d 1 1805
d 1 3949
d 1 1806
d 1 3950
d 1 1807
d 1 3951
d 1 1808
d 1 3952
d 1 1809
d 1 3953
d 1 1810
d 1 3954
d 1 1811
d 1 3955
d 1 1812
d 1 3956
d 1 1813
d 1 3957
d 1 1956
d 1 3958
d 1 1957
d 1 3959
d 1 1958
d 1 3960
d 1 3988
d 1 1959
d 1 3989
d 1 2666
d 1 3990
d 1 2667
d 1 3991
d 1 2675
d 1 3992
d 1 2676
d 1 3993
d 1 2677
d 1 3994
d 1 2678
d 1 2679
d 1 3995
d 1 2689
d 1 3996
d 1 3997
d 1 2690
d 1 3998
d 1 3999
d 1 2975
d 1 4000
d 1 2976
d 1 2977
d 1 3974
d 1 2978
d 1 3975
d 1 2980
d 1 3976
d 1 2981
d 1 3977
d 1 2982
d 1 3978
d 1 2983
d 1 3979
d 1 2984
d 1 3980
d 1 2985
d 1 3981
d 1 2986
d 1 3982
d 1 2987
d 1 2988
d 1 3983
d 1 2849
d 1 3985
d 1 2850
d 1 3986
d 1 3987
d 1 3057
d 1 3058
d 1 3059
d 1 3060
d 1 3061
d 1 3135
d 1 3136
d 1 3137
d 1 3138
d 1 3139
d 1 3140
d 1 3141
d 1 3142
d 1 3143
d 1 3144
d 1 3145
d 1 3146
d 1 3148
d 1 3940
d 1 3941
d 1 1756
d 1 757
d 1 1757
d 1 758
d 1 759
d 1 1758
d 1 2990
d 1 760
d 1 1759
d 1 2991
d 1 883
d 1 1760
d 1 2992
d 1 1762
d 1 884
d 1 1763
d 1 2993
d 1 885
d 1 1764
d 1 886
d 1 2994
d 1 1765
d 1 2995
d 1 1766
d 1 887
d 1 1767
d 1 2996
d 1 891
d 1 1768
d 1 2997
d 1 892
d 1 1769
d 1 2998
d 1 893
d 1 1770
d 1 1771
d 1 1028
d 1 2999
d 1 1029
d 1 3000
d 1 1030
d 1 3023
d 1 1780
d 1 3029
d 1 1781
d 1 1031
d 1 1782
d 1 3030
d 1 473
d 1 1783
d 1 474
d 1 3046
d 1 1789
d 1 475
d 1 1790
d 1 482
d 1 1791
d 1 3055
d 1 1792
d 1 483
d 1 3056
d 1 1772
d 1 484
d 1 3942
d 1 1773
d 1 485
d 1 3943
d 1 1774
d 1 738
d 1 3944
d 1 1775
d 1 750
d 1 3945
d 1 1776
d 1 751
d 1 3946
d 1 1777
d 1 752
d 1 3947
d 1 1778
d 1 753
d 1 1779
d 1 754
d 1 3047
d 1 755
d 1 1741
d 1 3048
d 1 1742
d 1 756
d 1 3049
d 1 1743
d 1 3050
d 1 1744
d 1 1178
d 1 1745
d 1 3051
d 1 1179
d 1 1746
d 1 3052
d 1 1181
d 1 1747
d 1 3053
d 1 1748
d 1 1182
d 1 3054
d 1 1749
d 1 1366
d 1 1750
d 1 1367
d 1 2831
d 1 1751
d 1 1368
d 1 1752
d 1 2832
d 1 1369
d 1 1753
d 1 2833
d 1 1754
d 1 1370
d 1 2834
d 1 1755
d 1 1371
d 1 2851
d 1 1718
d 1 1382
d 1 2852
d 1 1719
d 1 1705
d 1 1720
d 1 2853
d 1 1706
d 1 1721
d 1 1707
d 1 2854
d 1 1722
d 1 1708
d 1 1723
d 1 2881
d 1 1717
d 1 1724
d 1 2882
d 1 1032
d 1 2883
d 1 1734
d 1 1033
d 1 1725
d 1 2884
d 1 1735
d 1 1164
d 1 2885
d 1 1736
d 1 1165
d 1 2886
d 1 1166
d 1 1167
d 1 2887
d 1 1738
d 1 2989
d 1 1168
d 1 1739
d 1 1169
d 1 1740
d 1 1793
d 1 1737
d 1 1170
d 1 1794
d 1 1171
d 1 468
d 1 469
d 1 470
d 1 471
d 1 1172
d 1 1173
d 1 458
d 1 459
d 1 460
d 1 461
d 1 462
d 1 466
d 1 155
d 1 156
d 1 441
d 1 456
d 1 457
d 1 1800
d 1 1801
d 1 2783
d 1 1797
d 1 1798
d 1 1799
d 1 2829
d 1 2830
d 1 2784
d 1 2785
d 1 2786
d 1 137
d 1 138
d 1 1795
d 1 1796
d 1 139
d 1 1175
d 1 140
d 1 1176
d 1 1177
d 1 141
d 1 142
d 1 132
d 1 133
d 1 134
d 1 135
d 1 121
d 1 122
d 1 149
d 1 150
d 1 151
d 1 152
d 1 153
d 1 154
d 1 146
d 1 147
d 1 148
d 1 143
d 1 144
d 1 145
d 1 114
d 1 136
d 1 115
d 1 116
d 1 118
d 1 119
d 1 129
d 1 120
d 1 109
d 1 110
d 1 111
d 1 112
d 1 113
d 1 126
d 1 127
d 1 130
d 1 131
d 1 128
d 1 467
d 1 124
d 1 123
d 1 125
d 3 3501
d 3 2501
d 3 3502
d 3 2502
d 3 3503
d 3 2503
d 3 3504
d 3 2251
d 3 3506
d 3 501
d 3 3505
d 3 1251
d 3 2505
d 3 2504
d 3 1252
d 3 1253
d 3 2506
d 3 2507
d 3 1254
d 3 2508
d 3 1255
d 3 1256
d 3 3507
d 3 1259
d 3 2255
d 3 2254
d 3 2253
d 3 2252
d 3 2256
d 3 1258
d 3 2509
d 3 1260
d 3 2515
d 3 3513
d 3 3508
d 3 1257
d 3 506
d 3 3515
d 3 2260
d 3 3509
d 3 1267
d 3 1266
d 3 526
d 3 3511
d 3 507
d 3 3510
d 3 2511
d 3 2510
d 3 505
d 3 1264
d 3 1263
d 3 2257
d 3 1262
d 3 3514
d 3 2258
d 3 2512
d 3 2513
d 3 2514
d 3 3512
d 3 1261
d 3 2259
d 3 527
d 3 508
d 3 509
d 3 510
d 3 511
d 3 1265
d 3 512
d 3 513
d 3 514
d 3 515
d 3 516
d 3 518
d 3 519
d 3 517
d 3 520
d 3 521
d 3 523
d 3 524
d 3 525
d 3 504
d 3 503
d 3 502
d 3 522
d 3 3516
d 3 528
d 3 2516
d 3 2261
d 3 2262
d 3 2517
d 3 2518
d 3 529
d 3 1268
d 3 3517
d 3 530
d 3 2519
d 3 531
d 3 2263
d 3 2264
d 3 1270
d 3 1269
d 3 1272
d 3 1273
d 3 1271
d 3 1274
d 3 1275
d 3 3518
d 3 3520
d 3 3519
d 3 3521
d 3 3522
d 3 3523
d 3 3524
d 3 3525
d 3 3526
d 3 3527
d 3 3528
d 3 3529
d 3 3530
d 3 3531
d 3 1277
d 3 2265
d 3 532
d 3 2520
d 3 2266
d 3 2521
d 3 533
d 3 2267
d 3 2268
d 3 1276
d 3 1278
d 3 3532
d 3 3533
d 3 3534
d 3 3535
d 3 3536
d 3 1279
d 3 2269
d 3 2270
d 3 534
d 3 535
d 3 2522
d 3 536
d 3 537
d 3 538
d 3 539
d 3 2271
d 3 1280
d 3 1281
d 3 1282
d 3 1284
d 3 1283
d 3 1285
d 3 3537
d 3 3538
d 3 1286
d 3 2272
d 3 2523
d 3 2273
d 3 540
d 3 2524
d 3 1287
d 3 2526
d 3 2527
d 3 2525
d 3 3539
d 3 2528
d 3 2529
d 3 2530
d 3 1288
d 3 541
d 3 1289
d 3 2274
d 3 2275
d 3 1290
d 3 2276
d 3 542
d 3 2531
d 3 543
d 3 3540
d 3 544
d 3 2532
d 3 2533
d 3 2534
d 3 2277
d 3 2535
d 3 2536
d 3 1291
d 3 2537
d 3 2278
d 3 545
d 3 546
d 3 3541
d 3 547
d 3 2279
d 3 2280
d 3 2281
d 3 2538
d 3 2282
d 3 1292
d 3 548
d 3 3542
d 3 549
d 3 1293
d 3 550
d 3 2283
d 3 2284
d 3 2286
d 3 2539
d 3 2288
d 3 2287
d 3 2285
d 3 2290
d 3 551
d 3 1294
d 3 2291
d 3 2292
d 3 2289
d 3 3544
d 3 2293
d 3 1295
d 3 3543
d 3 552
d 3 2540
d 3 2541
d 3 2542
d 3 2543
d 3 1296
d 3 1297
d 3 1298
d 3 554
d 3 555
d 3 553
d 3 556
d 3 557
d 3 558
d 3 2294
d 3 559
d 3 3545
d 3 560
d 3 3546
d 3 3547
d 3 1299
d 3 2295
d 3 1300
d 3 1301
d 3 2545
d 3 2544
d 3 2546
d 3 1302
d 3 2297
d 3 2296
d 3 3548
d 3 561
d 3 2298
d 3 562
d 3 563
d 3 3549
d 3 3550
d 3 3551
d 3 2547
d 3 1303
d 3 2548
d 3 2549
d 3 1304
d 3 3552
d 3 564
d 3 565
d 3 566
d 3 567
d 3 568
d 3 2299
d 3 2300
d 3 2301
d 3 2302
d 3 2303
d 3 2305
d 3 2304
d 3 569
d 3 570
d 3 571
d 3 3553
d 3 572
d 3 2306
d 3 3554
d 3 3555
d 3 1306
d 3 1307
d 3 1308
d 3 1309
d 3 2550
d 3 2551
d 3 2552
d 3 3556
d 3 3557
d 3 1305
d 3 574
d 3 573
d 3 575
d 3 577
d 3 576
d 3 3558
d 3 2553
d 3 3559
d 3 1310
d 3 3560
d 3 1311
d 3 2554
d 3 2555
d 3 2556
d 3 578
d 3 2308
d 3 579
d 3 2309
d 3 2310
d 3 580
d 3 2307
d 3 581
d 3 582
d 3 2557
d 3 1312
d 3 2558
d 3 1313
d 3 3561
d 3 583
d 3 584
d 3 2559
d 3 2560
d 3 2561
d 3 2565
d 3 2564
d 3 2311
d 3 2562
d 3 2563
d 3 1315
d 3 1316
d 3 1314
d 3 585
d 3 586
d 3 2566
d 3 2567
d 3 3562
d 3 2312
d 3 3563
d 3 2568
d 3 3565
d 3 3566
d 3 3564
d 3 3567
d 3 3568
d 3 3569
d 3 2569
d 3 587
d 3 588
d 3 589
d 3 1317
d 3 590
d 3 2571
d 3 3570
d 3 2313
d 3 2570
d 3 2572
d 3 2573
d 3 591
d 3 592
d 3 1318
d 3 593
d 3 1319
d 3 594
d 3 1320
d 3 2574
d 3 2575
d 3 2576
d 3 2315
d 3 2314
d 3 3571
d 3 2577
d 3 1321
d 3 595
d 3 1322
d 3 596
d 3 597
d 3 598
d 3 2578
d 3 2316
d 3 3572
d 3 2317
d 3 2319
d 3 2318
d 3 2320
d 3 2579
d 3 599
d 3 1323
d 3 600
d 3 2580
d 3 2322
d 3 2323
d 3 2324
d 3 2325
d 3 2326
d 3 2327
d 3 2329
d 3 2328
d 3 2321
d 3 2330
d 3 3573
d 3 2331
d 3 2581
d 3 1324
d 3 602
d 3 2582
d 3 2583
d 3 601
d 3 2584
d 3 2585
d 3 2586
d 3 2587
d 3 2588
d 3 2589
d 3 2332
d 3 2333
d 3 3574
d 3 2590
d 3 603
d 3 604
d 3 1325
d 3 1326
d 3 1327
d 3 605
d 3 606
d 3 2591
d 3 2334
d 3 2335
d 3 3575
d 3 3576
d 3 3577
d 3 2336
d 3 2592
d 3 607
d 3 1328
d 3 608
d 3 609
d 3 611
d 3 610
d 3 2593
d 3 612
d 3 2337
d 3 3578
d 3 2594
d 3 2338
d 3 2339
d 3 2340
d 3 2595
d 3 1329
d 3 1330
d 3 613
d 3 1331
d 3 1332
d 3 1333
d 3 614
d 3 1334
d 3 615
d 3 2596
d 3 2341
d 3 2342
d 3 3579
d 3 3581
d 3 3580
d 3 2344
d 3 2343
d 3 2345
d 3 2597
d 3 2598
d 3 616
d 3 2599
d 3 2600
d 3 1335
d 3 617
d 3 1336
d 3 2601
d 3 2602
d 3 2603
d 3 618
d 3 619
d 3 620
d 3 2346
d 3 3583
d 3 3582
d 3 3584
d 3 2347
d 3 621
d 3 622
d 3 2605
d 3 2604
d 3 2606
d 3 2607
d 3 1337
d 3 1338
d 3 2609
d 3 2608
d 3 623
d 3 624
d 3 2348
d 3 3585
d 3 3586
d 3 3587
d 3 3588
d 3 2349
d 3 625
d 3 2610
d 3 626
d 3 627
d 3 1339
d 3 628
d 3 629
d 3 2611
d 3 2350
d 3 3589
d 3 2351
d 3 3590
d 3 2352
d 3 2612
d 3 630
d 3 1340
d 3 2613
d 3 3591
d 3 2353
d 3 2354
d 3 3592
d 3 3593
d 3 1341
d 3 2614
d 3 631
d 3 1342
d 3 2615
d 3 3594
d 3 3595
d 3 3596
d 3 2355
d 3 2616
d 3 3597
d 3 3598
d 3 3599
d 3 1343
d 3 633
d 3 1345
d 3 1344
d 3 3600
d 3 632
d 3 2617
d 3 2618
d 3 2619
d 3 2356
d 3 2620
d 3 3601
d 3 635
d 3 1346
d 3 634
d 3 3602
d 3 2621
d 3 2622
d 3 2357
d 3 3603
d 3 2358
d 3 3604
d 3 3605
d 3 3606
d 3 636
d 3 1347
d 3 637
d 3 3607
d 3 638
d 3 2360
d 3 2359
d 3 3609
d 3 2623
d 3 3610
d 3 3608
d 3 2361
d 3 639
d 3 640
d 3 2362
d 3 1348
d 3 1349
d 3 1351
d 3 1350
d 3 641
d 3 2363
d 3 3611
d 3 3612
d 3 2624
d 3 3613
d 3 2625
d 3 2626
d 3 2364
d 3 2365
d 3 2366
d 3 2367
d 3 642
d 3 643
d 3 644
d 3 645
d 3 1352
d 3 2368
d 3 646
d 3 2627
d 3 2628
d 3 3614
d 3 2629
d 3 2630
d 3 647
d 3 648
d 3 649
d 3 650
d 3 2369
d 3 2370
d 3 2371
d 3 2372
d 3 1353
d 3 2373
d 3 651
d 3 2632
d 3 2631
d 3 2633
d 3 2634
d 3 2635
d 3 2636
d 3 3615
d 3 3616
d 3 3617
d 3 3618
d 3 3619
d 3 3620
d 3 3621
d 3 2637
d 3 2638
d 3 2374
d 3 1354
d 3 652
d 3 1355
d 3 653
d 3 2378
d 3 2377
d 3 2375
d 3 2376
d 3 2379
d 3 2380
d 3 2639
d 3 2640
d 3 3622
d 3 3623
d 3 3624
d 3 3625
d 3 2641
d 3 3626
d 3 2642
d 3 2643
d 3 2644
d 3 2645
d 3 2646
d 3 2647
d 3 2648
d 3 2649
d 3 654
d 3 655
d 3 1356
d 3 2382
d 3 2381
d 3 656
d 3 657
d 3 659
d 3 658
d 3 660
d 3 662
d 3 663
d 3 661
d 3 664
d 3 2650
d 3 3627
d 3 2651
d 3 665
d 3 666
d 3 2383
d 3 2384
d 3 2385
d 3 2386
d 3 1357
d 3 1358
d 3 2387
d 3 1359
d 3 1361
d 3 1360
d 3 1362
d 3 1363
d 3 1364
d 3 667
d 3 2652
d 3 3628
d 3 1365
d 3 668
d 3 1366
d 3 2388
d 3 2389
d 3 2390
d 3 1367
d 3 669
d 3 670
d 3 671
d 3 672
d 3 673
d 3 2653
d 3 2654
d 3 2655
d 3 2656
d 3 2657
d 3 2658
d 3 2659
d 3 2660
d 3 3629
d 3 3630
d 3 2661
d 3 2662
d 3 2664
d 3 2663
d 3 675
d 3 1368
d 3 2391
d 3 674
d 3 2392
d 3 2394
d 3 2393
d 3 2395
d 3 1369
d 3 676
d 3 677
d 3 2665
d 3 3631
d 3 3632
d 3 2666
d 3 678
d 3 1370
d 3 1371
d 3 679
d 3 1372
d 3 2396
d 3 680
d 3 2667
d 3 2668
d 3 2669
d 3 2670
d 3 2671
d 3 2673
d 3 2672
d 3 2674
d 3 3634
d 3 3635
d 3 3636
d 3 3633
d 3 2675
d 3 2676
d 3 682
d 3 1374
d 3 2397
d 3 681
d 3 1373
d 3 2398
d 3 1375
d 3 683
d 3 2677
d 3 2678
d 3 2679
d 3 2680
d 3 2681
d 3 3637
d 3 2682
d 3 1376
d 3 2399
d 3 684
d 3 2400
d 3 1377
d 3 1378
d 3 1379
d 3 1380
d 3 1381
d 3 1382
d 3 685
d 3 2683
d 3 2684
d 3 2687
d 3 3638
d 3 2688
d 3 2689
d 3 2690
d 3 2691
d 3 2692
d 3 2693
d 3 2686
d 3 2685
d 3 2694
d 3 686
d 3 1383
d 3 2401
d 3 2402
d 3 2404
d 3 2403
d 3 2405
d 3 1384
d 3 1385
d 3 1386
d 3 2695
d 3 2696
d 3 2697
d 3 687
d 3 688
d 3 689
d 3 690
d 3 3639
d 3 2698
d 3 2699
d 3 2700
d 3 1387
d 3 691
d 3 2406
d 3 2407
d 3 1388
d 3 1389
d 3 1390
d 3 1391
d 3 2701
d 3 2702
d 3 2703
d 3 2704
d 3 692
d 3 693
d 3 694
d 3 3640
d 3 3641
d 3 3642
d 3 3643
d 3 3644
d 3 1392
d 3 697
d 3 695
d 3 2705
d 3 696
d 3 2408
d 3 2409
d 3 1393
d 3 1394
d 3 698
d 3 2706
d 3 2707
d 3 3645
d 3 2708
d 3 699
d 3 2709
d 3 2710
d 3 2711
d 3 2712
d 3 1395
d 3 1397
d 3 1398
d 3 2410
d 3 1399
d 3 1396
d 3 1400
d 3 2713
d 3 2714
d 3 2715
d 3 700
d 3 701
d 3 702
d 3 3646
d 3 3647
d 3 703
d 3 3648
d 3 704
d 3 705
d 3 707
d 3 708
d 3 706
d 3 2716
d 3 2717
d 3 2718
d 3 2719
d 3 1401
d 3 2411
d 3 1402
d 3 2720
d 3 2721
d 3 2722
d 3 2723
d 3 2724
d 3 2725
d 3 2726
d 3 2727
d 3 2728
d 3 2729
d 3 2730
d 3 2731
d 3 2732
d 3 2733
d 3 2734
d 3 2735
d 3 709
d 3 2736
d 3 710
d 3 3649
d 3 3650
d 3 711
d 3 713
d 3 712
d 3 2737
d 3 2738
d 3 1403
d 3 1404
d 3 1405
d 3 2412
d 3 1406
d 3 1407
d 3 2739
d 3 2740
d 3 2742
d 3 2743
d 3 2744
d 3 2745
d 3 2747
d 3 2746
d 3 714
d 3 715
d 3 716
d 3 717
d 3 3651
d 3 3652
d 3 718
d 3 719
d 3 2741
d 3 720
d 3 2748
d 3 1408
d 3 2413
d 3 1409
d 3 2414
d 3 1411
d 3 1410
d 3 1412
d 3 1413
d 3 1414
d 3 1415
d 3 2749
d 3 721
d 3 722
d 3 2750
d 3 723
d 3 724
d 3 725
d 3 3653
d 3 3654
d 3 727
d 3 726
d 3 728
d 3 1416
d 3 2415
d 3 2416
d 3 2417
d 3 2418
d 3 1418
d 3 1417
d 3 1419
d 3 1420
d 3 1421
d 3 729
d 3 730
d 3 731
d 3 732
d 3 733
d 3 3655
d 3 734
d 3 735
d 3 1422
d 3 736
d 3 2419
d 3 1424
d 3 1423
d 3 2420
d 3 2421
d 3 3656
d 3 2422
d 3 3657
d 3 2423
d 3 737
d 3 2424
d 3 738
d 3 2751
d 3 1425
d 3 1426
d 3 2752
d 3 2753
d 3 739
d 3 740
d 3 741
d 3 742
d 3 743
d 3 744
d 3 745
d 3 746
d 3 747
d 3 748
d 3 749
d 3 2425
d 3 2426
d 3 2427
d 3 2429
d 3 2428
d 3 2430
d 3 3658
d 3 2431
d 3 750
d 3 2754
d 3 1428
d 3 1429
d 3 2756
d 3 2757
d 3 2758
d 3 2759
d 3 2760
d 3 2761
d 3 2762
d 3 2763
d 3 2764
d 3 2765
d 3 751
d 3 2432
d 3 2766
d 3 2767
d 3 2768
d 3 2769
d 3 2770
d 3 2771
d 3 2772
d 3 2773
d 3 2774
d 3 2775
d 3 2776
d 3 2777
d 3 2778
d 3 2779
d 3 2780
d 3 2781
d 3 2782
d 3 2783
d 3 752
d 3 753
d 3 754
d 3 2433
d 3 2434
d 3 2435
d 3 2436
d 3 2437
d 3 2438
d 3 2439
d 3 2440
d 3 2441
d 3 2442
d 3 2443
d 3 2444
d 3 2445
d 3 2446
d 3 2447
d 3 2448
d 3 2449
d 3 2450
d 3 2451
d 3 2452
d 3 2453
d 3 2454
d 3 2455
d 3 2456
d 3 2457
d 3 2458
d 3 2459
d 3 2460
d 3 2461
d 3 2462
d 3 2463
d 3 2464
d 3 2465
d 3 2466
d 3 2467
d 3 2468
d 3 2469
d 3 2470
d 3 2471
d 3 2472
d 3 2473
d 3 2474
d 3 2475
d 3 2476
d 3 2477
d 3 2478
d 3 2479
d 3 2480
d 3 2481
d 3 2482
d 3 2483
d 3 2484
d 3 2485
d 3 2486
d 3 2487
d 3 2488
d 3 2489
d 3 2490
d 3 2491
d 3 2492
d 3 2493
d 3 2494
d 3 2495
d 3 2496
d 3 2497
d 3 2498
d 3 2499
d 3 2500
d 3 2001
d 3 2002
d 3 2003
d 3 2004
d 3 2005
d 3 2006
d 3 2007
d 3 2008
d 3 2009
d 3 2010
d 3 2011
d 3 2012
d 3 2013
d 3 2014
d 3 2015
d 3 2016
d 3 2017
d 3 2018
d 3 2019
d 3 755
d 3 2784
d 3 2785
d 3 2786
d 3 2787
d 3 2788
d 3 2789
d 3 2790
d 3 2791
d 3 2792
d 3 2793
d 3 2794
d 3 2795
d 3 2796
d 3 2797
d 3 2798
d 3 2799
d 3 2800
d 3 2801
d 3 2802
d 3 2803
d 3 2804
d 3 2805
d 3 2806
d 3 2807
d 3 2808
d 3 2809
d 3 2810
d 3 2811
d 3 2812
d 3 2813
d 3 2814
d 3 2815
d 3 2816
d 3 2817
d 3 2818
d 3 2819
d 3 2820
d 3 2821
d 3 2822
d 3 2823
d 3 2824
d 3 2825
d 3 2826
d 3 2827
d 3 2828
d 3 1430
d 3 2829
d 3 2830
d 3 2831
d 3 2832
d 3 2833
d 3 2834
d 3 2835
d 3 2836
d 3 2837
d 3 2838
d 3 2839
d 3 2840
d 3 1432
d 3 2020
d 3 3660
d 3 3661
d 3 3662
d 3 3663
d 3 3664
d 3 3665
d 3 756
d 3 757
d 3 3666
d 3 758
d 3 3667
d 3 759
d 3 3668
d 3 760
d 3 3669
d 3 3670
d 3 3671
d 3 761
d 3 762
d 3 3672
d 3 763
d 3 764
d 3 3673
d 3 765
d 3 3674
d 3 766
d 3 3675
d 3 3676
d 3 3677
d 3 3678
d 3 3679
d 3 3680
d 3 767
d 3 3681
d 3 768
d 3 3682
d 3 769
d 3 3683
d 3 3684
d 3 770
d 3 771
d 3 772
d 3 773
d 3 774
d 3 775
d 3 776
d 3 777
d 3 778
d 3 779
d 3 780
d 3 781
d 3 782
d 3 783
d 3 784
d 3 785
d 3 786
d 3 787
d 3 788
d 3 789
d 3 790
d 3 791
d 3 792
d 3 793
d 3 794
d 3 795
d 3 796
d 3 3685
d 3 797
d 3 798
d 3 799
d 3 800
d 3 801
d 3 802
d 3 803
d 3 804
d 3 805
d 3 806
d 3 807
d 3 808
d 3 809
d 3 810
d 3 811
d 3 812
d 3 813
d 3 814
d 3 815
d 3 816
d 3 817
d 3 818
d 3 819
d 3 820
d 3 821
d 3 822
d 3 823
d 3 824
d 3 825
d 3 826
d 3 827
d 3 828
d 3 829
d 3 830
d 3 831
d 3 832
d 3 833
d 3 834
d 3 835
d 3 836
d 3 837
d 3 838
d 3 839
d 3 840
d 3 841
d 3 842
d 3 843
d 3 844
d 3 845
d 3 846
d 3 3659
d 3 848
d 3 849
d 3 850
d 3 851
d 3 852
d 3 853
d 3 2755
d 3 2855
d 3 2070
d 3 2071
d 3 3687
d 3 3688
d 3 3689
d 3 3690
d 3 2072
d 3 2073
d 3 2074
d 3 2075
d 3 3692
d 3 2076
d 3 3693
d 3 2077
d 3 2078
d 3 2079
d 3 2080
d 3 2081
d 3 2082
d 3 2083
d 3 2084
d 3 2085
d 3 2086
d 3 2087
d 3 2088
d 3 2089
d 3 2090
d 3 2091
d 3 2092
d 3 2093
d 3 3694
d 3 2094
d 3 3695
d 3 2095
d 3 3696
d 3 2096
d 3 3697
d 3 2097
d 3 2098
d 3 2099
d 3 2100
d 3 2101
d 3 3698
d 3 2102
d 3 2103
d 3 2104
d 3 2105
d 3 3699
d 3 3700
d 3 3701
d 3 3702
d 3 3703
d 3 3704
d 3 3705
d 3 3706
d 3 3707
d 3 3708
d 3 3709
d 3 3710
d 3 3711
d 3 3714
d 3 3686
d 3 3712
d 3 3715
d 3 3716
d 3 3717
d 3 3718
d 3 3719
d 3 3720
d 3 3721
d 3 3722
d 3 3723
d 3 3724
d 3 3725
d 3 3726
d 3 3727
d 3 3728
d 3 3729
d 3 3730
d 3 3731
d 3 3732
d 3 3733
d 3 3734
d 3 3735
d 3 2106
d 3 2107
d 3 2108
d 3 2109
d 3 2110
d 3 2111
d 3 2112
d 3 2115
d 3 2116
d 3 2117
d 3 2118
d 3 2119
d 3 3736
d 3 2120
d 3 910
d 3 911
d 3 912
d 3 3737
d 3 913
d 3 914
d 3 3738
d 3 915
d 3 916
d 3 3739
d 3 917
d 3 3740
d 3 2121
d 3 2122
d 3 2123
d 3 2124
d 3 2125
d 3 2126
d 3 2127
d 3 2128
d 3 2129
d 3 2130
d 3 2131
d 3 2132
d 3 2133
d 3 2134
d 3 2135
d 3 2136
d 3 2137
d 3 2138
d 3 2139
d 3 2140
d 3 2141
d 3 2142
d 3 2143
d 3 3741
d 3 918
d 3 3743
d 3 919
d 3 3691
d 3 920
d 3 921
d 3 3746
d 3 3745
d 3 922
d 3 923
d 3 925
d 3 926
d 3 927
d 3 928
d 3 929
d 3 930
d 3 931
d 3 932
d 3 933
d 3 3747
d 3 934
d 3 3748
d 3 935
d 3 3749
d 3 936
d 3 3750
d 3 3751
d 3 3752
d 3 3753
d 3 3755
d 3 3756
d 3 3757
d 3 3758
d 3 3759
d 3 3760
d 3 3761
d 3 3762
d 3 3763
d 3 3764
d 3 3765
d 3 3773
d 3 3774
d 3 3775
d 3 3776
d 3 3777
d 3 3778
d 3 3779
d 3 3780
d 3 3781
d 3 3782
d 3 3783
d 3 3784
d 3 3785
d 3 3786
d 3 3787
d 3 3788
d 3 3789
d 3 3829
d 3 376
d 3 3713
d 3 309
d 3 2218
d 3 411
d 3 412
d 3 3843
d 3 413
d 3 1427
d 3 3844
d 3 1433
d 3 1434
d 3 1435
d 3 1436
d 3 1438
d 3 1439
d 3 1440
d 3 1441
d 3 1442
d 3 1443
d 3 1444
d 3 1445
d 3 1446
d 3 1447
d 3 1448
d 3 1449
d 3 1450
d 3 1451
d 3 1452
d 3 1453
d 3 1454
d 3 1455
d 3 1456
d 3 1457
d 3 1458
d 3 1459
d 3 1460
d 3 1461
d 3 1462
d 3 1463
d 3 1464
d 3 1465
d 3 1466
d 3 1467
d 3 1468
d 3 1437
d 3 1469
d 3 1470
d 3 1471
d 3 1472
d 3 1473
d 3 1474
d 3 1475
d 3 1476
d 3 1477
d 3 1478
d 3 1479
d 3 1480
d 3 1481
d 3 1482
d 3 1483
d 3 1484
d 3 1485
d 3 1486
d 3 1487
d 3 1489
d 3 1490
d 3 1488
d 3 1491
d 3 1492
d 3 1493
d 3 1494
d 3 1495
d 3 1496
d 3 1497
d 3 1498
d 3 1499
d 3 1500
d 3 2856
d 3 2857
d 3 2858
d 3 2859
d 3 2860
d 3 2861
d 3 2863
d 3 2862
d 3 2865
d 3 2866
d 3 2867
d 3 2868
d 3 2869
d 3 2870
d 3 2871
d 3 2872
d 3 2873
d 3 2874
d 3 2864
d 3 2875
d 3 2877
d 3 2876
d 3 2878
d 3 2879
d 3 2880
d 3 2881
d 3 2882
d 3 2883
d 3 2884
d 3 2885
d 3 2886
d 3 2888
d 3 2890
d 3 2891
d 3 2892
d 3 2893
d 3 2894
d 3 2889
d 3 2887
d 3 2895
d 3 2897
d 3 2898
d 3 2896
d 3 2899
d 3 2900
d 3 2903
d 3 2904
d 3 2905
d 3 2906
d 3 2907
d 3 2909
d 3 2910
d 3 2911
d 3 2912
d 3 2913
d 3 2914
d 3 2915
d 3 2916
d 3 2908
d 3 2902
d 3 2901
d 3 2219
d 3 2220
d 3 2221
d 3 2222
d 3 2223
d 3 2224
d 3 2225
d 3 2226
d 3 2227
d 3 2228
d 3 2229
d 3 2230
d 3 2231
d 3 2232
d 3 2233
d 3 2234
d 3 2235
d 3 2236
d 3 2237
d 3 2238
d 3 2239
d 3 2240
d 3 2241
d 3 2242
d 3 2243
d 3 2244
d 3 2245
d 3 2246
d 3 2247
d 3 2248
d 3 2249
d 3 2250
d 3 3251
d 3 3252
d 3 3253
d 3 3254
d 3 3255
d 3 3256
d 3 3257
d 3 3258
d 3 3259
d 3 3260
d 3 3261
d 3 3262
d 3 3263
d 3 3264
d 3 3265
d 3 3266
d 3 3267
d 3 3268
d 3 3269
d 3 3270
d 3 3271
d 3 3272
d 3 3273
d 3 3274
d 3 3275
d 3 3276
d 3 3277
d 3 3278
d 3 3279
d 3 3280
d 3 3281
d 3 3282
d 3 3283
d 3 3284
d 3 3285
d 3 3286
d 3 3287
d 3 3288
d 3 3289
d 3 3290
d 3 3291
d 3 3292
d 3 3293
d 3 3294
d 3 3295
d 3 3296
d 3 3297
d 3 3298
d 3 3299
d 3 3300
d 3 3301
d 3 3302
d 3 3303
d 3 3304
d 3 3305
d 3 3306
d 3 3307
d 3 3308
d 3 3309
d 3 3310
d 3 3311
d 3 3312
d 3 3313
d 3 3314
d 3 3315
d 3 3316
d 3 3317
d 3 3318
d 3 3319
d 3 3320
d 3 3321
d 3 3322
d 3 3323
d 3 3324
d 3 3325
d 3 3326
d 3 3327
d 3 3328
d 3 3329
d 3 3330
d 3 3331
d 3 3332
d 3 3333
d 3 3334
d 3 3335
d 3 3336
d 3 3337
d 3 3338
d 3 3339
d 3 3340
d 3 3341
d 3 3342
d 3 3343
d 3 3344
d 3 3345
d 3 3346
d 3 3347
d 3 3348
d 3 3349
d 3 3350
d 3 3351
d 3 3352
d 3 3353
d 3 3354
d 3 3355
d 3 3356
d 3 3357
d 3 3358
d 3 3359
d 3 3360
d 3 3361
d 3 3362
d 3 3363
d 3 3364
d 3 3365
d 3 3366
d 3 3367
d 3 3368
d 3 3369
d 3 3370
d 3 3371
d 3 3372
d 3 3373
d 3 3374
d 3 3375
d 3 3376
d 3 3377
d 3 3378
d 3 3379
d 3 3380
d 3 3381
d 3 3382
d 3 3383
d 3 3384
d 3 3385
d 3 3009
d 3 3010
d 3 3011
d 3 3012
d 3 3013
d 3 3014
d 3 3015
d 3 1790
d 3 1791
d 3 1792
d 3 1794
d 3 1795
d 3 1796
d 3 1797
d 3 1798
d 3 1793
d 3 211
d 3 213
d 3 214
d 3 215
d 3 216
d 3 217
d 3 218
d 3 219
d 3 220
d 3 221
d 3 222
d 3 224
d 3 225
d 3 1799
d 3 226
d 3 227
d 3 228
d 3 229
d 3 223
d 3 1800
d 3 230
d 3 1801
d 3 231
d 3 232
d 3 233
d 3 234
d 3 235
d 3 236
d 3 237
d 3 238
d 3 239
d 3 240
d 3 241
d 3 1828
d 3 1829
d 3 1830
d 3 1831
d 3 1832
d 3 1833
d 3 1834
d 3 1835
d 3 1836
d 3 1837
d 3 1838
d 3 1839
d 3 1840
d 3 3204
d 3 1841
d 3 1842
d 3 1843
d 3 1844
d 3 1845
d 3 1846
d 3 1847
d 3 1848
d 3 1849
d 3 1850
d 3 1851
d 3 1852
d 3 1853
d 3 1854
d 3 1855
d 3 1856
d 3 1857
d 3 1858
d 3 1859
d 3 1860
d 3 1861
d 3 1862
d 3 1863
d 3 1864
d 3 1865
d 3 1867
d 3 1866
d 3 1868
d 3 1522
d 3 1523
d 3 1524
d 3 1525
d 3 1526
d 3 1527
d 3 1528
d 3 1529
d 3 1530
d 3 1531
d 3 1532
d 3 1533
d 3 1534
d 3 1535
d 3 1536
d 3 1537
d 3 1538
d 3 1539
d 3 1540
d 3 1541
d 3 1542
d 3 1543
d 3 1544
d 3 1545
d 3 1546
d 3 1547
d 3 1548
d 3 1549
d 3 1550
d 3 1551
d 3 1552
d 3 1553
d 3 1554
d 3 1555
d 3 1556
d 3 1557
d 3 1558
d 3 1559
d 3 1560
d 3 1561
d 3 1562
d 3 1563
d 3 1564
d 3 1565
d 3 1566
d 3 1567
d 3 1568
d 3 1569
d 3 1570
d 3 1571
d 3 1572
d 3 1573
d 3 1574
d 3 1575
d 3 1576
d 3 1577
d 3 1578
d 3 1579
d 3 1580
d 3 1581
d 3 1582
d 3 1583
d 3 1584
d 3 1585
d 3 1586
d 3 1587
d 3 1588
d 3 1589
d 3 1590
d 3 1591
d 3 1592
d 3 1593
d 3 1594
d 3 1595
d 3 1596
d 3 1597
d 3 1598
d 3 1599
d 3 1600
d 3 1601
d 3 1602
d 3 1603
d 3 1604
d 3 1605
d 3 1606
d 3 1607
d 3 1608
d 3 1609
d 3 1610
d 3 1611
d 3 1612
d 3 1613
d 3 1614
d 3 1615
d 3 1616
d 3 1617
d 3 1618
d 3 1619
d 3 1620
d 3 1621
d 3 1622
d 3 1623
d 3 1624
d 3 1625
d 3 1626
d 3 1627
d 3 1628
d 3 1629
d 3 1630
d 3 1631
d 3 1632
d 3 1633
d 3 1634
d 3 1635
d 3 1636
d 3 1637
d 3 1638
d 3 1639
d 3 1640
d 3 1641
d 3 1642
d 3 1643
d 3 1644
d 3 1645
d 3 1646
d 3 1647
d 3 1117
d 3 1118
d 3 1119
d 3 1120
d 3 1121
d 3 1122
d 3 1123
d 3 1124
d 3 1125
d 3 1126
d 3 1127
d 3 1116
d 3 1128
d 3 1129
d 3 1130
d 3 1131
d 3 1132
d 3 1133
d 3 1135
d 3 1136
d 3 1137
d 3 1138
d 3 1139
d 3 1140
d 3 1141
d 3 1142
d 3 1143
d 3 1144
d 3 1145
d 3 1146
d 3 1147
d 3 1148
d 3 1149
d 3 1150
d 3 1151
d 3 1152
d 3 1153
d 3 1154
d 3 1155
d 3 1156
d 3 1157
d 3 1244
d 3 1245
d 3 1246
d 3 1247
d 3 1249
d 3 1250
d 3 1248
d 3 2021
d 3 2022
d 3 1020
d 3 1021
d 3 1022
d 3 312
d 3 141
d 3 142
d 3 143
d 3 144
d 3 145
d 3 147
d 3 148
d 3 149
d 3 146
d 3 1023
d 3 1024
d 3 1025
d 3 1026
d 3 1027
d 3 1028
d 3 1029
d 3 1030
d 3 1031
d 3 1032
d 3 1033
d 3 1034
d 3 1035
d 3 1036
d 3 150
d 3 313
d 3 314
d 3 316
d 3 315
d 3 317
d 3 1065
d 3 1066
d 3 1067
d 3 1068
d 3 1069
d 3 1070
d 3 2026
d 3 1072
d 3 2027
d 3 1073
d 3 2028
d 3 1074
d 3 2029
d 3 1075
d 3 2030
d 3 1076
d 3 2031
d 3 1077
d 3 2032
d 3 1078
d 3 2033
d 3 1079
d 3 1080
d 3 1081
d 3 1082
d 3 1083
d 3 1084
d 3 1085
d 3 1086
d 3 1087
d 3 1088
d 3 1089
d 3 1090
d 3 2034
d 3 1091
d 3 2035
d 3 1092
d 3 1093
d 3 2036
d 3 1094
d 3 1095
d 3 1096
d 3 1158
d 3 1159
d 3 1160
d 3 871
d 3 872
d 3 873
d 3 874
d 3 875
d 3 876
d 3 877
d 3 878
d 3 879
d 3 880
d 3 2037
d 3 881
d 3 882
d 3 2038
d 3 883
d 3 2039
d 3 884
d 3 885
d 3 886
d 3 887
d 3 888
d 3 889
d 3 890
d 3 891
d 3 892
d 3 893
d 3 894
d 3 895
d 3 896
d 3 897
d 3 1161
d 3 1162
d 3 1163
d 3 1164
d 3 1165
d 3 1166
d 3 1167
d 3 1168
d 3 1169
d 3 1170
d 3 1171
d 3 1172
d 3 1173
d 3 1174
d 3 1175
d 3 1176
d 3 1177
d 3 1178
d 3 1179
d 3 1180
d 3 1181
d 3 1182
d 3 1183
d 3 1184
d 3 1185
d 3 1186
d 3 1187
d 3 1188
d 3 1189
d 3 1190
d 3 1191
d 3 1192
d 3 1193
d 3 1194
d 3 1195
d 3 1196
d 3 1197
d 3 1501
d 3 377
d 3 379
d 3 380
d 3 381
d 3 382
d 3 383
d 3 384
d 3 385
d 3 386
d 3 387
d 3 388
d 3 389
d 3 390
d 3 391
d 3 392
d 3 393
d 3 394
d 3 395
d 3 396
d 3 397
d 3 398
d 3 399
d 3 400
d 3 401
d 3 402
d 3 403
d 3 404
d 3 405
d 3 406
d 3 407
d 3 408
d 3 409
d 3 410
d 3 414
d 3 415
d 3 378
d 3 416
d 3 417
d 3 418
d 3 419
d 3 420
d 3 421
d 3 3814
d 3 3815
d 3 3816
d 3 3817
d 3 3818
d 3 3819
d 3 3820
d 3 1198
d 3 3821
d 3 3822
d 3 3823
d 3 3824
d 3 1199
d 3 3825
d 3 3826
d 3 1200
d 3 3827
d 3 1201
d 3 3828
d 3 1202
d 3 3830
d 3 1203
d 3 3831
d 3 1204
d 3 3832
d 3 1205
d 3 1206
d 3 1207
d 3 1208
d 3 1209
d 3 1210
d 3 3833
d 3 1211
d 3 3834
d 3 1212
d 3 3835
d 3 1213
d 3 3836
d 3 1214
d 3 1215
d 3 1216
d 3 1217
d 3 3136
d 3 1923
d 3 3137
d 3 1924
d 3 3138
d 3 1925
d 3 1926
d 3 3139
d 3 1927
d 3 3140
d 3 1928
d 3 3141
d 3 1929
d 3 3142
d 3 3143
d 3 3144
d 3 3145
d 3 3146
d 3 3147
d 3 3148
d 3 3149
d 3 3150
d 3 3151
d 3 3152
d 3 3153
d 3 3154
d 3 3155
d 3 3156
d 3 3157
d 3 3158
d 3 3159
d 3 3160
d 3 3161
d 3 3162
d 3 3163
d 3 3164
d 3 3165
d 3 3166
d 3 3167
d 3 3168
d 3 3169
d 3 3170
d 3 154
d 3 155
d 3 156
d 3 157
d 3 158
d 3 159
d 3 160
d 3 161
d 3 162
d 3 163
d 3 165
d 3 166
d 3 167
d 3 168
d 3 169
d 3 170
d 3 171
d 3 172
d 3 173
d 3 174
d 3 175
d 3 176
d 3 177
d 3 178
d 3 179
d 3 180
d 3 181
d 3 182
d 3 183
d 3 184
d 3 185
d 3 186
d 3 187
d 3 188
d 3 189
d 3 190
d 3 191
d 3 192
d 3 193
d 3 194
d 3 195
d 3 2850
d 3 3044
d 3 3045
d 3 3046
d 3 3047
d 3 3048
d 3 3049
d 3 3050
d 3 3051
d 3 3052
d 3 3053
d 3 3054
d 3 3055
d 3 3056
d 3 3057
d 3 3058
d 3 3059
d 3 3060
d 3 3061
d 3 3062
d 3 3063
d 3 3064
d 3 3065
d 3 3066
d 3 3067
d 3 3068
d 3 3069
d 3 3070
d 3 3071
d 3 3072
d 3 3073
d 3 3074
d 3 3075
d 3 3076
d 3 3077
d 3 3078
d 3 3079
d 3 3080
d 3 3081
d 3 3082
d 3 3083
d 3 3084
d 3 3085
d 3 3086
d 3 3087
d 3 3088
d 3 3089
d 3 3090
d 3 3091
d 3 3092
d 3 3093
d 3 2960
d 3 2961
d 3 2962
d 3 2963
d 3 2964
d 3 2965
d 3 2966
d 3 1515
d 3 1516
d 3 1517
d 3 1518
d 3 1519
d 3 1520
d 3 1521
d 3 1648
d 3 1649
d 3 1650
d 3 1651
d 3 1652
d 3 1653
d 3 1654
d 3 1655
d 3 1656
d 3 1657
d 3 1658
d 3 1659
d 3 1660
d 3 1661
d 3 1662
d 3 1663
d 3 1664
d 3 1665
d 3 1666
d 3 1667
d 3 1668
d 3 1669
d 3 1670
d 3 1671
d 3 1672
d 3 1673
d 3 1674
d 3 1675
d 3 1676
d 3 1677
d 3 1678
d 3 1679
d 3 1680
d 3 1681
d 3 1682
d 3 1683
d 3 1684
d 3 1685
d 3 1686
d 3 1687
d 3 1688
d 3 1689
d 3 1690
d 3 1691
d 3 1692
d 3 1693
d 3 1694
d 3 1695
d 3 1696
d 3 1697
d 3 1698
d 3 1699
d 3 1700
d 3 1701
d 3 1702
d 3 1703
d 3 267
d 3 1704
d 3 268
d 3 1705
d 3 269
d 3 1753
d 3 1754
d 3 1755
d 3 1756
d 3 1757
d 3 1758
d 3 1759
d 3 1760
d 3 1761
d 3 1762
d 3 1763
d 3 1764
d 3 1765
d 3 1766
d 3 1767
d 3 3133
d 3 3134
d 3 3135
d 3 3436
d 3 3437
d 3 3438
d 3 3439
d 3 1810
d 3 1811
d 3 3440
d 3 3441
d 3 3443
d 3 3444
d 3 3445
d 3 3446
d 3 3448
d 3 3449
d 3 3450
d 3 3451
d 3 3452
d 3 3453
d 3 3447
d 3 3454
d 3 3442
d 3 3455
d 3 1812
d 3 3456
d 3 3457
d 3 3458
d 3 3459
d 3 3460
d 3 3461
d 3 3462
d 3 1813
d 3 3463
d 3 3464
d 3 3465
d 3 3466
d 3 3467
d 3 1814
d 3 3468
d 3 1815
d 3 1816
d 3 1817
d 3 1818
d 3 1943
d 3 1944
d 3 1945
d 3 1946
d 3 300
d 3 301
d 3 302
d 3 3806
d 3 3807
d 3 303
d 3 3808
d 3 3809
d 3 3236
d 3 3237
d 3 3238
d 3 3239
d 3 3240
d 3 3241
d 3 3242
d 3 3243
d 3 3244
d 3 3245
d 3 3246
d 3 3247
d 3 3248
d 3 3249
d 3 3250
d 3 3386
d 3 3387
d 3 3388
d 3 3389
d 3 3390
d 3 3391
d 3 3392
d 3 3393
d 3 3394
d 3 3395
d 3 3396
d 3 3397
d 3 3810
d 3 3398
d 3 3399
d 3 3937
d 3 344
d 3 345
d 3 346
d 3 347
d 3 348
d 3 349
d 3 350
d 3 351
d 3 352
d 3 353
d 3 354
d 3 355
d 3 356
d 3 357
d 3 358
d 3 359
d 3 360
d 3 361
d 3 2917
d 3 2918
d 3 2919
d 3 2920
d 3 2921
d 3 2922
d 3 2923
d 3 2924
d 3 2925
d 3 2926
d 3 2927
d 3 2928
d 3 974
d 3 2951
d 3 2952
d 3 2953
d 3 2954
d 3 2955
d 3 2956
d 3 2957
d 3 2958
d 3 2959
d 3 2188
d 3 2189
d 3 2930
d 3 2190
d 3 2191
d 3 2192
d 3 2193
d 3 2194
d 3 981
d 3 982
d 3 983
d 3 984
d 3 985
d 3 986
d 3 987
d 3 988
d 3 989
d 3 990
d 3 3027
d 3 3028
d 3 2040
d 3 2041
d 3 2042
d 3 2043
d 3 2044
d 3 2045
d 3 3030
d 3 3031
d 3 475
d 3 476
d 3 477
d 3 478
d 3 479
d 3 480
d 3 481
d 3 482
d 3 483
d 3 484
d 3 485
d 3 486
d 3 487
d 3 488
d 3 489
d 3 490
d 3 491
d 3 492
d 3 493
d 3 494
d 3 495
d 3 496
d 3 497
d 3 498
d 3 499
d 3 500
d 3 10
d 3 1874
d 3 1875
d 3 1876
d 3 1877
d 3 11
d 3 12
d 3 13
d 3 15
d 3 14
d 3 16
d 3 17
d 3 18
d 3 20
d 3 19
d 3 21
d 3 22
d 3 23
d 3 24
d 3 25
d 3 1878
d 3 1879
d 3 1880
d 3 1881
d 3 1882
d 3 1883
d 3 1884
d 3 1885
d 3 26
d 3 1886
d 3 1887
d 3 1888
d 3 2988
d 3 27
d 3 28
d 3 29
d 3 30
d 3 31
d 3 33
d 3 34
d 3 35
d 3 36
d 3 99
d 3 100
d 3 101
d 3 102
d 3 103
d 3 104
d 3 105
d 3 106
d 3 107
d 3 108
d 3 109
d 3 110
d 3 111
d 3 112
d 3 113
d 3 2186
d 3 2185
d 3 2187
d 3 937
d 3 938
d 3 939
d 3 940
d 3 941
d 3 942
d 3 943
d 3 944
d 3 945
d 3 946
d 3 947
d 3 948
d 3 949
d 3 950
d 3 951
d 3 952
d 3 953
d 3 954
d 3 955
d 3 956
d 3 957
d 3 958
d 3 959
d 3 960
d 3 1004
d 3 1005
d 3 1006
d 3 1007
d 3 1008
d 3 1009
d 3 1010
d 3 1011
d 3 1012
d 3 1013
d 3 1014
d 3 1015
d 3 1016
d 3 1017
d 3 1018
d 3 1019
d 3 1037
d 3 1038
d 3 1039
d 3 1040
d 3 1041
d 3 1042
d 3 1043
d 3 1044
d 3 1045
d 3 1046
d 3 1047
d 3 1048
d 3 1049
d 3 1050
d 3 1051
d 3 1052
d 3 1053
d 3 3024
d 3 3025
d 3 3026
d 3 3029
d 3 3032
d 3 3033
d 3 3034
d 3 3035
d 3 3036
d 3 2929
d 3 2931
d 3 2932
d 3 2933
d 3 2934
d 3 2935
d 3 2936
d 3 2937
d 3 2938
d 3 2939
d 3 2940
d 3 2941
d 3 2942
d 3 2943
d 3 2944
d 3 2945
d 3 2946
d 3 2947
d 3 2948
d 3 2949
d 3 2950
d 3 3928
d 3 3420
d 3 305
d 3 306
d 3 307
d 3 308
d 3 310
d 3 311
d 3 318
d 3 319
d 3 320
d 3 321
d 3 322
d 3 323
d 3 324
d 3 325
d 3 326
d 3 327
d 3 328
d 3 329
d 3 330
d 3 331
d 3 332
d 3 333
d 3 334
d 3 335
d 3 336
d 3 337
d 3 338
d 3 339
d 3 340
d 3 3424
d 3 3425
d 3 3426
d 3 3427
d 3 341
d 3 342
d 3 8
d 3 9
d 3 3432
d 3 3433
d 3 3469
d 3 3470
d 3 362
d 3 363
d 3 3471
d 3 114
d 3 115
d 3 116
d 3 117
d 3 118
d 3 3472
d 3 119
d 3 3473
d 3 120
d 3 3474
d 3 121
d 3 3475
d 3 135
d 3 136
d 3 137
d 3 138
d 3 139
d 3 3042
d 3 3043
d 3 3094
d 3 3095
d 3 3096
d 3 3097
d 3 3098
d 3 3099
d 3 3100
d 3 3101
d 3 3102
d 3 3103
d 3 3104
d 3 3105
d 3 3106
d 3 3107
d 3 73
d 3 74
d 3 76
d 3 75
d 3 77
d 3 78
d 3 79
d 3 80
d 3 81
d 3 82
d 3 83
d 3 84
d 3 85
d 3 86
d 3 87
d 3 88
d 3 89
d 3 90
d 3 91
d 3 92
d 3 93
d 3 94
d 3 95
d 3 96
d 3 97
d 3 3108
d 3 3109
d 3 3110
d 3 3111
d 3 3112
d 3 3113
d 3 3114
d 3 3115
d 3 3116
d 3 3117
d 3 3118
d 3 3119
d 3 3120
d 3 3121
d 3 3122
d 3 3123
d 3 3124
d 3 3180
d 3 3181
d 3 3182
d 3 3183
d 3 3184
d 3 3185
d 3 3186
d 3 3187
d 3 3188
d 3 3189
d 3 3190
d 3 3191
d 3 3192
d 3 3193
d 3 3194
d 3 3195
d 3 3196
d 3 3197
d 3 3200
d 3 3199
d 3 3201
d 3 3202
d 3 3203
d 3 3205
d 3 3206
d 3 3207
d 3 3208
d 3 3209
d 3 3198
d 3 3129
d 3 3177
d 3 3128
d 3 98
d 3 2206
d 3 2207
d 3 2208
d 3 2209
d 3 3812
d 3 2210
d 3 133
d 3 134
d 3 140
d 3 151
d 3 152
d 3 153
d 3 164
d 3 196
d 3 197
d 3 198
d 3 199
d 3 200
d 3 201
d 3 202
d 3 203
d 3 204
d 3 205
d 3 206
d 3 207
d 3 208
d 3 209
d 3 210
d 3 212
d 3 242
d 3 243
d 3 244
d 3 245
d 3 246
d 3 1708
d 3 1709
d 3 1710
d 3 1711
d 3 1712
d 3 1713
d 3 1714
d 3 1715
d 3 1716
d 3 1717
d 3 1718
d 3 1719
d 3 1720
d 3 1721
d 3 1722
d 3 1723
d 3 1724
d 3 1725
d 3 1726
d 3 1727
d 3 1728
d 3 1729
d 3 1730
d 3 1731
d 3 1732
d 3 1733
d 3 1734
d 3 1735
d 3 1736
d 3 1737
d 3 1738
d 3 1739
d 3 1740
d 3 1741
d 3 1916
d 3 1917
d 3 1918
d 3 1919
d 3 1920
d 3 1921
d 3 1922
d 3 1930
d 3 3866
d 3 3867
d 3 3868
d 3 3869
d 3 3870
d 3 3871
d 3 3872
d 3 3873
d 3 3874
d 3 3875
d 3 3877
d 3 3878
d 3 3879
d 3 3880
d 3 3881
d 3 3882
d 3 3883
d 3 3876
d 3 3884
d 3 3885
d 3 3887
d 3 3888
d 3 3889
d 3 3890
d 3 3891
d 3 3892
d 3 3893
d 3 3894
d 3 3895
d 3 3896
d 3 3897
d 3 3898
d 3 3900
d 3 3901
d 3 3902
d 3 3903
d 3 3904
d 3 3905
d 3 3906
d 3 3907
d 3 3909
d 3 3911
d 3 2173
d 3 2174
d 3 2175
d 3 2176
d 3 2177
d 3 2178
d 3 2179
d 3 2180
d 3 2181
d 3 2182
d 3 2183
d 3 2195
d 3 2196
d 3 2197
d 3 2198
d 3 2199
d 3 2200
d 3 2201
d 3 2202
d 3 2203
d 3 2204
d 3 2205
d 3 2049
d 3 2170
d 3 2165
d 3 2145
d 3 2144
d 3 2184
d 3 2061
d 3 3899
d 3 3916
d 3 3910
d 3 2051
d 3 2069
d 3 3886
d 3 2163
d 3 2161
d 3 2162
d 3 2164
d 3 2166
d 3 2167
d 3 2168
d 3 1110
d 3 1111
d 3 1112
d 3 1113
d 3 1114
d 3 1115
d 3 431
d 3 433
d 3 432
d 3 434
d 3 435
d 3 436
d 3 437
d 3 438
d 3 439
d 3 440
d 3 441
d 3 442
d 3 443
d 3 444
d 3 445
d 3 446
d 3 447
d 3 448
d 3 449
d 3 450
d 3 451
d 3 452
d 3 453
d 3 454
d 3 455
d 3 456
d 3 457
d 3 458
d 3 459
d 3 460
d 3 461
d 3 462
d 3 463
d 3 464
d 3 465
d 3 466
d 3 467
d 3 468
d 3 469
d 3 470
d 3 471
d 3 472
d 3 473
d 3 474
d 3 864
d 3 866
d 3 865
d 3 867
d 3 1219
d 3 1220
d 3 1221
d 3 1222
d 3 900
d 3 1746
d 3 901
d 3 902
d 3 903
d 3 904
d 3 905
d 3 906
d 3 907
d 3 908
d 3 909
d 3 1223
d 3 1224
d 3 1225
d 3 1226
d 3 1227
d 3 1228
d 3 1229
d 3 1230
d 3 54
d 3 55
d 3 56
d 3 1983
d 3 57
d 3 1984
d 3 58
d 3 370
d 3 59
d 3 1986
d 3 60
d 3 1987
d 3 61
d 3 1988
d 3 62
d 3 1989
d 3 63
d 3 1990
d 3 64
d 3 1991
d 3 65
d 3 1992
d 3 66
d 3 1993
d 3 67
d 3 68
d 3 1995
d 3 69
d 3 1996
d 3 70
d 3 1997
d 3 71
d 3 1998
d 3 72
d 3 1999
d 3 122
d 3 2000
d 3 123
d 3 2023
d 3 124
d 3 2024
d 3 125
d 3 1109
d 3 1896
d 3 1897
d 3 1898
d 3 1899
d 3 1900
d 3 1502
d 3 1503
d 3 1504
d 3 1505
d 3 1506
d 3 1507
d 3 1508
d 3 1509
d 3 1510
d 3 3490
d 3 2213
d 3 2214
d 3 2215
d 3 2216
d 3 2217
d 3 2841
d 3 2842
d 3 2843
d 3 2844
d 3 2845
d 3 2846
d 3 2847
d 3 2848
d 3 2849
d 3 2851
d 3 2852
d 3 2853
d 3 2854
d 3 2967
d 3 2968
d 3 3922
d 3 3923
d 3 3924
d 3 3925
d 3 3926
d 3 3927
d 3 3929
d 3 3930
d 3 3931
d 3 3932
d 3 3933
d 3 3934
d 3 3935
d 3 3936
d 3 3938
d 3 3939
d 3 3940
d 3 3941
d 3 3942
d 3 3972
d 3 3973
d 3 3974
d 3 3975
d 3 3976
d 3 3977
d 3 3978
d 3 3979
d 3 3980
d 3 3981
d 3 3982
d 3 3983
d 3 3984
d 3 3985
d 3 3986
d 3 3987
d 3 3988
d 3 3989
d 3 3990
d 3 3991
d 3 3992
d 3 3993
d 3 3994
d 3 2992
d 3 2993
d 3 2994
d 3 2995
d 3 2996
d 3 2997
d 3 2998
d 3 2999
d 3 3000
d 3 3001
d 3 3002
d 3 3003
d 3 3004
d 3 3005
d 3 3006
d 3 3007
d 3 3008
d 3 3016
d 3 3017
d 3 3018
d 3 3019
d 3 3020
d 3 3021
d 3 2969
d 3 2970
d 3 2971
d 3 2972
d 3 2973
d 3 2974
d 3 2975
d 3 2976
d 3 2977
d 3 2978
d 3 2979
d 3 2980
d 3 2981
d 3 2982
d 3 2983
d 3 2984
d 3 2985
d 3 2986
d 3 2987
d 3 2989
d 3 2990
d 3 2991
d 3 3211
d 3 3212
d 3 3213
d 3 3214
d 3 3215
d 3 3216
d 3 3217
d 3 3218
d 3 3219
d 3 3220
d 3 3221
d 3 3222
d 3 3223
d 3 3224
d 3 3225
d 3 3226
d 3 3227
d 3 3228
d 3 3229
d 3 3230
d 3 3231
d 3 3232
d 3 3233
d 3 3022
d 3 3023
d 3 3037
d 3 3038
d 3 3039
d 3 3040
d 3 3041
d 3 3125
d 3 3126
d 3 3127
d 3 3130
d 3 3131
d 3 3132
d 3 3171
d 3 3172
d 3 3173
d 3 3174
d 3 3175
d 3 3176
d 3 3178
d 3 3179
d 3 3210
d 3 2047
d 3 2048
d 3 2050
d 3 2052
d 3 2053
d 3 2054
d 3 2055
d 3 2056
d 3 2057
d 3 2058
d 3 2059
d 3 2060
d 3 2062
d 3 2063
d 3 2064
d 3 2065
d 3 2066
d 3 2067
d 3 2068
d 3 2113
d 3 2114
d 3 2146
d 3 2147
d 3 2148
d 3 2149
d 3 2150
d 3 2151
d 3 2152
d 3 2153
d 3 2154
d 3 2155
d 3 2156
d 3 2157
d 3 2158
d 3 2159
d 3 2160
d 3 2169
d 3 2171
d 3 2172
d 3 2211
d 3 2212
d 3 1941
d 3 1942
d 3 1947
d 3 1948
d 3 1949
d 3 1950
d 3 1951
d 3 1952
d 3 1953
d 3 1954
d 3 1955
d 3 1956
d 3 1957
d 3 1958
d 3 1959
d 3 1960
d 3 1961
d 3 1962
d 3 1963
d 3 1964
d 3 1965
d 3 1966
d 3 1967
d 3 1968
d 3 1969
d 3 1970
d 3 1971
d 3 1972
d 3 1973
d 3 1974
d 3 1975
d 3 1976
d 3 1937
d 3 1938
d 3 1939
d 3 1940
d 3 1977
d 3 3860
d 3 1978
d 3 3861
d 3 972
d 3 1979
d 3 3862
d 3 1980
d 3 973
d 3 3863
d 3 1981
d 3 364
d 3 975
d 3 3864
d 3 1982
d 3 976
d 3 365
d 3 3865
d 3 1985
d 3 977
d 3 366
d 3 3908
d 3 1994
d 3 978
d 3 367
d 3 3912
d 3 2025
d 3 368
d 3 979
d 3 980
d 3 991
d 3 3913
d 3 2046
d 3 992
d 3 369
d 3 3234
d 3 3914
d 3 371
d 3 1905
d 3 372
d 3 1906
d 3 248
d 3 1907
d 3 249
d 3 993
d 3 250
d 3 251
d 3 252
d 3 253
d 3 3915
d 3 373
d 3 3917
d 3 374
d 3 375
d 3 422
d 3 994
d 3 423
d 3 424
d 3 995
d 3 3918
d 3 425
d 3 996
d 3 997
d 3 3919
d 3 998
d 3 3920
d 3 426
d 3 999
d 3 3921
d 3 427
d 3 3943
d 3 1000
d 3 1001
d 3 3842
d 3 1908
d 3 1002
d 3 1909
d 3 1003
d 3 1910
d 3 1054
d 3 1911
d 3 1912
d 3 1913
d 3 1914
d 3 1915
d 3 1931
d 3 1932
d 3 1933
d 3 1934
d 3 1935
d 3 1936
d 3 3416
d 3 3417
d 3 3418
d 3 3419
d 3 3421
d 3 1055
d 3 254
d 3 255
d 3 256
d 3 257
d 3 258
d 3 259
d 3 260
d 3 285
d 3 286
d 3 261
d 3 287
d 3 288
d 3 289
d 3 290
d 3 291
d 3 292
d 3 1056
d 3 1057
d 3 1058
d 3 1059
d 3 1060
d 3 1061
d 3 1062
d 3 293
d 3 1063
d 3 1064
d 3 1071
d 3 1097
d 3 294
d 3 295
d 3 3422
d 3 3423
d 3 3428
d 3 3845
d 3 3846
d 3 3847
d 3 3848
d 3 3849
d 3 3850
d 3 3851
d 3 3852
d 3 3854
d 3 3853
d 3 3855
d 3 3857
d 3 3856
d 3 3859
d 3 3961
d 3 3962
d 3 3963
d 3 3964
d 3 3965
d 3 3966
d 3 3967
d 3 3968
d 3 3969
d 3 3970
d 3 3995
d 3 3996
d 3 3997
d 3 3971
d 3 3858
d 3 264
d 3 265
d 3 266
d 3 270
d 3 271
d 3 272
d 3 273
d 3 274
d 3 275
d 3 276
d 3 277
d 3 278
d 3 279
d 3 1786
d 3 1787
d 3 1788
d 3 3235
d 3 3400
d 3 3401
d 3 3402
d 3 3403
d 3 3404
d 3 3405
d 3 3406
d 3 3407
d 3 3408
d 3 3409
d 3 3410
d 3 3411
d 3 3412
d 3 3413
d 3 3414
d 3 3415
d 3 3754
d 3 3766
d 3 3767
d 3 3768
d 3 3769
d 3 3770
d 3 3771
d 3 3772
d 3 3790
d 3 3791
d 3 3792
d 3 3793
d 3 3794
d 3 3795
d 3 3796
d 3 3797
d 3 3798
d 3 3799
d 3 3800
d 3 1785
d 3 1789
d 3 1802
d 3 1803
d 3 1804
d 3 1805
d 3 961
d 3 3803
d 3 1806
d 3 962
d 3 3804
d 3 1807
d 3 3805
d 3 1808
d 3 3811
d 3 1809
d 3 3813
d 3 1775
d 3 3837
d 3 1776
d 3 3838
d 3 1777
d 3 3839
d 3 1778
d 3 3840
d 3 1779
d 3 3841
d 3 1780
d 3 1781
d 3 3742
d 3 1782
d 3 1783
d 3 3744
d 3 1784
d 3 1870
d 3 1871
d 3 1872
d 3 3801
d 3 1873
d 3 3802
d 3 1889
d 3 3954
d 3 3955
d 3 1890
d 3 3956
d 3 1891
d 3 3957
d 3 1892
d 3 3958
d 3 1893
d 3 3959
d 3 1894
d 3 3960
d 3 3998
d 3 1819
d 3 3999
d 3 1820
d 3 4000
d 3 1821
d 3 3944
d 3 3945
d 3 3946
d 3 3947
d 3 3948
d 3 3949
d 3 3951
d 3 3952
d 3 3953
d 3 3487
d 3 3486
d 3 3488
d 3 3489
d 3 3491
d 3 3492
d 3 3493
d 3 3494
d 3 3495
d 3 3496
d 3 3497
d 3 3950
d 3 3498
d 3 3500
d 3 963
d 3 1514
d 3 1706
d 3 1707
d 3 3499
d 3 1742
d 3 964
d 3 965
d 3 966
d 3 967
d 3 968
d 3 969
d 3 970
d 3 971
d 3 1098
d 3 1099
d 3 1100
d 3 1101
d 3 1102
d 3 1103
d 3 1104
d 3 1105
d 3 898
d 3 899
d 3 924
d 3 1431
d 3 1236
d 3 1237
d 3 1238
d 3 1239
d 3 1240
d 3 1241
d 3 1242
d 3 1243
d 3 1106
d 3 1107
d 3 1108
d 3 1134
d 3 1218
d 3 1231
d 3 1232
d 3 1233
d 3 1234
d 3 1235
d 3 847
d 3 284
d 3 296
d 3 297
d 3 298
d 3 299
d 3 304
d 3 343
d 3 1511
d 3 1512
d 3 1513
d 3 1750
d 3 1751
d 3 1752
d 3 1768
d 3 1769
d 3 1770
d 3 1771
d 3 1772
d 3 1773
d 3 1774
d 3 1895
d 3 1901
d 3 1902
d 3 1903
d 3 1904
d 3 3429
d 3 3430
d 3 3431
d 3 3434
d 3 3435
d 3 48
d 3 49
d 3 50
d 3 51
d 3 52
d 3 53
d 3 126
d 3 127
d 3 128
d 3 129
d 3 130
d 3 131
d 3 247
d 3 262
d 3 263
d 3 280
d 3 2
d 3 3
d 3 4
d 3 5
d 3 39
d 3 40
d 3 41
d 3 42
d 3 43
d 3 44
d 3 45
d 3 46
d 3 47
d 3 863
d 3 868
d 3 869
d 3 870
d 3 429
d 3 428
d 3 1743
d 3 1744
d 3 1745
d 3 1747
d 3 1748
d 3 1749
d 3 3477
d 3 37
d 3 38
d 3 3478
d 3 3479
d 3 3480
d 3 3483
d 3 3484
d 3 3485
d 3 3481
d 3 3482
d 3 1825
d 3 1826
d 3 862
d 3 1827
d 3 1869
d 3 3476
d 3 1822
d 3 1823
d 3 1824
d 3 857
d 3 6
d 3 858
d 3 7
d 3 859
d 3 32
d 3 1
d 3 854
d 3 855
d 3 856
d 3 860
d 3 861
d 3 430
d 3 132
d 3 281
d 3 282
d 3 283
