Listening for transport dt_socket at address: 6094
My PID: 2006

From a new terminal type `kill -SIGINT 2006` or `kill -SIGTERM 2006` to stop processing packets

OUTPUT:  /root/tools/out/proc09.output
My ID: 9

List of resolved hosts is:
==========================
0
Human-readable IP: 127.0.0.1
Human-readable Port: 11001

1
Human-readable IP: 127.0.0.1
Human-readable Port: 11002

2
Human-readable IP: 127.0.0.1
Human-readable Port: 11003

3
Human-readable IP: 127.0.0.1
Human-readable Port: 11004

4
Human-readable IP: 127.0.0.1
Human-readable Port: 11005

5
Human-readable IP: 127.0.0.1
Human-readable Port: 11006

6
Human-readable IP: 127.0.0.1
Human-readable Port: 11007

7
Human-readable IP: 127.0.0.1
Human-readable Port: 11008

8
Human-readable IP: 127.0.0.1
Human-readable Port: 11009

ProposalSetSize: 1000
Sliding window size: 16
UDPReceiver: Created socket on port 11009
THREAD NUMBER: 1
9
Human-readable IP: 127.0.0.1
Human-readable Port: 11010

10
Human-readable IP: 127.0.0.1
Human-readable Port: 11011

11
Human-readable IP: 127.0.0.1
Human-readable Port: 11012

12
Human-readable IP: 127.0.0.1
Human-readable Port: 11013

13
Human-readable IP: 127.0.0.1
Human-readable Port: 11014

14
Human-readable IP: 127.0.0.1
Human-readable Port: 11015

15
Human-readable IP: 127.0.0.1
Human-readable Port: 11016

16
Human-readable IP: 127.0.0.1
Human-readable Port: 11017

17
Human-readable IP: 127.0.0.1
Human-readable Port: 11018

18
Human-readable IP: 127.0.0.1
Human-readable Port: 11019

19
Human-readable IP: 127.0.0.1
Human-readable Port: 11020

20
Human-readable IP: 127.0.0.1
Human-readable Port: 11021

21
Human-readable IP: 127.0.0.1
Human-readable Port: 11022

22
Human-readable IP: 127.0.0.1
Human-readable Port: 11023

23
Human-readable IP: 127.0.0.1
Human-readable Port: 11024

24
Human-readable IP: 127.0.0.1
Human-readable Port: 11025

25
Human-readable IP: 127.0.0.1
Human-readable Port: 11026

26
Human-readable IP: 127.0.0.1
Human-readable Port: 11027

27
Human-readable IP: 127.0.0.1
Human-readable Port: 11028

28
Human-readable IP: 127.0.0.1
Human-readable Port: 11029

29
Human-readable IP: 127.0.0.1
Human-readable Port: 11030

30
Human-readable IP: 127.0.0.1
Human-readable Port: 11031

31
Human-readable IP: 127.0.0.1
Human-readable Port: 11032

32
Human-readable IP: 127.0.0.1
Human-readable Port: 11033

33
Human-readable IP: 127.0.0.1
Human-readable Port: 11034

34
Human-readable IP: 127.0.0.1
Human-readable Port: 11035

35
Human-readable IP: 127.0.0.1
Human-readable Port: 11036

36
Human-readable IP: 127.0.0.1
Human-readable Port: 11037

37
Human-readable IP: 127.0.0.1
Human-readable Port: 11038

38
Human-readable IP: 127.0.0.1
Human-readable Port: 11039

39
Human-readable IP: 127.0.0.1
Human-readable Port: 11040

40
Human-readable IP: 127.0.0.1
Human-readable Port: 11041

41
Human-readable IP: 127.0.0.1
Human-readable Port: 11042

42
Human-readable IP: 127.0.0.1
Human-readable Port: 11043

43
Human-readable IP: 127.0.0.1
Human-readable Port: 11044

44
Human-readable IP: 127.0.0.1
Human-readable Port: 11045

45
Human-readable IP: 127.0.0.1
Human-readable Port: 11046

46
Human-readable IP: 127.0.0.1
Human-readable Port: 11047

47
Human-readable IP: 127.0.0.1
Human-readable Port: 11048

48
Human-readable IP: 127.0.0.1
Human-readable Port: 11049

49
Human-readable IP: 127.0.0.1
Human-readable Port: 11050


Path to output:
===============
/root/tools/out/proc09.output

Deleted old output file: false

Path to config:
===============
./out/proc09.config

===============
Doing some initialization

Broadcasting and delivering messages...

Process ID: 9
Starting Round 0
Broadcasting proposal 1 round 0 with 20 elements
__________________________
Starting Round 1
Broadcasting proposal 1 round 1 with 57 elements
__________________________
Starting Round 2
Broadcasting proposal 1 round 2 with 82 elements
__________________________
Starting Round 3
Broadcasting proposal 1 round 3 with 5 elements
__________________________
Starting Round 4
Broadcasting proposal 1 round 4 with 96 elements
__________________________
Starting Round 5
Broadcasting proposal 1 round 5 with 3 elements
__________________________
Starting Round 6
Broadcasting proposal 1 round 6 with 40 elements
__________________________
Starting Round 7
Broadcasting proposal 1 round 7 with 38 elements
__________________________
Broadcasting NEW proposal 2 round 4 with 788 elements
__________________________
Broadcasting NEW proposal 2 round 3 with 694 elements
__________________________
Broadcasting NEW proposal 2 round 2 with 807 elements
__________________________
Broadcasting NEW proposal 2 round 0 with 795 elements
__________________________
Broadcasting NEW proposal 2 round 1 with 804 elements
__________________________
Broadcasting NEW proposal 2 round 6 with 786 elements
__________________________
Broadcasting NEW proposal 2 round 5 with 736 elements
__________________________
Broadcasting NEW proposal 2 round 7 with 733 elements
__________________________
Broadcasting NEW proposal 3 round 6 with 837 elements
__________________________
Broadcasting NEW proposal 3 round 4 with 834 elements
__________________________
Broadcasting NEW proposal 3 round 3 with 773 elements
__________________________
Broadcasting NEW proposal 3 round 7 with 821 elements
__________________________
Broadcasting NEW proposal 3 round 1 with 876 elements
__________________________
Broadcasting NEW proposal 3 round 0 with 860 elements
__________________________
Broadcasting NEW proposal 3 round 2 with 833 elements
__________________________
Broadcasting NEW proposal 4 round 7 with 872 elements
__________________________
Broadcasting NEW proposal 4 round 6 with 886 elements
__________________________
Broadcasting NEW proposal 4 round 4 with 874 elements
__________________________
Broadcasting NEW proposal 4 round 3 with 840 elements
__________________________
Broadcasting NEW proposal 4 round 1 with 914 elements
__________________________
Broadcasting NEW proposal 4 round 0 with 906 elements
__________________________
Sent 1000 messages.
DECIDED: 0 915
Broadcasting DELIVERY OF: 0
Starting Round 8
Broadcasting proposal 1 round 8 with 716 elements
__________________________
DECIDED: 1 929
Broadcasting DELIVERY OF: 1
DECIDED: 2 921
Broadcasting DELIVERY OF: 2
DECIDED: 3 873
Broadcasting DELIVERY OF: 3
DECIDED: 4 898
Broadcasting DELIVERY OF: 4
DECIDED: 5 890
Broadcasting DELIVERY OF: 5
DECIDED: 6 906
Broadcasting DELIVERY OF: 6
DECIDED: 7 896
Broadcasting DELIVERY OF: 7
Starting Round 9
Broadcasting proposal 1 round 9 with 704 elements
__________________________
Starting Round 10
Broadcasting proposal 1 round 10 with 682 elements
__________________________
Starting Round 11
Broadcasting proposal 1 round 11 with 609 elements
__________________________
Starting Round 12
Broadcasting proposal 1 round 12 with 725 elements
__________________________
Starting Round 13
Broadcasting proposal 1 round 13 with 709 elements
__________________________
Starting Round 14
Broadcasting proposal 1 round 14 with 691 elements
__________________________
Starting Round 15
Broadcasting proposal 1 round 15 with 717 elements
__________________________
Broadcasting NEW proposal 2 round 15 with 822 elements
__________________________
Broadcasting NEW proposal 2 round 13 with 802 elements
__________________________
Broadcasting NEW proposal 2 round 14 with 800 elements
__________________________
Broadcasting NEW proposal 2 round 12 with 835 elements
__________________________
Broadcasting NEW proposal 2 round 11 with 752 elements
__________________________
Broadcasting NEW proposal 2 round 8 with 855 elements
__________________________
Broadcasting NEW proposal 2 round 9 with 793 elements
__________________________
Broadcasting NEW proposal 2 round 10 with 809 elements
__________________________
Broadcasting NEW proposal 3 round 8 with 892 elements
__________________________
Broadcasting NEW proposal 3 round 9 with 854 elements
__________________________
Broadcasting NEW proposal 3 round 10 with 893 elements
__________________________
Broadcasting NEW proposal 3 round 12 with 878 elements
__________________________
Broadcasting NEW proposal 3 round 11 with 865 elements
__________________________
Broadcasting NEW proposal 3 round 13 with 876 elements
__________________________
Broadcasting NEW proposal 3 round 14 with 857 elements
__________________________
Broadcasting NEW proposal 3 round 15 with 880 elements
__________________________
Sent 2000 messages.
DECIDED: 8 916
Broadcasting DELIVERY OF: 8
DECIDED: 9 870
Broadcasting DELIVERY OF: 9
DECIDED: 10 904
Broadcasting DELIVERY OF: 10
DECIDED: 11 877
Broadcasting DELIVERY OF: 11
DECIDED: 12 879
Broadcasting DELIVERY OF: 12
DECIDED: 13 884
Broadcasting DELIVERY OF: 13
DECIDED: 14 866
Broadcasting DELIVERY OF: 14
DECIDED: 15 881
Broadcasting DELIVERY OF: 15
Starting Round 16
Broadcasting proposal 1 round 16 with 861 elements
__________________________
Starting Round 17
Broadcasting proposal 1 round 17 with 730 elements
__________________________
Starting Round 18
Broadcasting proposal 1 round 18 with 709 elements
__________________________
Starting Round 19
Broadcasting proposal 1 round 19 with 780 elements
__________________________
Starting Round 20
Broadcasting proposal 1 round 20 with 787 elements
__________________________
Starting Round 21
Broadcasting proposal 1 round 21 with 716 elements
__________________________
Starting Round 22
Broadcasting proposal 1 round 22 with 658 elements
__________________________
Starting Round 23
Broadcasting proposal 1 round 23 with 740 elements
__________________________
Broadcasting NEW proposal 2 round 22 with 813 elements
__________________________
Broadcasting NEW proposal 2 round 18 with 783 elements
__________________________
Broadcasting NEW proposal 2 round 20 with 817 elements
__________________________
Broadcasting NEW proposal 2 round 16 with 917 elements
__________________________
Broadcasting NEW proposal 2 round 23 with 817 elements
__________________________
Broadcasting NEW proposal 2 round 21 with 804 elements
__________________________
Broadcasting NEW proposal 2 round 17 with 822 elements
__________________________
Broadcasting NEW proposal 2 round 19 with 834 elements
__________________________
DECIDED: 16 943
Broadcasting DELIVERY OF: 16
DECIDED: 17 887
Broadcasting DELIVERY OF: 17
DECIDED: 18 842
Broadcasting DELIVERY OF: 18
DECIDED: 19 881
Broadcasting DELIVERY OF: 19
DECIDED: 20 877
Broadcasting DELIVERY OF: 20
DECIDED: 21 867
Broadcasting DELIVERY OF: 21
DECIDED: 22 883
Broadcasting DELIVERY OF: 22
DECIDED: 23 881
Broadcasting DELIVERY OF: 23
Starting Round 24
Broadcasting proposal 1 round 24 with 827 elements
__________________________
Starting Round 25
Broadcasting proposal 1 round 25 with 796 elements
__________________________
Starting Round 26
Broadcasting proposal 1 round 26 with 765 elements
__________________________
Starting Round 27
Broadcasting proposal 1 round 27 with 779 elements
__________________________
Starting Round 28
Broadcasting proposal 1 round 28 with 787 elements
__________________________
Starting Round 29
Broadcasting proposal 1 round 29 with 746 elements
__________________________
Starting Round 30
Broadcasting proposal 1 round 30 with 742 elements
__________________________
Starting Round 31
Broadcasting proposal 1 round 31 with 725 elements
__________________________
Sent 3000 messages.
Cleared proposal set for round 1
Cleared proposal set for round 5
Cleared proposal set for round 3
Cleared proposal set for round 7
Broadcasting NEW proposal 2 round 30 with 822 elements
__________________________
Cleared proposal set for round 4
Cleared proposal set for round 2
Cleared proposal set for round 6
Cleared proposal set for round 0
Broadcasting NEW proposal 2 round 31 with 827 elements
__________________________
Broadcasting NEW proposal 2 round 24 with 869 elements
__________________________
Broadcasting NEW proposal 2 round 25 with 813 elements
__________________________
Broadcasting NEW proposal 2 round 26 with 832 elements
__________________________
Broadcasting NEW proposal 2 round 27 with 861 elements
__________________________
Broadcasting NEW proposal 2 round 29 with 841 elements
__________________________
Broadcasting NEW proposal 2 round 28 with 880 elements
__________________________
DECIDED: 24 887
Broadcasting DELIVERY OF: 24
Broadcasting NEW proposal 3 round 28 with 904 elements
__________________________
DECIDED: 25 881
Broadcasting DELIVERY OF: 25
Broadcasting NEW proposal 3 round 27 with 901 elements
__________________________
Broadcasting NEW proposal 3 round 31 with 870 elements
__________________________
Broadcasting NEW proposal 3 round 26 with 883 elements
__________________________
Starting Round 32
Broadcasting proposal 1 round 32 with 678 elements
__________________________
Starting Round 33
Broadcasting proposal 1 round 33 with 691 elements
__________________________
Cleared proposal set for round 8
Cleared proposal set for round 9
DECIDED: 26 897
Broadcasting DELIVERY OF: 26
Broadcasting NEW proposal 2 round 32 with 788 elements
__________________________
Broadcasting NEW proposal 2 round 33 with 764 elements
__________________________
DECIDED: 27 918
Broadcasting DELIVERY OF: 27
DECIDED: 28 918
Broadcasting DELIVERY OF: 28
DECIDED: 29 914
Broadcasting DELIVERY OF: 29
DECIDED: 30 896
Broadcasting DELIVERY OF: 30
DECIDED: 31 893
Broadcasting DELIVERY OF: 31
Cleared proposal set for round 10
Cleared proposal set for round 12
Cleared proposal set for round 11
Cleared proposal set for round 13
Cleared proposal set for round 14
Starting Round 34
Broadcasting proposal 1 round 34 with 766 elements
__________________________
Starting Round 35
Broadcasting proposal 1 round 35 with 746 elements
__________________________
Starting Round 36
Broadcasting proposal 1 round 36 with 830 elements
__________________________
Starting Round 37
Broadcasting proposal 1 round 37 with 780 elements
__________________________
Starting Round 38
Broadcasting proposal 1 round 38 with 850 elements
__________________________
Starting Round 39
Broadcasting proposal 1 round 39 with 783 elements
__________________________
Cleared proposal set for round 15
Sent 4000 messages.
DECIDED: 32 807
Broadcasting DELIVERY OF: 32
DECIDED: 33 803
Broadcasting DELIVERY OF: 33
Broadcasting NEW proposal 2 round 38 with 878 elements
__________________________
Broadcasting NEW proposal 2 round 39 with 848 elements
__________________________
Broadcasting NEW proposal 2 round 34 with 833 elements
__________________________
Broadcasting NEW proposal 2 round 35 with 796 elements
__________________________
Broadcasting NEW proposal 2 round 36 with 859 elements
__________________________
Broadcasting NEW proposal 2 round 37 with 855 elements
__________________________
Starting Round 40
Broadcasting proposal 1 round 40 with 711 elements
__________________________
Starting Round 41
Broadcasting proposal 1 round 41 with 755 elements
__________________________
Cleared proposal set for round 16
Cleared proposal set for round 17
DECIDED: 34 876
Broadcasting DELIVERY OF: 34
DECIDED: 35 844
Broadcasting DELIVERY OF: 35
DECIDED: 36 891
Broadcasting DELIVERY OF: 36
DECIDED: 37 879
Broadcasting DELIVERY OF: 37
DECIDED: 38 911
Broadcasting DELIVERY OF: 38
DECIDED: 39 885
Broadcasting DELIVERY OF: 39
Broadcasting NEW proposal 2 round 40 with 816 elements
__________________________
Broadcasting NEW proposal 2 round 41 with 804 elements
__________________________
Starting Round 42
Broadcasting proposal 1 round 42 with 802 elements
__________________________
Starting Round 43
Broadcasting proposal 1 round 43 with 881 elements
__________________________
Starting Round 44
Broadcasting proposal 1 round 44 with 797 elements
__________________________
Starting Round 45
Broadcasting proposal 1 round 45 with 837 elements
__________________________
Starting Round 46
Broadcasting proposal 1 round 46 with 828 elements
__________________________
Starting Round 47
Broadcasting proposal 1 round 47 with 857 elements
__________________________
Cleared proposal set for round 22
Cleared proposal set for round 18
Cleared proposal set for round 20
Cleared proposal set for round 21
Cleared proposal set for round 19
Cleared proposal set for round 23
DECIDED: 40 837
Broadcasting DELIVERY OF: 40
DECIDED: 41 822
Broadcasting DELIVERY OF: 41
Broadcasting NEW proposal 2 round 42 with 836 elements
__________________________
Broadcasting NEW proposal 2 round 43 with 891 elements
__________________________
Broadcasting NEW proposal 2 round 44 with 838 elements
__________________________
Broadcasting NEW proposal 2 round 45 with 860 elements
__________________________
Broadcasting NEW proposal 2 round 47 with 880 elements
__________________________
Broadcasting NEW proposal 2 round 46 with 869 elements
__________________________
Sent 5000 messages.
Starting Round 48
Broadcasting proposal 1 round 48 with 715 elements
__________________________
Starting Round 49
Broadcasting proposal 1 round 49 with 769 elements
__________________________
Cleared proposal set for round 24
Cleared proposal set for round 25
Broadcasting NEW proposal 2 round 48 with 867 elements
__________________________
Broadcasting NEW proposal 2 round 49 with 835 elements
__________________________
DECIDED: 42 898
Broadcasting DELIVERY OF: 42
DECIDED: 43 912
Broadcasting DELIVERY OF: 43
DECIDED: 44 899
Broadcasting DELIVERY OF: 44
DECIDED: 45 902
Broadcasting DELIVERY OF: 45
DECIDED: 46 908
Broadcasting DELIVERY OF: 46
DECIDED: 47 909
Broadcasting DELIVERY OF: 47
Cleared proposal set for round 26
Cleared proposal set for round 28
Cleared proposal set for round 30
Cleared proposal set for round 27
Cleared proposal set for round 29
Cleared proposal set for round 31
DECIDED: 48 881
Broadcasting DELIVERY OF: 48
DECIDED: 49 843
Broadcasting DELIVERY OF: 49
Cleared proposal set for round 32
Cleared proposal set for round 33
Cleared proposal set for round 37
Cleared proposal set for round 34
Cleared proposal set for round 36
Cleared proposal set for round 38
Cleared proposal set for round 35
Cleared proposal set for round 39
Cleared proposal set for round 41
Cleared proposal set for round 40
Cleared proposal set for round 45
Cleared proposal set for round 43
Cleared proposal set for round 46
Cleared proposal set for round 42
Cleared proposal set for round 44
Cleared proposal set for round 47
Cleared proposal set for round 49
Cleared proposal set for round 48
Immediately stopping network packet processing.
Writing output.
