java.lang.NullPointerException: Cannot invoke "cs451.Message.Message.isAckMessage()" because "message" is null
	at cs451.links.FairLossLinks.isinQueue(FairLossLinks.java:93)
	at cs451.links.StubbornLinks.lambda$sendMessagesToBeSent$3(StubbornLinks.java:133)
	at java.base/java.util.ArrayList.forEach(ArrayList.java:1511)
	at cs451.links.StubbornLinks.sendMessagesToBeSent(StubbornLinks.java:132)
	at cs451.links.StubbornLinks.lambda$new$2(StubbornLinks.java:111)
	at java.base/java.lang.Thread.run(Thread.java:833)
java.lang.NullPointerException: Cannot invoke "cs451.Message.Message.getReceiverId()" because "m" is null
	at cs451.links.StubbornLinks.lambda$sendMessagesToBeSent$3(StubbornLinks.java:134)
	at java.base/java.util.ArrayList.forEach(ArrayList.java:1511)
	at cs451.links.StubbornLinks.sendMessagesToBeSent(StubbornLinks.java:132)
	at cs451.links.StubbornLinks.lambda$new$2(StubbornLinks.java:111)
	at java.base/java.lang.Thread.run(Thread.java:833)
java.util.concurrent.RejectedExecutionException: Task java.util.concurrent.FutureTask@3ef36ff8[Not completed, task = java.util.concurrent.Executors$RunnableAdapter@3ea11de3[Wrapped task = Thread[Thread-575829,9,main]]] rejected from java.util.concurrent.ThreadPoolExecutor@3ba41a9[Terminated, pool size = 2, active threads = 0, queued tasks = 0, completed tasks = 575488]
	at java.base/java.util.concurrent.ThreadPoolExecutor$AbortPolicy.rejectedExecution(ThreadPoolExecutor.java:2070)
	at java.base/java.util.concurrent.ThreadPoolExecutor.reject(ThreadPoolExecutor.java:833)
	at java.base/java.util.concurrent.ThreadPoolExecutor.execute(ThreadPoolExecutor.java:1365)
	at java.base/java.util.concurrent.AbstractExecutorService.submit(AbstractExecutorService.java:123)
	at cs451.links.FairLossLinks.send(FairLossLinks.java:65)
	at cs451.links.StubbornLinks.lambda$sendMessagesToBeSent$3(StubbornLinks.java:140)
	at java.base/java.util.ArrayList.forEach(ArrayList.java:1511)
	at cs451.links.StubbornLinks.sendMessagesToBeSent(StubbornLinks.java:132)
	at cs451.links.StubbornLinks.lambda$new$2(StubbornLinks.java:111)
	at java.base/java.lang.Thread.run(Thread.java:833)
java.util.concurrent.RejectedExecutionException: Task java.util.concurrent.FutureTask@3715cb0c[Not completed, task = java.util.concurrent.Executors$RunnableAdapter@2bd1bfb8[Wrapped task = Thread[Thread-575830,8,main]]] rejected from java.util.concurrent.ThreadPoolExecutor@3ba41a9[Terminated, pool size = 2, active threads = 0, queued tasks = 0, completed tasks = 575488]
	at java.base/java.util.concurrent.ThreadPoolExecutor$AbortPolicy.rejectedExecution(ThreadPoolExecutor.java:2070)
	at java.base/java.util.concurrent.ThreadPoolExecutor.reject(ThreadPoolExecutor.java:833)
	at java.base/java.util.concurrent.ThreadPoolExecutor.execute(ThreadPoolExecutor.java:1365)
	at java.base/java.util.concurrent.AbstractExecutorService.submit(AbstractExecutorService.java:123)
	at cs451.links.FairLossLinks.send(FairLossLinks.java:65)
	at cs451.links.StubbornLinks.sendMessagesToBeSent(StubbornLinks.java:146)
	at cs451.links.StubbornLinks.lambda$new$0(StubbornLinks.java:71)
	at java.base/java.lang.Thread.run(Thread.java:833)
java.util.concurrent.RejectedExecutionException: Task java.util.concurrent.FutureTask@51b61b11[Not completed, task = java.util.concurrent.Executors$RunnableAdapter@55898578[Wrapped task = Thread[Thread-575831,10,main]]] rejected from java.util.concurrent.ThreadPoolExecutor@3ba41a9[Terminated, pool size = 2, active threads = 0, queued tasks = 0, completed tasks = 575488]
	at java.base/java.util.concurrent.ThreadPoolExecutor$AbortPolicy.rejectedExecution(ThreadPoolExecutor.java:2070)
	at java.base/java.util.concurrent.ThreadPoolExecutor.reject(ThreadPoolExecutor.java:833)
	at java.base/java.util.concurrent.ThreadPoolExecutor.execute(ThreadPoolExecutor.java:1365)
	at java.base/java.util.concurrent.AbstractExecutorService.submit(AbstractExecutorService.java:123)
	at cs451.links.FairLossLinks.send(FairLossLinks.java:65)
	at cs451.links.StubbornLinks.lambda$sendAckMessagesToBeSent$4(StubbornLinks.java:158)
	at java.base/java.util.ArrayList.forEach(ArrayList.java:1511)
	at cs451.links.StubbornLinks.sendAckMessagesToBeSent(StubbornLinks.java:153)
	at cs451.links.StubbornLinks.lambda$new$1(StubbornLinks.java:91)
	at java.base/java.lang.Thread.run(Thread.java:833)
