Listening for transport dt_socket at address: 5687
My PID: 64941

From a new terminal type `kill -SIGINT 64941` or `kill -SIGTERM 64941` to stop processing packets

OUTPUT:  /Users/aybarsyazici/Documents/EPFL/distributed/EPFL-CS451-Project/tools/out/proc05.output
My ID: 5

List of resolved hosts is:
==========================
0
Human-readable IP: 127.0.0.1
Human-readable Port: 11001

1
Human-readable IP: 127.0.0.1
Human-readable Port: 11002

2
Human-readable IP: 127.0.0.1
Human-readable Port: 11003

3
Human-readable IP: 127.0.0.1
Human-readable Port: 11004

4
Human-readable IP: 127.0.0.1
Human-readable Port: 11005

ProposalSetSize: 1800
Sliding window size: 16
UDPReceiver: Created socket on port 11005
THREAD NUMBER: 1
5
Human-readable IP: 127.0.0.1
Human-readable Port: 11006

6
Human-readable IP: 127.0.0.1
Human-readable Port: 11007

7
Human-readable IP: 127.0.0.1
Human-readable Port: 11008

8
Human-readable IP: 127.0.0.1
Human-readable Port: 11009

9
Human-readable IP: 127.0.0.1
Human-readable Port: 11010

10
Human-readable IP: 127.0.0.1
Human-readable Port: 11011

11
Human-readable IP: 127.0.0.1
Human-readable Port: 11012

12
Human-readable IP: 127.0.0.1
Human-readable Port: 11013

13
Human-readable IP: 127.0.0.1
Human-readable Port: 11014

14
Human-readable IP: 127.0.0.1
Human-readable Port: 11015

15
Human-readable IP: 127.0.0.1
Human-readable Port: 11016

16
Human-readable IP: 127.0.0.1
Human-readable Port: 11017

17
Human-readable IP: 127.0.0.1
Human-readable Port: 11018

18
Human-readable IP: 127.0.0.1
Human-readable Port: 11019

19
Human-readable IP: 127.0.0.1
Human-readable Port: 11020

20
Human-readable IP: 127.0.0.1
Human-readable Port: 11021

21
Human-readable IP: 127.0.0.1
Human-readable Port: 11022

22
Human-readable IP: 127.0.0.1
Human-readable Port: 11023

23
Human-readable IP: 127.0.0.1
Human-readable Port: 11024

24
Human-readable IP: 127.0.0.1
Human-readable Port: 11025

25
Human-readable IP: 127.0.0.1
Human-readable Port: 11026

26
Human-readable IP: 127.0.0.1
Human-readable Port: 11027

27
Human-readable IP: 127.0.0.1
Human-readable Port: 11028

28
Human-readable IP: 127.0.0.1
Human-readable Port: 11029

29
Human-readable IP: 127.0.0.1
Human-readable Port: 11030

30
Human-readable IP: 127.0.0.1
Human-readable Port: 11031

31
Human-readable IP: 127.0.0.1
Human-readable Port: 11032

32
Human-readable IP: 127.0.0.1
Human-readable Port: 11033

33
Human-readable IP: 127.0.0.1
Human-readable Port: 11034

34
Human-readable IP: 127.0.0.1
Human-readable Port: 11035

35
Human-readable IP: 127.0.0.1
Human-readable Port: 11036

36
Human-readable IP: 127.0.0.1
Human-readable Port: 11037

37
Human-readable IP: 127.0.0.1
Human-readable Port: 11038

38
Human-readable IP: 127.0.0.1
Human-readable Port: 11039

39
Human-readable IP: 127.0.0.1
Human-readable Port: 11040

40
Human-readable IP: 127.0.0.1
Human-readable Port: 11041

41
Human-readable IP: 127.0.0.1
Human-readable Port: 11042

42
Human-readable IP: 127.0.0.1
Human-readable Port: 11043

43
Human-readable IP: 127.0.0.1
Human-readable Port: 11044

44
Human-readable IP: 127.0.0.1
Human-readable Port: 11045

45
Human-readable IP: 127.0.0.1
Human-readable Port: 11046

46
Human-readable IP: 127.0.0.1
Human-readable Port: 11047

47
Human-readable IP: 127.0.0.1
Human-readable Port: 11048

48
Human-readable IP: 127.0.0.1
Human-readable Port: 11049

49
Human-readable IP: 127.0.0.1
Human-readable Port: 11050


Path to output:
===============
/Users/aybarsyazici/Documents/EPFL/distributed/EPFL-CS451-Project/tools/out/proc05.output

Deleted old output file: false

Path to config:
===============
./out/proc05.config

===============
Doing some initialization

Broadcasting and delivering messages...

Process ID: 5
Starting Round 0
Proposing Round 0 [1781844052, 1051454923, 1594343845, 1007142260, 523334661, 237996376, 494650131, 9257255, 536124280, 2095718469]
Broadcasting proposal 1 round 0 with 10 elements
__________________________
Starting Round 1
Proposing Round 1 [1659355558, 1711398352, 1879792991, 1699887270, 1190886387, 2020785643, 687137742, 1251003660, 1854895521]
Broadcasting proposal 1 round 1 with 9 elements
__________________________
Starting Round 2
Proposing Round 2 [1349409434, 1419179580, 497879474]
Broadcasting proposal 1 round 2 with 3 elements
__________________________
Starting Round 3
Proposing Round 3 [668210614, 1995907669, 1084386400, 760434128, 1076433900, 1850820685, 690737494, 816941039, 215686308]
Broadcasting proposal 1 round 3 with 9 elements
__________________________
Starting Round 4
Proposing Round 4 [2045460840, 2003484425, 1874297457, 330220406, 317234448]
Broadcasting proposal 1 round 4 with 5 elements
__________________________
Starting Round 5
Proposing Round 5 [477543926, 1295287749, 1329154472, 1293434554, 1652563013, 1100558303, 634691836, 472130062]
Broadcasting proposal 1 round 5 with 8 elements
__________________________
Starting Round 6
Proposing Round 6 [1076551580, 917840538]
Broadcasting proposal 1 round 6 with 2 elements
__________________________
Starting Round 7
Proposing Round 7 [2057629778, 1850820685, 1907818922]
Broadcasting proposal 1 round 7 with 3 elements
__________________________
Broadcasting NEW proposal 2 round 0 with 169 elements
__________________________
Broadcasting NEW proposal 2 round 1 with 187 elements
__________________________
Broadcasting NEW proposal 2 round 2 with 201 elements
__________________________
Broadcasting NEW proposal 2 round 3 with 202 elements
__________________________
Broadcasting NEW proposal 2 round 6 with 230 elements
__________________________
Broadcasting NEW proposal 2 round 7 with 200 elements
__________________________
Broadcasting NEW proposal 2 round 4 with 183 elements
__________________________
Broadcasting NEW proposal 2 round 5 with 204 elements
__________________________
Immediately stopping network packet processing.
Writing output.
