Listening for transport dt_socket at address: 3577
My PID: 2619

From a new terminal type `kill -SIGINT 2619` or `kill -SIGTERM 2619` to stop processing packets

OUTPUT:  /root/tools/out/proc48.output
My ID: 48

List of resolved hosts is:
==========================
0
Human-readable IP: 127.0.0.1
Human-readable Port: 11001

1
Human-readable IP: 127.0.0.1
Human-readable Port: 11002

2
Human-readable IP: 127.0.0.1
Human-readable Port: 11003

3
Human-readable IP: 127.0.0.1
Human-readable Port: 11004

4
Human-readable IP: 127.0.0.1
Human-readable Port: 11005

5
Human-readable IP: 127.0.0.1
Human-readable Port: 11006

6
Human-readable IP: 127.0.0.1
Human-readable Port: 11007

7
Human-readable IP: 127.0.0.1
Human-readable Port: 11008

8
Human-readable IP: 127.0.0.1
Human-readable Port: 11009

9
Human-readable IP: 127.0.0.1
Human-readable Port: 11010

10
Human-readable IP: 127.0.0.1
Human-readable Port: 11011

11
Human-readable IP: 127.0.0.1
Human-readable Port: 11012

12
Human-readable IP: 127.0.0.1
Human-readable Port: 11013

13
Human-readable IP: 127.0.0.1
Human-readable Port: 11014

14
Human-readable IP: 127.0.0.1
Human-readable Port: 11015

15
Human-readable IP: 127.0.0.1
Human-readable Port: 11016

16
Human-readable IP: 127.0.0.1
Human-readable Port: 11017

17
Human-readable IP: 127.0.0.1
Human-readable Port: 11018

18
Human-readable IP: 127.0.0.1
Human-readable Port: 11019

19
Human-readable IP: 127.0.0.1
Human-readable Port: 11020

20
Human-readable IP: 127.0.0.1
Human-readable Port: 11021

21
Human-readable IP: 127.0.0.1
Human-readable Port: 11022

22
Human-readable IP: 127.0.0.1
Human-readable Port: 11023

23
Human-readable IP: 127.0.0.1
Human-readable Port: 11024

24
Human-readable IP: 127.0.0.1
Human-readable Port: 11025

25
Human-readable IP: 127.0.0.1
Human-readable Port: 11026

26
Human-readable IP: 127.0.0.1
Human-readable Port: 11027

27
Human-readable IP: 127.0.0.1
Human-readable Port: 11028

28
Human-readable IP: 127.0.0.1
Human-readable Port: 11029

29
Human-readable IP: 127.0.0.1
Human-readable Port: 11030

30
Human-readable IP: 127.0.0.1
Human-readable Port: 11031

31
Human-readable IP: 127.0.0.1
Human-readable Port: 11032

32
Human-readable IP: 127.0.0.1
Human-readable Port: 11033

33
Human-readable IP: 127.0.0.1
Human-readable Port: 11034

34
Human-readable IP: 127.0.0.1
Human-readable Port: 11035

35
Human-readable IP: 127.0.0.1
Human-readable Port: 11036

36
Human-readable IP: 127.0.0.1
Human-readable Port: 11037

37
Human-readable IP: 127.0.0.1
Human-readable Port: 11038

38
Human-readable IP: 127.0.0.1
Human-readable Port: 11039

39
Human-readable IP: 127.0.0.1
Human-readable Port: 11040

40
Human-readable IP: 127.0.0.1
Human-readable Port: 11041

41
Human-readable IP: 127.0.0.1
Human-readable Port: 11042

42
Human-readable IP: 127.0.0.1
Human-readable Port: 11043

43
Human-readable IP: 127.0.0.1
Human-readable Port: 11044

44
Human-readable IP: 127.0.0.1
Human-readable Port: 11045

45
Human-readable IP: 127.0.0.1
Human-readable Port: 11046

46
Human-readable IP: 127.0.0.1
Human-readable Port: 11047

47
Human-readable IP: 127.0.0.1
Human-readable Port: 11048

ProposalSetSize: 1000
Sliding window size: 16
UDPReceiver: Created socket on port 11048
THREAD NUMBER: 1
48
Human-readable IP: 127.0.0.1
Human-readable Port: 11049

49
Human-readable IP: 127.0.0.1
Human-readable Port: 11050


Path to output:
===============
/root/tools/out/proc48.output

Deleted old output file: false

Path to config:
===============
./out/proc48.config

===============
Doing some initialization

Broadcasting and delivering messages...

Process ID: 48
Starting Round 0
Broadcasting proposal 1 round 0 with 61 elements
__________________________
Starting Round 1
Broadcasting proposal 1 round 1 with 4 elements
__________________________
Starting Round 2
Broadcasting proposal 1 round 2 with 5 elements
__________________________
Starting Round 3
Broadcasting proposal 1 round 3 with 50 elements
__________________________
Starting Round 4
Broadcasting proposal 1 round 4 with 29 elements
__________________________
Starting Round 5
Broadcasting proposal 1 round 5 with 64 elements
__________________________
Starting Round 6
Broadcasting proposal 1 round 6 with 67 elements
__________________________
Starting Round 7
Broadcasting proposal 1 round 7 with 22 elements
__________________________
Broadcasting NEW proposal 2 round 4 with 834 elements
__________________________
Broadcasting NEW proposal 2 round 7 with 821 elements
__________________________
Broadcasting NEW proposal 2 round 5 with 795 elements
__________________________
Broadcasting NEW proposal 2 round 6 with 837 elements
__________________________
Broadcasting NEW proposal 2 round 0 with 860 elements
__________________________
Broadcasting NEW proposal 2 round 1 with 876 elements
__________________________
Broadcasting NEW proposal 2 round 3 with 773 elements
__________________________
Broadcasting NEW proposal 2 round 2 with 833 elements
__________________________
Broadcasting NEW proposal 3 round 0 with 909 elements
__________________________
DECIDED: 0 912
Broadcasting DELIVERY OF: 0
DECIDED: 1 926
Broadcasting DELIVERY OF: 1
DECIDED: 2 919
Broadcasting DELIVERY OF: 2
DECIDED: 3 862
Broadcasting DELIVERY OF: 3
DECIDED: 4 890
Broadcasting DELIVERY OF: 4
DECIDED: 5 889
Broadcasting DELIVERY OF: 5
DECIDED: 6 904
Broadcasting DELIVERY OF: 6
DECIDED: 7 887
Broadcasting DELIVERY OF: 7
Starting Round 8
Broadcasting proposal 1 round 8 with 650 elements
__________________________
Starting Round 9
Broadcasting proposal 1 round 9 with 656 elements
__________________________
Starting Round 10
Broadcasting proposal 1 round 10 with 609 elements
__________________________
Starting Round 11
Broadcasting proposal 1 round 11 with 535 elements
__________________________
Starting Round 12
Broadcasting proposal 1 round 12 with 699 elements
__________________________
Starting Round 13
Broadcasting proposal 1 round 13 with 668 elements
__________________________
Starting Round 14
Broadcasting proposal 1 round 14 with 636 elements
__________________________
Starting Round 15
Broadcasting proposal 1 round 15 with 671 elements
__________________________
Broadcasting NEW proposal 2 round 13 with 750 elements
__________________________
Broadcasting NEW proposal 2 round 14 with 729 elements
__________________________
Broadcasting NEW proposal 2 round 11 with 607 elements
__________________________
Broadcasting NEW proposal 2 round 10 with 727 elements
__________________________
Broadcasting NEW proposal 2 round 15 with 737 elements
__________________________
Broadcasting NEW proposal 2 round 8 with 768 elements
__________________________
Broadcasting NEW proposal 2 round 9 with 713 elements
__________________________
Broadcasting NEW proposal 2 round 12 with 772 elements
__________________________
Sent 1000 messages.
DECIDED: 8 848
Broadcasting DELIVERY OF: 8
DECIDED: 9 786
Broadcasting DELIVERY OF: 9
DECIDED: 10 793
Broadcasting DELIVERY OF: 10
DECIDED: 11 731
Broadcasting DELIVERY OF: 11
Broadcasting NEW proposal 3 round 15 with 793 elements
__________________________
Broadcasting NEW proposal 3 round 14 with 777 elements
__________________________
DECIDED: 12 835
Broadcasting DELIVERY OF: 12
DECIDED: 13 798
Broadcasting DELIVERY OF: 13
Starting Round 16
Broadcasting proposal 1 round 16 with 723 elements
__________________________
Starting Round 17
Broadcasting proposal 1 round 17 with 591 elements
__________________________
Starting Round 18
Broadcasting proposal 1 round 18 with 557 elements
__________________________
Starting Round 19
Broadcasting proposal 1 round 19 with 618 elements
__________________________
Starting Round 20
Broadcasting proposal 1 round 20 with 523 elements
__________________________
Starting Round 21
Broadcasting proposal 1 round 21 with 511 elements
__________________________
Broadcasting NEW proposal 2 round 20 with 692 elements
__________________________
Broadcasting NEW proposal 2 round 17 with 686 elements
__________________________
Broadcasting NEW proposal 2 round 16 with 802 elements
__________________________
DECIDED: 14 857
Broadcasting DELIVERY OF: 14
DECIDED: 15 858
Broadcasting DELIVERY OF: 15
Broadcasting NEW proposal 2 round 21 with 649 elements
__________________________
Broadcasting NEW proposal 2 round 19 with 706 elements
__________________________
Starting Round 22
Broadcasting proposal 1 round 22 with 555 elements
__________________________
Starting Round 23
Broadcasting proposal 1 round 23 with 703 elements
__________________________
Broadcasting NEW proposal 2 round 22 with 650 elements
__________________________
DECIDED: 16 856
Broadcasting DELIVERY OF: 16
DECIDED: 17 694
Broadcasting DELIVERY OF: 17
DECIDED: 18 703
Broadcasting DELIVERY OF: 18
DECIDED: 19 749
Broadcasting DELIVERY OF: 19
DECIDED: 20 746
Broadcasting DELIVERY OF: 20
DECIDED: 21 666
Broadcasting DELIVERY OF: 21
Starting Round 24
Broadcasting proposal 1 round 24 with 499 elements
__________________________
Starting Round 25
Broadcasting proposal 1 round 25 with 441 elements
__________________________
Starting Round 26
Broadcasting proposal 1 round 26 with 417 elements
__________________________
Starting Round 27
Broadcasting proposal 1 round 27 with 490 elements
__________________________
Starting Round 28
Broadcasting proposal 1 round 28 with 327 elements
__________________________
Starting Round 29
Broadcasting proposal 1 round 29 with 417 elements
__________________________
Sent 2000 messages.
Broadcasting NEW proposal 2 round 25 with 685 elements
__________________________
Broadcasting NEW proposal 2 round 24 with 746 elements
__________________________
Broadcasting NEW proposal 2 round 29 with 628 elements
__________________________
Broadcasting NEW proposal 2 round 26 with 616 elements
__________________________
Broadcasting NEW proposal 2 round 27 with 692 elements
__________________________
Broadcasting NEW proposal 2 round 28 with 633 elements
__________________________
DECIDED: 22 750
Broadcasting DELIVERY OF: 22
DECIDED: 23 789
Broadcasting DELIVERY OF: 23
Starting Round 30
Broadcasting proposal 1 round 30 with 651 elements
__________________________
Starting Round 31
Broadcasting proposal 1 round 31 with 653 elements
__________________________
DECIDED: 24 814
Broadcasting DELIVERY OF: 24
DECIDED: 25 751
Broadcasting DELIVERY OF: 25
DECIDED: 26 736
Broadcasting DELIVERY OF: 26
DECIDED: 27 755
Broadcasting DELIVERY OF: 27
DECIDED: 28 728
Broadcasting DELIVERY OF: 28
DECIDED: 29 740
Broadcasting DELIVERY OF: 29
Broadcasting NEW proposal 2 round 31 with 720 elements
__________________________
Broadcasting NEW proposal 2 round 30 with 726 elements
__________________________
Starting Round 32
Broadcasting proposal 1 round 32 with 358 elements
__________________________
Starting Round 33
Broadcasting proposal 1 round 33 with 298 elements
__________________________
Starting Round 34
Broadcasting proposal 1 round 34 with 342 elements
__________________________
Starting Round 35
Broadcasting proposal 1 round 35 with 410 elements
__________________________
Starting Round 36
Broadcasting proposal 1 round 36 with 455 elements
__________________________
Starting Round 37
Broadcasting proposal 1 round 37 with 380 elements
__________________________
Cleared proposal set for round 0
DECIDED: 30 798
Broadcasting DELIVERY OF: 30
Broadcasting NEW proposal 2 round 34 with 485 elements
__________________________
Broadcasting NEW proposal 2 round 36 with 652 elements
__________________________
Broadcasting NEW proposal 2 round 32 with 472 elements
__________________________
Broadcasting NEW proposal 2 round 37 with 547 elements
__________________________
DECIDED: 31 797
Broadcasting DELIVERY OF: 31
Broadcasting NEW proposal 2 round 35 with 515 elements
__________________________
Broadcasting NEW proposal 2 round 33 with 483 elements
__________________________
Starting Round 38
Broadcasting proposal 1 round 38 with 574 elements
__________________________
Starting Round 39
Broadcasting proposal 1 round 39 with 509 elements
__________________________
Cleared proposal set for round 4
Cleared proposal set for round 5
Cleared proposal set for round 6
Cleared proposal set for round 1
Cleared proposal set for round 3
Cleared proposal set for round 2
Cleared proposal set for round 7
Sent 3000 messages.
Broadcasting NEW proposal 2 round 38 with 680 elements
__________________________
DECIDED: 32 637
Broadcasting DELIVERY OF: 32
DECIDED: 33 633
Broadcasting DELIVERY OF: 33
DECIDED: 34 577
Broadcasting DELIVERY OF: 34
DECIDED: 35 622
Broadcasting DELIVERY OF: 35
DECIDED: 36 708
Broadcasting DELIVERY OF: 36
DECIDED: 37 653
Broadcasting DELIVERY OF: 37
Broadcasting NEW proposal 2 round 39 with 626 elements
__________________________
Starting Round 40
Broadcasting proposal 1 round 40 with 419 elements
__________________________
Starting Round 41
Broadcasting proposal 1 round 41 with 362 elements
__________________________
Starting Round 42
Broadcasting proposal 1 round 42 with 494 elements
__________________________
Starting Round 43
Broadcasting proposal 1 round 43 with 456 elements
__________________________
Starting Round 44
Broadcasting proposal 1 round 44 with 392 elements
__________________________
Starting Round 45
Broadcasting proposal 1 round 45 with 385 elements
__________________________
Cleared proposal set for round 8
Cleared proposal set for round 9
Broadcasting NEW proposal 2 round 43 with 702 elements
__________________________
Broadcasting NEW proposal 2 round 44 with 650 elements
__________________________
Broadcasting NEW proposal 2 round 45 with 609 elements
__________________________
Broadcasting NEW proposal 2 round 41 with 594 elements
__________________________
Broadcasting NEW proposal 2 round 42 with 617 elements
__________________________
Broadcasting NEW proposal 2 round 40 with 611 elements
__________________________
DECIDED: 38 788
Broadcasting DELIVERY OF: 38
DECIDED: 39 725
Broadcasting DELIVERY OF: 39
Starting Round 46
Broadcasting proposal 1 round 46 with 607 elements
__________________________
Starting Round 47
Broadcasting proposal 1 round 47 with 646 elements
__________________________
Cleared proposal set for round 12
Cleared proposal set for round 11
Cleared proposal set for round 10
Cleared proposal set for round 14
Cleared proposal set for round 13
Cleared proposal set for round 15
Broadcasting NEW proposal 2 round 47 with 710 elements
__________________________
Broadcasting NEW proposal 2 round 46 with 701 elements
__________________________
Broadcasting NEW proposal 3 round 40 with 690 elements
__________________________
Sent 4000 messages.
DECIDED: 40 778
Broadcasting DELIVERY OF: 40
DECIDED: 41 786
Broadcasting DELIVERY OF: 41
DECIDED: 42 758
Broadcasting DELIVERY OF: 42
DECIDED: 43 857
Broadcasting DELIVERY OF: 43
DECIDED: 44 744
Broadcasting DELIVERY OF: 44
DECIDED: 45 769
Broadcasting DELIVERY OF: 45
DECIDED: 46 759
Broadcasting DELIVERY OF: 46
DECIDED: 47 796
Broadcasting DELIVERY OF: 47
Starting Round 48
Broadcasting proposal 1 round 48 with 600 elements
__________________________
Starting Round 49
Broadcasting proposal 1 round 49 with 637 elements
__________________________
Cleared proposal set for round 16
Cleared proposal set for round 17
Cleared proposal set for round 18
Cleared proposal set for round 20
Cleared proposal set for round 22
Cleared proposal set for round 19
Cleared proposal set for round 21
Cleared proposal set for round 23
Broadcasting NEW proposal 2 round 48 with 706 elements
__________________________
Broadcasting NEW proposal 2 round 49 with 753 elements
__________________________
DECIDED: 48 804
Broadcasting DELIVERY OF: 48
DECIDED: 49 807
Broadcasting DELIVERY OF: 49
Cleared proposal set for round 24
Cleared proposal set for round 25
Cleared proposal set for round 26
Cleared proposal set for round 28
Cleared proposal set for round 27
Cleared proposal set for round 30
Cleared proposal set for round 29
Cleared proposal set for round 31
Cleared proposal set for round 32
Cleared proposal set for round 33
Cleared proposal set for round 35
Cleared proposal set for round 37
Cleared proposal set for round 38
Cleared proposal set for round 34
Cleared proposal set for round 36
Cleared proposal set for round 39
Cleared proposal set for round 41
Cleared proposal set for round 40
Cleared proposal set for round 43
Cleared proposal set for round 45
Cleared proposal set for round 42
Cleared proposal set for round 44
Cleared proposal set for round 46
Cleared proposal set for round 47
Cleared proposal set for round 49
Cleared proposal set for round 48
Immediately stopping network packet processing.
Writing output.
