Listening for transport dt_socket at address: 8960
My PID: 2560

From a new terminal type `kill -SIGINT 2560` or `kill -SIGTERM 2560` to stop processing packets

OUTPUT:  /root/tools/out/proc45.output
My ID: 45

List of resolved hosts is:
==========================
0
Human-readable IP: 127.0.0.1
Human-readable Port: 11001

1
Human-readable IP: 127.0.0.1
Human-readable Port: 11002

2
Human-readable IP: 127.0.0.1
Human-readable Port: 11003

3
Human-readable IP: 127.0.0.1
Human-readable Port: 11004

4
Human-readable IP: 127.0.0.1
Human-readable Port: 11005

5
Human-readable IP: 127.0.0.1
Human-readable Port: 11006

6
Human-readable IP: 127.0.0.1
Human-readable Port: 11007

7
Human-readable IP: 127.0.0.1
Human-readable Port: 11008

8
Human-readable IP: 127.0.0.1
Human-readable Port: 11009

9
Human-readable IP: 127.0.0.1
Human-readable Port: 11010

10
Human-readable IP: 127.0.0.1
Human-readable Port: 11011

11
Human-readable IP: 127.0.0.1
Human-readable Port: 11012

12
Human-readable IP: 127.0.0.1
Human-readable Port: 11013

13
Human-readable IP: 127.0.0.1
Human-readable Port: 11014

14
Human-readable IP: 127.0.0.1
Human-readable Port: 11015

15
Human-readable IP: 127.0.0.1
Human-readable Port: 11016

16
Human-readable IP: 127.0.0.1
Human-readable Port: 11017

17
Human-readable IP: 127.0.0.1
Human-readable Port: 11018

18
Human-readable IP: 127.0.0.1
Human-readable Port: 11019

19
Human-readable IP: 127.0.0.1
Human-readable Port: 11020

20
Human-readable IP: 127.0.0.1
Human-readable Port: 11021

21
Human-readable IP: 127.0.0.1
Human-readable Port: 11022

22
Human-readable IP: 127.0.0.1
Human-readable Port: 11023

23
Human-readable IP: 127.0.0.1
Human-readable Port: 11024

24
Human-readable IP: 127.0.0.1
Human-readable Port: 11025

25
Human-readable IP: 127.0.0.1
Human-readable Port: 11026

26
Human-readable IP: 127.0.0.1
Human-readable Port: 11027

27
Human-readable IP: 127.0.0.1
Human-readable Port: 11028

28
Human-readable IP: 127.0.0.1
Human-readable Port: 11029

29
Human-readable IP: 127.0.0.1
Human-readable Port: 11030

30
Human-readable IP: 127.0.0.1
Human-readable Port: 11031

31
Human-readable IP: 127.0.0.1
Human-readable Port: 11032

32
Human-readable IP: 127.0.0.1
Human-readable Port: 11033

33
Human-readable IP: 127.0.0.1
Human-readable Port: 11034

34
Human-readable IP: 127.0.0.1
Human-readable Port: 11035

35
Human-readable IP: 127.0.0.1
Human-readable Port: 11036

36
Human-readable IP: 127.0.0.1
Human-readable Port: 11037

37
Human-readable IP: 127.0.0.1
Human-readable Port: 11038

38
Human-readable IP: 127.0.0.1
Human-readable Port: 11039

39
Human-readable IP: 127.0.0.1
Human-readable Port: 11040

40
Human-readable IP: 127.0.0.1
Human-readable Port: 11041

41
Human-readable IP: 127.0.0.1
Human-readable Port: 11042

42
Human-readable IP: 127.0.0.1
Human-readable Port: 11043

43
Human-readable IP: 127.0.0.1
Human-readable Port: 11044

44
Human-readable IP: 127.0.0.1
Human-readable Port: 11045

ProposalSetSize: 1000
Sliding window size: 16
UDPReceiver: Created socket on port 11045
THREAD NUMBER: 1
45
Human-readable IP: 127.0.0.1
Human-readable Port: 11046

46
Human-readable IP: 127.0.0.1
Human-readable Port: 11047

47
Human-readable IP: 127.0.0.1
Human-readable Port: 11048

48
Human-readable IP: 127.0.0.1
Human-readable Port: 11049

49
Human-readable IP: 127.0.0.1
Human-readable Port: 11050


Path to output:
===============
/root/tools/out/proc45.output

Deleted old output file: false

Path to config:
===============
./out/proc45.config

===============
Doing some initialization

Broadcasting and delivering messages...

Process ID: 45
Starting Round 0
Broadcasting proposal 1 round 0 with 76 elements
__________________________
Starting Round 1
Broadcasting proposal 1 round 1 with 93 elements
__________________________
Starting Round 2
Broadcasting proposal 1 round 2 with 9 elements
__________________________
Starting Round 3
Broadcasting proposal 1 round 3 with 859 elements
__________________________
Starting Round 4
Broadcasting proposal 1 round 4 with 71 elements
__________________________
Starting Round 5
Broadcasting proposal 1 round 5 with 79 elements
__________________________
Starting Round 6
Broadcasting proposal 1 round 6 with 42 elements
__________________________
Starting Round 7
Broadcasting proposal 1 round 7 with 100 elements
__________________________
Broadcasting NEW proposal 2 round 5 with 921 elements
__________________________
Broadcasting NEW proposal 2 round 6 with 939 elements
__________________________
Broadcasting NEW proposal 2 round 0 with 941 elements
__________________________
Broadcasting NEW proposal 2 round 1 with 939 elements
__________________________
Broadcasting NEW proposal 2 round 4 with 931 elements
__________________________
Broadcasting NEW proposal 2 round 3 with 901 elements
__________________________
Broadcasting NEW proposal 2 round 7 with 931 elements
__________________________
DECIDED: 0 941
Broadcasting DELIVERY OF: 0
Broadcasting NEW proposal 3 round 1 with 939 elements
__________________________
Broadcasting NEW proposal 3 round 7 with 931 elements
__________________________
Starting Round 8
Broadcasting proposal 1 round 8 with 925 elements
__________________________
DECIDED: 1 939
Broadcasting DELIVERY OF: 1
DECIDED: 2 933
Broadcasting DELIVERY OF: 2
DECIDED: 3 901
Broadcasting DELIVERY OF: 3
DECIDED: 4 931
Broadcasting DELIVERY OF: 4
DECIDED: 5 921
Broadcasting DELIVERY OF: 5
DECIDED: 6 939
Broadcasting DELIVERY OF: 6
Broadcasting NEW proposal 2 round 8 with 930 elements
__________________________
DECIDED: 7 931
Broadcasting DELIVERY OF: 7
Starting Round 9
Broadcasting proposal 1 round 9 with 885 elements
__________________________
Starting Round 10
Broadcasting proposal 1 round 10 with 915 elements
__________________________
Starting Round 11
Broadcasting proposal 1 round 11 with 884 elements
__________________________
Starting Round 12
Broadcasting proposal 1 round 12 with 899 elements
__________________________
Starting Round 13
Broadcasting proposal 1 round 13 with 892 elements
__________________________
Starting Round 14
Broadcasting proposal 1 round 14 with 879 elements
__________________________
Starting Round 15
Broadcasting proposal 1 round 15 with 901 elements
__________________________
Broadcasting NEW proposal 2 round 13 with 923 elements
__________________________
Broadcasting NEW proposal 2 round 15 with 915 elements
__________________________
Broadcasting NEW proposal 2 round 14 with 908 elements
__________________________
Broadcasting NEW proposal 2 round 12 with 923 elements
__________________________
DECIDED: 8 940
Broadcasting DELIVERY OF: 8
Broadcasting NEW proposal 2 round 11 with 911 elements
__________________________
Broadcasting NEW proposal 2 round 9 with 896 elements
__________________________
Starting Round 16
Broadcasting proposal 1 round 16 with 939 elements
__________________________
Sent 1000 messages.
Cleared proposal set for round 0
Broadcasting NEW proposal 3 round 12 with 923 elements
__________________________
Broadcasting NEW proposal 3 round 9 with 896 elements
__________________________
Broadcasting NEW proposal 3 round 11 with 911 elements
__________________________
Broadcasting NEW proposal 3 round 15 with 915 elements
__________________________
Broadcasting NEW proposal 3 round 13 with 923 elements
__________________________
Broadcasting NEW proposal 3 round 14 with 908 elements
__________________________
Broadcasting NEW proposal 2 round 16 with 948 elements
__________________________
Cleared proposal set for round 2
Cleared proposal set for round 5
Cleared proposal set for round 1
Cleared proposal set for round 6
Cleared proposal set for round 3
Cleared proposal set for round 4
Cleared proposal set for round 7
DECIDED: 9 896
Broadcasting DELIVERY OF: 9
DECIDED: 10 932
Broadcasting DELIVERY OF: 10
DECIDED: 11 914
Broadcasting DELIVERY OF: 11
DECIDED: 12 924
Broadcasting DELIVERY OF: 12
DECIDED: 13 923
Broadcasting DELIVERY OF: 13
DECIDED: 14 912
Broadcasting DELIVERY OF: 14
DECIDED: 15 929
Broadcasting DELIVERY OF: 15
DECIDED: 16 951
Broadcasting DELIVERY OF: 16
Starting Round 17
Broadcasting proposal 1 round 17 with 912 elements
__________________________
Starting Round 18
Broadcasting proposal 1 round 18 with 875 elements
__________________________
Starting Round 19
Broadcasting proposal 1 round 19 with 912 elements
__________________________
Starting Round 20
Broadcasting proposal 1 round 20 with 899 elements
__________________________
Starting Round 21
Broadcasting proposal 1 round 21 with 882 elements
__________________________
Starting Round 22
Broadcasting proposal 1 round 22 with 900 elements
__________________________
Starting Round 23
Broadcasting proposal 1 round 23 with 900 elements
__________________________
Starting Round 24
Broadcasting proposal 1 round 24 with 893 elements
__________________________
Cleared proposal set for round 8
Cleared proposal set for round 9
Sent 2000 messages.
Broadcasting NEW proposal 2 round 19 with 931 elements
__________________________
Broadcasting NEW proposal 2 round 21 with 904 elements
__________________________
Broadcasting NEW proposal 2 round 22 with 920 elements
__________________________
Broadcasting NEW proposal 2 round 17 with 925 elements
__________________________
Broadcasting NEW proposal 2 round 20 with 929 elements
__________________________
Broadcasting NEW proposal 2 round 18 with 897 elements
__________________________
Broadcasting NEW proposal 2 round 24 with 901 elements
__________________________
Broadcasting NEW proposal 2 round 23 with 919 elements
__________________________
Cleared proposal set for round 12
Cleared proposal set for round 11
Cleared proposal set for round 10
Cleared proposal set for round 13
Cleared proposal set for round 14
Cleared proposal set for round 15
DECIDED: 17 925
Broadcasting DELIVERY OF: 17
DECIDED: 18 897
Broadcasting DELIVERY OF: 18
DECIDED: 19 931
Broadcasting DELIVERY OF: 19
DECIDED: 20 929
Broadcasting DELIVERY OF: 20
DECIDED: 21 904
Broadcasting DELIVERY OF: 21
DECIDED: 22 920
Broadcasting DELIVERY OF: 22
DECIDED: 23 920
Broadcasting DELIVERY OF: 23
DECIDED: 24 901
Broadcasting DELIVERY OF: 24
Starting Round 25
Broadcasting proposal 1 round 25 with 911 elements
__________________________
Starting Round 26
Broadcasting proposal 1 round 26 with 901 elements
__________________________
Starting Round 27
Broadcasting proposal 1 round 27 with 921 elements
__________________________
Starting Round 28
Broadcasting proposal 1 round 28 with 922 elements
__________________________
Starting Round 29
Broadcasting proposal 1 round 29 with 918 elements
__________________________
Starting Round 30
Broadcasting proposal 1 round 30 with 906 elements
__________________________
Starting Round 31
Broadcasting proposal 1 round 31 with 901 elements
__________________________
Starting Round 32
Broadcasting proposal 1 round 32 with 802 elements
__________________________
Cleared proposal set for round 17
Cleared proposal set for round 16
Broadcasting NEW proposal 2 round 31 with 910 elements
__________________________
Broadcasting NEW proposal 2 round 32 with 844 elements
__________________________
Broadcasting NEW proposal 2 round 29 with 937 elements
__________________________
Broadcasting NEW proposal 2 round 30 with 936 elements
__________________________
Broadcasting NEW proposal 2 round 28 with 934 elements
__________________________
Broadcasting NEW proposal 2 round 25 with 936 elements
__________________________
Broadcasting NEW proposal 2 round 26 with 930 elements
__________________________
Broadcasting NEW proposal 2 round 27 with 929 elements
__________________________
Sent 3000 messages.
Cleared proposal set for round 19
Cleared proposal set for round 21
Cleared proposal set for round 20
Cleared proposal set for round 18
Cleared proposal set for round 22
Cleared proposal set for round 23
DECIDED: 25 936
Broadcasting DELIVERY OF: 25
DECIDED: 26 930
Broadcasting DELIVERY OF: 26
DECIDED: 27 929
Broadcasting DELIVERY OF: 27
DECIDED: 28 934
Broadcasting DELIVERY OF: 28
DECIDED: 29 937
Broadcasting DELIVERY OF: 29
DECIDED: 30 936
Broadcasting DELIVERY OF: 30
DECIDED: 31 911
Broadcasting DELIVERY OF: 31
DECIDED: 32 844
Broadcasting DELIVERY OF: 32
Starting Round 33
Broadcasting proposal 1 round 33 with 898 elements
__________________________
Starting Round 34
Broadcasting proposal 1 round 34 with 881 elements
__________________________
Starting Round 35
Broadcasting proposal 1 round 35 with 868 elements
__________________________
Starting Round 36
Broadcasting proposal 1 round 36 with 902 elements
__________________________
Starting Round 37
Broadcasting proposal 1 round 37 with 899 elements
__________________________
Starting Round 38
Broadcasting proposal 1 round 38 with 919 elements
__________________________
Starting Round 39
Broadcasting proposal 1 round 39 with 912 elements
__________________________
Starting Round 40
Broadcasting proposal 1 round 40 with 858 elements
__________________________
Cleared proposal set for round 25
Cleared proposal set for round 24
Broadcasting NEW proposal 2 round 40 with 896 elements
__________________________
Broadcasting NEW proposal 2 round 36 with 926 elements
__________________________
Broadcasting NEW proposal 2 round 39 with 933 elements
__________________________
Broadcasting NEW proposal 2 round 33 with 929 elements
__________________________
Broadcasting NEW proposal 2 round 38 with 931 elements
__________________________
Broadcasting NEW proposal 2 round 37 with 917 elements
__________________________
Broadcasting NEW proposal 2 round 34 with 905 elements
__________________________
Broadcasting NEW proposal 2 round 35 with 894 elements
__________________________
Cleared proposal set for round 27
Cleared proposal set for round 29
Cleared proposal set for round 26
Cleared proposal set for round 28
Cleared proposal set for round 30
Cleared proposal set for round 31
Sent 4000 messages.
DECIDED: 33 929
Broadcasting DELIVERY OF: 33
DECIDED: 34 905
Broadcasting DELIVERY OF: 34
DECIDED: 35 894
Broadcasting DELIVERY OF: 35
DECIDED: 36 926
Broadcasting DELIVERY OF: 36
DECIDED: 37 917
Broadcasting DELIVERY OF: 37
DECIDED: 38 931
Broadcasting DELIVERY OF: 38
DECIDED: 39 938
Broadcasting DELIVERY OF: 39
DECIDED: 40 896
Broadcasting DELIVERY OF: 40
Starting Round 41
Broadcasting proposal 1 round 41 with 919 elements
__________________________
Starting Round 42
Broadcasting proposal 1 round 42 with 907 elements
__________________________
Starting Round 43
Broadcasting proposal 1 round 43 with 919 elements
__________________________
Starting Round 44
Broadcasting proposal 1 round 44 with 909 elements
__________________________
Starting Round 45
Broadcasting proposal 1 round 45 with 916 elements
__________________________
Starting Round 46
Broadcasting proposal 1 round 46 with 911 elements
__________________________
Starting Round 47
Broadcasting proposal 1 round 47 with 915 elements
__________________________
Starting Round 48
Broadcasting proposal 1 round 48 with 881 elements
__________________________
Cleared proposal set for round 33
Cleared proposal set for round 32
Broadcasting NEW proposal 2 round 43 with 936 elements
__________________________
Broadcasting NEW proposal 2 round 45 with 938 elements
__________________________
Broadcasting NEW proposal 2 round 47 with 921 elements
__________________________
Broadcasting NEW proposal 2 round 46 with 923 elements
__________________________
Broadcasting NEW proposal 2 round 42 with 923 elements
__________________________
Broadcasting NEW proposal 2 round 41 with 922 elements
__________________________
Cleared proposal set for round 34
Cleared proposal set for round 38
Cleared proposal set for round 36
Cleared proposal set for round 37
Cleared proposal set for round 35
Cleared proposal set for round 39
DECIDED: 41 922
Broadcasting DELIVERY OF: 41
DECIDED: 42 926
Broadcasting DELIVERY OF: 42
DECIDED: 43 937
Broadcasting DELIVERY OF: 43
DECIDED: 44 929
Broadcasting DELIVERY OF: 44
DECIDED: 45 946
Broadcasting DELIVERY OF: 45
DECIDED: 46 927
Broadcasting DELIVERY OF: 46
DECIDED: 47 924
Broadcasting DELIVERY OF: 47
DECIDED: 48 912
Broadcasting DELIVERY OF: 48
Starting Round 49
Broadcasting proposal 1 round 49 with 905 elements
__________________________
Cleared proposal set for round 40
Cleared proposal set for round 41
Broadcasting NEW proposal 2 round 49 with 919 elements
__________________________
Cleared proposal set for round 42
Cleared proposal set for round 44
Cleared proposal set for round 46
Cleared proposal set for round 43
Cleared proposal set for round 45
Cleared proposal set for round 47
DECIDED: 49 919
Broadcasting DELIVERY OF: 49
Cleared proposal set for round 48
Cleared proposal set for round 49
Immediately stopping network packet processing.
Writing output.
