java.net.SocketException: Socket closed
	at java.base/sun.nio.ch.DatagramSocketAdaptor.receive(DatagramSocketAdaptor.java:252)
	at java.base/java.net.DatagramSocket.receive(DatagramSocket.java:701)
	at cs451.udp.UDPReceiver.run(UDPReceiver.java:50)
Caused by: java.nio.channels.AsynchronousCloseException
	at java.base/sun.nio.ch.DatagramChannelImpl.endRead(DatagramChannelImpl.java:523)
	at java.base/sun.nio.ch.DatagramChannelImpl.trustedBlockingReceive(DatagramChannelImpl.java:677)
	at java.base/sun.nio.ch.DatagramChannelImpl.blockingReceive(DatagramChannelImpl.java:635)
	at java.base/sun.nio.ch.DatagramSocketAdaptor.receive(DatagramSocketAdaptor.java:240)
	... 2 more
java.util.concurrent.RejectedExecutionException: Task java.util.concurrent.FutureTask@40a7899d[Not completed, task = java.util.concurrent.Executors$RunnableAdapter@6850d2a5[Wrapped task = Thread[Thread-10307843,5,main]]] rejected from java.util.concurrent.ThreadPoolExecutor@6bb21d6e[Shutting down, pool size = 10, active threads = 4, queued tasks = 0, completed tasks = 10152263]
	at java.base/java.util.concurrent.ThreadPoolExecutor$AbortPolicy.rejectedExecution(ThreadPoolExecutor.java:2070)
	at java.base/java.util.concurrent.ThreadPoolExecutor.reject(ThreadPoolExecutor.java:833)
	at java.base/java.util.concurrent.ThreadPoolExecutor.execute(ThreadPoolExecutor.java:1365)
	at java.base/java.util.concurrent.AbstractExecutorService.submit(AbstractExecutorService.java:123)
	at cs451.links.FairLossLinks.send(FairLossLinks.java:56)
	at cs451.links.StubbornLinks.lambda$sendMessagesToBeSent$2(StubbornLinks.java:108)
	at java.base/java.util.ArrayList.forEach(ArrayList.java:1511)
	at cs451.links.StubbornLinks.sendMessagesToBeSent(StubbornLinks.java:99)
	at cs451.links.StubbornLinks.lambda$new$1(StubbornLinks.java:79)
	at java.base/java.lang.Thread.run(Thread.java:833)
java.util.concurrent.RejectedExecutionException: Task java.util.concurrent.FutureTask@65409939[Not completed, task = java.util.concurrent.Executors$RunnableAdapter@617f01ce[Wrapped task = Thread[Thread-10307844,5,main]]] rejected from java.util.concurrent.ThreadPoolExecutor@6bb21d6e[Shutting down, pool size = 9, active threads = 4, queued tasks = 0, completed tasks = 10152263]
	at java.base/java.util.concurrent.ThreadPoolExecutor$AbortPolicy.rejectedExecution(ThreadPoolExecutor.java:2070)
	at java.base/java.util.concurrent.ThreadPoolExecutor.reject(ThreadPoolExecutor.java:833)
	at java.base/java.util.concurrent.ThreadPoolExecutor.execute(ThreadPoolExecutor.java:1365)
	at java.base/java.util.concurrent.AbstractExecutorService.submit(AbstractExecutorService.java:123)
	at cs451.links.FairLossLinks.send(FairLossLinks.java:56)
	at cs451.links.StubbornLinks.lambda$sendAckMessagesToBeSent$3(StubbornLinks.java:126)
	at java.base/java.util.ArrayList.forEach(ArrayList.java:1511)
	at cs451.links.StubbornLinks.sendAckMessagesToBeSent(StubbornLinks.java:121)
	at cs451.links.StubbornLinks.lambda$new$0(StubbornLinks.java:59)
	at java.base/java.lang.Thread.run(Thread.java:833)
