java.net.SocketException: No buffer space available
	at java.base/sun.nio.ch.DatagramChannelImpl.send0(Native Method)
	at java.base/sun.nio.ch.DatagramChannelImpl.sendFromNativeBuffer(DatagramChannelImpl.java:901)
	at java.base/sun.nio.ch.DatagramChannelImpl.send(DatagramChannelImpl.java:863)
	at java.base/sun.nio.ch.DatagramChannelImpl.send(DatagramChannelImpl.java:821)
	at java.base/sun.nio.ch.DatagramChannelImpl.blockingSend(DatagramChannelImpl.java:853)
	at java.base/sun.nio.ch.DatagramSocketAdaptor.send(DatagramSocketAdaptor.java:218)
	at java.base/java.net.DatagramSocket.send(DatagramSocket.java:665)
	at cs451.udp.UDPBulkSender.run(UDPBulkSender.java:45)
	at java.base/java.util.concurrent.Executors$RunnableAdapter.call(Executors.java:539)
	at java.base/java.util.concurrent.FutureTask.run(FutureTask.java:264)
	at java.base/java.util.concurrent.ThreadPoolExecutor.runWorker(ThreadPoolExecutor.java:1136)
	at java.base/java.util.concurrent.ThreadPoolExecutor$Worker.run(ThreadPoolExecutor.java:635)
	at java.base/java.lang.Thread.run(Thread.java:833)
java.net.SocketException: No buffer space available
	at java.base/sun.nio.ch.DatagramChannelImpl.send0(Native Method)
	at java.base/sun.nio.ch.DatagramChannelImpl.sendFromNativeBuffer(DatagramChannelImpl.java:901)
	at java.base/sun.nio.ch.DatagramChannelImpl.send(DatagramChannelImpl.java:863)
	at java.base/sun.nio.ch.DatagramChannelImpl.send(DatagramChannelImpl.java:821)
	at java.base/sun.nio.ch.DatagramChannelImpl.blockingSend(DatagramChannelImpl.java:853)
	at java.base/sun.nio.ch.DatagramSocketAdaptor.send(DatagramSocketAdaptor.java:218)
	at java.base/java.net.DatagramSocket.send(DatagramSocket.java:665)
	at cs451.udp.UDPBulkSender.run(UDPBulkSender.java:45)
	at java.base/java.util.concurrent.Executors$RunnableAdapter.call(Executors.java:539)
	at java.base/java.util.concurrent.FutureTask.run(FutureTask.java:264)
	at java.base/java.util.concurrent.ThreadPoolExecutor.runWorker(ThreadPoolExecutor.java:1136)
	at java.base/java.util.concurrent.ThreadPoolExecutor$Worker.run(ThreadPoolExecutor.java:635)
	at java.base/java.lang.Thread.run(Thread.java:833)
java.net.SocketException: No buffer space available
	at java.base/sun.nio.ch.DatagramChannelImpl.send0(Native Method)
	at java.base/sun.nio.ch.DatagramChannelImpl.sendFromNativeBuffer(DatagramChannelImpl.java:901)
	at java.base/sun.nio.ch.DatagramChannelImpl.send(DatagramChannelImpl.java:863)
	at java.base/sun.nio.ch.DatagramChannelImpl.send(DatagramChannelImpl.java:821)
	at java.base/sun.nio.ch.DatagramChannelImpl.blockingSend(DatagramChannelImpl.java:853)
	at java.base/sun.nio.ch.DatagramSocketAdaptor.send(DatagramSocketAdaptor.java:218)
	at java.base/java.net.DatagramSocket.send(DatagramSocket.java:665)
	at cs451.udp.UDPBulkSender.run(UDPBulkSender.java:45)
	at java.base/java.util.concurrent.Executors$RunnableAdapter.call(Executors.java:539)
	at java.base/java.util.concurrent.FutureTask.run(FutureTask.java:264)
	at java.base/java.util.concurrent.ThreadPoolExecutor.runWorker(ThreadPoolExecutor.java:1136)
	at java.base/java.util.concurrent.ThreadPoolExecutor$Worker.run(ThreadPoolExecutor.java:635)
	at java.base/java.lang.Thread.run(Thread.java:833)
java.net.SocketException: No buffer space available
	at java.base/sun.nio.ch.DatagramChannelImpl.send0(Native Method)
	at java.base/sun.nio.ch.DatagramChannelImpl.sendFromNativeBuffer(DatagramChannelImpl.java:901)
	at java.base/sun.nio.ch.DatagramChannelImpl.send(DatagramChannelImpl.java:863)
	at java.base/sun.nio.ch.DatagramChannelImpl.send(DatagramChannelImpl.java:821)
	at java.base/sun.nio.ch.DatagramChannelImpl.blockingSend(DatagramChannelImpl.java:853)
	at java.base/sun.nio.ch.DatagramSocketAdaptor.send(DatagramSocketAdaptor.java:218)
	at java.base/java.net.DatagramSocket.send(DatagramSocket.java:665)
	at cs451.udp.UDPBulkSender.run(UDPBulkSender.java:45)
	at java.base/java.util.concurrent.Executors$RunnableAdapter.call(Executors.java:539)
	at java.base/java.util.concurrent.FutureTask.run(FutureTask.java:264)
	at java.base/java.util.concurrent.ThreadPoolExecutor.runWorker(ThreadPoolExecutor.java:1136)
	at java.base/java.util.concurrent.ThreadPoolExecutor$Worker.run(ThreadPoolExecutor.java:635)
	at java.base/java.lang.Thread.run(Thread.java:833)
java.net.SocketException: No buffer space available
	at java.base/sun.nio.ch.DatagramChannelImpl.send0(Native Method)
	at java.base/sun.nio.ch.DatagramChannelImpl.sendFromNativeBuffer(DatagramChannelImpl.java:901)
	at java.base/sun.nio.ch.DatagramChannelImpl.send(DatagramChannelImpl.java:863)
	at java.base/sun.nio.ch.DatagramChannelImpl.send(DatagramChannelImpl.java:821)
	at java.base/sun.nio.ch.DatagramChannelImpl.blockingSend(DatagramChannelImpl.java:853)
	at java.base/sun.nio.ch.DatagramSocketAdaptor.send(DatagramSocketAdaptor.java:218)
	at java.base/java.net.DatagramSocket.send(DatagramSocket.java:665)
	at cs451.udp.UDPBulkSender.run(UDPBulkSender.java:45)
	at java.base/java.util.concurrent.Executors$RunnableAdapter.call(Executors.java:539)
	at java.base/java.util.concurrent.FutureTask.run(FutureTask.java:264)
	at java.base/java.util.concurrent.ThreadPoolExecutor.runWorker(ThreadPoolExecutor.java:1136)
	at java.base/java.util.concurrent.ThreadPoolExecutor$Worker.run(ThreadPoolExecutor.java:635)
	at java.base/java.lang.Thread.run(Thread.java:833)
java.net.SocketException: No buffer space available
	at java.base/sun.nio.ch.DatagramChannelImpl.send0(Native Method)
	at java.base/sun.nio.ch.DatagramChannelImpl.sendFromNativeBuffer(DatagramChannelImpl.java:901)
	at java.base/sun.nio.ch.DatagramChannelImpl.send(DatagramChannelImpl.java:863)
	at java.base/sun.nio.ch.DatagramChannelImpl.send(DatagramChannelImpl.java:821)
	at java.base/sun.nio.ch.DatagramChannelImpl.blockingSend(DatagramChannelImpl.java:853)
	at java.base/sun.nio.ch.DatagramSocketAdaptor.send(DatagramSocketAdaptor.java:218)
	at java.base/java.net.DatagramSocket.send(DatagramSocket.java:665)
	at cs451.udp.UDPBulkSender.run(UDPBulkSender.java:45)
	at java.base/java.util.concurrent.Executors$RunnableAdapter.call(Executors.java:539)
	at java.base/java.util.concurrent.FutureTask.run(FutureTask.java:264)
	at java.base/java.util.concurrent.ThreadPoolExecutor.runWorker(ThreadPoolExecutor.java:1136)
	at java.base/java.util.concurrent.ThreadPoolExecutor$Worker.run(ThreadPoolExecutor.java:635)
	at java.base/java.lang.Thread.run(Thread.java:833)
java.net.SocketException: No buffer space available
	at java.base/sun.nio.ch.DatagramChannelImpl.send0(Native Method)
	at java.base/sun.nio.ch.DatagramChannelImpl.sendFromNativeBuffer(DatagramChannelImpl.java:901)
	at java.base/sun.nio.ch.DatagramChannelImpl.send(DatagramChannelImpl.java:863)
	at java.base/sun.nio.ch.DatagramChannelImpl.send(DatagramChannelImpl.java:821)
	at java.base/sun.nio.ch.DatagramChannelImpl.blockingSend(DatagramChannelImpl.java:853)
	at java.base/sun.nio.ch.DatagramSocketAdaptor.send(DatagramSocketAdaptor.java:218)
	at java.base/java.net.DatagramSocket.send(DatagramSocket.java:665)
	at cs451.udp.UDPBulkSender.run(UDPBulkSender.java:45)
	at java.base/java.util.concurrent.Executors$RunnableAdapter.call(Executors.java:539)
	at java.base/java.util.concurrent.FutureTask.run(FutureTask.java:264)
	at java.base/java.util.concurrent.ThreadPoolExecutor.runWorker(ThreadPoolExecutor.java:1136)
	at java.base/java.util.concurrent.ThreadPoolExecutor$Worker.run(ThreadPoolExecutor.java:635)
	at java.base/java.lang.Thread.run(Thread.java:833)
java.net.SocketException: Socket closed
