Listening for transport dt_socket at address: 5230
My PID: 2249

From a new terminal type `kill -SIGINT 2249` or `kill -SIGTERM 2249` to stop processing packets

OUTPUT:  /root/tools/out/proc24.output
My ID: 24

List of resolved hosts is:
==========================
0
Human-readable IP: 127.0.0.1
Human-readable Port: 11001

1
Human-readable IP: 127.0.0.1
Human-readable Port: 11002

2
Human-readable IP: 127.0.0.1
Human-readable Port: 11003

3
Human-readable IP: 127.0.0.1
Human-readable Port: 11004

4
Human-readable IP: 127.0.0.1
Human-readable Port: 11005

5
Human-readable IP: 127.0.0.1
Human-readable Port: 11006

6
Human-readable IP: 127.0.0.1
Human-readable Port: 11007

7
Human-readable IP: 127.0.0.1
Human-readable Port: 11008

8
Human-readable IP: 127.0.0.1
Human-readable Port: 11009

9
Human-readable IP: 127.0.0.1
Human-readable Port: 11010

10
Human-readable IP: 127.0.0.1
Human-readable Port: 11011

11
Human-readable IP: 127.0.0.1
Human-readable Port: 11012

12
Human-readable IP: 127.0.0.1
Human-readable Port: 11013

13
Human-readable IP: 127.0.0.1
Human-readable Port: 11014

14
Human-readable IP: 127.0.0.1
Human-readable Port: 11015

15
Human-readable IP: 127.0.0.1
Human-readable Port: 11016

16
Human-readable IP: 127.0.0.1
Human-readable Port: 11017

17
Human-readable IP: 127.0.0.1
Human-readable Port: 11018

18
Human-readable IP: 127.0.0.1
Human-readable Port: 11019

19
Human-readable IP: 127.0.0.1
Human-readable Port: 11020

20
Human-readable IP: 127.0.0.1
Human-readable Port: 11021

21
Human-readable IP: 127.0.0.1
Human-readable Port: 11022

22
Human-readable IP: 127.0.0.1
Human-readable Port: 11023

23
Human-readable IP: 127.0.0.1
Human-readable Port: 11024

ProposalSetSize: 1000
Sliding window size: 16
UDPReceiver: Created socket on port 11024
THREAD NUMBER: 1
24
Human-readable IP: 127.0.0.1
Human-readable Port: 11025

25
Human-readable IP: 127.0.0.1
Human-readable Port: 11026

26
Human-readable IP: 127.0.0.1
Human-readable Port: 11027

27
Human-readable IP: 127.0.0.1
Human-readable Port: 11028

28
Human-readable IP: 127.0.0.1
Human-readable Port: 11029

29
Human-readable IP: 127.0.0.1
Human-readable Port: 11030

30
Human-readable IP: 127.0.0.1
Human-readable Port: 11031

31
Human-readable IP: 127.0.0.1
Human-readable Port: 11032

32
Human-readable IP: 127.0.0.1
Human-readable Port: 11033

33
Human-readable IP: 127.0.0.1
Human-readable Port: 11034

34
Human-readable IP: 127.0.0.1
Human-readable Port: 11035

35
Human-readable IP: 127.0.0.1
Human-readable Port: 11036

36
Human-readable IP: 127.0.0.1
Human-readable Port: 11037

37
Human-readable IP: 127.0.0.1
Human-readable Port: 11038

38
Human-readable IP: 127.0.0.1
Human-readable Port: 11039

39
Human-readable IP: 127.0.0.1
Human-readable Port: 11040

40
Human-readable IP: 127.0.0.1
Human-readable Port: 11041

41
Human-readable IP: 127.0.0.1
Human-readable Port: 11042

42
Human-readable IP: 127.0.0.1
Human-readable Port: 11043

43
Human-readable IP: 127.0.0.1
Human-readable Port: 11044

44
Human-readable IP: 127.0.0.1
Human-readable Port: 11045

45
Human-readable IP: 127.0.0.1
Human-readable Port: 11046

46
Human-readable IP: 127.0.0.1
Human-readable Port: 11047

47
Human-readable IP: 127.0.0.1
Human-readable Port: 11048

48
Human-readable IP: 127.0.0.1
Human-readable Port: 11049

49
Human-readable IP: 127.0.0.1
Human-readable Port: 11050


Path to output:
===============
/root/tools/out/proc24.output

Deleted old output file: false

Path to config:
===============
./out/proc24.config

===============
Doing some initialization

Broadcasting and delivering messages...

Process ID: 24
Starting Round 0
Broadcasting proposal 1 round 0 with 93 elements
__________________________
Starting Round 1
Broadcasting proposal 1 round 1 with 97 elements
__________________________
Starting Round 2
Broadcasting proposal 1 round 2 with 3 elements
__________________________
Starting Round 3
Broadcasting proposal 1 round 3 with 21 elements
__________________________
Starting Round 4
Broadcasting proposal 1 round 4 with 13 elements
__________________________
Starting Round 5
Broadcasting proposal 1 round 5 with 5 elements
__________________________
Starting Round 6
Broadcasting proposal 1 round 6 with 20 elements
__________________________
Starting Round 7
Broadcasting proposal 1 round 7 with 58 elements
__________________________
DECIDED: 0 906
Broadcasting DELIVERY OF: 0
DECIDED: 1 914
Broadcasting DELIVERY OF: 1
DECIDED: 2 878
Broadcasting DELIVERY OF: 2
DECIDED: 3 840
Broadcasting DELIVERY OF: 3
DECIDED: 4 874
Broadcasting DELIVERY OF: 4
DECIDED: 5 865
Broadcasting DELIVERY OF: 5
DECIDED: 6 886
Broadcasting DELIVERY OF: 6
DECIDED: 7 872
Broadcasting DELIVERY OF: 7
Starting Round 8
Broadcasting proposal 1 round 8 with 379 elements
__________________________
Starting Round 9
Broadcasting proposal 1 round 9 with 420 elements
__________________________
Starting Round 10
Broadcasting proposal 1 round 10 with 297 elements
__________________________
Starting Round 11
Broadcasting proposal 1 round 11 with 267 elements
__________________________
Starting Round 12
Broadcasting proposal 1 round 12 with 445 elements
__________________________
Starting Round 13
Broadcasting proposal 1 round 13 with 457 elements
__________________________
Starting Round 14
Broadcasting proposal 1 round 14 with 315 elements
__________________________
Starting Round 15
Broadcasting proposal 1 round 15 with 376 elements
__________________________
Broadcasting NEW proposal 2 round 8 with 695 elements
__________________________
Broadcasting NEW proposal 2 round 9 with 686 elements
__________________________
Broadcasting NEW proposal 2 round 13 with 702 elements
__________________________
Broadcasting NEW proposal 2 round 12 with 718 elements
__________________________
Broadcasting NEW proposal 2 round 10 with 647 elements
__________________________
Broadcasting NEW proposal 2 round 11 with 582 elements
__________________________
Broadcasting NEW proposal 2 round 14 with 666 elements
__________________________
Broadcasting NEW proposal 2 round 15 with 715 elements
__________________________
DECIDED: 8 855
Broadcasting DELIVERY OF: 8
DECIDED: 9 793
Broadcasting DELIVERY OF: 9
DECIDED: 10 809
Broadcasting DELIVERY OF: 10
DECIDED: 11 752
Broadcasting DELIVERY OF: 11
DECIDED: 12 835
Broadcasting DELIVERY OF: 12
DECIDED: 13 802
Broadcasting DELIVERY OF: 13
DECIDED: 14 800
Broadcasting DELIVERY OF: 14
DECIDED: 15 812
Broadcasting DELIVERY OF: 15
Starting Round 16
Broadcasting proposal 1 round 16 with 714 elements
__________________________
Starting Round 17
Broadcasting proposal 1 round 17 with 560 elements
__________________________
Starting Round 18
Broadcasting proposal 1 round 18 with 552 elements
__________________________
Starting Round 19
Broadcasting proposal 1 round 19 with 574 elements
__________________________
Starting Round 20
Broadcasting proposal 1 round 20 with 517 elements
__________________________
Starting Round 21
Broadcasting proposal 1 round 21 with 506 elements
__________________________
Starting Round 22
Broadcasting proposal 1 round 22 with 413 elements
__________________________
Starting Round 23
Broadcasting proposal 1 round 23 with 567 elements
__________________________
Sent 1000 messages.
Broadcasting NEW proposal 2 round 17 with 686 elements
__________________________
Broadcasting NEW proposal 2 round 21 with 649 elements
__________________________
Broadcasting NEW proposal 2 round 19 with 706 elements
__________________________
Broadcasting NEW proposal 2 round 23 with 703 elements
__________________________
Broadcasting NEW proposal 2 round 16 with 802 elements
__________________________
Broadcasting NEW proposal 2 round 20 with 692 elements
__________________________
Broadcasting NEW proposal 2 round 18 with 661 elements
__________________________
Broadcasting NEW proposal 2 round 22 with 529 elements
__________________________
DECIDED: 16 856
Broadcasting DELIVERY OF: 16
DECIDED: 17 694
Broadcasting DELIVERY OF: 17
DECIDED: 18 703
Broadcasting DELIVERY OF: 18
DECIDED: 19 749
Broadcasting DELIVERY OF: 19
DECIDED: 20 746
Broadcasting DELIVERY OF: 20
DECIDED: 21 666
Broadcasting DELIVERY OF: 21
DECIDED: 22 637
Broadcasting DELIVERY OF: 22
DECIDED: 23 726
Broadcasting DELIVERY OF: 23
Starting Round 24
Broadcasting proposal 1 round 24 with 572 elements
__________________________
Starting Round 25
Broadcasting proposal 1 round 25 with 583 elements
__________________________
Starting Round 26
Broadcasting proposal 1 round 26 with 475 elements
__________________________
Starting Round 27
Broadcasting proposal 1 round 27 with 584 elements
__________________________
Starting Round 28
Broadcasting proposal 1 round 28 with 479 elements
__________________________
Starting Round 29
Broadcasting proposal 1 round 29 with 469 elements
__________________________
Starting Round 30
Broadcasting proposal 1 round 30 with 433 elements
__________________________
Starting Round 31
Broadcasting proposal 1 round 31 with 406 elements
__________________________
Broadcasting NEW proposal 2 round 24 with 768 elements
__________________________
Broadcasting NEW proposal 2 round 25 with 700 elements
__________________________
Broadcasting NEW proposal 2 round 27 with 698 elements
__________________________
Broadcasting NEW proposal 2 round 26 with 668 elements
__________________________
Broadcasting NEW proposal 2 round 28 with 678 elements
__________________________
Broadcasting NEW proposal 2 round 31 with 643 elements
__________________________
Broadcasting NEW proposal 2 round 30 with 669 elements
__________________________
Sent 2000 messages.
Cleared proposal set for round 0
DECIDED: 24 822
Broadcasting DELIVERY OF: 24
DECIDED: 25 768
Broadcasting DELIVERY OF: 25
DECIDED: 26 757
Broadcasting DELIVERY OF: 26
DECIDED: 27 767
Broadcasting DELIVERY OF: 27
DECIDED: 28 759
Broadcasting DELIVERY OF: 28
DECIDED: 29 743
Broadcasting DELIVERY OF: 29
DECIDED: 30 726
Broadcasting DELIVERY OF: 30
DECIDED: 31 720
Broadcasting DELIVERY OF: 31
Starting Round 32
Broadcasting proposal 1 round 32 with 470 elements
__________________________
Starting Round 33
Broadcasting proposal 1 round 33 with 451 elements
__________________________
Starting Round 34
Broadcasting proposal 1 round 34 with 465 elements
__________________________
Starting Round 35
Broadcasting proposal 1 round 35 with 522 elements
__________________________
Starting Round 36
Broadcasting proposal 1 round 36 with 649 elements
__________________________
Starting Round 37
Broadcasting proposal 1 round 37 with 457 elements
__________________________
Starting Round 38
Broadcasting proposal 1 round 38 with 511 elements
__________________________
Starting Round 39
Broadcasting proposal 1 round 39 with 441 elements
__________________________
Cleared proposal set for round 4
Cleared proposal set for round 5
Cleared proposal set for round 6
Cleared proposal set for round 1
Cleared proposal set for round 3
Cleared proposal set for round 2
Cleared proposal set for round 7
Broadcasting NEW proposal 2 round 34 with 539 elements
__________________________
Broadcasting NEW proposal 2 round 35 with 544 elements
__________________________
Broadcasting NEW proposal 2 round 36 with 687 elements
__________________________
Broadcasting NEW proposal 2 round 37 with 568 elements
__________________________
Broadcasting NEW proposal 2 round 33 with 523 elements
__________________________
Broadcasting NEW proposal 2 round 32 with 567 elements
__________________________
Broadcasting NEW proposal 2 round 39 with 519 elements
__________________________
Broadcasting NEW proposal 2 round 38 with 613 elements
__________________________
DECIDED: 32 658
Broadcasting DELIVERY OF: 32
DECIDED: 33 662
Broadcasting DELIVERY OF: 33
DECIDED: 34 608
Broadcasting DELIVERY OF: 34
DECIDED: 35 656
Broadcasting DELIVERY OF: 35
DECIDED: 36 717
Broadcasting DELIVERY OF: 36
DECIDED: 37 724
Broadcasting DELIVERY OF: 37
DECIDED: 38 731
Broadcasting DELIVERY OF: 38
DECIDED: 39 663
Broadcasting DELIVERY OF: 39
Starting Round 40
Broadcasting proposal 1 round 40 with 497 elements
__________________________
Starting Round 41
Broadcasting proposal 1 round 41 with 530 elements
__________________________
Starting Round 42
Broadcasting proposal 1 round 42 with 526 elements
__________________________
Starting Round 43
Broadcasting proposal 1 round 43 with 649 elements
__________________________
Starting Round 44
Broadcasting proposal 1 round 44 with 528 elements
__________________________
Starting Round 45
Broadcasting proposal 1 round 45 with 521 elements
__________________________
Starting Round 46
Broadcasting proposal 1 round 46 with 476 elements
__________________________
Starting Round 47
Broadcasting proposal 1 round 47 with 465 elements
__________________________
Cleared proposal set for round 8
Sent 3000 messages.
Cleared proposal set for round 9
Cleared proposal set for round 11
Cleared proposal set for round 10
Cleared proposal set for round 12
Cleared proposal set for round 13
Cleared proposal set for round 14
Broadcasting NEW proposal 2 round 40 with 675 elements
__________________________
Broadcasting NEW proposal 2 round 42 with 642 elements
__________________________
Broadcasting NEW proposal 2 round 46 with 629 elements
__________________________
Broadcasting NEW proposal 2 round 44 with 662 elements
__________________________
Broadcasting NEW proposal 2 round 45 with 628 elements
__________________________
Broadcasting NEW proposal 2 round 47 with 643 elements
__________________________
Broadcasting NEW proposal 2 round 41 with 681 elements
__________________________
Broadcasting NEW proposal 2 round 43 with 748 elements
__________________________
Cleared proposal set for round 15
DECIDED: 40 709
Broadcasting DELIVERY OF: 40
DECIDED: 41 752
Broadcasting DELIVERY OF: 41
DECIDED: 42 739
Broadcasting DELIVERY OF: 42
DECIDED: 43 836
Broadcasting DELIVERY OF: 43
DECIDED: 44 729
Broadcasting DELIVERY OF: 44
DECIDED: 45 754
Broadcasting DELIVERY OF: 45
DECIDED: 46 722
Broadcasting DELIVERY OF: 46
DECIDED: 47 789
Broadcasting DELIVERY OF: 47
Starting Round 48
Broadcasting proposal 1 round 48 with 612 elements
__________________________
Starting Round 49
Broadcasting proposal 1 round 49 with 570 elements
__________________________
Cleared proposal set for round 17
Cleared proposal set for round 16
Cleared proposal set for round 18
Cleared proposal set for round 19
Cleared proposal set for round 21
Cleared proposal set for round 20
Cleared proposal set for round 22
Broadcasting NEW proposal 2 round 49 with 732 elements
__________________________
Broadcasting NEW proposal 2 round 48 with 624 elements
__________________________
Cleared proposal set for round 23
DECIDED: 48 706
Broadcasting DELIVERY OF: 48
DECIDED: 49 753
Broadcasting DELIVERY OF: 49
Sent 4000 messages.
Cleared proposal set for round 25
Cleared proposal set for round 24
Cleared proposal set for round 30
Cleared proposal set for round 29
Cleared proposal set for round 26
Cleared proposal set for round 27
Cleared proposal set for round 28
Cleared proposal set for round 31
Cleared proposal set for round 33
Cleared proposal set for round 32
Cleared proposal set for round 35
Cleared proposal set for round 34
Cleared proposal set for round 36
Cleared proposal set for round 37
Cleared proposal set for round 38
Cleared proposal set for round 39
Cleared proposal set for round 40
Cleared proposal set for round 41
Cleared proposal set for round 46
Cleared proposal set for round 43
Cleared proposal set for round 42
Cleared proposal set for round 44
Cleared proposal set for round 45
Cleared proposal set for round 47
Cleared proposal set for round 48
Cleared proposal set for round 49
ERROR IN PERFECT LINKS DELIVER: Message{proposalCount=2, senderId=34, receiverId=23, latticeRound=48, isAck=0}
Immediately stopping network packet processing.
Writing output.
