Listening for transport dt_socket at address: 6487
My PID: 73995

From a new terminal type `kill -SIGINT 73995` or `kill -SIGTERM 73995` to stop processing packets

OUTPUT:  /Users/aybarsyazici/Documents/EPFL/distributed/EPFL-CS451-Project/tools/out/proc20.output
My ID: 20

List of resolved hosts is:
==========================
0
Human-readable IP: 127.0.0.1
Human-readable Port: 11001

1
Human-readable IP: 127.0.0.1
Human-readable Port: 11002

2
Human-readable IP: 127.0.0.1
Human-readable Port: 11003

3
Human-readable IP: 127.0.0.1
Human-readable Port: 11004

4
Human-readable IP: 127.0.0.1
Human-readable Port: 11005

5
Human-readable IP: 127.0.0.1
Human-readable Port: 11006

6
Human-readable IP: 127.0.0.1
Human-readable Port: 11007

7
Human-readable IP: 127.0.0.1
Human-readable Port: 11008

8
Human-readable IP: 127.0.0.1
Human-readable Port: 11009

9
Human-readable IP: 127.0.0.1
Human-readable Port: 11010

10
Human-readable IP: 127.0.0.1
Human-readable Port: 11011

11
Human-readable IP: 127.0.0.1
Human-readable Port: 11012

12
Human-readable IP: 127.0.0.1
Human-readable Port: 11013

13
Human-readable IP: 127.0.0.1
Human-readable Port: 11014

14
Human-readable IP: 127.0.0.1
Human-readable Port: 11015

15
Human-readable IP: 127.0.0.1
Human-readable Port: 11016

16
Human-readable IP: 127.0.0.1
Human-readable Port: 11017

17
Human-readable IP: 127.0.0.1
Human-readable Port: 11018

18
Human-readable IP: 127.0.0.1
Human-readable Port: 11019

19
Human-readable IP: 127.0.0.1
Human-readable Port: 11020

Sliding window size: 102
UDPReceiver: Created socket on port 11020
THREAD NUMBER: 2

Path to output:
===============
/Users/aybarsyazici/Documents/EPFL/distributed/EPFL-CS451-Project/tools/out/proc20.output

Deleted old output file: false

Path to config:
===============
./out/proc20.config

===============
Doing some initialization

Broadcasting and delivering messages...

Process ID: 20
Immediately stopping network packet processing.
Writing output.
