1051802512 1801823908 373399426 1194819984 127978094 854001193 946785248 599310825 136505587 939042955 1929338154 107420369 999270936 113971123 440213415 1812140441 478163327 1181241943
1801823908 1051802512 373399426 402418010 1194819984 854001193 946785248 127978094 599310825 136505587 1929338154 107420369 999270936 113971123 1812140441 958682846 440213415 478163327 1181241943
1801823908 1051802512 373399426 402418010 1194819984 854001193 127978094 946785248 599310825 136505587 939042955 1929338154 107420369 999270936 113971123 1812140441 958682846 440213415 1181241943 478163327
1801823908 1051802512 373399426 402418010 1194819984 127978094 946785248 854001193 136505587 599310825 939042955 1929338154 107420369 999270936 113971123 1812140441 958682846 440213415 1181241943
1051802512 1801823908 402418010 1194819984 127978094 854001193 136505587 1929338154 999270936 113971123 1812140441 440213415 958682846 1181241943
1051802512 1801823908 373399426 402418010 1194819984 127978094 946785248 854001193 136505587 599310825 939042955 1929338154 107420369 113971123 1812140441 440213415 958682846 478163327 1181241943
1051802512 1801823908 373399426 402418010 1194819984 854001193 127978094 946785248 136505587 599310825 1929338154 1812140441 440213415 958682846 1181241943
1051802512 1801823908 373399426 402418010 1194819984 127978094 946785248 854001193 136505587 599310825 939042955 1929338154 107420369 999270936 113971123 1812140441 440213415 958682846 1181241943 478163327
1801823908 1051802512 373399426 402418010 1194819984 946785248 127978094 854001193 136505587 599310825 939042955 107420369 999270936 113971123 1812140441 958682846 440213415 1181241943 478163327
1801823908 1051802512 373399426 402418010 1194819984 127978094 854001193 946785248 136505587 599310825 939042955 1929338154 107420369 999270936 113971123 958682846 440213415 1812140441 478163327 1181241943
1051802512 373399426 402418010 1194819984 127978094 946785248 854001193 136505587 599310825 939042955 1929338154 107420369 999270936 113971123 440213415 1812140441 958682846 1181241943 478163327
1051802512 1801823908 373399426 402418010 1194819984 127978094 854001193 946785248 599310825 136505587 939042955 1929338154 107420369 999270936 113971123 440213415 1812140441 958682846 1181241943 478163327
1051802512 1801823908 373399426 402418010 1194819984 854001193 127978094 946785248 136505587 599310825 939042955 1929338154 107420369 999270936 113971123 958682846 440213415 1812140441 478163327 1181241943
1051802512 1801823908 373399426 1194819984 946785248 854001193 127978094 599310825 136505587 939042955 1929338154 107420369 113971123 1812140441 958682846 440213415 478163327 1181241943
1051802512 1801823908 373399426 402418010 1194819984 946785248 854001193 136505587 599310825 939042955 1929338154 107420369 999270936 113971123 440213415 958682846 1812140441 1181241943 478163327
1051802512 1801823908 373399426 402418010 1194819984 854001193 127978094 136505587 599310825 939042955 1929338154 107420369 999270936 113971123 1812140441 958682846 440213415 478163327 1181241943
1801823908 1051802512 373399426 402418010 1194819984 854001193 127978094 946785248 136505587 599310825 939042955 1929338154 107420369 999270936 113971123 440213415 958682846 1812140441 1181241943 478163327
1051802512 1801823908 373399426 402418010 1194819984 854001193 127978094 946785248 136505587 599310825 939042955 1929338154 107420369 999270936 113971123 440213415 1812140441 958682846 1181241943 478163327
1801823908 1051802512 373399426 402418010 1194819984 127978094 854001193 946785248 136505587 599310825 939042955 1929338154 107420369 999270936 113971123 958682846 440213415 1181241943 478163327
1801823908 1051802512 373399426 402418010 1194819984 127978094 854001193 946785248 599310825 136505587 939042955 1929338154 107420369 999270936 113971123 958682846 440213415 1812140441 1181241943 478163327
1801823908 1051802512 373399426 402418010 1194819984 946785248 854001193 127978094 599310825 136505587 939042955 1929338154 107420369 999270936 113971123 1812140441 440213415 958682846 478163327 1181241943
1051802512 1801823908 373399426 402418010 1194819984 854001193 946785248 127978094 599310825 136505587 939042955 1929338154 107420369 999270936 113971123 1812140441 440213415 958682846 1181241943
1051802512 1801823908 373399426 402418010 1194819984 854001193 127978094 946785248 136505587 599310825 939042955 1929338154 107420369 999270936 113971123 958682846 1812140441 440213415 1181241943 478163327
1051802512 1801823908 373399426 402418010 1194819984 854001193 946785248 127978094 599310825 136505587 939042955 1929338154 107420369 999270936 113971123 1812140441 958682846 440213415 478163327 1181241943
1801823908 1051802512 373399426 402418010 1194819984 127978094 854001193 946785248 136505587 599310825 939042955 1929338154 107420369 999270936 113971123 440213415 958682846 1812140441 478163327 1181241943
1801823908 1051802512 373399426 402418010 1194819984 946785248 127978094 854001193 136505587 599310825 939042955 1929338154 107420369 999270936 113971123 440213415 1812140441 958682846 478163327 1181241943
1051802512 1801823908 373399426 402418010 1194819984 946785248 127978094 854001193 136505587 599310825 939042955 1929338154 107420369 999270936 113971123 958682846 440213415 1812140441 1181241943 478163327
1801823908 1051802512 373399426 127978094 854001193 136505587 599310825 939042955 107420369 999270936 113971123 1812140441 1181241943 478163327
1801823908 1051802512 373399426 402418010 1194819984 127978094 946785248 854001193 599310825 136505587 939042955 1929338154 107420369 999270936 113971123 1812140441 440213415 958682846 1181241943 478163327
1051802512 1801823908 373399426 402418010 1194819984 127978094 854001193 946785248 136505587 599310825 939042955 1929338154 107420369 113971123 958682846 440213415 1812140441 1181241943
1801823908 1051802512 373399426 1194819984 854001193 946785248 127978094 599310825 136505587 939042955 1929338154 999270936 113971123 1812140441 958682846 440213415 478163327 1181241943
1801823908 1051802512 373399426 402418010 1194819984 127978094 946785248 854001193 599310825 939042955 1929338154 107420369 999270936 113971123 958682846 440213415 1812140441 478163327 1181241943
1051802512 1801823908 373399426 402418010 1194819984 946785248 854001193 127978094 599310825 136505587 1929338154 107420369 999270936 113971123 958682846 1812140441 440213415 1181241943 478163327
1051802512 373399426 402418010 1194819984 946785248 127978094 854001193 136505587 599310825 939042955 1929338154 107420369 999270936 113971123 1812140441 440213415 1181241943 478163327
1801823908 1051802512 373399426 402418010 1194819984 946785248 127978094 854001193 599310825 939042955 1929338154 107420369 113971123 1812140441 958682846 440213415 1181241943 478163327
1051802512 1801823908 373399426 402418010 1194819984 946785248 127978094 854001193 136505587 599310825 939042955 1929338154 107420369 999270936 113971123 440213415 1812140441 958682846 1181241943 478163327
1051802512 1801823908 373399426 402418010 1194819984 946785248 854001193 127978094 599310825 136505587 939042955 1929338154 107420369 999270936 113971123 1812140441 958682846 440213415 478163327 1181241943
1051802512 1801823908 373399426 402418010 1194819984 946785248 127978094 854001193 136505587 599310825 939042955 1929338154 999270936 113971123 440213415 1812140441 958682846 1181241943 478163327
1051802512 1801823908 373399426 402418010 1194819984 854001193 127978094 946785248 136505587 599310825 939042955 1929338154 107420369 999270936 113971123 1812140441 958682846 440213415 1181241943 478163327
1051802512 1801823908 373399426 1194819984 854001193 946785248 127978094 136505587 599310825 939042955 1929338154 107420369 999270936 113971123 440213415 1812140441 958682846 1181241943 478163327
1801823908 1051802512 373399426 402418010 1194819984 127978094 854001193 946785248 136505587 599310825 939042955 1929338154 107420369 999270936 113971123 440213415 1812140441 958682846 478163327 1181241943
1051802512 1801823908 373399426 402418010 1194819984 946785248 854001193 127978094 136505587 599310825 939042955 1929338154 107420369 999270936 113971123 440213415 1812140441 958682846 1181241943 478163327
1051802512 1801823908 373399426 402418010 1194819984 854001193 127978094 946785248 599310825 136505587 939042955 1929338154 107420369 999270936 113971123 958682846 1812140441 440213415 478163327 1181241943
1051802512 1801823908 373399426 402418010 1194819984 946785248 127978094 854001193 136505587 599310825 939042955 1929338154 107420369 999270936 113971123 440213415 1812140441 958682846 1181241943 478163327
1801823908 1051802512 373399426 402418010 1194819984 854001193 127978094 946785248 599310825 136505587 939042955 1929338154 107420369 999270936 113971123 440213415 958682846 1812140441 1181241943 478163327
1801823908 1051802512 373399426 402418010 1194819984 854001193 127978094 946785248 136505587 599310825 939042955 1929338154 107420369 999270936 113971123 440213415 958682846 1812140441 1181241943 478163327
1051802512 1801823908 373399426 402418010 1194819984 127978094 946785248 854001193 136505587 599310825 939042955 1929338154 107420369 999270936 113971123 1812140441 958682846 440213415 1181241943 478163327
1051802512 1801823908 373399426 402418010 1194819984 854001193 127978094 946785248 136505587 599310825 939042955 1929338154 107420369 999270936 113971123 1812140441 958682846 440213415 1181241943 478163327
1051802512 1801823908 373399426 402418010 1194819984 127978094 946785248 854001193 136505587 599310825 939042955 1929338154 107420369 999270936 113971123 1812140441 440213415 958682846 478163327 1181241943
1801823908 1051802512 373399426 402418010 1194819984 854001193 127978094 946785248 136505587 599310825 939042955 1929338154 107420369 999270936 958682846 440213415 1812140441 478163327 1181241943
1801823908 1051802512 402418010 1194819984 127978094 946785248 854001193 599310825 136505587 939042955 1929338154 107420369 999270936 113971123 958682846 1812140441 440213415 1181241943 478163327
1801823908 1051802512 373399426 402418010 1194819984 127978094 946785248 854001193 599310825 136505587 939042955 1929338154 107420369 999270936 113971123 1812140441 440213415 958682846 1181241943 478163327
1801823908 1051802512 373399426 402418010 1194819984 854001193 127978094 946785248 136505587 599310825 939042955 1929338154 107420369 999270936 113971123 1812140441 958682846 1181241943 478163327
1051802512 1801823908 373399426 402418010 1194819984 854001193 946785248 127978094 136505587 599310825 939042955 1929338154 107420369 999270936 113971123 958682846 440213415 1812140441 1181241943 478163327
1051802512 1801823908 373399426 402418010 1194819984 854001193 946785248 127978094 599310825 136505587 939042955 1929338154 107420369 999270936 113971123 958682846 440213415 1812140441 478163327 1181241943
1801823908 1051802512 373399426 402418010 1194819984 127978094 854001193 946785248 599310825 136505587 939042955 1929338154 107420369 999270936 113971123 958682846 440213415 1812140441 478163327 1181241943
1051802512 1801823908 373399426 402418010 1194819984 127978094 946785248 599310825 136505587 939042955 1929338154 107420369 999270936 113971123 958682846 440213415 1181241943 478163327
1801823908 1051802512 373399426 402418010 1194819984 854001193 127978094 946785248 136505587 599310825 939042955 1929338154 107420369 999270936 113971123 958682846 440213415 1812140441 478163327 1181241943
1801823908 1051802512 373399426 402418010 1194819984 127978094 946785248 854001193 599310825 136505587 939042955 1929338154 107420369 999270936 113971123 440213415 1812140441 478163327 1181241943
1051802512 1801823908 373399426 402418010 946785248 127978094 854001193 136505587 939042955 1929338154 107420369 113971123 958682846 440213415 1812140441 478163327 1181241943
1801823908 1051802512 373399426 402418010 1194819984 854001193 946785248 127978094 136505587 599310825 939042955 1929338154 107420369 999270936 113971123 958682846 440213415 1812140441 1181241943 478163327
1051802512 1801823908 373399426 402418010 1194819984 854001193 127978094 946785248 136505587 599310825 939042955 1929338154 107420369 999270936 113971123 440213415 1812140441 958682846 1181241943 478163327
1801823908 1051802512 373399426 402418010 127978094 854001193 946785248 599310825 136505587 939042955 1929338154 107420369 999270936 113971123 1812140441 958682846 440213415 1181241943 478163327
1801823908 1051802512 373399426 402418010 1194819984 946785248 854001193 127978094 136505587 599310825 939042955 1929338154 107420369 999270936 113971123 958682846 440213415 1812140441 478163327 1181241943
1051802512 1801823908 373399426 402418010 1194819984 854001193 946785248 127978094 136505587 599310825 939042955 1929338154 107420369 999270936 113971123 440213415 1812140441 958682846 1181241943 478163327
1051802512 1801823908 373399426 402418010 1194819984 854001193 127978094 946785248 599310825 136505587 939042955 1929338154 107420369 999270936 113971123 1812140441 440213415 1181241943 478163327
1051802512 1801823908 373399426 402418010 1194819984 946785248 854001193 127978094 136505587 599310825 939042955 1929338154 999270936 113971123 440213415 958682846 1812140441 1181241943 478163327
1801823908 1051802512 373399426 402418010 1194819984 946785248 854001193 127978094 136505587 599310825 939042955 1929338154 107420369 999270936 113971123 440213415 1812140441 958682846 478163327 1181241943
1801823908 1051802512 373399426 402418010 127978094 946785248 854001193 136505587 599310825 939042955 1929338154 107420369 999270936 113971123 440213415 958682846 1812140441 478163327 1181241943
1801823908 1051802512 373399426 402418010 127978094 854001193 946785248 136505587 599310825 107420369 999270936 113971123 1812140441 440213415 958682846 478163327
1051802512 373399426 1194819984 946785248 854001193 127978094 599310825 136505587 939042955 1929338154 107420369 113971123 958682846 440213415 478163327 1181241943
1801823908 1051802512 402418010 1194819984 946785248 127978094 854001193 136505587 599310825 939042955 1929338154 107420369 999270936 113971123 958682846 440213415 1812140441 478163327 1181241943
1801823908 1051802512 402418010 1194819984 854001193 946785248 127978094 599310825 136505587 939042955 1929338154 107420369 999270936 113971123 958682846 1812140441 440213415 478163327 1181241943
1051802512 1801823908 373399426 402418010 1194819984 127978094 946785248 854001193 599310825 136505587 939042955 1929338154 107420369 1812140441 440213415 958682846 1181241943 478163327
1051802512 1801823908 373399426 402418010 1194819984 127978094 854001193 946785248 599310825 136505587 939042955 1929338154 107420369 999270936 113971123 440213415 1812140441 958682846 1181241943
1051802512 1801823908 373399426 402418010 1194819984 127978094 946785248 854001193 599310825 136505587 939042955 1929338154 107420369 999270936 113971123 958682846 1812140441 440213415 1181241943 478163327
1051802512 1801823908 373399426 402418010 1194819984 127978094 946785248 854001193 136505587 599310825 939042955 1929338154 107420369 999270936 113971123 958682846 1812140441 440213415 478163327 1181241943
1801823908 1051802512 373399426 402418010 1194819984 854001193 946785248 127978094 599310825 136505587 1929338154 107420369 999270936 113971123 1812140441 440213415 958682846 1181241943 478163327
1051802512 1801823908 373399426 402418010 1194819984 127978094 854001193 946785248 136505587 599310825 939042955 1929338154 107420369 999270936 113971123 440213415 1812140441 958682846 1181241943 478163327
1801823908 1051802512 373399426 402418010 1194819984 946785248 127978094 854001193 599310825 136505587 939042955 1929338154 107420369 999270936 113971123 1812140441 958682846 440213415 1181241943 478163327
1801823908 1051802512 373399426 402418010 1194819984 127978094 946785248 854001193 136505587 599310825 939042955 107420369 999270936 113971123 958682846 440213415 478163327 1181241943
1801823908 1051802512 373399426 402418010 1194819984 127978094 946785248 136505587 599310825 939042955 1929338154 107420369 999270936 113971123 440213415 958682846 1812140441 478163327 1181241943
1801823908 1051802512 373399426 402418010 1194819984 127978094 854001193 599310825 136505587 939042955 1929338154 107420369 999270936 113971123 958682846 440213415 1812140441 1181241943
1801823908 1051802512 373399426 1194819984 946785248 854001193 127978094 136505587 599310825 939042955 1929338154 999270936 113971123 440213415 1812140441 958682846 478163327 1181241943
1801823908 1051802512 373399426 402418010 1194819984 854001193 127978094 946785248 136505587 939042955 1929338154 107420369 999270936 113971123 958682846 440213415 1812140441 1181241943 478163327
1051802512 1801823908 373399426 402418010 1194819984 854001193 127978094 946785248 599310825 136505587 939042955 1929338154 107420369 999270936 113971123 958682846 440213415 478163327 1181241943
1051802512 1801823908 373399426 402418010 1194819984 946785248 127978094 854001193 599310825 136505587 939042955 1929338154 107420369 999270936 113971123 440213415 958682846 1812140441 478163327 1181241943
1051802512 1801823908 373399426 402418010 1194819984 946785248 127978094 854001193 599310825 136505587 939042955 1929338154 107420369 999270936 113971123 1812140441 958682846 440213415 1181241943 478163327
1051802512 1801823908 402418010 1194819984 946785248 854001193 127978094 136505587 939042955 1929338154 107420369 999270936 113971123 440213415 958682846 1812140441 1181241943 478163327
1801823908 1051802512 373399426 402418010 1194819984 946785248 127978094 854001193 136505587 599310825 939042955 1929338154 107420369 999270936 113971123 1812140441 440213415 958682846 1181241943 478163327
1801823908 1051802512 373399426 402418010 1194819984 946785248 854001193 127978094 599310825 136505587 939042955 1929338154 107420369 999270936 113971123 1812140441 440213415 958682846 1181241943 478163327
1801823908 1051802512 373399426 402418010 1194819984 127978094 946785248 854001193 599310825 939042955 1929338154 107420369 999270936 113971123 1812140441 1181241943 478163327
1051802512 1801823908 373399426 402418010 1194819984 127978094 946785248 136505587 599310825 939042955 1929338154 107420369 999270936 113971123 1812140441 440213415 958682846 478163327
1801823908 373399426 1194819984 946785248 127978094 854001193 136505587 939042955 1929338154 107420369 999270936 113971123 440213415 958682846 1181241943 478163327
1801823908 1194819984 854001193 946785248 127978094 599310825 136505587 939042955 1929338154 107420369 999270936 440213415 958682846 1181241943 478163327
1051802512 1801823908 373399426 402418010 1194819984 854001193 127978094 946785248 136505587 599310825 939042955 1929338154 107420369 999270936 113971123 1812140441 958682846 440213415 1181241943 478163327
1801823908 1051802512 402418010 1194819984 127978094 854001193 946785248 599310825 136505587 939042955 1929338154 107420369 999270936 113971123 1812140441 958682846 440213415 478163327 1181241943
1801823908 1051802512 373399426 402418010 1194819984 854001193 946785248 127978094 136505587 599310825 939042955 1929338154 107420369 999270936 113971123 1812140441 958682846 440213415 1181241943 478163327
1801823908 1051802512 373399426 402418010 1194819984 946785248 127978094 854001193 599310825 136505587 939042955 1929338154 107420369 999270936 113971123 440213415 958682846 1812140441 1181241943 478163327
1051802512 1801823908 373399426 402418010 1194819984 946785248 854001193 127978094 599310825 136505587 939042955 1929338154 107420369 999270936 113971123 958682846 440213415 1812140441 1181241943 478163327
