Listening for transport dt_socket at address: 3897
My PID: 2672

From a new terminal type `kill -SIGINT 2672` or `kill -SIGTERM 2672` to stop processing packets

OUTPUT:  /root/tools/out/proc50.output
My ID: 50

List of resolved hosts is:
==========================
0
Human-readable IP: 127.0.0.1
Human-readable Port: 11001

1
Human-readable IP: 127.0.0.1
Human-readable Port: 11002

2
Human-readable IP: 127.0.0.1
Human-readable Port: 11003

3
Human-readable IP: 127.0.0.1
Human-readable Port: 11004

4
Human-readable IP: 127.0.0.1
Human-readable Port: 11005

5
Human-readable IP: 127.0.0.1
Human-readable Port: 11006

6
Human-readable IP: 127.0.0.1
Human-readable Port: 11007

7
Human-readable IP: 127.0.0.1
Human-readable Port: 11008

8
Human-readable IP: 127.0.0.1
Human-readable Port: 11009

9
Human-readable IP: 127.0.0.1
Human-readable Port: 11010

10
Human-readable IP: 127.0.0.1
Human-readable Port: 11011

11
Human-readable IP: 127.0.0.1
Human-readable Port: 11012

12
Human-readable IP: 127.0.0.1
Human-readable Port: 11013

13
Human-readable IP: 127.0.0.1
Human-readable Port: 11014

14
Human-readable IP: 127.0.0.1
Human-readable Port: 11015

15
Human-readable IP: 127.0.0.1
Human-readable Port: 11016

16
Human-readable IP: 127.0.0.1
Human-readable Port: 11017

17
Human-readable IP: 127.0.0.1
Human-readable Port: 11018

18
Human-readable IP: 127.0.0.1
Human-readable Port: 11019

19
Human-readable IP: 127.0.0.1
Human-readable Port: 11020

20
Human-readable IP: 127.0.0.1
Human-readable Port: 11021

21
Human-readable IP: 127.0.0.1
Human-readable Port: 11022

22
Human-readable IP: 127.0.0.1
Human-readable Port: 11023

23
Human-readable IP: 127.0.0.1
Human-readable Port: 11024

24
Human-readable IP: 127.0.0.1
Human-readable Port: 11025

25
Human-readable IP: 127.0.0.1
Human-readable Port: 11026

26
Human-readable IP: 127.0.0.1
Human-readable Port: 11027

27
Human-readable IP: 127.0.0.1
Human-readable Port: 11028

28
Human-readable IP: 127.0.0.1
Human-readable Port: 11029

29
Human-readable IP: 127.0.0.1
Human-readable Port: 11030

30
Human-readable IP: 127.0.0.1
Human-readable Port: 11031

31
Human-readable IP: 127.0.0.1
Human-readable Port: 11032

32
Human-readable IP: 127.0.0.1
Human-readable Port: 11033

33
Human-readable IP: 127.0.0.1
Human-readable Port: 11034

34
Human-readable IP: 127.0.0.1
Human-readable Port: 11035

35
Human-readable IP: 127.0.0.1
Human-readable Port: 11036

36
Human-readable IP: 127.0.0.1
Human-readable Port: 11037

37
Human-readable IP: 127.0.0.1
Human-readable Port: 11038

38
Human-readable IP: 127.0.0.1
Human-readable Port: 11039

39
Human-readable IP: 127.0.0.1
Human-readable Port: 11040

40
Human-readable IP: 127.0.0.1
Human-readable Port: 11041

41
Human-readable IP: 127.0.0.1
Human-readable Port: 11042

42
Human-readable IP: 127.0.0.1
Human-readable Port: 11043

43
Human-readable IP: 127.0.0.1
Human-readable Port: 11044

44
Human-readable IP: 127.0.0.1
Human-readable Port: 11045

45
Human-readable IP: 127.0.0.1
Human-readable Port: 11046

46
Human-readable IP: 127.0.0.1
Human-readable Port: 11047

47
Human-readable IP: 127.0.0.1
Human-readable Port: 11048

48
Human-readable IP: 127.0.0.1
Human-readable Port: 11049

49
Human-readable IP: 127.0.0.1
Human-readable Port: 11050

ProposalSetSize: 1000
Sliding window size: 16
UDPReceiver: Created socket on port 11050
THREAD NUMBER: 1

Path to output:
===============
/root/tools/out/proc50.output

Deleted old output file: false

Path to config:
===============
./out/proc50.config

===============
Doing some initialization

Broadcasting and delivering messages...

Process ID: 50
Starting Round 0
Broadcasting proposal 1 round 0 with 54 elements
__________________________
Starting Round 1
Broadcasting proposal 1 round 1 with 37 elements
__________________________
Starting Round 2
Broadcasting proposal 1 round 2 with 56 elements
__________________________
Starting Round 3
Broadcasting proposal 1 round 3 with 82 elements
__________________________
Starting Round 4
Broadcasting proposal 1 round 4 with 27 elements
__________________________
Starting Round 5
Broadcasting proposal 1 round 5 with 32 elements
__________________________
Starting Round 6
Broadcasting proposal 1 round 6 with 1 elements
__________________________
Starting Round 7
Broadcasting proposal 1 round 7 with 46 elements
__________________________
Broadcasting NEW proposal 2 round 5 with 795 elements
__________________________
Broadcasting NEW proposal 2 round 0 with 860 elements
__________________________
DECIDED: 0 894
Broadcasting DELIVERY OF: 0
DECIDED: 1 913
Broadcasting DELIVERY OF: 1
DECIDED: 2 878
Broadcasting DELIVERY OF: 2
DECIDED: 3 826
Broadcasting DELIVERY OF: 3
DECIDED: 4 872
Broadcasting DELIVERY OF: 4
DECIDED: 5 862
Broadcasting DELIVERY OF: 5
DECIDED: 6 872
Broadcasting DELIVERY OF: 6
DECIDED: 7 859
Broadcasting DELIVERY OF: 7
Starting Round 8
Broadcasting proposal 1 round 8 with 221 elements
__________________________
Starting Round 9
Broadcasting proposal 1 round 9 with 286 elements
__________________________
Starting Round 10
Broadcasting proposal 1 round 10 with 224 elements
__________________________
Starting Round 11
Broadcasting proposal 1 round 11 with 202 elements
__________________________
Starting Round 12
Broadcasting proposal 1 round 12 with 328 elements
__________________________
Starting Round 13
Broadcasting proposal 1 round 13 with 280 elements
__________________________
Starting Round 14
Broadcasting proposal 1 round 14 with 178 elements
__________________________
Starting Round 15
Broadcasting proposal 1 round 15 with 220 elements
__________________________
Broadcasting NEW proposal 2 round 15 with 478 elements
__________________________
Broadcasting NEW proposal 2 round 13 with 535 elements
__________________________
Broadcasting NEW proposal 2 round 10 with 429 elements
__________________________
Broadcasting NEW proposal 2 round 8 with 402 elements
__________________________
Broadcasting NEW proposal 2 round 9 with 537 elements
__________________________
Broadcasting NEW proposal 2 round 14 with 397 elements
__________________________
Broadcasting NEW proposal 2 round 12 with 522 elements
__________________________
Broadcasting NEW proposal 2 round 11 with 349 elements
__________________________
Broadcasting NEW proposal 3 round 12 with 692 elements
__________________________
Broadcasting NEW proposal 3 round 13 with 659 elements
__________________________
Broadcasting NEW proposal 3 round 14 with 662 elements
__________________________
Broadcasting NEW proposal 3 round 15 with 683 elements
__________________________
DECIDED: 8 650
Broadcasting DELIVERY OF: 8
DECIDED: 9 652
Broadcasting DELIVERY OF: 9
DECIDED: 10 587
Broadcasting DELIVERY OF: 10
DECIDED: 11 521
Broadcasting DELIVERY OF: 11
Starting Round 16
Broadcasting proposal 1 round 16 with 236 elements
__________________________
Starting Round 17
Broadcasting proposal 1 round 17 with 178 elements
__________________________
Starting Round 18
Broadcasting proposal 1 round 18 with 214 elements
__________________________
Starting Round 19
Broadcasting proposal 1 round 19 with 194 elements
__________________________
Sent 1000 messages.
Broadcasting NEW proposal 2 round 18 with 363 elements
__________________________
Broadcasting NEW proposal 2 round 19 with 369 elements
__________________________
Broadcasting NEW proposal 2 round 17 with 358 elements
__________________________
DECIDED: 12 806
Broadcasting DELIVERY OF: 12
DECIDED: 13 782
Broadcasting DELIVERY OF: 13
DECIDED: 14 737
Broadcasting DELIVERY OF: 14
DECIDED: 15 773
Broadcasting DELIVERY OF: 15
Broadcasting NEW proposal 2 round 16 with 413 elements
__________________________
Starting Round 20
Broadcasting proposal 1 round 20 with 303 elements
__________________________
Starting Round 21
Broadcasting proposal 1 round 21 with 308 elements
__________________________
Starting Round 22
Broadcasting proposal 1 round 22 with 90 elements
__________________________
Starting Round 23
Broadcasting proposal 1 round 23 with 277 elements
__________________________
Broadcasting NEW proposal 2 round 23 with 604 elements
__________________________
Broadcasting NEW proposal 2 round 22 with 452 elements
__________________________
Broadcasting NEW proposal 2 round 21 with 577 elements
__________________________
Broadcasting NEW proposal 2 round 20 with 612 elements
__________________________
DECIDED: 16 744
Broadcasting DELIVERY OF: 16
DECIDED: 17 603
Broadcasting DELIVERY OF: 17
DECIDED: 18 593
Broadcasting DELIVERY OF: 18
DECIDED: 19 599
Broadcasting DELIVERY OF: 19
Starting Round 24
Broadcasting proposal 1 round 24 with 314 elements
__________________________
Starting Round 25
Broadcasting proposal 1 round 25 with 188 elements
__________________________
Starting Round 26
Broadcasting proposal 1 round 26 with 206 elements
__________________________
Starting Round 27
Broadcasting proposal 1 round 27 with 288 elements
__________________________
DECIDED: 20 746
Broadcasting DELIVERY OF: 20
Broadcasting NEW proposal 2 round 26 with 266 elements
__________________________
Broadcasting NEW proposal 2 round 24 with 354 elements
__________________________
Broadcasting NEW proposal 2 round 27 with 348 elements
__________________________
Broadcasting NEW proposal 2 round 25 with 241 elements
__________________________
DECIDED: 21 666
Broadcasting DELIVERY OF: 21
DECIDED: 22 617
Broadcasting DELIVERY OF: 22
DECIDED: 23 726
Broadcasting DELIVERY OF: 23
Starting Round 28
Broadcasting proposal 1 round 28 with 255 elements
__________________________
Starting Round 29
Broadcasting proposal 1 round 29 with 142 elements
__________________________
Starting Round 30
Broadcasting proposal 1 round 30 with 192 elements
__________________________
Starting Round 31
Broadcasting proposal 1 round 31 with 240 elements
__________________________
Sent 2000 messages.
Broadcasting NEW proposal 2 round 31 with 548 elements
__________________________
Broadcasting NEW proposal 2 round 29 with 608 elements
__________________________
Broadcasting NEW proposal 2 round 30 with 557 elements
__________________________
Broadcasting NEW proposal 2 round 28 with 546 elements
__________________________
DECIDED: 24 689
Broadcasting DELIVERY OF: 24
DECIDED: 25 610
Broadcasting DELIVERY OF: 25
DECIDED: 26 554
Broadcasting DELIVERY OF: 26
DECIDED: 27 629
Broadcasting DELIVERY OF: 27
Starting Round 32
Broadcasting proposal 1 round 32 with 175 elements
__________________________
Starting Round 33
Broadcasting proposal 1 round 33 with 195 elements
__________________________
Starting Round 34
Broadcasting proposal 1 round 34 with 228 elements
__________________________
Starting Round 35
Broadcasting proposal 1 round 35 with 253 elements
__________________________
Broadcasting NEW proposal 2 round 35 with 290 elements
__________________________
Broadcasting NEW proposal 2 round 34 with 234 elements
__________________________
Broadcasting NEW proposal 2 round 32 with 266 elements
__________________________
Broadcasting NEW proposal 2 round 33 with 232 elements
__________________________
DECIDED: 28 700
Broadcasting DELIVERY OF: 28
DECIDED: 29 729
Broadcasting DELIVERY OF: 29
DECIDED: 30 711
Broadcasting DELIVERY OF: 30
DECIDED: 31 687
Broadcasting DELIVERY OF: 31
Starting Round 36
Broadcasting proposal 1 round 36 with 318 elements
__________________________
Starting Round 37
Broadcasting proposal 1 round 37 with 208 elements
__________________________
Starting Round 38
Broadcasting proposal 1 round 38 with 115 elements
__________________________
Starting Round 39
Broadcasting proposal 1 round 39 with 121 elements
__________________________
Cleared proposal set for round 0
Broadcasting NEW proposal 2 round 39 with 435 elements
__________________________
Broadcasting NEW proposal 2 round 38 with 512 elements
__________________________
Broadcasting NEW proposal 2 round 37 with 469 elements
__________________________
DECIDED: 32 467
Broadcasting DELIVERY OF: 32
DECIDED: 33 422
Broadcasting DELIVERY OF: 33
DECIDED: 34 432
Broadcasting DELIVERY OF: 34
DECIDED: 35 513
Broadcasting DELIVERY OF: 35
Broadcasting NEW proposal 2 round 36 with 610 elements
__________________________
Starting Round 40
Broadcasting proposal 1 round 40 with 205 elements
__________________________
Starting Round 41
Broadcasting proposal 1 round 41 with 126 elements
__________________________
Starting Round 42
Broadcasting proposal 1 round 42 with 150 elements
__________________________
Starting Round 43
Broadcasting proposal 1 round 43 with 213 elements
__________________________
Sent 3000 messages.
Cleared proposal set for round 4
Cleared proposal set for round 5
Cleared proposal set for round 3
Cleared proposal set for round 2
Cleared proposal set for round 6
Cleared proposal set for round 1
Cleared proposal set for round 7
Broadcasting NEW proposal 2 round 41 with 271 elements
__________________________
Broadcasting NEW proposal 2 round 40 with 263 elements
__________________________
Broadcasting NEW proposal 2 round 42 with 298 elements
__________________________
Broadcasting NEW proposal 2 round 43 with 296 elements
__________________________
DECIDED: 36 693
Broadcasting DELIVERY OF: 36
DECIDED: 37 645
Broadcasting DELIVERY OF: 37
DECIDED: 38 637
Broadcasting DELIVERY OF: 38
DECIDED: 39 596
Broadcasting DELIVERY OF: 39
Starting Round 44
Broadcasting proposal 1 round 44 with 291 elements
__________________________
Starting Round 45
Broadcasting proposal 1 round 45 with 148 elements
__________________________
Starting Round 46
Broadcasting proposal 1 round 46 with 194 elements
__________________________
Starting Round 47
Broadcasting proposal 1 round 47 with 150 elements
__________________________
Cleared proposal set for round 8
Broadcasting NEW proposal 2 round 45 with 523 elements
__________________________
Broadcasting NEW proposal 2 round 47 with 517 elements
__________________________
DECIDED: 40 518
Broadcasting DELIVERY OF: 40
Broadcasting NEW proposal 2 round 46 with 484 elements
__________________________
Broadcasting NEW proposal 2 round 44 with 535 elements
__________________________
DECIDED: 41 528
Broadcasting DELIVERY OF: 41
DECIDED: 42 522
Broadcasting DELIVERY OF: 42
DECIDED: 43 640
Broadcasting DELIVERY OF: 43
Starting Round 48
Broadcasting proposal 1 round 48 with 159 elements
__________________________
Starting Round 49
Broadcasting proposal 1 round 49 with 238 elements
__________________________
Cleared proposal set for round 9
Cleared proposal set for round 14
Cleared proposal set for round 12
Cleared proposal set for round 13
Cleared proposal set for round 11
Cleared proposal set for round 10
Cleared proposal set for round 15
DECIDED: 44 669
Broadcasting DELIVERY OF: 44
DECIDED: 45 640
Broadcasting DELIVERY OF: 45
DECIDED: 46 623
Broadcasting DELIVERY OF: 46
DECIDED: 47 630
Broadcasting DELIVERY OF: 47
DECIDED: 48 288
Broadcasting DELIVERY OF: 48
DECIDED: 49 302
Broadcasting DELIVERY OF: 49
Sent 4000 messages.
Cleared proposal set for round 16
Cleared proposal set for round 17
Cleared proposal set for round 18
Cleared proposal set for round 22
Cleared proposal set for round 20
Cleared proposal set for round 19
Cleared proposal set for round 21
Cleared proposal set for round 23
Cleared proposal set for round 24
Cleared proposal set for round 25
Cleared proposal set for round 29
Cleared proposal set for round 26
Cleared proposal set for round 30
Cleared proposal set for round 27
Cleared proposal set for round 28
Cleared proposal set for round 31
Cleared proposal set for round 32
Cleared proposal set for round 33
Cleared proposal set for round 37
Cleared proposal set for round 35
Cleared proposal set for round 38
Cleared proposal set for round 36
Cleared proposal set for round 34
Cleared proposal set for round 39
Cleared proposal set for round 41
Cleared proposal set for round 40
Cleared proposal set for round 43
Cleared proposal set for round 45
Cleared proposal set for round 42
Cleared proposal set for round 46
Cleared proposal set for round 44
Cleared proposal set for round 47
Cleared proposal set for round 49
Cleared proposal set for round 48
Immediately stopping network packet processing.
Writing output.
