b 1
b 2
b 3
b 4
b 5
b 6
b 7
b 8
b 9
b 10
d 5 1
d 5 2
d 5 3
d 5 4
d 5 5
d 5 6
d 5 7
d 5 8
d 5 9
d 5 10
d 3 1
d 3 2
d 3 3
d 3 4
d 3 5
d 3 6
d 3 7
d 3 8
d 3 9
d 3 10
d 4 1
d 4 2
d 4 3
d 4 4
d 4 5
d 4 6
d 4 7
d 4 8
d 4 9
d 4 10
d 8 1
d 8 2
d 8 3
d 8 4
d 8 5
d 8 6
d 8 7
d 8 8
d 8 9
d 8 10
d 2 1
d 2 2
d 2 3
d 2 4
d 2 5
d 2 6
d 2 7
d 2 8
d 2 9
d 2 10
d 6 1
d 6 2
d 6 3
d 6 4
d 6 5
d 6 6
d 6 7
d 6 8
d 6 9
d 6 10
d 7 1
d 7 2
d 7 3
d 7 4
d 7 5
d 7 6
d 7 7
d 7 8
d 7 9
d 7 10
d 14 1
d 14 2
d 14 3
d 14 4
d 14 5
d 14 6
d 14 7
d 14 8
d 14 9
d 14 10
d 17 1
d 17 2
d 17 3
d 17 4
d 17 5
d 17 6
d 17 7
d 17 8
d 17 9
d 17 10
d 18 1
d 18 2
d 18 3
d 18 4
d 18 5
d 18 6
d 18 7
d 18 8
d 18 9
d 18 10
d 23 1
d 23 2
d 23 3
d 24 1
d 24 2
d 24 3
d 24 4
d 24 5
d 24 6
d 24 7
d 24 8
d 24 9
d 24 10
d 23 4
d 23 5
d 23 6
d 23 7
d 23 8
d 23 9
d 23 10
d 10 1
d 10 2
d 10 3
d 10 4
d 10 5
d 10 6
d 10 7
d 10 8
d 10 9
d 10 10
d 25 1
d 25 2
d 25 3
d 25 4
d 25 5
d 25 6
d 25 7
d 25 8
d 25 9
d 25 10
d 9 1
d 9 2
d 9 3
d 9 4
d 9 5
d 9 6
d 9 7
d 9 8
d 9 9
d 9 10
d 12 1
d 12 2
d 12 3
d 12 4
d 12 5
d 12 6
d 12 7
d 12 8
d 12 9
d 12 10
d 16 1
d 16 2
d 16 3
d 16 4
d 16 5
d 16 6
d 16 7
d 16 8
d 16 9
d 16 10
d 19 1
d 19 2
d 19 3
d 19 4
d 19 5
d 19 6
d 19 7
d 19 8
d 19 9
d 19 10
d 26 1
d 26 2
d 26 3
d 26 4
d 26 5
d 26 6
d 26 7
d 26 8
d 26 9
d 26 10
d 15 1
d 15 2
d 15 3
d 15 4
d 15 5
d 15 6
d 15 7
d 15 8
d 15 9
d 15 10
d 1 1
d 1 2
d 1 3
d 1 4
d 1 5
d 1 6
d 1 7
d 1 8
d 22 1
d 22 2
d 22 3
d 22 4
d 22 5
d 22 6
d 22 7
d 22 8
d 22 9
d 22 10
d 1 9
d 1 10
d 20 1
d 20 2
d 20 3
d 20 4
d 20 5
d 20 6
d 20 7
d 20 8
d 20 9
d 20 10
d 13 1
d 13 2
d 13 3
d 13 4
d 13 5
d 13 6
d 13 7
d 13 8
d 28 1
d 28 2
d 28 3
d 28 4
d 28 5
d 28 6
d 28 7
d 28 8
d 28 9
d 28 10
d 13 9
d 13 10
d 35 1
d 35 2
d 35 3
d 35 4
d 35 5
d 35 6
d 35 7
d 35 8
d 35 9
d 35 10
d 38 1
d 38 2
d 38 3
d 38 4
d 38 5
d 38 6
d 38 7
d 38 8
d 38 9
d 38 10
d 37 1
d 37 2
d 37 3
d 37 4
d 37 5
d 37 6
d 37 7
d 37 8
d 37 9
d 37 10
d 40 1
d 40 2
d 40 3
d 40 4
d 40 5
d 40 6
d 40 7
d 40 8
d 36 1
d 36 2
d 36 3
d 36 4
d 36 5
d 36 6
d 36 7
d 36 8
d 36 9
d 36 10
d 40 9
d 40 10
d 41 1
d 41 2
d 41 3
d 41 4
d 41 5
d 41 6
d 41 7
d 41 8
d 41 9
d 41 10
d 31 1
d 11 1
d 11 2
d 11 3
d 11 4
d 11 5
d 11 6
d 11 7
d 11 8
d 11 9
d 11 10
d 31 2
d 31 3
d 31 4
d 31 5
d 31 6
d 31 7
d 31 8
d 21 1
d 21 2
d 21 3
d 21 4
d 21 5
d 21 6
d 21 7
d 21 8
d 21 9
d 21 10
d 31 9
d 31 10
d 34 1
d 34 2
d 34 3
d 34 4
d 34 5
d 34 6
d 34 7
d 34 8
d 34 9
d 34 10
d 48 1
d 48 2
d 48 3
d 48 4
d 48 5
d 48 6
d 48 7
d 48 8
d 48 9
d 48 10
d 47 1
d 47 2
d 47 3
d 47 4
d 47 5
d 47 6
d 47 7
d 47 8
d 47 9
d 47 10
b 11
b 12
b 13
b 14
b 15
b 16
b 17
b 18
b 19
b 20
d 54 1
d 54 2
d 54 3
d 54 4
d 54 5
d 54 6
d 52 1
d 52 2
d 52 3
d 52 4
d 52 5
d 52 6
d 52 7
d 52 8
d 52 9
d 52 10
d 54 7
d 54 8
d 54 9
d 54 10
d 53 1
d 53 2
d 53 3
d 53 4
d 53 5
d 53 6
d 53 7
d 53 8
d 53 9
d 53 10
d 42 1
d 42 2
d 42 3
d 42 4
d 42 5
d 42 6
d 42 7
d 42 8
d 42 9
d 42 10
d 43 1
d 43 2
d 43 3
d 43 4
d 43 5
d 43 6
d 43 7
d 43 8
d 43 9
d 43 10
d 46 1
d 46 2
d 46 3
d 46 4
d 46 5
d 46 6
d 46 7
d 46 8
d 46 9
d 46 10
d 39 1
d 39 2
d 39 3
d 39 4
d 39 5
d 39 6
d 39 7
d 39 8
d 39 9
d 39 10
d 50 1
d 50 2
d 50 3
d 50 4
d 50 5
d 50 6
d 50 7
d 50 8
d 50 9
d 50 10
d 44 1
d 44 2
d 44 3
d 44 4
d 44 5
d 44 6
d 44 7
d 44 8
d 44 9
d 44 10
d 49 1
d 49 2
d 49 3
d 49 4
d 49 5
d 49 6
d 49 7
d 49 8
d 49 9
d 49 10
d 30 1
d 30 2
d 30 3
d 30 4
d 30 5
d 30 6
d 30 7
d 30 8
d 30 9
d 30 10
d 63 1
d 63 2
d 63 3
d 63 4
d 63 5
d 63 6
d 63 7
d 63 8
d 63 9
d 63 10
d 58 1
d 58 2
d 58 3
d 58 4
d 58 5
d 58 6
d 58 7
d 58 8
d 58 9
d 58 10
d 51 1
d 51 2
d 51 3
d 51 4
d 51 5
d 51 6
d 51 7
d 51 8
d 51 9
d 51 10
d 60 1
d 60 2
d 60 3
d 60 4
d 60 5
d 60 6
d 60 7
d 60 8
d 60 9
d 60 10
d 56 1
d 56 2
d 56 3
d 56 4
d 56 5
d 56 6
d 56 7
d 56 8
d 56 9
d 56 10
d 45 1
d 45 2
d 45 3
d 45 4
d 45 5
d 45 6
d 45 7
d 45 8
d 45 9
d 45 10
d 61 1
d 61 2
d 61 3
d 61 4
d 61 5
d 61 6
d 61 7
d 61 8
d 61 9
d 61 10
d 57 1
d 57 2
d 57 3
d 57 4
d 57 5
d 57 6
d 57 7
d 57 8
d 57 9
d 57 10
d 33 1
d 33 2
d 33 3
d 33 4
d 33 5
d 33 6
d 33 7
d 33 8
d 33 9
d 33 10
d 59 1
d 59 2
d 59 3
d 59 4
d 59 5
d 59 6
d 59 7
d 59 8
d 59 9
d 59 10
d 62 1
d 62 2
d 62 3
d 62 4
d 62 5
d 62 6
d 62 7
d 62 8
d 62 9
d 62 10
d 32 1
d 32 2
d 32 3
d 32 4
d 32 5
d 32 6
d 32 7
d 32 8
d 32 9
d 32 10
d 27 1
d 27 2
d 27 3
d 27 4
d 27 5
d 27 6
d 27 7
d 27 8
d 27 9
d 27 10
d 64 1
d 64 2
d 64 3
d 64 4
d 64 5
d 64 6
d 64 7
d 64 8
d 29 1
d 29 2
d 29 3
d 29 4
d 29 5
d 29 6
d 29 7
d 29 8
d 64 9
d 64 10
d 29 9
d 29 10
d 55 1
d 55 2
d 55 3
d 55 4
d 55 5
d 55 6
d 55 7
d 55 8
d 55 9
d 55 10
d 5 11
d 5 12
d 5 13
d 5 14
d 5 15
d 5 16
d 5 17
d 5 18
d 5 19
d 5 20
d 3 11
d 3 12
d 3 13
d 3 14
d 3 15
d 3 16
d 3 17
d 3 18
d 3 19
d 3 20
d 4 11
d 4 12
d 4 13
d 4 14
d 4 15
d 4 16
d 4 17
d 4 18
d 4 19
d 4 20
d 2 11
d 2 12
d 2 13
d 2 14
d 2 15
d 2 16
d 2 17
d 2 18
d 2 19
d 2 20
d 8 11
d 8 12
d 8 13
d 8 14
d 8 15
d 8 16
d 8 17
d 8 18
d 8 19
d 8 20
d 14 11
d 14 12
d 14 13
d 14 14
d 14 15
d 14 16
d 14 17
d 14 18
d 14 19
d 14 20
d 6 11
d 6 12
d 6 13
d 6 14
d 6 15
d 6 16
d 6 17
d 6 18
d 6 19
d 6 20
d 17 11
d 17 12
d 7 11
d 7 12
d 7 13
d 7 14
d 7 15
d 7 16
d 7 17
d 7 18
d 7 19
d 7 20
d 17 13
d 17 14
d 17 15
d 17 16
d 17 17
d 17 18
d 17 19
d 17 20
d 9 11
d 9 12
d 9 13
d 9 14
d 9 15
d 9 16
d 18 11
d 18 12
d 18 13
d 18 14
d 18 15
d 23 11
d 23 12
d 23 13
d 23 14
d 23 15
d 23 16
d 23 17
d 23 18
d 23 19
d 23 20
d 9 17
d 9 18
d 9 19
d 9 20
d 12 11
d 12 12
d 12 13
d 12 14
d 12 15
d 12 16
d 12 17
d 12 18
d 12 19
d 12 20
d 24 11
d 24 12
d 24 13
d 24 14
d 24 15
d 24 16
d 24 17
d 24 18
d 24 19
d 24 20
d 18 16
d 18 17
d 18 18
d 18 19
d 18 20
d 10 11
d 10 12
d 10 13
d 10 14
d 10 15
d 10 16
d 10 17
d 10 18
d 10 19
d 10 20
d 16 11
d 16 12
d 25 11
d 25 12
d 25 13
d 25 14
d 25 15
d 25 16
d 25 17
d 25 18
d 25 19
d 25 20
d 16 13
d 16 14
d 16 15
d 16 16
d 16 17
d 16 18
d 16 19
d 16 20
d 26 11
d 26 12
d 19 11
d 19 12
d 19 13
d 19 14
d 19 15
d 19 16
d 19 17
d 19 18
d 19 19
d 19 20
d 26 13
d 26 14
d 26 15
d 26 16
d 20 11
d 20 12
d 20 13
d 20 14
d 20 15
d 20 16
d 20 17
d 20 18
d 20 19
d 20 20
d 22 11
d 22 12
d 22 13
d 22 14
d 22 15
d 22 16
d 22 17
d 22 18
d 22 19
d 22 20
d 15 11
d 15 12
d 15 13
d 15 14
d 15 15
d 15 16
d 15 17
d 15 18
d 26 17
d 26 18
d 26 19
d 26 20
d 15 19
d 15 20
d 1 11
d 1 12
d 1 13
d 1 14
d 1 15
d 1 16
d 1 17
d 1 18
d 1 19
d 1 20
d 35 11
d 35 12
d 35 13
d 35 14
d 35 15
d 35 16
d 35 17
d 35 18
d 35 19
d 35 20
d 13 11
d 13 12
d 13 13
d 13 14
d 13 15
d 13 16
d 13 17
d 13 18
d 13 19
d 13 20
d 28 11
d 28 12
d 28 13
d 28 14
d 28 15
d 28 16
d 28 17
d 28 18
d 28 19
d 28 20
b 21
b 22
b 23
b 24
b 25
b 26
b 27
b 28
b 29
b 30
d 41 11
d 41 12
d 41 13
d 41 14
d 40 11
d 40 12
d 40 13
d 40 14
d 40 15
d 40 16
d 40 17
d 40 18
d 40 19
d 40 20
d 41 15
d 41 16
d 41 17
d 34 11
d 34 12
d 34 13
d 34 14
d 34 15
d 34 16
d 34 17
d 34 18
d 34 19
d 34 20
d 41 18
d 41 19
d 41 20
d 21 11
d 31 11
d 31 12
d 31 13
d 31 14
d 31 15
d 31 16
d 31 17
d 31 18
d 31 19
d 31 20
d 21 12
d 21 13
d 21 14
d 21 15
d 21 16
d 21 17
d 21 18
d 21 19
d 21 20
d 11 11
d 11 12
d 11 13
d 11 14
d 11 15
d 11 16
d 11 17
d 11 18
d 11 19
d 11 20
d 37 11
d 37 12
d 37 13
d 37 14
d 37 15
d 37 16
d 37 17
d 37 18
d 37 19
d 37 20
d 47 11
d 47 12
d 47 13
d 47 14
d 47 15
d 47 16
d 47 17
d 47 18
d 47 19
d 47 20
d 48 11
d 48 12
d 48 13
d 48 14
d 48 15
d 48 16
d 48 17
d 48 18
d 48 19
d 48 20
d 46 11
d 46 12
d 46 13
d 46 14
d 46 15
d 46 16
d 46 17
d 46 18
d 46 19
d 46 20
d 42 11
d 42 12
d 53 11
d 53 12
d 53 13
d 53 14
d 53 15
d 53 16
d 53 17
d 53 18
d 53 19
d 53 20
d 50 11
d 50 12
d 50 13
d 50 14
d 50 15
d 50 16
d 50 17
d 50 18
d 50 19
d 50 20
d 43 11
d 42 13
d 42 14
d 42 15
d 42 16
d 42 17
d 42 18
d 42 19
d 42 20
d 39 11
d 39 12
d 39 13
d 39 14
d 39 15
d 39 16
d 39 17
d 39 18
d 39 19
d 39 20
d 43 12
d 43 13
d 43 14
d 43 15
d 43 16
d 43 17
d 43 18
d 43 19
d 43 20
d 44 11
d 44 12
d 44 13
d 44 14
d 44 15
d 44 16
d 44 17
d 44 18
d 44 19
d 44 20
d 30 11
d 30 12
d 30 13
d 30 14
d 30 15
d 30 16
d 30 17
d 30 18
d 30 19
d 30 20
