Listening for transport dt_socket at address: 8869
My PID: 64957

From a new terminal type `kill -SIGINT 64957` or `kill -SIGTERM 64957` to stop processing packets

OUTPUT:  /Users/aybarsyazici/Documents/EPFL/distributed/EPFL-CS451-Project/tools/out/proc21.output
My ID: 21

List of resolved hosts is:
==========================
0
Human-readable IP: 127.0.0.1
Human-readable Port: 11001

1
Human-readable IP: 127.0.0.1
Human-readable Port: 11002

2
Human-readable IP: 127.0.0.1
Human-readable Port: 11003

3
Human-readable IP: 127.0.0.1
Human-readable Port: 11004

4
Human-readable IP: 127.0.0.1
Human-readable Port: 11005

5
Human-readable IP: 127.0.0.1
Human-readable Port: 11006

6
Human-readable IP: 127.0.0.1
Human-readable Port: 11007

7
Human-readable IP: 127.0.0.1
Human-readable Port: 11008

8
Human-readable IP: 127.0.0.1
Human-readable Port: 11009

9
Human-readable IP: 127.0.0.1
Human-readable Port: 11010

10
Human-readable IP: 127.0.0.1
Human-readable Port: 11011

11
Human-readable IP: 127.0.0.1
Human-readable Port: 11012

12
Human-readable IP: 127.0.0.1
Human-readable Port: 11013

13
Human-readable IP: 127.0.0.1
Human-readable Port: 11014

14
Human-readable IP: 127.0.0.1
Human-readable Port: 11015

15
Human-readable IP: 127.0.0.1
Human-readable Port: 11016

16
Human-readable IP: 127.0.0.1
Human-readable Port: 11017

17
Human-readable IP: 127.0.0.1
Human-readable Port: 11018

18
Human-readable IP: 127.0.0.1
Human-readable Port: 11019

19
Human-readable IP: 127.0.0.1
Human-readable Port: 11020

20
Human-readable IP: 127.0.0.1
Human-readable Port: 11021

ProposalSetSize: 1800
Sliding window size: 16
UDPReceiver: Created socket on port 11021
THREAD NUMBER: 1
21
Human-readable IP: 127.0.0.1
Human-readable Port: 11022

22
Human-readable IP: 127.0.0.1
Human-readable Port: 11023

23
Human-readable IP: 127.0.0.1
Human-readable Port: 11024

24
Human-readable IP: 127.0.0.1
Human-readable Port: 11025

25
Human-readable IP: 127.0.0.1
Human-readable Port: 11026

26
Human-readable IP: 127.0.0.1
Human-readable Port: 11027

27
Human-readable IP: 127.0.0.1
Human-readable Port: 11028

28
Human-readable IP: 127.0.0.1
Human-readable Port: 11029

29
Human-readable IP: 127.0.0.1
Human-readable Port: 11030

30
Human-readable IP: 127.0.0.1
Human-readable Port: 11031

31
Human-readable IP: 127.0.0.1
Human-readable Port: 11032

32
Human-readable IP: 127.0.0.1
Human-readable Port: 11033

33
Human-readable IP: 127.0.0.1
Human-readable Port: 11034

34
Human-readable IP: 127.0.0.1
Human-readable Port: 11035

35
Human-readable IP: 127.0.0.1
Human-readable Port: 11036

36
Human-readable IP: 127.0.0.1
Human-readable Port: 11037

37
Human-readable IP: 127.0.0.1
Human-readable Port: 11038

38
Human-readable IP: 127.0.0.1
Human-readable Port: 11039

39
Human-readable IP: 127.0.0.1
Human-readable Port: 11040

40
Human-readable IP: 127.0.0.1
Human-readable Port: 11041

41
Human-readable IP: 127.0.0.1
Human-readable Port: 11042

42
Human-readable IP: 127.0.0.1
Human-readable Port: 11043

43
Human-readable IP: 127.0.0.1
Human-readable Port: 11044

44
Human-readable IP: 127.0.0.1
Human-readable Port: 11045

45
Human-readable IP: 127.0.0.1
Human-readable Port: 11046

46
Human-readable IP: 127.0.0.1
Human-readable Port: 11047

47
Human-readable IP: 127.0.0.1
Human-readable Port: 11048

48
Human-readable IP: 127.0.0.1
Human-readable Port: 11049

49
Human-readable IP: 127.0.0.1
Human-readable Port: 11050


Path to output:
===============
/Users/aybarsyazici/Documents/EPFL/distributed/EPFL-CS451-Project/tools/out/proc21.output

Deleted old output file: false

Path to config:
===============
./out/proc21.config

===============
Doing some initialization

Broadcasting and delivering messages...

Process ID: 21
Starting Round 0
Proposing Round 0 [983222878, 1899360801, 925861658, 1995627518]
Broadcasting proposal 1 round 0 with 4 elements
__________________________
Starting Round 1
Proposing Round 1 [1380946943, 1277121963, 265745534, 576775951]
Broadcasting proposal 1 round 1 with 4 elements
__________________________
Starting Round 2
Proposing Round 2 [67779246, 1566942273, 479112937, 480468219, 1174491176, 1201391159]
Broadcasting proposal 1 round 2 with 6 elements
__________________________
Starting Round 3
Proposing Round 3 [405126228, 1832937460, 1629748727, 2136253713, 317234448, 1899061865, 121863227, 1059257080, 414741061, 741553420]
Broadcasting proposal 1 round 3 with 10 elements
__________________________
Starting Round 4
Proposing Round 4 [252860896, 2003484425, 582824840, 322299355, 1008752943, 1891100776, 1782164134]
Broadcasting proposal 1 round 4 with 7 elements
__________________________
Starting Round 5
Proposing Round 5 [1179387055, 1931000173, 918920620, 1887302225, 1784572192, 220661337]
Broadcasting proposal 1 round 5 with 6 elements
__________________________
Starting Round 6
Proposing Round 6 [1067970820]
Broadcasting proposal 1 round 6 with 1 elements
__________________________
Starting Round 7
Proposing Round 7 [1070298438]
Broadcasting proposal 1 round 7 with 1 elements
__________________________
Immediately stopping network packet processing.
Writing output.
