Listening for transport dt_socket at address: 5422
My PID: 2385

From a new terminal type `kill -SIGINT 2385` or `kill -SIGTERM 2385` to stop processing packets

OUTPUT:  /root/tools/out/proc36.output
My ID: 36

List of resolved hosts is:
==========================
0
Human-readable IP: 127.0.0.1
Human-readable Port: 11001

1
Human-readable IP: 127.0.0.1
Human-readable Port: 11002

2
Human-readable IP: 127.0.0.1
Human-readable Port: 11003

3
Human-readable IP: 127.0.0.1
Human-readable Port: 11004

4
Human-readable IP: 127.0.0.1
Human-readable Port: 11005

5
Human-readable IP: 127.0.0.1
Human-readable Port: 11006

6
Human-readable IP: 127.0.0.1
Human-readable Port: 11007

7
Human-readable IP: 127.0.0.1
Human-readable Port: 11008

8
Human-readable IP: 127.0.0.1
Human-readable Port: 11009

9
Human-readable IP: 127.0.0.1
Human-readable Port: 11010

10
Human-readable IP: 127.0.0.1
Human-readable Port: 11011

11
Human-readable IP: 127.0.0.1
Human-readable Port: 11012

12
Human-readable IP: 127.0.0.1
Human-readable Port: 11013

13
Human-readable IP: 127.0.0.1
Human-readable Port: 11014

14
Human-readable IP: 127.0.0.1
Human-readable Port: 11015

15
Human-readable IP: 127.0.0.1
Human-readable Port: 11016

16
Human-readable IP: 127.0.0.1
Human-readable Port: 11017

17
Human-readable IP: 127.0.0.1
Human-readable Port: 11018

18
Human-readable IP: 127.0.0.1
Human-readable Port: 11019

19
Human-readable IP: 127.0.0.1
Human-readable Port: 11020

20
Human-readable IP: 127.0.0.1
Human-readable Port: 11021

21
Human-readable IP: 127.0.0.1
Human-readable Port: 11022

22
Human-readable IP: 127.0.0.1
Human-readable Port: 11023

23
Human-readable IP: 127.0.0.1
Human-readable Port: 11024

24
Human-readable IP: 127.0.0.1
Human-readable Port: 11025

25
Human-readable IP: 127.0.0.1
Human-readable Port: 11026

26
Human-readable IP: 127.0.0.1
Human-readable Port: 11027

27
Human-readable IP: 127.0.0.1
Human-readable Port: 11028

28
Human-readable IP: 127.0.0.1
Human-readable Port: 11029

29
Human-readable IP: 127.0.0.1
Human-readable Port: 11030

30
Human-readable IP: 127.0.0.1
Human-readable Port: 11031

31
Human-readable IP: 127.0.0.1
Human-readable Port: 11032

32
Human-readable IP: 127.0.0.1
Human-readable Port: 11033

33
Human-readable IP: 127.0.0.1
Human-readable Port: 11034

34
Human-readable IP: 127.0.0.1
Human-readable Port: 11035

35
Human-readable IP: 127.0.0.1
Human-readable Port: 11036

ProposalSetSize: 1000
Sliding window size: 16
UDPReceiver: Created socket on port 11036
THREAD NUMBER: 1
36
Human-readable IP: 127.0.0.1
Human-readable Port: 11037

37
Human-readable IP: 127.0.0.1
Human-readable Port: 11038

38
Human-readable IP: 127.0.0.1
Human-readable Port: 11039

39
Human-readable IP: 127.0.0.1
Human-readable Port: 11040

40
Human-readable IP: 127.0.0.1
Human-readable Port: 11041

41
Human-readable IP: 127.0.0.1
Human-readable Port: 11042

42
Human-readable IP: 127.0.0.1
Human-readable Port: 11043

43
Human-readable IP: 127.0.0.1
Human-readable Port: 11044

44
Human-readable IP: 127.0.0.1
Human-readable Port: 11045

45
Human-readable IP: 127.0.0.1
Human-readable Port: 11046

46
Human-readable IP: 127.0.0.1
Human-readable Port: 11047

47
Human-readable IP: 127.0.0.1
Human-readable Port: 11048

48
Human-readable IP: 127.0.0.1
Human-readable Port: 11049

49
Human-readable IP: 127.0.0.1
Human-readable Port: 11050


Path to output:
===============
/root/tools/out/proc36.output

Deleted old output file: false

Path to config:
===============
./out/proc36.config

===============
Doing some initialization

Broadcasting and delivering messages...

Process ID: 36
Starting Round 0
Broadcasting proposal 1 round 0 with 96 elements
__________________________
Starting Round 1
Broadcasting proposal 1 round 1 with 75 elements
__________________________
Starting Round 2
Broadcasting proposal 1 round 2 with 88 elements
__________________________
Starting Round 3
Broadcasting proposal 1 round 3 with 40 elements
__________________________
Starting Round 4
Broadcasting proposal 1 round 4 with 99 elements
__________________________
Starting Round 5
Broadcasting proposal 1 round 5 with 48 elements
__________________________
Starting Round 6
Broadcasting proposal 1 round 6 with 15 elements
__________________________
Starting Round 7
Broadcasting proposal 1 round 7 with 5 elements
__________________________
DECIDED: 0 860
Broadcasting DELIVERY OF: 0
DECIDED: 1 876
Broadcasting DELIVERY OF: 1
DECIDED: 2 833
Broadcasting DELIVERY OF: 2
DECIDED: 3 773
Broadcasting DELIVERY OF: 3
DECIDED: 4 834
Broadcasting DELIVERY OF: 4
DECIDED: 5 795
Broadcasting DELIVERY OF: 5
DECIDED: 6 837
Broadcasting DELIVERY OF: 6
DECIDED: 7 821
Broadcasting DELIVERY OF: 7
Starting Round 8
Broadcasting proposal 1 round 8 with 74 elements
__________________________
Starting Round 9
Broadcasting proposal 1 round 9 with 72 elements
__________________________
Starting Round 10
Broadcasting proposal 1 round 10 with 23 elements
__________________________
Starting Round 11
Broadcasting proposal 1 round 11 with 44 elements
__________________________
Starting Round 12
Broadcasting proposal 1 round 12 with 74 elements
__________________________
Starting Round 13
Broadcasting proposal 1 round 13 with 87 elements
__________________________
Starting Round 14
Broadcasting proposal 1 round 14 with 68 elements
__________________________
Starting Round 15
Broadcasting proposal 1 round 15 with 42 elements
__________________________
Broadcasting NEW proposal 2 round 13 with 267 elements
__________________________
Broadcasting NEW proposal 2 round 14 with 157 elements
__________________________
Broadcasting NEW proposal 2 round 12 with 314 elements
__________________________
Broadcasting NEW proposal 2 round 11 with 211 elements
__________________________
Broadcasting NEW proposal 2 round 8 with 247 elements
__________________________
Broadcasting NEW proposal 2 round 9 with 250 elements
__________________________
Broadcasting NEW proposal 2 round 10 with 234 elements
__________________________
Broadcasting NEW proposal 2 round 15 with 179 elements
__________________________
Broadcasting NEW proposal 3 round 15 with 535 elements
__________________________
Broadcasting NEW proposal 3 round 14 with 461 elements
__________________________
Broadcasting NEW proposal 3 round 13 with 569 elements
__________________________
DECIDED: 8 427
Broadcasting DELIVERY OF: 8
DECIDED: 9 564
Broadcasting DELIVERY OF: 9
DECIDED: 10 516
Broadcasting DELIVERY OF: 10
DECIDED: 11 406
Broadcasting DELIVERY OF: 11
DECIDED: 12 551
Broadcasting DELIVERY OF: 12
Starting Round 16
Broadcasting proposal 1 round 16 with 80 elements
__________________________
Starting Round 17
Broadcasting proposal 1 round 17 with 80 elements
__________________________
Starting Round 18
Broadcasting proposal 1 round 18 with 83 elements
__________________________
Starting Round 19
Broadcasting proposal 1 round 19 with 81 elements
__________________________
Starting Round 20
Broadcasting proposal 1 round 20 with 14 elements
__________________________
Sent 1000 messages.
Broadcasting NEW proposal 2 round 19 with 257 elements
__________________________
Broadcasting NEW proposal 2 round 20 with 167 elements
__________________________
Broadcasting NEW proposal 2 round 17 with 242 elements
__________________________
Broadcasting NEW proposal 2 round 16 with 258 elements
__________________________
Broadcasting NEW proposal 2 round 18 with 280 elements
__________________________
DECIDED: 13 702
Broadcasting DELIVERY OF: 13
DECIDED: 14 666
Broadcasting DELIVERY OF: 14
DECIDED: 15 715
Broadcasting DELIVERY OF: 15
Starting Round 21
Broadcasting proposal 1 round 21 with 167 elements
__________________________
Starting Round 22
Broadcasting proposal 1 round 22 with 33 elements
__________________________
Starting Round 23
Broadcasting proposal 1 round 23 with 138 elements
__________________________
Broadcasting NEW proposal 2 round 21 with 455 elements
__________________________
Broadcasting NEW proposal 2 round 22 with 304 elements
__________________________
Broadcasting NEW proposal 2 round 23 with 477 elements
__________________________
DECIDED: 16 565
Broadcasting DELIVERY OF: 16
DECIDED: 17 422
Broadcasting DELIVERY OF: 17
DECIDED: 18 446
Broadcasting DELIVERY OF: 18
DECIDED: 19 451
Broadcasting DELIVERY OF: 19
DECIDED: 20 407
Broadcasting DELIVERY OF: 20
Starting Round 24
Broadcasting proposal 1 round 24 with 69 elements
__________________________
Starting Round 25
Broadcasting proposal 1 round 25 with 27 elements
__________________________
Starting Round 26
Broadcasting proposal 1 round 26 with 28 elements
__________________________
Starting Round 27
Broadcasting proposal 1 round 27 with 47 elements
__________________________
Starting Round 28
Broadcasting proposal 1 round 28 with 13 elements
__________________________
Broadcasting NEW proposal 2 round 24 with 314 elements
__________________________
Broadcasting NEW proposal 2 round 26 with 206 elements
__________________________
Broadcasting NEW proposal 2 round 25 with 188 elements
__________________________
Broadcasting NEW proposal 2 round 27 with 288 elements
__________________________
DECIDED: 21 649
Broadcasting DELIVERY OF: 21
Broadcasting NEW proposal 2 round 28 with 235 elements
__________________________
DECIDED: 22 529
Broadcasting DELIVERY OF: 22
DECIDED: 23 703
Broadcasting DELIVERY OF: 23
Starting Round 29
Broadcasting proposal 1 round 29 with 90 elements
__________________________
Starting Round 30
Broadcasting proposal 1 round 30 with 87 elements
__________________________
Starting Round 31
Broadcasting proposal 1 round 31 with 125 elements
__________________________
Broadcasting NEW proposal 2 round 31 with 407 elements
__________________________
DECIDED: 24 504
Broadcasting DELIVERY OF: 24
DECIDED: 25 502
Broadcasting DELIVERY OF: 25
DECIDED: 26 463
Broadcasting DELIVERY OF: 26
DECIDED: 27 552
Broadcasting DELIVERY OF: 27
DECIDED: 28 415
Broadcasting DELIVERY OF: 28
Broadcasting NEW proposal 2 round 30 with 458 elements
__________________________
Broadcasting NEW proposal 2 round 29 with 492 elements
__________________________
Sent 2000 messages.
Starting Round 32
Broadcasting proposal 1 round 32 with 3 elements
__________________________
Starting Round 33
Broadcasting proposal 1 round 33 with 83 elements
__________________________
Starting Round 34
Broadcasting proposal 1 round 34 with 88 elements
__________________________
Starting Round 35
Broadcasting proposal 1 round 35 with 91 elements
__________________________
Starting Round 36
Broadcasting proposal 1 round 36 with 84 elements
__________________________
DECIDED: 29 662
Broadcasting DELIVERY OF: 29
DECIDED: 30 669
Broadcasting DELIVERY OF: 30
DECIDED: 31 643
Broadcasting DELIVERY OF: 31
Broadcasting NEW proposal 2 round 34 with 228 elements
__________________________
Broadcasting NEW proposal 2 round 35 with 253 elements
__________________________
Broadcasting NEW proposal 2 round 36 with 191 elements
__________________________
Broadcasting NEW proposal 2 round 33 with 195 elements
__________________________
Broadcasting NEW proposal 2 round 32 with 207 elements
__________________________
Starting Round 37
Broadcasting proposal 1 round 37 with 166 elements
__________________________
Starting Round 38
Broadcasting proposal 1 round 38 with 159 elements
__________________________
Starting Round 39
Broadcasting proposal 1 round 39 with 94 elements
__________________________
DECIDED: 32 417
Broadcasting DELIVERY OF: 32
Broadcasting NEW proposal 2 round 39 with 398 elements
__________________________
Broadcasting NEW proposal 2 round 37 with 368 elements
__________________________
DECIDED: 33 361
Broadcasting DELIVERY OF: 33
DECIDED: 34 382
Broadcasting DELIVERY OF: 34
DECIDED: 35 461
Broadcasting DELIVERY OF: 35
DECIDED: 36 528
Broadcasting DELIVERY OF: 36
Broadcasting NEW proposal 2 round 38 with 407 elements
__________________________
Starting Round 40
Broadcasting proposal 1 round 40 with 9 elements
__________________________
Starting Round 41
Broadcasting proposal 1 round 41 with 79 elements
__________________________
Starting Round 42
Broadcasting proposal 1 round 42 with 98 elements
__________________________
Starting Round 43
Broadcasting proposal 1 round 43 with 80 elements
__________________________
Starting Round 44
Broadcasting proposal 1 round 44 with 24 elements
__________________________
Cleared proposal set for round 0
Sent 3000 messages.
Broadcasting NEW proposal 2 round 42 with 231 elements
__________________________
Broadcasting NEW proposal 2 round 44 with 127 elements
__________________________
Broadcasting NEW proposal 2 round 41 with 195 elements
__________________________
DECIDED: 37 568
Broadcasting DELIVERY OF: 37
DECIDED: 38 609
Broadcasting DELIVERY OF: 38
DECIDED: 39 485
Broadcasting DELIVERY OF: 39
Broadcasting NEW proposal 2 round 43 with 276 elements
__________________________
Broadcasting NEW proposal 2 round 40 with 228 elements
__________________________
Cleared proposal set for round 3
Cleared proposal set for round 2
Cleared proposal set for round 1
Cleared proposal set for round 4
Cleared proposal set for round 7
Cleared proposal set for round 5
Cleared proposal set for round 6
Starting Round 45
Broadcasting proposal 1 round 45 with 145 elements
__________________________
Starting Round 46
Broadcasting proposal 1 round 46 with 152 elements
__________________________
Starting Round 47
Broadcasting proposal 1 round 47 with 177 elements
__________________________
Broadcasting NEW proposal 2 round 46 with 374 elements
__________________________
DECIDED: 40 442
Broadcasting DELIVERY OF: 40
DECIDED: 41 484
Broadcasting DELIVERY OF: 41
Broadcasting NEW proposal 2 round 47 with 372 elements
__________________________
DECIDED: 42 480
Broadcasting DELIVERY OF: 42
DECIDED: 43 578
Broadcasting DELIVERY OF: 43
DECIDED: 44 434
Broadcasting DELIVERY OF: 44
Broadcasting NEW proposal 2 round 45 with 440 elements
__________________________
Starting Round 48
Broadcasting proposal 1 round 48 with 85 elements
__________________________
Starting Round 49
Broadcasting proposal 1 round 49 with 126 elements
__________________________
Cleared proposal set for round 8
Cleared proposal set for round 9
DECIDED: 45 609
Broadcasting DELIVERY OF: 45
DECIDED: 46 593
Broadcasting DELIVERY OF: 46
DECIDED: 47 613
Broadcasting DELIVERY OF: 47
Broadcasting NEW proposal 2 round 48 with 288 elements
__________________________
Broadcasting NEW proposal 2 round 49 with 302 elements
__________________________
Cleared proposal set for round 12
Cleared proposal set for round 11
Cleared proposal set for round 10
Cleared proposal set for round 14
Cleared proposal set for round 13
Cleared proposal set for round 15
DECIDED: 48 516
Broadcasting DELIVERY OF: 48
DECIDED: 49 503
Broadcasting DELIVERY OF: 49
Cleared proposal set for round 16
Cleared proposal set for round 17
Cleared proposal set for round 20
Cleared proposal set for round 18
Cleared proposal set for round 22
Cleared proposal set for round 21
Cleared proposal set for round 19
Cleared proposal set for round 23
Cleared proposal set for round 24
Cleared proposal set for round 25
Cleared proposal set for round 26
Cleared proposal set for round 28
Cleared proposal set for round 30
Cleared proposal set for round 27
Cleared proposal set for round 29
Cleared proposal set for round 31
Cleared proposal set for round 32
Cleared proposal set for round 33
Cleared proposal set for round 34
Cleared proposal set for round 36
Cleared proposal set for round 38
Cleared proposal set for round 35
Cleared proposal set for round 37
Cleared proposal set for round 39
Cleared proposal set for round 40
Cleared proposal set for round 41
Cleared proposal set for round 43
Cleared proposal set for round 45
Cleared proposal set for round 42
Cleared proposal set for round 44
Cleared proposal set for round 46
Cleared proposal set for round 47
Cleared proposal set for round 49
Cleared proposal set for round 48
ERROR IN PERFECT LINKS DELIVER: Message{proposalCount=2, senderId=34, receiverId=35, latticeRound=48, isAck=0}
Immediately stopping network packet processing.
Writing output.
