Listening for transport dt_socket at address: 1005
My PID: 64961

From a new terminal type `kill -SIGINT 64961` or `kill -SIGTERM 64961` to stop processing packets

OUTPUT:  /Users/aybarsyazici/Documents/EPFL/distributed/EPFL-CS451-Project/tools/out/proc25.output
My ID: 25

List of resolved hosts is:
==========================
0
Human-readable IP: 127.0.0.1
Human-readable Port: 11001

1
Human-readable IP: 127.0.0.1
Human-readable Port: 11002

2
Human-readable IP: 127.0.0.1
Human-readable Port: 11003

3
Human-readable IP: 127.0.0.1
Human-readable Port: 11004

4
Human-readable IP: 127.0.0.1
Human-readable Port: 11005

5
Human-readable IP: 127.0.0.1
Human-readable Port: 11006

6
Human-readable IP: 127.0.0.1
Human-readable Port: 11007

7
Human-readable IP: 127.0.0.1
Human-readable Port: 11008

8
Human-readable IP: 127.0.0.1
Human-readable Port: 11009

9
Human-readable IP: 127.0.0.1
Human-readable Port: 11010

10
Human-readable IP: 127.0.0.1
Human-readable Port: 11011

11
Human-readable IP: 127.0.0.1
Human-readable Port: 11012

12
Human-readable IP: 127.0.0.1
Human-readable Port: 11013

13
Human-readable IP: 127.0.0.1
Human-readable Port: 11014

14
Human-readable IP: 127.0.0.1
Human-readable Port: 11015

15
Human-readable IP: 127.0.0.1
Human-readable Port: 11016

16
Human-readable IP: 127.0.0.1
Human-readable Port: 11017

17
Human-readable IP: 127.0.0.1
Human-readable Port: 11018

18
Human-readable IP: 127.0.0.1
Human-readable Port: 11019

19
Human-readable IP: 127.0.0.1
Human-readable Port: 11020

20
Human-readable IP: 127.0.0.1
Human-readable Port: 11021

21
Human-readable IP: 127.0.0.1
Human-readable Port: 11022

22
Human-readable IP: 127.0.0.1
Human-readable Port: 11023

23
Human-readable IP: 127.0.0.1
Human-readable Port: 11024

24
Human-readable IP: 127.0.0.1
Human-readable Port: 11025

ProposalSetSize: 1800
Sliding window size: 16
UDPReceiver: Created socket on port 11025
THREAD NUMBER: 1
25
Human-readable IP: 127.0.0.1
Human-readable Port: 11026

26
Human-readable IP: 127.0.0.1
Human-readable Port: 11027

27
Human-readable IP: 127.0.0.1
Human-readable Port: 11028

28
Human-readable IP: 127.0.0.1
Human-readable Port: 11029

29
Human-readable IP: 127.0.0.1
Human-readable Port: 11030

30
Human-readable IP: 127.0.0.1
Human-readable Port: 11031

31
Human-readable IP: 127.0.0.1
Human-readable Port: 11032

32
Human-readable IP: 127.0.0.1
Human-readable Port: 11033

33
Human-readable IP: 127.0.0.1
Human-readable Port: 11034

34
Human-readable IP: 127.0.0.1
Human-readable Port: 11035

35
Human-readable IP: 127.0.0.1
Human-readable Port: 11036

36
Human-readable IP: 127.0.0.1
Human-readable Port: 11037

37
Human-readable IP: 127.0.0.1
Human-readable Port: 11038

38
Human-readable IP: 127.0.0.1
Human-readable Port: 11039

39
Human-readable IP: 127.0.0.1
Human-readable Port: 11040

40
Human-readable IP: 127.0.0.1
Human-readable Port: 11041

41
Human-readable IP: 127.0.0.1
Human-readable Port: 11042

42
Human-readable IP: 127.0.0.1
Human-readable Port: 11043

43
Human-readable IP: 127.0.0.1
Human-readable Port: 11044

44
Human-readable IP: 127.0.0.1
Human-readable Port: 11045

45
Human-readable IP: 127.0.0.1
Human-readable Port: 11046

46
Human-readable IP: 127.0.0.1
Human-readable Port: 11047

47
Human-readable IP: 127.0.0.1
Human-readable Port: 11048

48
Human-readable IP: 127.0.0.1
Human-readable Port: 11049

49
Human-readable IP: 127.0.0.1
Human-readable Port: 11050


Path to output:
===============
/Users/aybarsyazici/Documents/EPFL/distributed/EPFL-CS451-Project/tools/out/proc25.output

Deleted old output file: false

Path to config:
===============
./out/proc25.config

===============
Doing some initialization

Broadcasting and delivering messages...

Process ID: 25
Starting Round 0
Proposing Round 0 [1269763934, 1196963451, 1403792057, 1784572192]
Broadcasting proposal 1 round 0 with 4 elements
__________________________
Starting Round 1
Proposing Round 1 [1871216424, 1784517419, 237996376, 422701550]
Broadcasting proposal 1 round 1 with 4 elements
__________________________
Starting Round 2
Proposing Round 2 [2003484425, 2081328344]
Broadcasting proposal 1 round 2 with 2 elements
__________________________
Starting Round 3
Proposing Round 3 [1800557283, 523334661, 1096619850, 1357806226, 1282531582]
Broadcasting proposal 1 round 3 with 5 elements
__________________________
Starting Round 4
Proposing Round 4 [1823212172, 1752844368]
Broadcasting proposal 1 round 4 with 2 elements
__________________________
Starting Round 5
Proposing Round 5 [1518692176, 257616339, 378514962, 1232285036]
Broadcasting proposal 1 round 5 with 4 elements
__________________________
Starting Round 6
Proposing Round 6 [318180503, 712632936, 101637979, 1867302554]
Broadcasting proposal 1 round 6 with 4 elements
__________________________
Starting Round 7
Proposing Round 7 [923988689, 988335251]
Broadcasting proposal 1 round 7 with 2 elements
__________________________
Immediately stopping network packet processing.
Writing output.
