Listening for transport dt_socket at address: 2235
My PID: 64959

From a new terminal type `kill -SIGINT 64959` or `kill -SIGTERM 64959` to stop processing packets

OUTPUT:  /Users/aybarsyazici/Documents/EPFL/distributed/EPFL-CS451-Project/tools/out/proc23.output
My ID: 23

List of resolved hosts is:
==========================
0
Human-readable IP: 127.0.0.1
Human-readable Port: 11001

1
Human-readable IP: 127.0.0.1
Human-readable Port: 11002

2
Human-readable IP: 127.0.0.1
Human-readable Port: 11003

3
Human-readable IP: 127.0.0.1
Human-readable Port: 11004

4
Human-readable IP: 127.0.0.1
Human-readable Port: 11005

5
Human-readable IP: 127.0.0.1
Human-readable Port: 11006

6
Human-readable IP: 127.0.0.1
Human-readable Port: 11007

7
Human-readable IP: 127.0.0.1
Human-readable Port: 11008

8
Human-readable IP: 127.0.0.1
Human-readable Port: 11009

9
Human-readable IP: 127.0.0.1
Human-readable Port: 11010

10
Human-readable IP: 127.0.0.1
Human-readable Port: 11011

11
Human-readable IP: 127.0.0.1
Human-readable Port: 11012

12
Human-readable IP: 127.0.0.1
Human-readable Port: 11013

13
Human-readable IP: 127.0.0.1
Human-readable Port: 11014

14
Human-readable IP: 127.0.0.1
Human-readable Port: 11015

15
Human-readable IP: 127.0.0.1
Human-readable Port: 11016

16
Human-readable IP: 127.0.0.1
Human-readable Port: 11017

17
Human-readable IP: 127.0.0.1
Human-readable Port: 11018

18
Human-readable IP: 127.0.0.1
Human-readable Port: 11019

19
Human-readable IP: 127.0.0.1
Human-readable Port: 11020

20
Human-readable IP: 127.0.0.1
Human-readable Port: 11021

21
Human-readable IP: 127.0.0.1
Human-readable Port: 11022

22
Human-readable IP: 127.0.0.1
Human-readable Port: 11023

ProposalSetSize: 1800
Sliding window size: 16
UDPReceiver: Created socket on port 11023
THREAD NUMBER: 1
23
Human-readable IP: 127.0.0.1
Human-readable Port: 11024

24
Human-readable IP: 127.0.0.1
Human-readable Port: 11025

25
Human-readable IP: 127.0.0.1
Human-readable Port: 11026

26
Human-readable IP: 127.0.0.1
Human-readable Port: 11027

27
Human-readable IP: 127.0.0.1
Human-readable Port: 11028

28
Human-readable IP: 127.0.0.1
Human-readable Port: 11029

29
Human-readable IP: 127.0.0.1
Human-readable Port: 11030

30
Human-readable IP: 127.0.0.1
Human-readable Port: 11031

31
Human-readable IP: 127.0.0.1
Human-readable Port: 11032

32
Human-readable IP: 127.0.0.1
Human-readable Port: 11033

33
Human-readable IP: 127.0.0.1
Human-readable Port: 11034

34
Human-readable IP: 127.0.0.1
Human-readable Port: 11035

35
Human-readable IP: 127.0.0.1
Human-readable Port: 11036

36
Human-readable IP: 127.0.0.1
Human-readable Port: 11037

37
Human-readable IP: 127.0.0.1
Human-readable Port: 11038

38
Human-readable IP: 127.0.0.1
Human-readable Port: 11039

39
Human-readable IP: 127.0.0.1
Human-readable Port: 11040

40
Human-readable IP: 127.0.0.1
Human-readable Port: 11041

41
Human-readable IP: 127.0.0.1
Human-readable Port: 11042

42
Human-readable IP: 127.0.0.1
Human-readable Port: 11043

43
Human-readable IP: 127.0.0.1
Human-readable Port: 11044

44
Human-readable IP: 127.0.0.1
Human-readable Port: 11045

45
Human-readable IP: 127.0.0.1
Human-readable Port: 11046

46
Human-readable IP: 127.0.0.1
Human-readable Port: 11047

47
Human-readable IP: 127.0.0.1
Human-readable Port: 11048

48
Human-readable IP: 127.0.0.1
Human-readable Port: 11049

49
Human-readable IP: 127.0.0.1
Human-readable Port: 11050


Path to output:
===============
/Users/aybarsyazici/Documents/EPFL/distributed/EPFL-CS451-Project/tools/out/proc23.output

Deleted old output file: false

Path to config:
===============
./out/proc23.config

===============
Doing some initialization

Broadcasting and delivering messages...

Process ID: 23
Starting Round 0
Proposing Round 0 [791835934]
Broadcasting proposal 1 round 0 with 1 elements
__________________________
Starting Round 1
Proposing Round 1 [997241761, 849627058, 2119634399, 779130936, 1059257080, 1135872495, 2081821325]
Broadcasting proposal 1 round 1 with 7 elements
__________________________
Starting Round 2
Proposing Round 2 [363865392, 1146005448, 1196591018, 1961882949]
Broadcasting proposal 1 round 2 with 4 elements
__________________________
Starting Round 3
Proposing Round 3 [311570307, 504513251, 1463320861, 1662098122, 791835934, 430346953, 888346940]
Broadcasting proposal 1 round 3 with 7 elements
__________________________
Starting Round 4
Proposing Round 4 [33599984, 1384049914, 2101729519, 1937579958]
Broadcasting proposal 1 round 4 with 4 elements
__________________________
Starting Round 5
Proposing Round 5 [1418198351, 99541460, 1962750929, 74059253]
Broadcasting proposal 1 round 5 with 4 elements
__________________________
Starting Round 6
Proposing Round 6 [197529702, 599310825, 87335169, 187463722, 889734128, 265745534, 1973214822, 1062073697, 1911737999, 1131247330]
Broadcasting proposal 1 round 6 with 10 elements
__________________________
Starting Round 7
Proposing Round 7 [1483355242, 760434128, 1897214963, 1891799103, 1888766939]
Broadcasting proposal 1 round 7 with 5 elements
__________________________
Immediately stopping network packet processing.
Writing output.
