Listening for transport dt_socket at address: 5663
My PID: 64966

From a new terminal type `kill -SIGINT 64966` or `kill -SIGTERM 64966` to stop processing packets

OUTPUT:  /Users/aybarsyazici/Documents/EPFL/distributed/EPFL-CS451-Project/tools/out/proc30.output
My ID: 30

List of resolved hosts is:
==========================
0
Human-readable IP: 127.0.0.1
Human-readable Port: 11001

1
Human-readable IP: 127.0.0.1
Human-readable Port: 11002

2
Human-readable IP: 127.0.0.1
Human-readable Port: 11003

3
Human-readable IP: 127.0.0.1
Human-readable Port: 11004

4
Human-readable IP: 127.0.0.1
Human-readable Port: 11005

5
Human-readable IP: 127.0.0.1
Human-readable Port: 11006

6
Human-readable IP: 127.0.0.1
Human-readable Port: 11007

7
Human-readable IP: 127.0.0.1
Human-readable Port: 11008

8
Human-readable IP: 127.0.0.1
Human-readable Port: 11009

9
Human-readable IP: 127.0.0.1
Human-readable Port: 11010

10
Human-readable IP: 127.0.0.1
Human-readable Port: 11011

11
Human-readable IP: 127.0.0.1
Human-readable Port: 11012

12
Human-readable IP: 127.0.0.1
Human-readable Port: 11013

13
Human-readable IP: 127.0.0.1
Human-readable Port: 11014

14
Human-readable IP: 127.0.0.1
Human-readable Port: 11015

15
Human-readable IP: 127.0.0.1
Human-readable Port: 11016

16
Human-readable IP: 127.0.0.1
Human-readable Port: 11017

17
Human-readable IP: 127.0.0.1
Human-readable Port: 11018

18
Human-readable IP: 127.0.0.1
Human-readable Port: 11019

19
Human-readable IP: 127.0.0.1
Human-readable Port: 11020

20
Human-readable IP: 127.0.0.1
Human-readable Port: 11021

21
Human-readable IP: 127.0.0.1
Human-readable Port: 11022

22
Human-readable IP: 127.0.0.1
Human-readable Port: 11023

23
Human-readable IP: 127.0.0.1
Human-readable Port: 11024

24
Human-readable IP: 127.0.0.1
Human-readable Port: 11025

25
Human-readable IP: 127.0.0.1
Human-readable Port: 11026

26
Human-readable IP: 127.0.0.1
Human-readable Port: 11027

27
Human-readable IP: 127.0.0.1
Human-readable Port: 11028

28
Human-readable IP: 127.0.0.1
Human-readable Port: 11029

29
Human-readable IP: 127.0.0.1
Human-readable Port: 11030

ProposalSetSize: 1800
Sliding window size: 16
UDPReceiver: Created socket on port 11030
THREAD NUMBER: 1
30
Human-readable IP: 127.0.0.1
Human-readable Port: 11031

31
Human-readable IP: 127.0.0.1
Human-readable Port: 11032

32
Human-readable IP: 127.0.0.1
Human-readable Port: 11033

33
Human-readable IP: 127.0.0.1
Human-readable Port: 11034

34
Human-readable IP: 127.0.0.1
Human-readable Port: 11035

35
Human-readable IP: 127.0.0.1
Human-readable Port: 11036

36
Human-readable IP: 127.0.0.1
Human-readable Port: 11037

37
Human-readable IP: 127.0.0.1
Human-readable Port: 11038

38
Human-readable IP: 127.0.0.1
Human-readable Port: 11039

39
Human-readable IP: 127.0.0.1
Human-readable Port: 11040

40
Human-readable IP: 127.0.0.1
Human-readable Port: 11041

41
Human-readable IP: 127.0.0.1
Human-readable Port: 11042

42
Human-readable IP: 127.0.0.1
Human-readable Port: 11043

43
Human-readable IP: 127.0.0.1
Human-readable Port: 11044

44
Human-readable IP: 127.0.0.1
Human-readable Port: 11045

45
Human-readable IP: 127.0.0.1
Human-readable Port: 11046

46
Human-readable IP: 127.0.0.1
Human-readable Port: 11047

47
Human-readable IP: 127.0.0.1
Human-readable Port: 11048

48
Human-readable IP: 127.0.0.1
Human-readable Port: 11049

49
Human-readable IP: 127.0.0.1
Human-readable Port: 11050


Path to output:
===============
/Users/aybarsyazici/Documents/EPFL/distributed/EPFL-CS451-Project/tools/out/proc30.output

Deleted old output file: false

Path to config:
===============
./out/proc30.config

===============
Doing some initialization

Broadcasting and delivering messages...

Process ID: 30
Starting Round 0
Proposing Round 0 [1871216424, 2128023255, 470939445, 1071722055, 1076341629, 208985103]
Broadcasting proposal 1 round 0 with 6 elements
__________________________
Starting Round 1
Proposing Round 1 [1736889606, 951548935, 1297602688, 1880160025, 561866144]
Broadcasting proposal 1 round 1 with 5 elements
__________________________
Starting Round 2
Proposing Round 2 [909074012, 373399426, 1800135697, 1847136322]
Broadcasting proposal 1 round 2 with 4 elements
__________________________
Starting Round 3
Proposing Round 3 [309561891, 2019952485, 874443787, 179653598, 791835934, 863204110, 63384488]
Broadcasting proposal 1 round 3 with 7 elements
__________________________
Starting Round 4
Proposing Round 4 [80494302, 140515379, 139093888, 437662764, 543669676, 1965718821]
Broadcasting proposal 1 round 4 with 6 elements
__________________________
Starting Round 5
Proposing Round 5 [1459753033]
Broadcasting proposal 1 round 5 with 1 elements
__________________________
Starting Round 6
Proposing Round 6 [1509882812, 774223342, 542223599, 1215470157]
Broadcasting proposal 1 round 6 with 4 elements
__________________________
Starting Round 7
Proposing Round 7 [1266576188, 1521136431, 1179714407, 246351029]
Broadcasting proposal 1 round 7 with 4 elements
__________________________
Immediately stopping network packet processing.
Writing output.
