Listening for transport dt_socket at address: 3657
My PID: 64953

From a new terminal type `kill -SIGINT 64953` or `kill -SIGTERM 64953` to stop processing packets

OUTPUT:  /Users/aybarsyazici/Documents/EPFL/distributed/EPFL-CS451-Project/tools/out/proc17.output
My ID: 17

List of resolved hosts is:
==========================
0
Human-readable IP: 127.0.0.1
Human-readable Port: 11001

1
Human-readable IP: 127.0.0.1
Human-readable Port: 11002

2
Human-readable IP: 127.0.0.1
Human-readable Port: 11003

3
Human-readable IP: 127.0.0.1
Human-readable Port: 11004

4
Human-readable IP: 127.0.0.1
Human-readable Port: 11005

5
Human-readable IP: 127.0.0.1
Human-readable Port: 11006

6
Human-readable IP: 127.0.0.1
Human-readable Port: 11007

7
Human-readable IP: 127.0.0.1
Human-readable Port: 11008

8
Human-readable IP: 127.0.0.1
Human-readable Port: 11009

9
Human-readable IP: 127.0.0.1
Human-readable Port: 11010

10
Human-readable IP: 127.0.0.1
Human-readable Port: 11011

11
Human-readable IP: 127.0.0.1
Human-readable Port: 11012

12
Human-readable IP: 127.0.0.1
Human-readable Port: 11013

13
Human-readable IP: 127.0.0.1
Human-readable Port: 11014

14
Human-readable IP: 127.0.0.1
Human-readable Port: 11015

15
Human-readable IP: 127.0.0.1
Human-readable Port: 11016

16
Human-readable IP: 127.0.0.1
Human-readable Port: 11017

ProposalSetSize: 1800
Sliding window size: 16
UDPReceiver: Created socket on port 11017
THREAD NUMBER: 1
17
Human-readable IP: 127.0.0.1
Human-readable Port: 11018

18
Human-readable IP: 127.0.0.1
Human-readable Port: 11019

19
Human-readable IP: 127.0.0.1
Human-readable Port: 11020

20
Human-readable IP: 127.0.0.1
Human-readable Port: 11021

21
Human-readable IP: 127.0.0.1
Human-readable Port: 11022

22
Human-readable IP: 127.0.0.1
Human-readable Port: 11023

23
Human-readable IP: 127.0.0.1
Human-readable Port: 11024

24
Human-readable IP: 127.0.0.1
Human-readable Port: 11025

25
Human-readable IP: 127.0.0.1
Human-readable Port: 11026

26
Human-readable IP: 127.0.0.1
Human-readable Port: 11027

27
Human-readable IP: 127.0.0.1
Human-readable Port: 11028

28
Human-readable IP: 127.0.0.1
Human-readable Port: 11029

29
Human-readable IP: 127.0.0.1
Human-readable Port: 11030

30
Human-readable IP: 127.0.0.1
Human-readable Port: 11031

31
Human-readable IP: 127.0.0.1
Human-readable Port: 11032

32
Human-readable IP: 127.0.0.1
Human-readable Port: 11033

33
Human-readable IP: 127.0.0.1
Human-readable Port: 11034

34
Human-readable IP: 127.0.0.1
Human-readable Port: 11035

35
Human-readable IP: 127.0.0.1
Human-readable Port: 11036

36
Human-readable IP: 127.0.0.1
Human-readable Port: 11037

37
Human-readable IP: 127.0.0.1
Human-readable Port: 11038

38
Human-readable IP: 127.0.0.1
Human-readable Port: 11039

39
Human-readable IP: 127.0.0.1
Human-readable Port: 11040

40
Human-readable IP: 127.0.0.1
Human-readable Port: 11041

41
Human-readable IP: 127.0.0.1
Human-readable Port: 11042

42
Human-readable IP: 127.0.0.1
Human-readable Port: 11043

43
Human-readable IP: 127.0.0.1
Human-readable Port: 11044

44
Human-readable IP: 127.0.0.1
Human-readable Port: 11045

45
Human-readable IP: 127.0.0.1
Human-readable Port: 11046

46
Human-readable IP: 127.0.0.1
Human-readable Port: 11047

47
Human-readable IP: 127.0.0.1
Human-readable Port: 11048

48
Human-readable IP: 127.0.0.1
Human-readable Port: 11049

49
Human-readable IP: 127.0.0.1
Human-readable Port: 11050


Path to output:
===============
/Users/aybarsyazici/Documents/EPFL/distributed/EPFL-CS451-Project/tools/out/proc17.output

Deleted old output file: false

Path to config:
===============
./out/proc17.config

===============
Doing some initialization

Broadcasting and delivering messages...

Process ID: 17
Starting Round 0
Proposing Round 0 [159824875]
Broadcasting proposal 1 round 0 with 1 elements
__________________________
Starting Round 1
Proposing Round 1 [444537179]
Broadcasting proposal 1 round 1 with 1 elements
__________________________
Starting Round 2
Proposing Round 2 [304330003, 651662547, 87335169, 1247096480, 1243458354]
Broadcasting proposal 1 round 2 with 5 elements
__________________________
Starting Round 3
Proposing Round 3 [963026855, 1065870178, 849627058, 551192946, 232663462, 1072073884, 344951668, 676070354]
Broadcasting proposal 1 round 3 with 8 elements
__________________________
Starting Round 4
Proposing Round 4 [919950484, 1509882812, 1171629709, 572989855, 654477195, 561636336, 1995226582, 345495128, 1782164134]
Broadcasting proposal 1 round 4 with 9 elements
__________________________
Starting Round 5
Proposing Round 5 [632880459, 2120834317, 589582865, 186251406, 1171629709, 274989148, 1699226064, 1744659652, 1298229437, 1660280619]
Broadcasting proposal 1 round 5 with 10 elements
__________________________
Starting Round 6
Proposing Round 6 [1768002206]
Broadcasting proposal 1 round 6 with 1 elements
__________________________
Starting Round 7
Proposing Round 7 [558311957, 1263732197, 1109615163, 977290717]
Broadcasting proposal 1 round 7 with 4 elements
__________________________
Immediately stopping network packet processing.
Writing output.
