Listening for transport dt_socket at address: 8914
My PID: 2267

From a new terminal type `kill -SIGINT 2267` or `kill -SIGTERM 2267` to stop processing packets

OUTPUT:  /root/tools/out/proc27.output
My ID: 27

List of resolved hosts is:
==========================
0
Human-readable IP: 127.0.0.1
Human-readable Port: 11001

1
Human-readable IP: 127.0.0.1
Human-readable Port: 11002

2
Human-readable IP: 127.0.0.1
Human-readable Port: 11003

3
Human-readable IP: 127.0.0.1
Human-readable Port: 11004

4
Human-readable IP: 127.0.0.1
Human-readable Port: 11005

5
Human-readable IP: 127.0.0.1
Human-readable Port: 11006

6
Human-readable IP: 127.0.0.1
Human-readable Port: 11007

7
Human-readable IP: 127.0.0.1
Human-readable Port: 11008

8
Human-readable IP: 127.0.0.1
Human-readable Port: 11009

9
Human-readable IP: 127.0.0.1
Human-readable Port: 11010

10
Human-readable IP: 127.0.0.1
Human-readable Port: 11011

11
Human-readable IP: 127.0.0.1
Human-readable Port: 11012

12
Human-readable IP: 127.0.0.1
Human-readable Port: 11013

13
Human-readable IP: 127.0.0.1
Human-readable Port: 11014

14
Human-readable IP: 127.0.0.1
Human-readable Port: 11015

15
Human-readable IP: 127.0.0.1
Human-readable Port: 11016

16
Human-readable IP: 127.0.0.1
Human-readable Port: 11017

17
Human-readable IP: 127.0.0.1
Human-readable Port: 11018

18
Human-readable IP: 127.0.0.1
Human-readable Port: 11019

19
Human-readable IP: 127.0.0.1
Human-readable Port: 11020

20
Human-readable IP: 127.0.0.1
Human-readable Port: 11021

21
Human-readable IP: 127.0.0.1
Human-readable Port: 11022

22
Human-readable IP: 127.0.0.1
Human-readable Port: 11023

23
Human-readable IP: 127.0.0.1
Human-readable Port: 11024

24
Human-readable IP: 127.0.0.1
Human-readable Port: 11025

25
Human-readable IP: 127.0.0.1
Human-readable Port: 11026

26
Human-readable IP: 127.0.0.1
Human-readable Port: 11027

ProposalSetSize: 1000
Sliding window size: 16
UDPReceiver: Created socket on port 11027
THREAD NUMBER: 1
27
Human-readable IP: 127.0.0.1
Human-readable Port: 11028

28
Human-readable IP: 127.0.0.1
Human-readable Port: 11029

29
Human-readable IP: 127.0.0.1
Human-readable Port: 11030

30
Human-readable IP: 127.0.0.1
Human-readable Port: 11031

31
Human-readable IP: 127.0.0.1
Human-readable Port: 11032

32
Human-readable IP: 127.0.0.1
Human-readable Port: 11033

33
Human-readable IP: 127.0.0.1
Human-readable Port: 11034

34
Human-readable IP: 127.0.0.1
Human-readable Port: 11035

35
Human-readable IP: 127.0.0.1
Human-readable Port: 11036

36
Human-readable IP: 127.0.0.1
Human-readable Port: 11037

37
Human-readable IP: 127.0.0.1
Human-readable Port: 11038

38
Human-readable IP: 127.0.0.1
Human-readable Port: 11039

39
Human-readable IP: 127.0.0.1
Human-readable Port: 11040

40
Human-readable IP: 127.0.0.1
Human-readable Port: 11041

41
Human-readable IP: 127.0.0.1
Human-readable Port: 11042

42
Human-readable IP: 127.0.0.1
Human-readable Port: 11043

43
Human-readable IP: 127.0.0.1
Human-readable Port: 11044

44
Human-readable IP: 127.0.0.1
Human-readable Port: 11045

45
Human-readable IP: 127.0.0.1
Human-readable Port: 11046

46
Human-readable IP: 127.0.0.1
Human-readable Port: 11047

47
Human-readable IP: 127.0.0.1
Human-readable Port: 11048

48
Human-readable IP: 127.0.0.1
Human-readable Port: 11049

49
Human-readable IP: 127.0.0.1
Human-readable Port: 11050


Path to output:
===============
/root/tools/out/proc27.output

Deleted old output file: false

Path to config:
===============
./out/proc27.config

===============
Doing some initialization

Broadcasting and delivering messages...

Process ID: 27
Starting Round 0
Broadcasting proposal 1 round 0 with 91 elements
__________________________
Starting Round 1
Broadcasting proposal 1 round 1 with 61 elements
__________________________
Starting Round 2
Broadcasting proposal 1 round 2 with 98 elements
__________________________
Starting Round 3
Broadcasting proposal 1 round 3 with 40 elements
__________________________
Starting Round 4
Broadcasting proposal 1 round 4 with 82 elements
__________________________
Starting Round 5
Broadcasting proposal 1 round 5 with 8 elements
__________________________
Starting Round 6
Broadcasting proposal 1 round 6 with 44 elements
__________________________
Starting Round 7
Broadcasting proposal 1 round 7 with 89 elements
__________________________
DECIDED: 0 909
Broadcasting DELIVERY OF: 0
DECIDED: 1 914
Broadcasting DELIVERY OF: 1
DECIDED: 2 878
Broadcasting DELIVERY OF: 2
DECIDED: 3 840
Broadcasting DELIVERY OF: 3
DECIDED: 4 874
Broadcasting DELIVERY OF: 4
DECIDED: 5 865
Broadcasting DELIVERY OF: 5
DECIDED: 6 886
Broadcasting DELIVERY OF: 6
DECIDED: 7 875
Broadcasting DELIVERY OF: 7
Starting Round 8
Broadcasting proposal 1 round 8 with 365 elements
__________________________
Starting Round 9
Broadcasting proposal 1 round 9 with 426 elements
__________________________
Starting Round 10
Broadcasting proposal 1 round 10 with 305 elements
__________________________
Starting Round 11
Broadcasting proposal 1 round 11 with 271 elements
__________________________
Starting Round 12
Broadcasting proposal 1 round 12 with 467 elements
__________________________
Starting Round 13
Broadcasting proposal 1 round 13 with 420 elements
__________________________
Starting Round 14
Broadcasting proposal 1 round 14 with 297 elements
__________________________
Starting Round 15
Broadcasting proposal 1 round 15 with 351 elements
__________________________
Broadcasting NEW proposal 2 round 13 with 670 elements
__________________________
Broadcasting NEW proposal 2 round 14 with 664 elements
__________________________
Broadcasting NEW proposal 2 round 12 with 706 elements
__________________________
Broadcasting NEW proposal 2 round 11 with 546 elements
__________________________
Broadcasting NEW proposal 2 round 10 with 612 elements
__________________________
Broadcasting NEW proposal 2 round 15 with 704 elements
__________________________
Broadcasting NEW proposal 2 round 8 with 666 elements
__________________________
Broadcasting NEW proposal 2 round 9 with 660 elements
__________________________
DECIDED: 8 839
Broadcasting DELIVERY OF: 8
DECIDED: 9 770
Broadcasting DELIVERY OF: 9
DECIDED: 10 791
Broadcasting DELIVERY OF: 10
DECIDED: 11 722
Broadcasting DELIVERY OF: 11
DECIDED: 12 813
Broadcasting DELIVERY OF: 12
DECIDED: 13 788
Broadcasting DELIVERY OF: 13
DECIDED: 14 754
Broadcasting DELIVERY OF: 14
DECIDED: 15 774
Broadcasting DELIVERY OF: 15
Starting Round 16
Broadcasting proposal 1 round 16 with 443 elements
__________________________
Starting Round 17
Broadcasting proposal 1 round 17 with 351 elements
__________________________
Starting Round 18
Broadcasting proposal 1 round 18 with 414 elements
__________________________
Starting Round 19
Broadcasting proposal 1 round 19 with 388 elements
__________________________
Starting Round 20
Broadcasting proposal 1 round 20 with 292 elements
__________________________
Starting Round 21
Broadcasting proposal 1 round 21 with 300 elements
__________________________
Starting Round 22
Broadcasting proposal 1 round 22 with 156 elements
__________________________
Starting Round 23
Broadcasting proposal 1 round 23 with 284 elements
__________________________
Sent 1000 messages.
Broadcasting NEW proposal 2 round 16 with 740 elements
__________________________
Broadcasting NEW proposal 2 round 17 with 576 elements
__________________________
Broadcasting NEW proposal 2 round 21 with 528 elements
__________________________
Broadcasting NEW proposal 2 round 20 with 565 elements
__________________________
Broadcasting NEW proposal 2 round 19 with 589 elements
__________________________
Broadcasting NEW proposal 2 round 18 with 584 elements
__________________________
Broadcasting NEW proposal 2 round 23 with 604 elements
__________________________
Broadcasting NEW proposal 2 round 22 with 424 elements
__________________________
DECIDED: 16 846
Broadcasting DELIVERY OF: 16
DECIDED: 17 692
Broadcasting DELIVERY OF: 17
DECIDED: 18 703
Broadcasting DELIVERY OF: 18
DECIDED: 19 749
Broadcasting DELIVERY OF: 19
DECIDED: 20 746
Broadcasting DELIVERY OF: 20
DECIDED: 21 666
Broadcasting DELIVERY OF: 21
DECIDED: 22 617
Broadcasting DELIVERY OF: 22
DECIDED: 23 726
Broadcasting DELIVERY OF: 23
Starting Round 24
Broadcasting proposal 1 round 24 with 314 elements
__________________________
Starting Round 25
Broadcasting proposal 1 round 25 with 238 elements
__________________________
Starting Round 26
Broadcasting proposal 1 round 26 with 223 elements
__________________________
Starting Round 27
Broadcasting proposal 1 round 27 with 308 elements
__________________________
Starting Round 28
Broadcasting proposal 1 round 28 with 293 elements
__________________________
Starting Round 29
Broadcasting proposal 1 round 29 with 89 elements
__________________________
Starting Round 30
Broadcasting proposal 1 round 30 with 123 elements
__________________________
Starting Round 31
Broadcasting proposal 1 round 31 with 94 elements
__________________________
Broadcasting NEW proposal 2 round 25 with 635 elements
__________________________
DECIDED: 24 626
Broadcasting DELIVERY OF: 24
Broadcasting NEW proposal 2 round 30 with 557 elements
__________________________
Broadcasting NEW proposal 2 round 31 with 548 elements
__________________________
Broadcasting NEW proposal 2 round 26 with 543 elements
__________________________
Broadcasting NEW proposal 2 round 29 with 582 elements
__________________________
Broadcasting NEW proposal 2 round 27 with 651 elements
__________________________
Broadcasting NEW proposal 2 round 28 with 545 elements
__________________________
Starting Round 32
Broadcasting proposal 1 round 32 with 102 elements
__________________________
Sent 2000 messages.
DECIDED: 25 691
Broadcasting DELIVERY OF: 25
DECIDED: 26 640
Broadcasting DELIVERY OF: 26
DECIDED: 27 693
Broadcasting DELIVERY OF: 27
DECIDED: 28 668
Broadcasting DELIVERY OF: 28
DECIDED: 29 678
Broadcasting DELIVERY OF: 29
DECIDED: 30 682
Broadcasting DELIVERY OF: 30
DECIDED: 31 649
Broadcasting DELIVERY OF: 31
Broadcasting NEW proposal 2 round 32 with 207 elements
__________________________
Starting Round 33
Broadcasting proposal 1 round 33 with 206 elements
__________________________
Starting Round 34
Broadcasting proposal 1 round 34 with 257 elements
__________________________
Starting Round 35
Broadcasting proposal 1 round 35 with 312 elements
__________________________
Starting Round 36
Broadcasting proposal 1 round 36 with 296 elements
__________________________
Starting Round 37
Broadcasting proposal 1 round 37 with 138 elements
__________________________
Starting Round 38
Broadcasting proposal 1 round 38 with 133 elements
__________________________
Starting Round 39
Broadcasting proposal 1 round 39 with 50 elements
__________________________
Cleared proposal set for round 0
Broadcasting NEW proposal 2 round 39 with 435 elements
__________________________
Broadcasting NEW proposal 2 round 38 with 512 elements
__________________________
Broadcasting NEW proposal 2 round 37 with 469 elements
__________________________
DECIDED: 32 461
Broadcasting DELIVERY OF: 32
Broadcasting NEW proposal 2 round 36 with 610 elements
__________________________
Broadcasting NEW proposal 2 round 33 with 422 elements
__________________________
Broadcasting NEW proposal 2 round 34 with 432 elements
__________________________
Broadcasting NEW proposal 2 round 35 with 513 elements
__________________________
Starting Round 40
Broadcasting proposal 1 round 40 with 201 elements
__________________________
Cleared proposal set for round 3
Cleared proposal set for round 4
Cleared proposal set for round 2
Cleared proposal set for round 1
Cleared proposal set for round 6
Cleared proposal set for round 5
Cleared proposal set for round 7
Sent 3000 messages.
DECIDED: 33 512
Broadcasting DELIVERY OF: 33
DECIDED: 34 536
Broadcasting DELIVERY OF: 34
DECIDED: 35 539
Broadcasting DELIVERY OF: 35
DECIDED: 36 687
Broadcasting DELIVERY OF: 36
DECIDED: 37 568
Broadcasting DELIVERY OF: 37
DECIDED: 38 609
Broadcasting DELIVERY OF: 38
DECIDED: 39 485
Broadcasting DELIVERY OF: 39
Broadcasting NEW proposal 2 round 40 with 246 elements
__________________________
Starting Round 41
Broadcasting proposal 1 round 41 with 272 elements
__________________________
Starting Round 42
Broadcasting proposal 1 round 42 with 247 elements
__________________________
Starting Round 43
Broadcasting proposal 1 round 43 with 322 elements
__________________________
Starting Round 44
Broadcasting proposal 1 round 44 with 219 elements
__________________________
Starting Round 45
Broadcasting proposal 1 round 45 with 141 elements
__________________________
Starting Round 46
Broadcasting proposal 1 round 46 with 82 elements
__________________________
Starting Round 47
Broadcasting proposal 1 round 47 with 105 elements
__________________________
Broadcasting NEW proposal 2 round 44 with 535 elements
__________________________
DECIDED: 40 487
Broadcasting DELIVERY OF: 40
Broadcasting NEW proposal 2 round 43 with 640 elements
__________________________
Broadcasting NEW proposal 2 round 41 with 512 elements
__________________________
Broadcasting NEW proposal 2 round 42 with 504 elements
__________________________
Broadcasting NEW proposal 2 round 47 with 499 elements
__________________________
Broadcasting NEW proposal 2 round 45 with 493 elements
__________________________
Broadcasting NEW proposal 2 round 46 with 459 elements
__________________________
Cleared proposal set for round 8
Starting Round 48
Broadcasting proposal 1 round 48 with 186 elements
__________________________
Cleared proposal set for round 9
Cleared proposal set for round 12
Cleared proposal set for round 11
Cleared proposal set for round 10
Cleared proposal set for round 14
Cleared proposal set for round 13
DECIDED: 41 630
Broadcasting DELIVERY OF: 41
Broadcasting NEW proposal 2 round 48 with 288 elements
__________________________
DECIDED: 42 617
Broadcasting DELIVERY OF: 42
DECIDED: 43 734
Broadcasting DELIVERY OF: 43
DECIDED: 44 650
Broadcasting DELIVERY OF: 44
DECIDED: 45 609
Broadcasting DELIVERY OF: 45
DECIDED: 46 593
Broadcasting DELIVERY OF: 46
DECIDED: 47 613
Broadcasting DELIVERY OF: 47
Starting Round 49
Broadcasting proposal 1 round 49 with 341 elements
__________________________
Cleared proposal set for round 15
Sent 4000 messages.
Broadcasting NEW proposal 2 round 49 with 546 elements
__________________________
DECIDED: 48 524
Broadcasting DELIVERY OF: 48
Cleared proposal set for round 16
Cleared proposal set for round 17
DECIDED: 49 646
Broadcasting DELIVERY OF: 49
Cleared proposal set for round 18
Cleared proposal set for round 21
Cleared proposal set for round 19
Cleared proposal set for round 22
Cleared proposal set for round 20
Cleared proposal set for round 23
Cleared proposal set for round 24
Cleared proposal set for round 25
Cleared proposal set for round 29
Cleared proposal set for round 27
Cleared proposal set for round 30
Cleared proposal set for round 26
Cleared proposal set for round 28
Cleared proposal set for round 31
Cleared proposal set for round 33
Cleared proposal set for round 32
Cleared proposal set for round 35
Cleared proposal set for round 37
Cleared proposal set for round 34
Cleared proposal set for round 38
Cleared proposal set for round 36
Cleared proposal set for round 39
Cleared proposal set for round 41
Cleared proposal set for round 40
Cleared proposal set for round 43
Cleared proposal set for round 45
Cleared proposal set for round 44
Cleared proposal set for round 46
Cleared proposal set for round 42
Cleared proposal set for round 47
Cleared proposal set for round 49
Cleared proposal set for round 48
Immediately stopping network packet processing.
Writing output.
