java.util.concurrent.RejectedExecutionException: Task java.util.concurrent.FutureTask@5e8ee2ac[Not completed, task = java.util.concurrent.Executors$RunnableAdapter@1b8c6fb9[Wrapped task = Thread[Thread-6838,9,main]]] rejected from java.util.concurrent.ThreadPoolExecutor@6fedf7f8[Terminated, pool size = 0, active threads = 0, queued tasks = 0, completed tasks = 5796]
	at java.base/java.util.concurrent.ThreadPoolExecutor$AbortPolicy.rejectedExecution(ThreadPoolExecutor.java:2070)
	at java.base/java.util.concurrent.ThreadPoolExecutor.reject(ThreadPoolExecutor.java:833)
	at java.base/java.util.concurrent.ThreadPoolExecutor.execute(ThreadPoolExecutor.java:1360)
	at java.base/java.util.concurrent.AbstractExecutorService.submit(AbstractExecutorService.java:123)
	at cs451.links.FairLossLinks.send(FairLossLinks.java:65)
	at cs451.links.StubbornLinks.lambda$sendMessagesToBeSent$3(StubbornLinks.java:142)
	at java.base/java.util.ArrayList.forEach(ArrayList.java:1511)
	at cs451.links.StubbornLinks.sendMessagesToBeSent(StubbornLinks.java:133)
	at cs451.links.StubbornLinks.lambda$new$2(StubbornLinks.java:111)
	at java.base/java.lang.Thread.run(Thread.java:833)
java.util.concurrent.RejectedExecutionException: Task java.util.concurrent.FutureTask@401c4ea1[Not completed, task = java.util.concurrent.Executors$RunnableAdapter@591f514a[Wrapped task = Thread[Thread-6839,10,main]]] rejected from java.util.concurrent.ThreadPoolExecutor@6fedf7f8[Terminated, pool size = 0, active threads = 0, queued tasks = 0, completed tasks = 5796]
	at java.base/java.util.concurrent.ThreadPoolExecutor$AbortPolicy.rejectedExecution(ThreadPoolExecutor.java:2070)
	at java.base/java.util.concurrent.ThreadPoolExecutor.reject(ThreadPoolExecutor.java:833)
	at java.base/java.util.concurrent.ThreadPoolExecutor.execute(ThreadPoolExecutor.java:1365)
	at java.base/java.util.concurrent.AbstractExecutorService.submit(AbstractExecutorService.java:123)
	at cs451.links.FairLossLinks.send(FairLossLinks.java:65)
	at cs451.links.StubbornLinks.lambda$sendAckMessagesToBeSent$4(StubbornLinks.java:163)
	at java.base/java.util.ArrayList.forEach(ArrayList.java:1511)
	at cs451.links.StubbornLinks.sendAckMessagesToBeSent(StubbornLinks.java:157)
	at cs451.links.StubbornLinks.lambda$new$1(StubbornLinks.java:91)
	at java.base/java.lang.Thread.run(Thread.java:833)
