Listening for transport dt_socket at address: 8651
My PID: 2088

From a new terminal type `kill -SIGINT 2088` or `kill -SIGTERM 2088` to stop processing packets

OUTPUT:  /root/tools/out/proc15.output
My ID: 15

List of resolved hosts is:
==========================
0
Human-readable IP: 127.0.0.1
Human-readable Port: 11001

1
Human-readable IP: 127.0.0.1
Human-readable Port: 11002

2
Human-readable IP: 127.0.0.1
Human-readable Port: 11003

3
Human-readable IP: 127.0.0.1
Human-readable Port: 11004

4
Human-readable IP: 127.0.0.1
Human-readable Port: 11005

5
Human-readable IP: 127.0.0.1
Human-readable Port: 11006

6
Human-readable IP: 127.0.0.1
Human-readable Port: 11007

7
Human-readable IP: 127.0.0.1
Human-readable Port: 11008

8
Human-readable IP: 127.0.0.1
Human-readable Port: 11009

9
Human-readable IP: 127.0.0.1
Human-readable Port: 11010

10
Human-readable IP: 127.0.0.1
Human-readable Port: 11011

11
Human-readable IP: 127.0.0.1
Human-readable Port: 11012

12
Human-readable IP: 127.0.0.1
Human-readable Port: 11013

13
Human-readable IP: 127.0.0.1
Human-readable Port: 11014

14
Human-readable IP: 127.0.0.1
Human-readable Port: 11015

ProposalSetSize: 1000
Sliding window size: 16
UDPReceiver: Created socket on port 11015
THREAD NUMBER: 1
15
Human-readable IP: 127.0.0.1
Human-readable Port: 11016

16
Human-readable IP: 127.0.0.1
Human-readable Port: 11017

17
Human-readable IP: 127.0.0.1
Human-readable Port: 11018

18
Human-readable IP: 127.0.0.1
Human-readable Port: 11019

19
Human-readable IP: 127.0.0.1
Human-readable Port: 11020

20
Human-readable IP: 127.0.0.1
Human-readable Port: 11021

21
Human-readable IP: 127.0.0.1
Human-readable Port: 11022

22
Human-readable IP: 127.0.0.1
Human-readable Port: 11023

23
Human-readable IP: 127.0.0.1
Human-readable Port: 11024

24
Human-readable IP: 127.0.0.1
Human-readable Port: 11025

25
Human-readable IP: 127.0.0.1
Human-readable Port: 11026

26
Human-readable IP: 127.0.0.1
Human-readable Port: 11027

27
Human-readable IP: 127.0.0.1
Human-readable Port: 11028

28
Human-readable IP: 127.0.0.1
Human-readable Port: 11029

29
Human-readable IP: 127.0.0.1
Human-readable Port: 11030

30
Human-readable IP: 127.0.0.1
Human-readable Port: 11031

31
Human-readable IP: 127.0.0.1
Human-readable Port: 11032

32
Human-readable IP: 127.0.0.1
Human-readable Port: 11033

33
Human-readable IP: 127.0.0.1
Human-readable Port: 11034

34
Human-readable IP: 127.0.0.1
Human-readable Port: 11035

35
Human-readable IP: 127.0.0.1
Human-readable Port: 11036

36
Human-readable IP: 127.0.0.1
Human-readable Port: 11037

37
Human-readable IP: 127.0.0.1
Human-readable Port: 11038

38
Human-readable IP: 127.0.0.1
Human-readable Port: 11039

39
Human-readable IP: 127.0.0.1
Human-readable Port: 11040

40
Human-readable IP: 127.0.0.1
Human-readable Port: 11041

41
Human-readable IP: 127.0.0.1
Human-readable Port: 11042

42
Human-readable IP: 127.0.0.1
Human-readable Port: 11043

43
Human-readable IP: 127.0.0.1
Human-readable Port: 11044

44
Human-readable IP: 127.0.0.1
Human-readable Port: 11045

45
Human-readable IP: 127.0.0.1
Human-readable Port: 11046

46
Human-readable IP: 127.0.0.1
Human-readable Port: 11047

47
Human-readable IP: 127.0.0.1
Human-readable Port: 11048

48
Human-readable IP: 127.0.0.1
Human-readable Port: 11049

49
Human-readable IP: 127.0.0.1
Human-readable Port: 11050


Path to output:
===============
/root/tools/out/proc15.output

Deleted old output file: false

Path to config:
===============
./out/proc15.config

===============
Doing some initialization

Broadcasting and delivering messages...

Process ID: 15
Starting Round 0
Broadcasting proposal 1 round 0 with 100 elements
__________________________
Starting Round 1
Broadcasting proposal 1 round 1 with 34 elements
__________________________
Starting Round 2
Broadcasting proposal 1 round 2 with 39 elements
__________________________
Starting Round 3
Broadcasting proposal 1 round 3 with 65 elements
__________________________
Starting Round 4
Broadcasting proposal 1 round 4 with 75 elements
__________________________
Starting Round 5
Broadcasting proposal 1 round 5 with 59 elements
__________________________
Starting Round 6
Broadcasting proposal 1 round 6 with 24 elements
__________________________
Starting Round 7
Broadcasting proposal 1 round 7 with 27 elements
__________________________
Broadcasting NEW proposal 2 round 1 with 876 elements
__________________________
Broadcasting NEW proposal 2 round 4 with 834 elements
__________________________
Broadcasting NEW proposal 2 round 5 with 795 elements
__________________________
Broadcasting NEW proposal 2 round 3 with 773 elements
__________________________
Broadcasting NEW proposal 2 round 0 with 860 elements
__________________________
Broadcasting NEW proposal 2 round 2 with 833 elements
__________________________
Broadcasting NEW proposal 2 round 7 with 821 elements
__________________________
Broadcasting NEW proposal 2 round 6 with 837 elements
__________________________
Broadcasting NEW proposal 3 round 5 with 862 elements
__________________________
Broadcasting NEW proposal 3 round 2 with 878 elements
__________________________
Broadcasting NEW proposal 3 round 4 with 872 elements
__________________________
Broadcasting NEW proposal 3 round 3 with 826 elements
__________________________
Broadcasting NEW proposal 3 round 0 with 894 elements
__________________________
DECIDED: 0 909
Broadcasting DELIVERY OF: 0
DECIDED: 1 914
Broadcasting DELIVERY OF: 1
DECIDED: 2 878
Broadcasting DELIVERY OF: 2
DECIDED: 3 840
Broadcasting DELIVERY OF: 3
DECIDED: 4 874
Broadcasting DELIVERY OF: 4
DECIDED: 5 865
Broadcasting DELIVERY OF: 5
DECIDED: 6 886
Broadcasting DELIVERY OF: 6
DECIDED: 7 875
Broadcasting DELIVERY OF: 7
Starting Round 8
Broadcasting proposal 1 round 8 with 438 elements
__________________________
Starting Round 9
Broadcasting proposal 1 round 9 with 551 elements
__________________________
Starting Round 10
Broadcasting proposal 1 round 10 with 461 elements
__________________________
Starting Round 11
Broadcasting proposal 1 round 11 with 368 elements
__________________________
Starting Round 12
Broadcasting proposal 1 round 12 with 528 elements
__________________________
Starting Round 13
Broadcasting proposal 1 round 13 with 522 elements
__________________________
Starting Round 14
Broadcasting proposal 1 round 14 with 408 elements
__________________________
Starting Round 15
Broadcasting proposal 1 round 15 with 510 elements
__________________________
Broadcasting NEW proposal 2 round 14 with 664 elements
__________________________
Broadcasting NEW proposal 2 round 15 with 704 elements
__________________________
Sent 1000 messages.
Broadcasting NEW proposal 2 round 13 with 670 elements
__________________________
Broadcasting NEW proposal 2 round 12 with 706 elements
__________________________
Broadcasting NEW proposal 2 round 11 with 546 elements
__________________________
Broadcasting NEW proposal 2 round 9 with 660 elements
__________________________
Broadcasting NEW proposal 2 round 8 with 666 elements
__________________________
Broadcasting NEW proposal 2 round 10 with 612 elements
__________________________
DECIDED: 8 839
Broadcasting DELIVERY OF: 8
Broadcasting NEW proposal 3 round 9 with 770 elements
__________________________
Broadcasting NEW proposal 3 round 10 with 791 elements
__________________________
Broadcasting NEW proposal 3 round 11 with 722 elements
__________________________
Starting Round 16
Broadcasting proposal 1 round 16 with 461 elements
__________________________
Broadcasting NEW proposal 2 round 16 with 764 elements
__________________________
Broadcasting NEW proposal 4 round 11 with 837 elements
__________________________
Broadcasting NEW proposal 4 round 9 with 839 elements
__________________________
Broadcasting NEW proposal 4 round 10 with 876 elements
__________________________
DECIDED: 9 870
Broadcasting DELIVERY OF: 9
DECIDED: 10 904
Broadcasting DELIVERY OF: 10
DECIDED: 11 877
Broadcasting DELIVERY OF: 11
DECIDED: 12 879
Broadcasting DELIVERY OF: 12
DECIDED: 13 884
Broadcasting DELIVERY OF: 13
DECIDED: 14 866
Broadcasting DELIVERY OF: 14
DECIDED: 15 881
Broadcasting DELIVERY OF: 15
DECIDED: 16 846
Broadcasting DELIVERY OF: 16
Starting Round 17
Broadcasting proposal 1 round 17 with 698 elements
__________________________
Starting Round 18
Broadcasting proposal 1 round 18 with 708 elements
__________________________
Starting Round 19
Broadcasting proposal 1 round 19 with 751 elements
__________________________
Starting Round 20
Broadcasting proposal 1 round 20 with 766 elements
__________________________
Starting Round 21
Broadcasting proposal 1 round 21 with 688 elements
__________________________
Starting Round 22
Broadcasting proposal 1 round 22 with 630 elements
__________________________
Starting Round 23
Broadcasting proposal 1 round 23 with 729 elements
__________________________
Starting Round 24
Broadcasting proposal 1 round 24 with 363 elements
__________________________
Sent 2000 messages.
Broadcasting NEW proposal 2 round 18 with 732 elements
__________________________
Broadcasting NEW proposal 2 round 20 with 801 elements
__________________________
Broadcasting NEW proposal 2 round 24 with 721 elements
__________________________
Broadcasting NEW proposal 2 round 19 with 780 elements
__________________________
Broadcasting NEW proposal 2 round 21 with 721 elements
__________________________
Broadcasting NEW proposal 2 round 22 with 677 elements
__________________________
Broadcasting NEW proposal 2 round 17 with 734 elements
__________________________
Broadcasting NEW proposal 2 round 23 with 758 elements
__________________________
DECIDED: 17 872
Broadcasting DELIVERY OF: 17
DECIDED: 18 834
Broadcasting DELIVERY OF: 18
DECIDED: 19 872
Broadcasting DELIVERY OF: 19
DECIDED: 20 863
Broadcasting DELIVERY OF: 20
DECIDED: 21 856
Broadcasting DELIVERY OF: 21
DECIDED: 22 874
Broadcasting DELIVERY OF: 22
DECIDED: 23 872
Broadcasting DELIVERY OF: 23
DECIDED: 24 799
Broadcasting DELIVERY OF: 24
Starting Round 25
Broadcasting proposal 1 round 25 with 735 elements
__________________________
Starting Round 26
Broadcasting proposal 1 round 26 with 739 elements
__________________________
Starting Round 27
Broadcasting proposal 1 round 27 with 752 elements
__________________________
Starting Round 28
Broadcasting proposal 1 round 28 with 735 elements
__________________________
Starting Round 29
Broadcasting proposal 1 round 29 with 732 elements
__________________________
Starting Round 30
Broadcasting proposal 1 round 30 with 710 elements
__________________________
Starting Round 31
Broadcasting proposal 1 round 31 with 674 elements
__________________________
Starting Round 32
Broadcasting proposal 1 round 32 with 234 elements
__________________________
Cleared proposal set for round 0
Broadcasting NEW proposal 2 round 25 with 768 elements
__________________________
Broadcasting NEW proposal 2 round 26 with 757 elements
__________________________
Broadcasting NEW proposal 2 round 27 with 767 elements
__________________________
Broadcasting NEW proposal 2 round 28 with 759 elements
__________________________
Broadcasting NEW proposal 2 round 32 with 463 elements
__________________________
Broadcasting NEW proposal 2 round 31 with 720 elements
__________________________
Broadcasting NEW proposal 2 round 30 with 726 elements
__________________________
Broadcasting NEW proposal 2 round 29 with 743 elements
__________________________
Cleared proposal set for round 6
Cleared proposal set for round 5
Cleared proposal set for round 7
Cleared proposal set for round 1
Cleared proposal set for round 3
Cleared proposal set for round 4
Cleared proposal set for round 2
Sent 3000 messages.
DECIDED: 25 813
Broadcasting DELIVERY OF: 25
DECIDED: 26 832
Broadcasting DELIVERY OF: 26
DECIDED: 27 861
Broadcasting DELIVERY OF: 27
DECIDED: 28 880
Broadcasting DELIVERY OF: 28
DECIDED: 29 843
Broadcasting DELIVERY OF: 29
DECIDED: 30 835
Broadcasting DELIVERY OF: 30
DECIDED: 31 827
Broadcasting DELIVERY OF: 31
DECIDED: 32 547
Broadcasting DELIVERY OF: 32
Starting Round 33
Broadcasting proposal 1 round 33 with 559 elements
__________________________
Starting Round 34
Broadcasting proposal 1 round 34 with 586 elements
__________________________
Starting Round 35
Broadcasting proposal 1 round 35 with 598 elements
__________________________
Starting Round 36
Broadcasting proposal 1 round 36 with 690 elements
__________________________
Starting Round 37
Broadcasting proposal 1 round 37 with 636 elements
__________________________
Starting Round 38
Broadcasting proposal 1 round 38 with 673 elements
__________________________
Starting Round 39
Broadcasting proposal 1 round 39 with 550 elements
__________________________
Starting Round 40
Broadcasting proposal 1 round 40 with 266 elements
__________________________
Broadcasting NEW proposal 2 round 38 with 752 elements
__________________________
Broadcasting NEW proposal 2 round 39 with 681 elements
__________________________
Broadcasting NEW proposal 2 round 37 with 734 elements
__________________________
Broadcasting NEW proposal 2 round 40 with 518 elements
__________________________
Cleared proposal set for round 8
Broadcasting NEW proposal 2 round 35 with 658 elements
__________________________
Broadcasting NEW proposal 2 round 34 with 642 elements
__________________________
DECIDED: 33 662
Broadcasting DELIVERY OF: 33
Starting Round 41
Broadcasting proposal 1 round 41 with 556 elements
__________________________
Cleared proposal set for round 9
Cleared proposal set for round 12
Cleared proposal set for round 11
Cleared proposal set for round 10
Cleared proposal set for round 13
Cleared proposal set for round 14
Broadcasting NEW proposal 2 round 41 with 724 elements
__________________________
DECIDED: 34 740
Broadcasting DELIVERY OF: 34
DECIDED: 35 742
Broadcasting DELIVERY OF: 35
DECIDED: 36 819
Broadcasting DELIVERY OF: 36
DECIDED: 37 795
Broadcasting DELIVERY OF: 37
DECIDED: 38 836
Broadcasting DELIVERY OF: 38
DECIDED: 39 777
Broadcasting DELIVERY OF: 39
DECIDED: 40 650
Broadcasting DELIVERY OF: 40
Starting Round 42
Broadcasting proposal 1 round 42 with 645 elements
__________________________
Starting Round 43
Broadcasting proposal 1 round 43 with 755 elements
__________________________
Starting Round 44
Broadcasting proposal 1 round 44 with 686 elements
__________________________
Starting Round 45
Broadcasting proposal 1 round 45 with 629 elements
__________________________
Starting Round 46
Broadcasting proposal 1 round 46 with 606 elements
__________________________
Starting Round 47
Broadcasting proposal 1 round 47 with 649 elements
__________________________
Starting Round 48
Broadcasting proposal 1 round 48 with 297 elements
__________________________
Cleared proposal set for round 15
Sent 4000 messages.
Broadcasting NEW proposal 2 round 43 with 836 elements
__________________________
Broadcasting NEW proposal 2 round 42 with 739 elements
__________________________
Broadcasting NEW proposal 2 round 44 with 729 elements
__________________________
Broadcasting NEW proposal 2 round 45 with 754 elements
__________________________
Broadcasting NEW proposal 2 round 47 with 789 elements
__________________________
Broadcasting NEW proposal 2 round 46 with 722 elements
__________________________
DECIDED: 41 752
Broadcasting DELIVERY OF: 41
Broadcasting NEW proposal 2 round 48 with 566 elements
__________________________
Starting Round 49
Broadcasting proposal 1 round 49 with 577 elements
__________________________
Cleared proposal set for round 17
Cleared proposal set for round 16
Cleared proposal set for round 19
Cleared proposal set for round 21
Cleared proposal set for round 22
Cleared proposal set for round 20
Cleared proposal set for round 18
DECIDED: 42 797
Broadcasting DELIVERY OF: 42
DECIDED: 43 880
Broadcasting DELIVERY OF: 43
DECIDED: 44 787
Broadcasting DELIVERY OF: 44
DECIDED: 45 820
Broadcasting DELIVERY OF: 45
DECIDED: 46 827
Broadcasting DELIVERY OF: 46
DECIDED: 47 849
Broadcasting DELIVERY OF: 47
Broadcasting NEW proposal 2 round 49 with 700 elements
__________________________
DECIDED: 48 624
Broadcasting DELIVERY OF: 48
Cleared proposal set for round 23
DECIDED: 49 753
Broadcasting DELIVERY OF: 49
Cleared proposal set for round 24
Cleared proposal set for round 25
Cleared proposal set for round 26
Cleared proposal set for round 27
Cleared proposal set for round 28
Cleared proposal set for round 30
Cleared proposal set for round 29
Cleared proposal set for round 31
Cleared proposal set for round 33
Cleared proposal set for round 32
Cleared proposal set for round 35
Cleared proposal set for round 36
Cleared proposal set for round 37
Cleared proposal set for round 38
Cleared proposal set for round 34
Cleared proposal set for round 39
Cleared proposal set for round 40
Cleared proposal set for round 41
Cleared proposal set for round 42
Cleared proposal set for round 43
Cleared proposal set for round 44
Cleared proposal set for round 45
Cleared proposal set for round 46
Cleared proposal set for round 47
Cleared proposal set for round 49
Cleared proposal set for round 48
Immediately stopping network packet processing.
Writing output.
