Listening for transport dt_socket at address: 9006
My PID: 64938

From a new terminal type `kill -SIGINT 64938` or `kill -SIGTERM 64938` to stop processing packets

OUTPUT:  /Users/aybarsyazici/Documents/EPFL/distributed/EPFL-CS451-Project/tools/out/proc02.output
My ID: 2

List of resolved hosts is:
==========================
0
Human-readable IP: 127.0.0.1
Human-readable Port: 11001

1
Human-readable IP: 127.0.0.1
Human-readable Port: 11002

ProposalSetSize: 1800
Sliding window size: 16
UDPReceiver: Created socket on port 11002
THREAD NUMBER: 1
2
Human-readable IP: 127.0.0.1
Human-readable Port: 11003

3
Human-readable IP: 127.0.0.1
Human-readable Port: 11004

4
Human-readable IP: 127.0.0.1
Human-readable Port: 11005

5
Human-readable IP: 127.0.0.1
Human-readable Port: 11006

6
Human-readable IP: 127.0.0.1
Human-readable Port: 11007

7
Human-readable IP: 127.0.0.1
Human-readable Port: 11008

8
Human-readable IP: 127.0.0.1
Human-readable Port: 11009

9
Human-readable IP: 127.0.0.1
Human-readable Port: 11010

10
Human-readable IP: 127.0.0.1
Human-readable Port: 11011

11
Human-readable IP: 127.0.0.1
Human-readable Port: 11012

12
Human-readable IP: 127.0.0.1
Human-readable Port: 11013

13
Human-readable IP: 127.0.0.1
Human-readable Port: 11014

14
Human-readable IP: 127.0.0.1
Human-readable Port: 11015

15
Human-readable IP: 127.0.0.1
Human-readable Port: 11016

16
Human-readable IP: 127.0.0.1
Human-readable Port: 11017

17
Human-readable IP: 127.0.0.1
Human-readable Port: 11018

18
Human-readable IP: 127.0.0.1
Human-readable Port: 11019

19
Human-readable IP: 127.0.0.1
Human-readable Port: 11020

20
Human-readable IP: 127.0.0.1
Human-readable Port: 11021

21
Human-readable IP: 127.0.0.1
Human-readable Port: 11022

22
Human-readable IP: 127.0.0.1
Human-readable Port: 11023

23
Human-readable IP: 127.0.0.1
Human-readable Port: 11024

24
Human-readable IP: 127.0.0.1
Human-readable Port: 11025

25
Human-readable IP: 127.0.0.1
Human-readable Port: 11026

26
Human-readable IP: 127.0.0.1
Human-readable Port: 11027

27
Human-readable IP: 127.0.0.1
Human-readable Port: 11028

28
Human-readable IP: 127.0.0.1
Human-readable Port: 11029

29
Human-readable IP: 127.0.0.1
Human-readable Port: 11030

30
Human-readable IP: 127.0.0.1
Human-readable Port: 11031

31
Human-readable IP: 127.0.0.1
Human-readable Port: 11032

32
Human-readable IP: 127.0.0.1
Human-readable Port: 11033

33
Human-readable IP: 127.0.0.1
Human-readable Port: 11034

34
Human-readable IP: 127.0.0.1
Human-readable Port: 11035

35
Human-readable IP: 127.0.0.1
Human-readable Port: 11036

36
Human-readable IP: 127.0.0.1
Human-readable Port: 11037

37
Human-readable IP: 127.0.0.1
Human-readable Port: 11038

38
Human-readable IP: 127.0.0.1
Human-readable Port: 11039

39
Human-readable IP: 127.0.0.1
Human-readable Port: 11040

40
Human-readable IP: 127.0.0.1
Human-readable Port: 11041

41
Human-readable IP: 127.0.0.1
Human-readable Port: 11042

42
Human-readable IP: 127.0.0.1
Human-readable Port: 11043

43
Human-readable IP: 127.0.0.1
Human-readable Port: 11044

44
Human-readable IP: 127.0.0.1
Human-readable Port: 11045

45
Human-readable IP: 127.0.0.1
Human-readable Port: 11046

46
Human-readable IP: 127.0.0.1
Human-readable Port: 11047

47
Human-readable IP: 127.0.0.1
Human-readable Port: 11048

48
Human-readable IP: 127.0.0.1
Human-readable Port: 11049

49
Human-readable IP: 127.0.0.1
Human-readable Port: 11050


Path to output:
===============
/Users/aybarsyazici/Documents/EPFL/distributed/EPFL-CS451-Project/tools/out/proc02.output

Deleted old output file: false

Path to config:
===============
./out/proc02.config

===============
Doing some initialization

Broadcasting and delivering messages...

Process ID: 2
Starting Round 0
Proposing Round 0 [1880157459, 1146005448, 245522987, 2140506492, 157612991, 1595467139]
Broadcasting proposal 1 round 0 with 6 elements
__________________________
Starting Round 1
Proposing Round 1 [157612991]
Broadcasting proposal 1 round 1 with 1 elements
__________________________
Starting Round 2
Proposing Round 2 [188146518, 1168672809, 2041322270, 1484714820, 1907818922, 1898565319]
Broadcasting proposal 1 round 2 with 6 elements
__________________________
Starting Round 3
Proposing Round 3 [1133802214, 1754569613, 963124353, 1736526879]
Broadcasting proposal 1 round 3 with 4 elements
__________________________
Starting Round 4
Proposing Round 4 [1928130926, 1781915481]
Broadcasting proposal 1 round 4 with 2 elements
__________________________
Starting Round 5
Proposing Round 5 [275860817, 278911214, 2112035409, 519927529, 557363168, 1070298438, 505779640, 1164506150, 111088881, 1965718821]
Broadcasting proposal 1 round 5 with 10 elements
__________________________
Starting Round 6
Proposing Round 6 [1898551433, 1709996749, 1293434554, 625217504, 1948728483, 1321182659, 1870778191, 248786714, 1784572192]
Broadcasting proposal 1 round 6 with 9 elements
__________________________
Starting Round 7
Proposing Round 7 [167134213, 1228836941, 1817865363, 257616339, 1342278523, 1297896903, 1600506062, 1602874642, 1288477634]
Broadcasting proposal 1 round 7 with 9 elements
__________________________
Immediately stopping network packet processing.
Writing output.
