java.util.concurrent.RejectedExecutionException: Task java.util.concurrent.FutureTask@66293e33[Not completed, task = java.util.concurrent.Executors$RunnableAdapter@181d09c4[Wrapped task = Thread[Thread-1690740,5,main]]] rejected from java.util.concurrent.ThreadPoolExecutor@63b55c06[Terminated, pool size = 0, active threads = 0, queued tasks = 0, completed tasks = 1690608]
	at java.base/java.util.concurrent.ThreadPoolExecutor$AbortPolicy.rejectedExecution(ThreadPoolExecutor.java:2070)
	at java.base/java.util.concurrent.ThreadPoolExecutor.reject(ThreadPoolExecutor.java:833)
	at java.base/java.util.concurrent.ThreadPoolExecutor.execute(ThreadPoolExecutor.java:1365)
	at java.base/java.util.concurrent.AbstractExecutorService.submit(AbstractExecutorService.java:123)
	at cs451.links.FairLossLinks.send(FairLossLinks.java:52)
	at cs451.links.StubbornLinks.lambda$sendMessagesToBeSent$2(StubbornLinks.java:106)
	at java.base/java.util.ArrayList.forEach(ArrayList.java:1511)
	at cs451.links.StubbornLinks.sendMessagesToBeSent(StubbornLinks.java:98)
	at cs451.links.StubbornLinks.lambda$new$1(StubbornLinks.java:78)
	at java.base/java.lang.Thread.run(Thread.java:833)
java.util.concurrent.RejectedExecutionException: Task java.util.concurrent.FutureTask@512f1a28[Not completed, task = java.util.concurrent.Executors$RunnableAdapter@ce23e13[Wrapped task = Thread[Thread-1690739,5,main]]] rejected from java.util.concurrent.ThreadPoolExecutor@63b55c06[Terminated, pool size = 0, active threads = 0, queued tasks = 0, completed tasks = 1690608]
	at java.base/java.util.concurrent.ThreadPoolExecutor$AbortPolicy.rejectedExecution(ThreadPoolExecutor.java:2070)
	at java.base/java.util.concurrent.ThreadPoolExecutor.reject(ThreadPoolExecutor.java:833)
	at java.base/java.util.concurrent.ThreadPoolExecutor.execute(ThreadPoolExecutor.java:1365)
	at java.base/java.util.concurrent.AbstractExecutorService.submit(AbstractExecutorService.java:123)
	at cs451.links.FairLossLinks.send(FairLossLinks.java:52)
	at cs451.links.StubbornLinks.sendAckMessagesToBeSent(StubbornLinks.java:130)
	at cs451.links.StubbornLinks.lambda$new$0(StubbornLinks.java:58)
	at java.base/java.lang.Thread.run(Thread.java:833)
