b 1
b 2
b 3
b 4
b 5
b 6
b 7
b 8
b 9
b 10
b 11
b 12
b 13
b 14
b 15
b 16
b 17
b 18
b 19
b 20
b 21
b 22
b 23
b 24
b 25
b 26
b 27
b 28
b 29
b 30
b 31
b 32
b 33
b 34
b 35
b 36
b 37
b 38
b 39
b 40
b 41
b 42
b 43
b 44
b 45
b 46
b 47
b 48
b 49
b 50
b 51
b 52
b 53
b 54
b 55
b 56
b 57
b 58
b 59
b 60
b 61
b 62
b 63
b 64
b 65
b 66
b 67
b 68
b 69
b 70
b 71
b 72
b 73
b 74
b 75
b 76
b 77
b 78
b 79
b 80
b 81
b 82
b 83
b 84
b 85
b 86
b 87
b 88
b 89
b 90
b 91
b 92
b 93
b 94
b 95
b 96
b 97
b 98
b 99
b 100
b 101
b 102
b 103
b 104
b 105
b 106
b 107
b 108
b 109
b 110
b 111
b 112
b 113
b 114
b 115
b 116
b 117
b 118
b 119
b 120
b 121
b 122
b 123
b 124
b 125
b 126
b 127
b 128
b 129
b 130
b 131
b 132
b 133
b 134
b 135
b 136
b 137
b 138
b 139
b 140
b 141
b 142
b 143
b 144
b 145
b 146
b 147
b 148
b 149
b 150
b 151
b 152
b 153
b 154
b 155
b 156
b 157
b 158
b 159
b 160
b 161
b 162
b 163
b 164
b 165
b 166
b 167
b 168
b 169
b 170
b 171
b 172
b 173
b 174
b 175
b 176
b 177
b 178
b 179
b 180
b 181
b 182
b 183
b 184
b 185
b 186
b 187
b 188
b 189
b 190
b 191
b 192
b 193
b 194
b 195
b 196
b 197
b 198
b 199
b 200
b 201
b 202
b 203
b 204
b 205
b 206
b 207
b 208
b 209
b 210
b 211
b 212
b 213
b 214
b 215
b 216
b 217
b 218
b 219
b 220
b 221
b 222
b 223
b 224
b 225
b 226
b 227
b 228
b 229
b 230
b 231
b 232
b 233
b 234
b 235
b 236
b 237
b 238
b 239
b 240
b 241
b 242
b 243
b 244
b 245
b 246
b 247
b 248
b 249
b 250
b 251
b 252
b 253
b 254
b 255
b 256
b 257
b 258
b 259
b 260
b 261
b 262
b 263
b 264
b 265
b 266
b 267
b 268
b 269
b 270
b 271
b 272
b 273
b 274
b 275
b 276
b 277
b 278
b 279
b 280
b 281
b 282
b 283
b 284
b 285
b 286
b 287
b 288
b 289
b 290
b 291
b 292
b 293
b 294
b 295
b 296
b 297
b 298
b 299
b 300
b 301
b 302
b 303
b 304
b 305
b 306
b 307
b 308
b 309
b 310
b 311
b 312
b 313
b 314
b 315
b 316
b 317
b 318
b 319
b 320
b 321
b 322
b 323
b 324
b 325
b 326
b 327
b 328
b 329
b 330
b 331
b 332
b 333
b 334
b 335
b 336
b 337
b 338
b 339
b 340
b 341
b 342
b 343
b 344
b 345
b 346
b 347
b 348
b 349
b 350
b 351
b 352
b 353
b 354
b 355
b 356
b 357
b 358
b 359
b 360
b 361
b 362
b 363
b 364
b 365
b 366
b 367
b 368
b 369
b 370
b 371
b 372
b 373
b 374
b 375
b 376
b 377
b 378
b 379
b 380
b 381
b 382
b 383
b 384
b 385
b 386
b 387
b 388
b 389
b 390
b 391
b 392
b 393
b 394
b 395
b 396
b 397
b 398
b 399
b 400
b 401
b 402
b 403
b 404
b 405
b 406
b 407
b 408
b 409
b 410
b 411
b 412
b 413
b 414
b 415
b 416
b 417
b 418
b 419
b 420
b 421
b 422
b 423
b 424
b 425
b 426
b 427
b 428
b 429
b 430
b 431
b 432
b 433
b 434
b 435
b 436
b 437
b 438
b 439
b 440
b 441
b 442
b 443
b 444
b 445
b 446
b 447
b 448
b 449
b 450
b 451
b 452
b 453
b 454
b 455
b 456
b 457
b 458
b 459
b 460
b 461
b 462
b 463
b 464
b 465
b 466
b 467
b 468
b 469
b 470
b 471
b 472
b 473
b 474
b 475
b 476
b 477
b 478
b 479
b 480
b 481
b 482
b 483
b 484
b 485
b 486
b 487
b 488
b 489
b 490
b 491
b 492
b 493
b 494
b 495
b 496
b 497
b 498
b 499
b 500
b 501
b 502
b 503
b 504
b 505
b 506
b 507
b 508
b 509
b 510
b 511
b 512
b 513
b 514
b 515
b 516
b 517
b 518
b 519
b 520
b 521
b 522
b 523
b 524
b 525
b 526
b 527
b 528
b 529
b 530
b 531
b 532
b 533
b 534
b 535
b 536
b 537
b 538
b 539
b 540
b 541
b 542
b 543
b 544
b 545
b 546
b 547
b 548
b 549
b 550
b 551
b 552
b 553
b 554
b 555
b 556
b 557
b 558
b 559
b 560
b 561
b 562
b 563
b 564
b 565
b 566
b 567
b 568
b 569
b 570
b 571
b 572
b 573
b 574
b 575
b 576
b 577
b 578
b 579
b 580
b 581
b 582
b 583
b 584
b 585
b 586
b 587
b 588
b 589
b 590
b 591
b 592
b 593
b 594
b 595
b 596
b 597
b 598
b 599
b 600
b 601
b 602
b 603
b 604
b 605
b 606
b 607
b 608
b 609
b 610
b 611
b 612
b 613
b 614
b 615
b 616
b 617
b 618
b 619
b 620
b 621
b 622
b 623
b 624
b 625
b 626
b 627
b 628
b 629
b 630
b 631
b 632
b 633
b 634
b 635
b 636
b 637
b 638
b 639
b 640
b 641
b 642
b 643
b 644
b 645
b 646
b 647
b 648
b 649
b 650
b 651
b 652
b 653
b 654
b 655
b 656
b 657
b 658
b 659
b 660
b 661
b 662
b 663
b 664
b 665
b 666
b 667
b 668
b 669
b 670
b 671
b 672
b 673
b 674
b 675
b 676
b 677
b 678
b 679
b 680
b 681
b 682
b 683
b 684
b 685
b 686
b 687
b 688
b 689
b 690
b 691
b 692
b 693
b 694
b 695
b 696
b 697
b 698
b 699
b 700
b 701
b 702
b 703
b 704
b 705
b 706
b 707
b 708
b 709
b 710
b 711
b 712
b 713
b 714
b 715
b 716
b 717
b 718
b 719
b 720
b 721
b 722
b 723
b 724
b 725
b 726
b 727
b 728
b 729
b 730
b 731
b 732
b 733
b 734
b 735
b 736
b 737
b 738
b 739
b 740
b 741
b 742
b 743
b 744
b 745
b 746
b 747
b 748
b 749
b 750
b 751
b 752
b 753
b 754
b 755
b 756
b 757
b 758
b 759
b 760
b 761
b 762
b 763
b 764
b 765
b 766
b 767
b 768
b 769
b 770
b 771
b 772
b 773
b 774
b 775
b 776
b 777
b 778
b 779
b 780
b 781
b 782
b 783
b 784
b 785
b 786
b 787
b 788
b 789
b 790
b 791
b 792
b 793
b 794
b 795
b 796
b 797
b 798
b 799
b 800
b 801
b 802
b 803
b 804
b 805
b 806
b 807
b 808
b 809
b 810
b 811
b 812
b 813
b 814
b 815
b 816
b 817
b 818
b 819
b 820
b 821
b 822
b 823
b 824
b 825
b 826
b 827
b 828
b 829
b 830
b 831
b 832
b 833
b 834
b 835
b 836
b 837
b 838
b 839
b 840
b 841
b 842
b 843
b 844
b 845
b 846
b 847
b 848
b 849
b 850
b 851
b 852
b 853
b 854
b 855
b 856
b 857
b 858
b 859
b 860
b 861
b 862
b 863
b 864
b 865
b 866
b 867
b 868
b 869
b 870
b 871
b 872
b 873
b 874
b 875
b 876
b 877
b 878
b 879
b 880
b 881
b 882
b 883
b 884
b 885
b 886
b 887
b 888
b 889
b 890
b 891
b 892
b 893
b 894
b 895
b 896
b 897
b 898
b 899
b 900
b 901
b 902
b 903
b 904
b 905
b 906
b 907
b 908
b 909
b 910
b 911
b 912
b 913
b 914
b 915
b 916
b 917
b 918
b 919
b 920
b 921
b 922
b 923
b 924
b 925
b 926
b 927
b 928
b 929
b 930
b 931
b 932
b 933
b 934
b 935
b 936
b 937
b 938
b 939
b 940
b 941
b 942
b 943
b 944
b 945
b 946
b 947
b 948
b 949
b 950
b 951
b 952
b 953
b 954
b 955
b 956
b 957
b 958
b 959
b 960
b 961
b 962
b 963
b 964
b 965
b 966
b 967
b 968
b 969
b 970
b 971
b 972
b 973
b 974
b 975
b 976
b 977
b 978
b 979
b 980
b 981
b 982
b 983
b 984
b 985
b 986
b 987
b 988
b 989
b 990
b 991
b 992
b 993
b 994
b 995
b 996
b 997
b 998
b 999
b 1000
b 1001
b 1002
b 1003
b 1004
b 1005
b 1006
b 1007
b 1008
b 1009
b 1010
b 1011
b 1012
b 1013
b 1014
b 1015
b 1016
b 1017
b 1018
b 1019
b 1020
b 1021
b 1022
b 1023
b 1024
b 1025
b 1026
b 1027
b 1028
b 1029
b 1030
b 1031
b 1032
b 1033
b 1034
b 1035
b 1036
b 1037
b 1038
b 1039
b 1040
b 1041
b 1042
b 1043
b 1044
b 1045
b 1046
b 1047
b 1048
b 1049
b 1050
b 1051
b 1052
b 1053
b 1054
b 1055
b 1056
b 1057
b 1058
b 1059
b 1060
b 1061
b 1062
b 1063
b 1064
b 1065
b 1066
b 1067
b 1068
b 1069
b 1070
b 1071
b 1072
b 1073
b 1074
b 1075
b 1076
b 1077
b 1078
b 1079
b 1080
b 1081
b 1082
b 1083
b 1084
b 1085
b 1086
b 1087
b 1088
b 1089
b 1090
b 1091
b 1092
b 1093
b 1094
b 1095
b 1096
b 1097
b 1098
b 1099
b 1100
b 1101
b 1102
b 1103
b 1104
b 1105
b 1106
b 1107
b 1108
b 1109
b 1110
b 1111
b 1112
b 1113
b 1114
b 1115
b 1116
b 1117
b 1118
b 1119
b 1120
b 1121
b 1122
b 1123
b 1124
b 1125
b 1126
b 1127
b 1128
b 1129
b 1130
b 1131
b 1132
b 1133
b 1134
b 1135
b 1136
b 1137
b 1138
b 1139
b 1140
b 1141
b 1142
b 1143
b 1144
b 1145
b 1146
b 1147
b 1148
b 1149
b 1150
b 1151
b 1152
b 1153
b 1154
b 1155
b 1156
b 1157
b 1158
b 1159
b 1160
b 1161
b 1162
b 1163
b 1164
b 1165
b 1166
b 1167
b 1168
b 1169
b 1170
b 1171
b 1172
b 1173
b 1174
b 1175
b 1176
b 1177
b 1178
b 1179
b 1180
b 1181
b 1182
b 1183
b 1184
b 1185
b 1186
b 1187
b 1188
b 1189
b 1190
b 1191
b 1192
b 1193
b 1194
b 1195
b 1196
b 1197
b 1198
b 1199
b 1200
b 1201
b 1202
b 1203
b 1204
b 1205
b 1206
b 1207
b 1208
b 1209
b 1210
b 1211
b 1212
b 1213
b 1214
b 1215
b 1216
b 1217
b 1218
b 1219
b 1220
b 1221
b 1222
b 1223
b 1224
b 1225
b 1226
b 1227
b 1228
b 1229
b 1230
b 1231
b 1232
b 1233
b 1234
b 1235
b 1236
b 1237
b 1238
b 1239
b 1240
b 1241
b 1242
b 1243
b 1244
b 1245
b 1246
b 1247
b 1248
b 1249
b 1250
b 1251
b 1252
b 1253
b 1254
b 1255
b 1256
b 1257
b 1258
b 1259
b 1260
b 1261
b 1262
b 1263
b 1264
b 1265
b 1266
b 1267
b 1268
b 1269
b 1270
b 1271
b 1272
b 1273
b 1274
b 1275
b 1276
b 1277
b 1278
b 1279
b 1280
b 1281
b 1282
b 1283
b 1284
b 1285
b 1286
b 1287
b 1288
b 1289
b 1290
b 1291
b 1292
b 1293
b 1294
b 1295
b 1296
b 1297
b 1298
b 1299
b 1300
b 1301
b 1302
b 1303
b 1304
b 1305
b 1306
b 1307
b 1308
b 1309
b 1310
b 1311
b 1312
b 1313
b 1314
b 1315
b 1316
b 1317
b 1318
b 1319
b 1320
b 1321
b 1322
b 1323
b 1324
b 1325
b 1326
b 1327
b 1328
b 1329
b 1330
b 1331
b 1332
b 1333
b 1334
b 1335
b 1336
b 1337
b 1338
b 1339
b 1340
b 1341
b 1342
b 1343
b 1344
b 1345
b 1346
b 1347
b 1348
b 1349
b 1350
b 1351
b 1352
b 1353
b 1354
b 1355
b 1356
b 1357
b 1358
b 1359
b 1360
b 1361
b 1362
b 1363
b 1364
b 1365
b 1366
b 1367
b 1368
b 1369
b 1370
b 1371
b 1372
b 1373
b 1374
b 1375
b 1376
b 1377
b 1378
b 1379
b 1380
b 1381
b 1382
b 1383
b 1384
b 1385
b 1386
b 1387
b 1388
b 1389
b 1390
b 1391
b 1392
b 1393
b 1394
b 1395
b 1396
b 1397
b 1398
b 1399
b 1400
b 1401
b 1402
b 1403
b 1404
b 1405
b 1406
b 1407
b 1408
b 1409
b 1410
b 1411
b 1412
b 1413
b 1414
b 1415
b 1416
b 1417
b 1418
b 1419
b 1420
b 1421
b 1422
b 1423
b 1424
b 1425
b 1426
b 1427
b 1428
b 1429
b 1430
b 1431
b 1432
b 1433
b 1434
b 1435
b 1436
b 1437
b 1438
b 1439
b 1440
b 1441
b 1442
b 1443
b 1444
b 1445
b 1446
b 1447
b 1448
b 1449
b 1450
b 1451
b 1452
b 1453
b 1454
b 1455
b 1456
b 1457
b 1458
b 1459
b 1460
b 1461
b 1462
b 1463
b 1464
b 1465
b 1466
b 1467
b 1468
b 1469
b 1470
b 1471
b 1472
b 1473
b 1474
b 1475
b 1476
b 1477
b 1478
b 1479
b 1480
b 1481
b 1482
b 1483
b 1484
b 1485
b 1486
b 1487
b 1488
b 1489
b 1490
b 1491
b 1492
b 1493
b 1494
b 1495
b 1496
b 1497
b 1498
b 1499
b 1500
b 1501
b 1502
b 1503
b 1504
b 1505
b 1506
b 1507
b 1508
b 1509
b 1510
b 1511
b 1512
b 1513
b 1514
b 1515
b 1516
b 1517
b 1518
b 1519
b 1520
b 1521
b 1522
b 1523
b 1524
b 1525
b 1526
b 1527
b 1528
b 1529
b 1530
b 1531
b 1532
b 1533
b 1534
b 1535
b 1536
b 1537
b 1538
b 1539
b 1540
b 1541
b 1542
b 1543
b 1544
b 1545
b 1546
b 1547
b 1548
b 1549
b 1550
b 1551
b 1552
b 1553
b 1554
b 1555
b 1556
b 1557
b 1558
b 1559
b 1560
b 1561
b 1562
b 1563
b 1564
b 1565
b 1566
b 1567
b 1568
b 1569
b 1570
b 1571
b 1572
b 1573
b 1574
b 1575
b 1576
b 1577
b 1578
b 1579
b 1580
b 1581
b 1582
b 1583
b 1584
b 1585
b 1586
b 1587
b 1588
b 1589
b 1590
b 1591
b 1592
b 1593
b 1594
b 1595
b 1596
b 1597
b 1598
b 1599
b 1600
b 1601
b 1602
b 1603
b 1604
b 1605
b 1606
b 1607
b 1608
b 1609
b 1610
b 1611
b 1612
b 1613
b 1614
b 1615
b 1616
b 1617
b 1618
b 1619
b 1620
b 1621
b 1622
b 1623
b 1624
b 1625
b 1626
b 1627
b 1628
b 1629
b 1630
b 1631
b 1632
b 1633
b 1634
b 1635
b 1636
b 1637
b 1638
b 1639
b 1640
b 1641
b 1642
b 1643
b 1644
b 1645
b 1646
b 1647
b 1648
b 1649
b 1650
b 1651
b 1652
b 1653
b 1654
b 1655
b 1656
b 1657
b 1658
b 1659
b 1660
b 1661
b 1662
b 1663
b 1664
b 1665
b 1666
b 1667
b 1668
b 1669
b 1670
b 1671
b 1672
b 1673
b 1674
b 1675
b 1676
b 1677
b 1678
b 1679
b 1680
b 1681
b 1682
b 1683
b 1684
b 1685
b 1686
b 1687
b 1688
b 1689
b 1690
b 1691
b 1692
b 1693
b 1694
b 1695
b 1696
b 1697
b 1698
b 1699
b 1700
b 1701
b 1702
b 1703
b 1704
b 1705
b 1706
b 1707
b 1708
b 1709
b 1710
b 1711
b 1712
b 1713
b 1714
b 1715
b 1716
b 1717
b 1718
b 1719
b 1720
b 1721
b 1722
b 1723
b 1724
b 1725
b 1726
b 1727
b 1728
b 1729
b 1730
b 1731
b 1732
b 1733
b 1734
b 1735
b 1736
b 1737
b 1738
b 1739
b 1740
b 1741
b 1742
b 1743
b 1744
b 1745
b 1746
b 1747
b 1748
b 1749
b 1750
b 1751
b 1752
b 1753
b 1754
b 1755
b 1756
b 1757
b 1758
b 1759
b 1760
b 1761
b 1762
b 1763
b 1764
b 1765
b 1766
b 1767
b 1768
b 1769
b 1770
b 1771
b 1772
b 1773
b 1774
b 1775
b 1776
b 1777
b 1778
b 1779
b 1780
b 1781
b 1782
b 1783
b 1784
b 1785
b 1786
b 1787
b 1788
b 1789
b 1790
b 1791
b 1792
b 1793
b 1794
b 1795
b 1796
b 1797
b 1798
b 1799
b 1800
b 1801
b 1802
b 1803
b 1804
b 1805
b 1806
b 1807
b 1808
b 1809
b 1810
b 1811
b 1812
b 1813
b 1814
b 1815
b 1816
b 1817
b 1818
b 1819
b 1820
b 1821
b 1822
b 1823
b 1824
b 1825
b 1826
b 1827
b 1828
b 1829
b 1830
b 1831
b 1832
b 1833
b 1834
b 1835
b 1836
b 1837
b 1838
b 1839
b 1840
b 1841
b 1842
b 1843
b 1844
b 1845
b 1846
b 1847
b 1848
b 1849
b 1850
b 1851
b 1852
b 1853
b 1854
b 1855
b 1856
b 1857
b 1858
b 1859
b 1860
b 1861
b 1862
b 1863
b 1864
b 1865
b 1866
b 1867
b 1868
b 1869
b 1870
b 1871
b 1872
b 1873
b 1874
b 1875
b 1876
b 1877
b 1878
b 1879
b 1880
b 1881
b 1882
b 1883
b 1884
b 1885
b 1886
b 1887
b 1888
b 1889
b 1890
b 1891
b 1892
b 1893
b 1894
b 1895
b 1896
b 1897
b 1898
b 1899
b 1900
b 1901
b 1902
b 1903
b 1904
b 1905
b 1906
b 1907
b 1908
b 1909
b 1910
b 1911
b 1912
b 1913
b 1914
b 1915
b 1916
b 1917
b 1918
b 1919
b 1920
b 1921
b 1922
b 1923
b 1924
b 1925
b 1926
b 1927
b 1928
b 1929
b 1930
b 1931
b 1932
b 1933
b 1934
b 1935
b 1936
b 1937
b 1938
b 1939
b 1940
b 1941
b 1942
b 1943
b 1944
b 1945
b 1946
b 1947
b 1948
b 1949
b 1950
b 1951
b 1952
b 1953
b 1954
b 1955
b 1956
b 1957
b 1958
b 1959
b 1960
b 1961
b 1962
b 1963
b 1964
b 1965
b 1966
b 1967
b 1968
b 1969
b 1970
b 1971
b 1972
b 1973
b 1974
b 1975
b 1976
b 1977
b 1978
b 1979
b 1980
b 1981
b 1982
b 1983
b 1984
b 1985
b 1986
b 1987
b 1988
b 1989
b 1990
b 1991
b 1992
b 1993
b 1994
b 1995
b 1996
b 1997
b 1998
b 1999
b 2000
b 2001
b 2002
b 2003
b 2004
b 2005
b 2006
b 2007
b 2008
b 2009
b 2010
b 2011
b 2012
b 2013
b 2014
b 2015
b 2016
b 2017
b 2018
b 2019
b 2020
b 2021
b 2022
b 2023
b 2024
b 2025
b 2026
b 2027
b 2028
b 2029
b 2030
b 2031
b 2032
b 2033
b 2034
b 2035
b 2036
b 2037
b 2038
b 2039
b 2040
b 2041
b 2042
b 2043
b 2044
b 2045
b 2046
b 2047
b 2048
b 2049
b 2050
b 2051
b 2052
b 2053
b 2054
b 2055
b 2056
b 2057
b 2058
b 2059
b 2060
b 2061
b 2062
b 2063
b 2064
b 2065
b 2066
b 2067
b 2068
b 2069
b 2070
b 2071
b 2072
b 2073
b 2074
b 2075
b 2076
b 2077
b 2078
b 2079
b 2080
b 2081
b 2082
b 2083
b 2084
b 2085
b 2086
b 2087
b 2088
b 2089
b 2090
b 2091
b 2092
b 2093
b 2094
b 2095
b 2096
b 2097
b 2098
b 2099
b 2100
b 2101
b 2102
b 2103
b 2104
b 2105
b 2106
b 2107
b 2108
b 2109
b 2110
b 2111
b 2112
b 2113
b 2114
b 2115
b 2116
b 2117
b 2118
b 2119
b 2120
b 2121
b 2122
b 2123
b 2124
b 2125
b 2126
b 2127
b 2128
b 2129
b 2130
b 2131
b 2132
b 2133
b 2134
b 2135
b 2136
b 2137
b 2138
b 2139
b 2140
b 2141
b 2142
b 2143
b 2144
b 2145
b 2146
b 2147
b 2148
b 2149
b 2150
b 2151
b 2152
b 2153
b 2154
b 2155
b 2156
b 2157
b 2158
b 2159
b 2160
b 2161
b 2162
b 2163
b 2164
b 2165
b 2166
b 2167
b 2168
b 2169
b 2170
b 2171
b 2172
b 2173
b 2174
b 2175
b 2176
b 2177
b 2178
b 2179
b 2180
b 2181
b 2182
b 2183
b 2184
b 2185
b 2186
b 2187
b 2188
b 2189
b 2190
b 2191
b 2192
b 2193
b 2194
b 2195
b 2196
b 2197
b 2198
b 2199
b 2200
b 2201
b 2202
b 2203
b 2204
b 2205
b 2206
b 2207
b 2208
b 2209
b 2210
b 2211
b 2212
b 2213
b 2214
b 2215
b 2216
b 2217
b 2218
b 2219
b 2220
b 2221
b 2222
b 2223
b 2224
b 2225
b 2226
b 2227
b 2228
b 2229
b 2230
b 2231
b 2232
b 2233
b 2234
b 2235
b 2236
b 2237
b 2238
b 2239
b 2240
b 2241
b 2242
b 2243
b 2244
b 2245
b 2246
b 2247
b 2248
b 2249
b 2250
b 2251
b 2252
b 2253
b 2254
b 2255
b 2256
b 2257
b 2258
b 2259
b 2260
b 2261
b 2262
b 2263
b 2264
b 2265
b 2266
b 2267
b 2268
b 2269
b 2270
b 2271
b 2272
b 2273
b 2274
b 2275
b 2276
b 2277
b 2278
b 2279
b 2280
b 2281
b 2282
b 2283
b 2284
b 2285
b 2286
b 2287
b 2288
b 2289
b 2290
b 2291
b 2292
b 2293
b 2294
b 2295
b 2296
b 2297
b 2298
b 2299
b 2300
b 2301
b 2302
b 2303
b 2304
b 2305
b 2306
b 2307
b 2308
b 2309
b 2310
b 2311
b 2312
b 2313
b 2314
b 2315
b 2316
b 2317
b 2318
b 2319
b 2320
b 2321
b 2322
b 2323
b 2324
b 2325
b 2326
b 2327
b 2328
b 2329
b 2330
b 2331
b 2332
b 2333
b 2334
b 2335
b 2336
b 2337
b 2338
b 2339
b 2340
b 2341
b 2342
b 2343
b 2344
b 2345
b 2346
b 2347
b 2348
b 2349
b 2350
b 2351
b 2352
b 2353
b 2354
b 2355
b 2356
b 2357
b 2358
b 2359
b 2360
b 2361
b 2362
b 2363
b 2364
b 2365
b 2366
b 2367
b 2368
b 2369
b 2370
b 2371
b 2372
b 2373
b 2374
b 2375
b 2376
b 2377
b 2378
b 2379
b 2380
b 2381
b 2382
b 2383
b 2384
b 2385
b 2386
b 2387
b 2388
b 2389
b 2390
b 2391
b 2392
b 2393
b 2394
b 2395
b 2396
b 2397
b 2398
b 2399
b 2400
b 2401
b 2402
b 2403
b 2404
b 2405
b 2406
b 2407
b 2408
b 2409
b 2410
b 2411
b 2412
b 2413
b 2414
b 2415
b 2416
b 2417
b 2418
b 2419
b 2420
b 2421
b 2422
b 2423
b 2424
b 2425
b 2426
b 2427
b 2428
b 2429
b 2430
b 2431
b 2432
b 2433
b 2434
b 2435
b 2436
b 2437
b 2438
b 2439
b 2440
b 2441
b 2442
b 2443
b 2444
b 2445
b 2446
b 2447
b 2448
b 2449
b 2450
b 2451
b 2452
b 2453
b 2454
b 2455
b 2456
b 2457
b 2458
b 2459
b 2460
b 2461
b 2462
b 2463
b 2464
b 2465
b 2466
b 2467
b 2468
b 2469
b 2470
b 2471
b 2472
b 2473
b 2474
b 2475
b 2476
b 2477
b 2478
b 2479
b 2480
b 2481
b 2482
b 2483
b 2484
b 2485
b 2486
b 2487
b 2488
b 2489
b 2490
b 2491
b 2492
b 2493
b 2494
b 2495
b 2496
b 2497
b 2498
b 2499
b 2500
b 2501
b 2502
b 2503
b 2504
b 2505
b 2506
b 2507
b 2508
b 2509
b 2510
b 2511
b 2512
b 2513
b 2514
b 2515
b 2516
b 2517
b 2518
b 2519
b 2520
b 2521
b 2522
b 2523
b 2524
b 2525
b 2526
b 2527
b 2528
b 2529
b 2530
b 2531
b 2532
b 2533
b 2534
b 2535
b 2536
b 2537
b 2538
b 2539
b 2540
b 2541
b 2542
b 2543
b 2544
b 2545
b 2546
b 2547
b 2548
b 2549
b 2550
b 2551
b 2552
b 2553
b 2554
b 2555
b 2556
b 2557
b 2558
b 2559
b 2560
b 2561
b 2562
b 2563
b 2564
b 2565
b 2566
b 2567
b 2568
b 2569
b 2570
b 2571
b 2572
b 2573
b 2574
b 2575
b 2576
b 2577
b 2578
b 2579
b 2580
b 2581
b 2582
b 2583
b 2584
b 2585
b 2586
b 2587
b 2588
b 2589
b 2590
b 2591
b 2592
b 2593
b 2594
b 2595
b 2596
b 2597
b 2598
b 2599
b 2600
b 2601
b 2602
b 2603
b 2604
b 2605
b 2606
b 2607
b 2608
b 2609
b 2610
b 2611
b 2612
b 2613
b 2614
b 2615
b 2616
b 2617
b 2618
b 2619
b 2620
b 2621
b 2622
b 2623
b 2624
b 2625
b 2626
b 2627
b 2628
b 2629
b 2630
b 2631
b 2632
b 2633
b 2634
b 2635
b 2636
b 2637
b 2638
b 2639
b 2640
b 2641
b 2642
b 2643
b 2644
b 2645
b 2646
b 2647
b 2648
b 2649
b 2650
b 2651
b 2652
b 2653
b 2654
b 2655
b 2656
b 2657
b 2658
b 2659
b 2660
b 2661
b 2662
b 2663
b 2664
b 2665
b 2666
b 2667
b 2668
b 2669
b 2670
b 2671
b 2672
b 2673
b 2674
b 2675
b 2676
b 2677
b 2678
b 2679
b 2680
b 2681
b 2682
b 2683
b 2684
b 2685
b 2686
b 2687
b 2688
b 2689
b 2690
b 2691
b 2692
b 2693
b 2694
b 2695
b 2696
b 2697
b 2698
b 2699
b 2700
b 2701
b 2702
b 2703
b 2704
b 2705
b 2706
b 2707
b 2708
b 2709
b 2710
b 2711
b 2712
b 2713
b 2714
b 2715
b 2716
b 2717
b 2718
b 2719
b 2720
b 2721
b 2722
b 2723
b 2724
b 2725
b 2726
b 2727
b 2728
b 2729
b 2730
b 2731
b 2732
b 2733
b 2734
b 2735
b 2736
b 2737
b 2738
b 2739
b 2740
b 2741
b 2742
b 2743
b 2744
b 2745
b 2746
b 2747
b 2748
b 2749
b 2750
b 2751
b 2752
b 2753
b 2754
b 2755
b 2756
b 2757
b 2758
b 2759
b 2760
b 2761
b 2762
b 2763
b 2764
b 2765
b 2766
b 2767
b 2768
b 2769
b 2770
b 2771
b 2772
b 2773
b 2774
b 2775
b 2776
b 2777
b 2778
b 2779
b 2780
b 2781
b 2782
b 2783
b 2784
b 2785
b 2786
b 2787
b 2788
b 2789
b 2790
b 2791
b 2792
b 2793
b 2794
b 2795
b 2796
b 2797
b 2798
b 2799
b 2800
b 2801
b 2802
b 2803
b 2804
b 2805
b 2806
b 2807
b 2808
b 2809
b 2810
b 2811
b 2812
b 2813
b 2814
b 2815
b 2816
b 2817
b 2818
b 2819
b 2820
b 2821
b 2822
b 2823
b 2824
b 2825
b 2826
b 2827
b 2828
b 2829
b 2830
b 2831
b 2832
b 2833
b 2834
b 2835
b 2836
b 2837
b 2838
b 2839
b 2840
b 2841
b 2842
b 2843
b 2844
b 2845
b 2846
b 2847
b 2848
b 2849
b 2850
b 2851
b 2852
b 2853
b 2854
b 2855
b 2856
b 2857
b 2858
b 2859
b 2860
b 2861
b 2862
b 2863
b 2864
b 2865
b 2866
b 2867
b 2868
b 2869
b 2870
b 2871
b 2872
b 2873
b 2874
b 2875
b 2876
b 2877
b 2878
b 2879
b 2880
b 2881
b 2882
b 2883
b 2884
b 2885
b 2886
b 2887
b 2888
b 2889
b 2890
b 2891
b 2892
b 2893
b 2894
b 2895
b 2896
b 2897
b 2898
b 2899
b 2900
b 2901
b 2902
b 2903
b 2904
b 2905
b 2906
b 2907
b 2908
b 2909
b 2910
b 2911
b 2912
b 2913
b 2914
b 2915
b 2916
b 2917
b 2918
b 2919
b 2920
b 2921
b 2922
b 2923
b 2924
b 2925
b 2926
b 2927
b 2928
b 2929
b 2930
b 2931
b 2932
b 2933
b 2934
b 2935
b 2936
b 2937
b 2938
b 2939
b 2940
b 2941
b 2942
b 2943
b 2944
b 2945
b 2946
b 2947
b 2948
b 2949
b 2950
b 2951
b 2952
b 2953
b 2954
b 2955
b 2956
b 2957
b 2958
b 2959
b 2960
b 2961
b 2962
b 2963
b 2964
b 2965
b 2966
b 2967
b 2968
b 2969
b 2970
b 2971
b 2972
b 2973
b 2974
b 2975
b 2976
b 2977
b 2978
b 2979
b 2980
b 2981
b 2982
b 2983
b 2984
b 2985
b 2986
b 2987
b 2988
b 2989
b 2990
b 2991
b 2992
b 2993
b 2994
b 2995
b 2996
b 2997
b 2998
b 2999
b 3000
b 3001
b 3002
b 3003
b 3004
b 3005
b 3006
b 3007
b 3008
b 3009
b 3010
b 3011
b 3012
b 3013
b 3014
b 3015
b 3016
b 3017
b 3018
b 3019
b 3020
b 3021
b 3022
b 3023
b 3024
b 3025
b 3026
b 3027
b 3028
b 3029
b 3030
b 3031
b 3032
b 3033
b 3034
b 3035
b 3036
b 3037
b 3038
b 3039
b 3040
b 3041
b 3042
b 3043
b 3044
b 3045
b 3046
b 3047
b 3048
b 3049
b 3050
b 3051
b 3052
b 3053
b 3054
b 3055
b 3056
b 3057
b 3058
b 3059
b 3060
b 3061
b 3062
b 3063
b 3064
b 3065
b 3066
b 3067
b 3068
b 3069
b 3070
b 3071
b 3072
b 3073
b 3074
b 3075
b 3076
b 3077
b 3078
b 3079
b 3080
b 3081
b 3082
b 3083
b 3084
b 3085
b 3086
b 3087
b 3088
b 3089
b 3090
b 3091
b 3092
b 3093
b 3094
b 3095
b 3096
b 3097
b 3098
b 3099
b 3100
b 3101
b 3102
b 3103
b 3104
b 3105
b 3106
b 3107
b 3108
b 3109
b 3110
b 3111
b 3112
b 3113
b 3114
b 3115
b 3116
b 3117
b 3118
b 3119
b 3120
b 3121
b 3122
b 3123
b 3124
b 3125
b 3126
b 3127
b 3128
b 3129
b 3130
b 3131
b 3132
b 3133
b 3134
b 3135
b 3136
b 3137
b 3138
b 3139
b 3140
b 3141
b 3142
b 3143
b 3144
b 3145
b 3146
b 3147
b 3148
b 3149
b 3150
b 3151
b 3152
b 3153
b 3154
b 3155
b 3156
b 3157
b 3158
b 3159
b 3160
b 3161
b 3162
b 3163
b 3164
b 3165
b 3166
b 3167
b 3168
b 3169
b 3170
b 3171
b 3172
b 3173
b 3174
b 3175
b 3176
b 3177
b 3178
b 3179
b 3180
b 3181
b 3182
b 3183
b 3184
b 3185
b 3186
b 3187
b 3188
b 3189
b 3190
b 3191
b 3192
b 3193
b 3194
b 3195
b 3196
b 3197
b 3198
b 3199
b 3200
b 3201
b 3202
b 3203
b 3204
b 3205
b 3206
b 3207
b 3208
b 3209
b 3210
b 3211
b 3212
b 3213
b 3214
b 3215
b 3216
b 3217
b 3218
b 3219
b 3220
b 3221
b 3222
b 3223
b 3224
b 3225
b 3226
b 3227
b 3228
b 3229
b 3230
b 3231
b 3232
b 3233
b 3234
b 3235
b 3236
b 3237
b 3238
b 3239
b 3240
b 3241
b 3242
b 3243
b 3244
b 3245
b 3246
b 3247
b 3248
b 3249
b 3250
b 3251
b 3252
b 3253
b 3254
b 3255
b 3256
b 3257
b 3258
b 3259
b 3260
b 3261
b 3262
b 3263
b 3264
b 3265
b 3266
b 3267
b 3268
b 3269
b 3270
b 3271
b 3272
b 3273
b 3274
b 3275
b 3276
b 3277
b 3278
b 3279
b 3280
b 3281
b 3282
b 3283
b 3284
b 3285
b 3286
b 3287
b 3288
b 3289
b 3290
b 3291
b 3292
b 3293
b 3294
b 3295
b 3296
b 3297
b 3298
b 3299
b 3300
b 3301
b 3302
b 3303
b 3304
b 3305
b 3306
b 3307
b 3308
b 3309
b 3310
b 3311
b 3312
b 3313
b 3314
b 3315
b 3316
b 3317
b 3318
b 3319
b 3320
b 3321
b 3322
b 3323
b 3324
b 3325
b 3326
b 3327
b 3328
b 3329
b 3330
b 3331
b 3332
b 3333
b 3334
b 3335
b 3336
b 3337
b 3338
b 3339
b 3340
b 3341
b 3342
b 3343
b 3344
b 3345
b 3346
b 3347
b 3348
b 3349
b 3350
b 3351
b 3352
b 3353
b 3354
b 3355
b 3356
b 3357
b 3358
b 3359
b 3360
b 3361
b 3362
b 3363
b 3364
b 3365
b 3366
b 3367
b 3368
b 3369
b 3370
b 3371
b 3372
b 3373
b 3374
b 3375
b 3376
b 3377
b 3378
b 3379
b 3380
b 3381
b 3382
b 3383
b 3384
b 3385
b 3386
b 3387
b 3388
b 3389
b 3390
b 3391
b 3392
b 3393
b 3394
b 3395
b 3396
b 3397
b 3398
b 3399
b 3400
b 3401
b 3402
b 3403
b 3404
b 3405
b 3406
b 3407
b 3408
b 3409
b 3410
b 3411
b 3412
b 3413
b 3414
b 3415
b 3416
b 3417
b 3418
b 3419
b 3420
b 3421
b 3422
b 3423
b 3424
b 3425
b 3426
b 3427
b 3428
b 3429
b 3430
b 3431
b 3432
b 3433
b 3434
b 3435
b 3436
b 3437
b 3438
b 3439
b 3440
b 3441
b 3442
b 3443
b 3444
b 3445
b 3446
b 3447
b 3448
b 3449
b 3450
b 3451
b 3452
b 3453
b 3454
b 3455
b 3456
b 3457
b 3458
b 3459
b 3460
b 3461
b 3462
b 3463
b 3464
b 3465
b 3466
b 3467
b 3468
b 3469
b 3470
b 3471
b 3472
b 3473
b 3474
b 3475
b 3476
b 3477
b 3478
b 3479
b 3480
b 3481
b 3482
b 3483
b 3484
b 3485
b 3486
b 3487
b 3488
b 3489
b 3490
b 3491
b 3492
b 3493
b 3494
b 3495
b 3496
b 3497
b 3498
b 3499
b 3500
b 3501
b 3502
b 3503
b 3504
b 3505
b 3506
b 3507
b 3508
b 3509
b 3510
b 3511
b 3512
b 3513
b 3514
b 3515
b 3516
b 3517
b 3518
b 3519
b 3520
b 3521
b 3522
b 3523
b 3524
b 3525
b 3526
b 3527
b 3528
b 3529
b 3530
b 3531
b 3532
b 3533
b 3534
b 3535
b 3536
b 3537
b 3538
b 3539
b 3540
b 3541
b 3542
b 3543
b 3544
b 3545
b 3546
b 3547
b 3548
b 3549
b 3550
b 3551
b 3552
b 3553
b 3554
b 3555
b 3556
b 3557
b 3558
b 3559
b 3560
b 3561
b 3562
b 3563
b 3564
b 3565
b 3566
b 3567
b 3568
b 3569
b 3570
b 3571
b 3572
b 3573
b 3574
b 3575
b 3576
b 3577
b 3578
b 3579
b 3580
b 3581
b 3582
b 3583
b 3584
b 3585
b 3586
b 3587
b 3588
b 3589
b 3590
b 3591
b 3592
b 3593
b 3594
b 3595
b 3596
b 3597
b 3598
b 3599
b 3600
b 3601
b 3602
b 3603
b 3604
b 3605
b 3606
b 3607
b 3608
b 3609
b 3610
b 3611
b 3612
b 3613
b 3614
b 3615
b 3616
b 3617
b 3618
b 3619
b 3620
b 3621
b 3622
b 3623
b 3624
b 3625
b 3626
b 3627
b 3628
b 3629
b 3630
b 3631
b 3632
b 3633
b 3634
b 3635
b 3636
b 3637
b 3638
b 3639
b 3640
b 3641
b 3642
b 3643
b 3644
b 3645
b 3646
b 3647
b 3648
b 3649
b 3650
b 3651
b 3652
b 3653
b 3654
b 3655
b 3656
b 3657
b 3658
b 3659
b 3660
b 3661
b 3662
b 3663
b 3664
b 3665
b 3666
b 3667
b 3668
b 3669
b 3670
b 3671
b 3672
b 3673
b 3674
b 3675
b 3676
b 3677
b 3678
b 3679
b 3680
b 3681
b 3682
b 3683
b 3684
b 3685
b 3686
b 3687
b 3688
b 3689
b 3690
b 3691
b 3692
b 3693
b 3694
b 3695
b 3696
b 3697
b 3698
b 3699
b 3700
b 3701
b 3702
b 3703
b 3704
b 3705
b 3706
b 3707
b 3708
b 3709
b 3710
b 3711
b 3712
b 3713
b 3714
b 3715
b 3716
b 3717
b 3718
b 3719
b 3720
b 3721
b 3722
b 3723
b 3724
b 3725
b 3726
b 3727
b 3728
b 3729
b 3730
b 3731
b 3732
b 3733
b 3734
b 3735
b 3736
b 3737
b 3738
b 3739
b 3740
b 3741
b 3742
b 3743
b 3744
b 3745
b 3746
b 3747
b 3748
b 3749
b 3750
b 3751
b 3752
b 3753
b 3754
b 3755
b 3756
b 3757
b 3758
b 3759
b 3760
b 3761
b 3762
b 3763
b 3764
b 3765
b 3766
b 3767
b 3768
b 3769
b 3770
b 3771
b 3772
b 3773
b 3774
b 3775
b 3776
b 3777
b 3778
b 3779
b 3780
b 3781
b 3782
b 3783
b 3784
b 3785
b 3786
b 3787
b 3788
b 3789
b 3790
b 3791
b 3792
b 3793
b 3794
b 3795
b 3796
b 3797
b 3798
b 3799
b 3800
b 3801
b 3802
b 3803
b 3804
b 3805
b 3806
b 3807
b 3808
b 3809
b 3810
b 3811
b 3812
b 3813
b 3814
b 3815
b 3816
b 3817
b 3818
b 3819
b 3820
b 3821
b 3822
b 3823
b 3824
b 3825
b 3826
b 3827
b 3828
b 3829
b 3830
b 3831
b 3832
b 3833
b 3834
b 3835
b 3836
b 3837
b 3838
b 3839
b 3840
b 3841
b 3842
b 3843
b 3844
b 3845
b 3846
b 3847
b 3848
b 3849
b 3850
b 3851
b 3852
b 3853
b 3854
b 3855
b 3856
b 3857
b 3858
b 3859
b 3860
b 3861
b 3862
b 3863
b 3864
b 3865
b 3866
b 3867
b 3868
b 3869
b 3870
b 3871
b 3872
b 3873
b 3874
b 3875
b 3876
b 3877
b 3878
b 3879
b 3880
b 3881
b 3882
b 3883
b 3884
b 3885
b 3886
b 3887
b 3888
b 3889
b 3890
b 3891
b 3892
b 3893
b 3894
b 3895
b 3896
b 3897
b 3898
b 3899
b 3900
b 3901
b 3902
b 3903
b 3904
b 3905
b 3906
b 3907
b 3908
b 3909
b 3910
b 3911
b 3912
b 3913
b 3914
b 3915
b 3916
b 3917
b 3918
b 3919
b 3920
b 3921
b 3922
b 3923
b 3924
b 3925
b 3926
b 3927
b 3928
b 3929
b 3930
b 3931
b 3932
b 3933
b 3934
b 3935
b 3936
b 3937
b 3938
b 3939
b 3940
b 3941
b 3942
b 3943
b 3944
b 3945
b 3946
b 3947
b 3948
b 3949
b 3950
b 3951
b 3952
b 3953
b 3954
b 3955
b 3956
b 3957
b 3958
b 3959
b 3960
b 3961
b 3962
b 3963
b 3964
b 3965
b 3966
b 3967
b 3968
b 3969
b 3970
b 3971
b 3972
b 3973
b 3974
b 3975
b 3976
b 3977
b 3978
b 3979
b 3980
b 3981
b 3982
b 3983
b 3984
b 3985
b 3986
b 3987
b 3988
b 3989
b 3990
b 3991
b 3992
b 3993
b 3994
b 3995
b 3996
b 3997
b 3998
b 3999
b 4000
b 4001
b 4002
b 4003
b 4004
b 4005
b 4006
b 4007
b 4008
b 4009
b 4010
b 4011
b 4012
b 4013
b 4014
b 4015
b 4016
b 4017
b 4018
b 4019
b 4020
b 4021
b 4022
b 4023
b 4024
b 4025
b 4026
b 4027
b 4028
b 4029
b 4030
b 4031
b 4032
b 4033
b 4034
b 4035
b 4036
b 4037
b 4038
b 4039
b 4040
b 4041
b 4042
b 4043
b 4044
b 4045
b 4046
b 4047
b 4048
b 4049
b 4050
b 4051
b 4052
b 4053
b 4054
b 4055
b 4056
b 4057
b 4058
b 4059
b 4060
b 4061
b 4062
b 4063
b 4064
b 4065
b 4066
b 4067
b 4068
b 4069
b 4070
b 4071
b 4072
b 4073
b 4074
b 4075
b 4076
b 4077
b 4078
b 4079
b 4080
b 4081
b 4082
b 4083
b 4084
b 4085
b 4086
b 4087
b 4088
b 4089
b 4090
b 4091
b 4092
b 4093
b 4094
b 4095
b 4096
b 4097
b 4098
b 4099
b 4100
b 4101
b 4102
b 4103
b 4104
b 4105
b 4106
b 4107
b 4108
b 4109
b 4110
b 4111
b 4112
b 4113
b 4114
b 4115
b 4116
b 4117
b 4118
b 4119
b 4120
b 4121
b 4122
b 4123
b 4124
b 4125
b 4126
b 4127
b 4128
b 4129
b 4130
b 4131
b 4132
b 4133
b 4134
b 4135
b 4136
b 4137
b 4138
b 4139
b 4140
b 4141
b 4142
b 4143
b 4144
b 4145
b 4146
b 4147
b 4148
b 4149
b 4150
b 4151
b 4152
b 4153
b 4154
b 4155
b 4156
b 4157
b 4158
b 4159
b 4160
b 4161
b 4162
b 4163
b 4164
b 4165
b 4166
b 4167
b 4168
b 4169
b 4170
b 4171
b 4172
b 4173
b 4174
b 4175
b 4176
b 4177
b 4178
b 4179
b 4180
b 4181
b 4182
b 4183
b 4184
b 4185
b 4186
b 4187
b 4188
b 4189
b 4190
b 4191
b 4192
b 4193
b 4194
b 4195
b 4196
b 4197
b 4198
b 4199
b 4200
b 4201
b 4202
b 4203
b 4204
b 4205
b 4206
b 4207
b 4208
b 4209
b 4210
b 4211
b 4212
b 4213
b 4214
b 4215
b 4216
b 4217
b 4218
b 4219
b 4220
b 4221
b 4222
b 4223
b 4224
b 4225
b 4226
b 4227
b 4228
b 4229
b 4230
b 4231
b 4232
b 4233
b 4234
b 4235
b 4236
b 4237
b 4238
b 4239
b 4240
b 4241
b 4242
b 4243
b 4244
b 4245
b 4246
b 4247
b 4248
b 4249
b 4250
b 4251
b 4252
b 4253
b 4254
b 4255
b 4256
b 4257
b 4258
b 4259
b 4260
b 4261
b 4262
b 4263
b 4264
b 4265
b 4266
b 4267
b 4268
b 4269
b 4270
b 4271
b 4272
b 4273
b 4274
b 4275
b 4276
b 4277
b 4278
b 4279
b 4280
b 4281
b 4282
b 4283
b 4284
b 4285
b 4286
b 4287
b 4288
b 4289
b 4290
b 4291
b 4292
b 4293
b 4294
b 4295
b 4296
b 4297
b 4298
b 4299
b 4300
b 4301
b 4302
b 4303
b 4304
b 4305
b 4306
b 4307
b 4308
b 4309
b 4310
b 4311
b 4312
b 4313
b 4314
b 4315
b 4316
b 4317
b 4318
b 4319
b 4320
b 4321
b 4322
b 4323
b 4324
b 4325
b 4326
b 4327
b 4328
b 4329
b 4330
b 4331
b 4332
b 4333
b 4334
b 4335
b 4336
b 4337
b 4338
b 4339
b 4340
b 4341
b 4342
b 4343
b 4344
b 4345
b 4346
b 4347
b 4348
b 4349
b 4350
b 4351
b 4352
b 4353
b 4354
b 4355
b 4356
b 4357
b 4358
b 4359
b 4360
b 4361
b 4362
b 4363
b 4364
b 4365
b 4366
b 4367
b 4368
b 4369
b 4370
b 4371
b 4372
b 4373
b 4374
b 4375
b 4376
b 4377
b 4378
b 4379
b 4380
b 4381
b 4382
b 4383
b 4384
b 4385
b 4386
b 4387
b 4388
b 4389
b 4390
b 4391
b 4392
b 4393
b 4394
b 4395
b 4396
b 4397
b 4398
b 4399
b 4400
b 4401
b 4402
b 4403
b 4404
b 4405
b 4406
b 4407
b 4408
b 4409
b 4410
b 4411
b 4412
b 4413
b 4414
b 4415
b 4416
b 4417
b 4418
b 4419
b 4420
b 4421
b 4422
b 4423
b 4424
b 4425
b 4426
b 4427
b 4428
b 4429
b 4430
b 4431
b 4432
b 4433
b 4434
b 4435
b 4436
b 4437
b 4438
b 4439
b 4440
b 4441
b 4442
b 4443
b 4444
b 4445
b 4446
b 4447
b 4448
b 4449
b 4450
b 4451
b 4452
b 4453
b 4454
b 4455
b 4456
b 4457
b 4458
b 4459
b 4460
b 4461
b 4462
b 4463
b 4464
b 4465
b 4466
b 4467
b 4468
b 4469
b 4470
b 4471
b 4472
b 4473
b 4474
b 4475
b 4476
b 4477
b 4478
b 4479
b 4480
b 4481
b 4482
b 4483
b 4484
b 4485
b 4486
b 4487
b 4488
b 4489
b 4490
b 4491
b 4492
b 4493
b 4494
b 4495
b 4496
b 4497
b 4498
b 4499
b 4500
b 4501
b 4502
b 4503
b 4504
b 4505
b 4506
b 4507
b 4508
b 4509
b 4510
b 4511
b 4512
b 4513
b 4514
b 4515
b 4516
b 4517
b 4518
b 4519
b 4520
b 4521
b 4522
b 4523
b 4524
b 4525
b 4526
b 4527
b 4528
b 4529
b 4530
b 4531
b 4532
b 4533
b 4534
b 4535
b 4536
b 4537
b 4538
b 4539
b 4540
b 4541
b 4542
b 4543
b 4544
b 4545
b 4546
b 4547
b 4548
b 4549
b 4550
b 4551
b 4552
b 4553
b 4554
b 4555
b 4556
b 4557
b 4558
b 4559
b 4560
b 4561
b 4562
b 4563
b 4564
b 4565
b 4566
b 4567
b 4568
b 4569
b 4570
b 4571
b 4572
b 4573
b 4574
b 4575
b 4576
b 4577
b 4578
b 4579
b 4580
b 4581
b 4582
b 4583
b 4584
b 4585
b 4586
b 4587
b 4588
b 4589
b 4590
b 4591
b 4592
b 4593
b 4594
b 4595
b 4596
b 4597
b 4598
b 4599
b 4600
b 4601
b 4602
b 4603
b 4604
b 4605
b 4606
b 4607
b 4608
b 4609
b 4610
b 4611
b 4612
b 4613
b 4614
b 4615
b 4616
b 4617
b 4618
b 4619
b 4620
b 4621
b 4622
b 4623
b 4624
b 4625
b 4626
b 4627
b 4628
b 4629
b 4630
b 4631
b 4632
b 4633
b 4634
b 4635
b 4636
b 4637
b 4638
b 4639
b 4640
b 4641
b 4642
b 4643
b 4644
b 4645
b 4646
b 4647
b 4648
b 4649
b 4650
b 4651
b 4652
b 4653
b 4654
b 4655
b 4656
b 4657
b 4658
b 4659
b 4660
b 4661
b 4662
b 4663
b 4664
b 4665
b 4666
b 4667
b 4668
b 4669
b 4670
b 4671
b 4672
b 4673
b 4674
b 4675
b 4676
b 4677
b 4678
b 4679
b 4680
b 4681
b 4682
b 4683
b 4684
b 4685
b 4686
b 4687
b 4688
b 4689
b 4690
b 4691
b 4692
b 4693
b 4694
b 4695
b 4696
b 4697
b 4698
b 4699
b 4700
b 4701
b 4702
b 4703
b 4704
b 4705
b 4706
b 4707
b 4708
b 4709
b 4710
b 4711
b 4712
b 4713
b 4714
b 4715
b 4716
b 4717
b 4718
b 4719
b 4720
b 4721
b 4722
b 4723
b 4724
b 4725
b 4726
b 4727
b 4728
b 4729
b 4730
b 4731
b 4732
b 4733
b 4734
b 4735
b 4736
b 4737
b 4738
b 4739
b 4740
b 4741
b 4742
b 4743
b 4744
b 4745
b 4746
b 4747
b 4748
b 4749
b 4750
b 4751
b 4752
b 4753
b 4754
b 4755
b 4756
b 4757
b 4758
b 4759
b 4760
b 4761
b 4762
b 4763
b 4764
b 4765
b 4766
b 4767
b 4768
b 4769
b 4770
b 4771
b 4772
b 4773
b 4774
b 4775
b 4776
b 4777
b 4778
b 4779
b 4780
b 4781
b 4782
b 4783
b 4784
b 4785
b 4786
b 4787
b 4788
b 4789
b 4790
b 4791
b 4792
b 4793
b 4794
b 4795
b 4796
b 4797
b 4798
b 4799
b 4800
b 4801
b 4802
b 4803
b 4804
b 4805
b 4806
b 4807
b 4808
b 4809
b 4810
b 4811
b 4812
b 4813
b 4814
b 4815
b 4816
b 4817
b 4818
b 4819
b 4820
b 4821
b 4822
b 4823
b 4824
b 4825
b 4826
b 4827
b 4828
b 4829
b 4830
b 4831
b 4832
b 4833
b 4834
b 4835
b 4836
b 4837
b 4838
b 4839
b 4840
b 4841
b 4842
b 4843
b 4844
b 4845
b 4846
b 4847
b 4848
b 4849
b 4850
b 4851
b 4852
b 4853
b 4854
b 4855
b 4856
b 4857
b 4858
b 4859
b 4860
b 4861
b 4862
b 4863
b 4864
b 4865
b 4866
b 4867
b 4868
b 4869
b 4870
b 4871
b 4872
b 4873
b 4874
b 4875
b 4876
b 4877
b 4878
b 4879
b 4880
b 4881
b 4882
b 4883
b 4884
b 4885
b 4886
b 4887
b 4888
b 4889
b 4890
b 4891
b 4892
b 4893
b 4894
b 4895
b 4896
b 4897
b 4898
b 4899
b 4900
b 4901
b 4902
b 4903
b 4904
b 4905
b 4906
b 4907
b 4908
b 4909
b 4910
b 4911
b 4912
b 4913
b 4914
b 4915
b 4916
b 4917
b 4918
b 4919
b 4920
b 4921
b 4922
b 4923
b 4924
b 4925
b 4926
b 4927
b 4928
b 4929
b 4930
b 4931
b 4932
b 4933
b 4934
b 4935
b 4936
b 4937
b 4938
b 4939
b 4940
b 4941
b 4942
b 4943
b 4944
b 4945
b 4946
b 4947
b 4948
b 4949
b 4950
b 4951
b 4952
b 4953
b 4954
b 4955
b 4956
b 4957
b 4958
b 4959
b 4960
b 4961
b 4962
b 4963
b 4964
b 4965
b 4966
b 4967
b 4968
b 4969
b 4970
b 4971
b 4972
b 4973
b 4974
b 4975
b 4976
b 4977
b 4978
b 4979
b 4980
b 4981
b 4982
b 4983
b 4984
b 4985
b 4986
b 4987
b 4988
b 4989
b 4990
b 4991
b 4992
b 4993
b 4994
b 4995
b 4996
b 4997
b 4998
b 4999
b 5000
b 5001
b 5002
b 5003
b 5004
b 5005
b 5006
b 5007
b 5008
b 5009
b 5010
b 5011
b 5012
b 5013
b 5014
b 5015
b 5016
b 5017
b 5018
b 5019
b 5020
b 5021
b 5022
b 5023
b 5024
b 5025
b 5026
b 5027
b 5028
b 5029
b 5030
b 5031
b 5032
b 5033
b 5034
b 5035
b 5036
b 5037
b 5038
b 5039
b 5040
b 5041
b 5042
b 5043
b 5044
b 5045
b 5046
b 5047
b 5048
b 5049
b 5050
b 5051
b 5052
b 5053
b 5054
b 5055
b 5056
b 5057
b 5058
b 5059
b 5060
b 5061
b 5062
b 5063
b 5064
b 5065
b 5066
b 5067
b 5068
b 5069
b 5070
b 5071
b 5072
b 5073
b 5074
b 5075
b 5076
b 5077
b 5078
b 5079
b 5080
b 5081
b 5082
b 5083
b 5084
b 5085
b 5086
b 5087
b 5088
b 5089
b 5090
b 5091
b 5092
b 5093
b 5094
b 5095
b 5096
b 5097
b 5098
b 5099
b 5100
b 5101
b 5102
b 5103
b 5104
b 5105
b 5106
b 5107
b 5108
b 5109
b 5110
b 5111
b 5112
b 5113
b 5114
b 5115
b 5116
b 5117
b 5118
b 5119
b 5120
b 5121
b 5122
b 5123
b 5124
b 5125
b 5126
b 5127
b 5128
b 5129
b 5130
b 5131
b 5132
b 5133
b 5134
b 5135
b 5136
b 5137
b 5138
b 5139
b 5140
b 5141
b 5142
b 5143
b 5144
b 5145
b 5146
b 5147
b 5148
b 5149
b 5150
b 5151
b 5152
b 5153
b 5154
b 5155
b 5156
b 5157
b 5158
b 5159
b 5160
b 5161
b 5162
b 5163
b 5164
b 5165
b 5166
b 5167
b 5168
b 5169
b 5170
b 5171
b 5172
b 5173
b 5174
b 5175
b 5176
b 5177
b 5178
b 5179
b 5180
b 5181
b 5182
b 5183
b 5184
b 5185
b 5186
b 5187
b 5188
b 5189
b 5190
b 5191
b 5192
b 5193
b 5194
b 5195
b 5196
b 5197
b 5198
b 5199
b 5200
b 5201
b 5202
b 5203
b 5204
b 5205
b 5206
b 5207
b 5208
b 5209
b 5210
b 5211
b 5212
b 5213
b 5214
b 5215
b 5216
b 5217
b 5218
b 5219
b 5220
b 5221
b 5222
b 5223
b 5224
b 5225
b 5226
b 5227
b 5228
b 5229
b 5230
b 5231
b 5232
b 5233
b 5234
b 5235
b 5236
b 5237
b 5238
b 5239
b 5240
b 5241
b 5242
b 5243
b 5244
b 5245
b 5246
b 5247
b 5248
b 5249
b 5250
b 5251
b 5252
b 5253
b 5254
b 5255
b 5256
b 5257
b 5258
b 5259
b 5260
b 5261
b 5262
b 5263
b 5264
b 5265
b 5266
b 5267
b 5268
b 5269
b 5270
b 5271
b 5272
b 5273
b 5274
b 5275
b 5276
b 5277
b 5278
b 5279
b 5280
b 5281
b 5282
b 5283
b 5284
b 5285
b 5286
b 5287
b 5288
b 5289
b 5290
b 5291
b 5292
b 5293
b 5294
b 5295
b 5296
b 5297
b 5298
b 5299
b 5300
b 5301
b 5302
b 5303
b 5304
b 5305
b 5306
b 5307
b 5308
b 5309
b 5310
b 5311
b 5312
b 5313
b 5314
b 5315
b 5316
b 5317
b 5318
b 5319
b 5320
b 5321
b 5322
b 5323
b 5324
b 5325
b 5326
b 5327
b 5328
b 5329
b 5330
b 5331
b 5332
b 5333
b 5334
b 5335
b 5336
b 5337
b 5338
b 5339
b 5340
b 5341
b 5342
b 5343
b 5344
b 5345
b 5346
b 5347
b 5348
b 5349
b 5350
b 5351
b 5352
b 5353
b 5354
b 5355
b 5356
b 5357
b 5358
b 5359
b 5360
b 5361
b 5362
b 5363
b 5364
b 5365
b 5366
b 5367
b 5368
b 5369
b 5370
b 5371
b 5372
b 5373
b 5374
b 5375
b 5376
b 5377
b 5378
b 5379
b 5380
b 5381
b 5382
b 5383
b 5384
b 5385
b 5386
b 5387
b 5388
b 5389
b 5390
b 5391
b 5392
b 5393
b 5394
b 5395
b 5396
b 5397
b 5398
b 5399
b 5400
b 5401
b 5402
b 5403
b 5404
b 5405
b 5406
b 5407
b 5408
b 5409
b 5410
b 5411
b 5412
b 5413
b 5414
b 5415
b 5416
b 5417
b 5418
b 5419
b 5420
b 5421
b 5422
b 5423
b 5424
b 5425
b 5426
b 5427
b 5428
b 5429
b 5430
b 5431
b 5432
b 5433
b 5434
b 5435
b 5436
b 5437
b 5438
b 5439
b 5440
b 5441
b 5442
b 5443
b 5444
b 5445
b 5446
b 5447
b 5448
b 5449
b 5450
b 5451
b 5452
b 5453
b 5454
b 5455
b 5456
b 5457
b 5458
b 5459
b 5460
b 5461
b 5462
b 5463
b 5464
b 5465
b 5466
b 5467
b 5468
b 5469
b 5470
b 5471
b 5472
b 5473
b 5474
b 5475
b 5476
b 5477
b 5478
b 5479
b 5480
b 5481
b 5482
b 5483
b 5484
b 5485
b 5486
b 5487
b 5488
b 5489
b 5490
b 5491
b 5492
b 5493
b 5494
b 5495
b 5496
b 5497
b 5498
b 5499
b 5500
b 5501
b 5502
b 5503
b 5504
b 5505
b 5506
b 5507
b 5508
b 5509
b 5510
b 5511
b 5512
b 5513
b 5514
b 5515
b 5516
b 5517
b 5518
b 5519
b 5520
b 5521
b 5522
b 5523
b 5524
b 5525
b 5526
b 5527
b 5528
b 5529
b 5530
b 5531
b 5532
b 5533
b 5534
b 5535
b 5536
b 5537
b 5538
b 5539
b 5540
b 5541
b 5542
b 5543
b 5544
b 5545
b 5546
b 5547
b 5548
b 5549
b 5550
b 5551
b 5552
b 5553
b 5554
b 5555
b 5556
b 5557
b 5558
b 5559
b 5560
b 5561
b 5562
b 5563
b 5564
b 5565
b 5566
b 5567
b 5568
b 5569
b 5570
b 5571
b 5572
b 5573
b 5574
b 5575
b 5576
b 5577
b 5578
b 5579
b 5580
b 5581
b 5582
b 5583
b 5584
b 5585
b 5586
b 5587
b 5588
b 5589
b 5590
b 5591
b 5592
b 5593
b 5594
b 5595
b 5596
b 5597
b 5598
b 5599
b 5600
b 5601
b 5602
b 5603
b 5604
b 5605
b 5606
b 5607
b 5608
b 5609
b 5610
b 5611
b 5612
b 5613
b 5614
b 5615
b 5616
b 5617
b 5618
b 5619
b 5620
b 5621
b 5622
b 5623
b 5624
b 5625
b 5626
b 5627
b 5628
b 5629
b 5630
b 5631
b 5632
b 5633
b 5634
b 5635
b 5636
b 5637
b 5638
b 5639
b 5640
b 5641
b 5642
b 5643
b 5644
b 5645
b 5646
b 5647
b 5648
b 5649
b 5650
b 5651
b 5652
b 5653
b 5654
b 5655
b 5656
b 5657
b 5658
b 5659
b 5660
b 5661
b 5662
b 5663
b 5664
b 5665
b 5666
b 5667
b 5668
b 5669
b 5670
b 5671
b 5672
b 5673
b 5674
b 5675
b 5676
b 5677
b 5678
b 5679
b 5680
b 5681
b 5682
b 5683
b 5684
b 5685
b 5686
b 5687
b 5688
b 5689
b 5690
b 5691
b 5692
b 5693
b 5694
b 5695
b 5696
b 5697
b 5698
b 5699
b 5700
b 5701
b 5702
b 5703
b 5704
b 5705
b 5706
b 5707
b 5708
b 5709
b 5710
b 5711
b 5712
b 5713
b 5714
b 5715
b 5716
b 5717
b 5718
b 5719
b 5720
b 5721
b 5722
b 5723
b 5724
b 5725
b 5726
b 5727
b 5728
b 5729
b 5730
b 5731
b 5732
b 5733
b 5734
b 5735
b 5736
b 5737
b 5738
b 5739
b 5740
b 5741
b 5742
b 5743
b 5744
b 5745
b 5746
b 5747
b 5748
b 5749
b 5750
b 5751
b 5752
b 5753
b 5754
b 5755
b 5756
b 5757
b 5758
b 5759
b 5760
b 5761
b 5762
b 5763
b 5764
b 5765
b 5766
b 5767
b 5768
b 5769
b 5770
b 5771
b 5772
b 5773
b 5774
b 5775
b 5776
b 5777
b 5778
b 5779
b 5780
b 5781
b 5782
b 5783
b 5784
b 5785
b 5786
b 5787
b 5788
b 5789
b 5790
b 5791
b 5792
b 5793
b 5794
b 5795
b 5796
b 5797
b 5798
b 5799
b 5800
b 5801
b 5802
b 5803
b 5804
b 5805
b 5806
b 5807
b 5808
b 5809
b 5810
b 5811
b 5812
b 5813
b 5814
b 5815
b 5816
b 5817
b 5818
b 5819
b 5820
b 5821
b 5822
b 5823
b 5824
b 5825
b 5826
b 5827
b 5828
b 5829
b 5830
b 5831
b 5832
b 5833
b 5834
b 5835
b 5836
b 5837
b 5838
b 5839
b 5840
b 5841
b 5842
b 5843
b 5844
b 5845
b 5846
b 5847
b 5848
b 5849
b 5850
b 5851
b 5852
b 5853
b 5854
b 5855
b 5856
b 5857
b 5858
b 5859
b 5860
b 5861
b 5862
b 5863
b 5864
b 5865
b 5866
b 5867
b 5868
b 5869
b 5870
b 5871
b 5872
b 5873
b 5874
b 5875
b 5876
b 5877
b 5878
b 5879
b 5880
b 5881
b 5882
b 5883
b 5884
b 5885
b 5886
b 5887
b 5888
b 5889
b 5890
b 5891
b 5892
b 5893
b 5894
b 5895
b 5896
b 5897
b 5898
b 5899
b 5900
b 5901
b 5902
b 5903
b 5904
b 5905
b 5906
b 5907
b 5908
b 5909
b 5910
b 5911
b 5912
b 5913
b 5914
b 5915
b 5916
b 5917
b 5918
b 5919
b 5920
b 5921
b 5922
b 5923
b 5924
b 5925
b 5926
b 5927
b 5928
b 5929
b 5930
b 5931
b 5932
b 5933
b 5934
b 5935
b 5936
b 5937
b 5938
b 5939
b 5940
b 5941
b 5942
b 5943
b 5944
b 5945
b 5946
b 5947
b 5948
b 5949
b 5950
b 5951
b 5952
b 5953
b 5954
b 5955
b 5956
b 5957
b 5958
b 5959
b 5960
b 5961
b 5962
b 5963
b 5964
b 5965
b 5966
b 5967
b 5968
b 5969
b 5970
b 5971
b 5972
b 5973
b 5974
b 5975
b 5976
b 5977
b 5978
b 5979
b 5980
b 5981
b 5982
b 5983
b 5984
b 5985
b 5986
b 5987
b 5988
b 5989
b 5990
b 5991
b 5992
b 5993
b 5994
b 5995
b 5996
b 5997
b 5998
b 5999
b 6000
b 6001
b 6002
b 6003
b 6004
b 6005
b 6006
b 6007
b 6008
b 6009
b 6010
b 6011
b 6012
b 6013
b 6014
b 6015
b 6016
b 6017
b 6018
b 6019
b 6020
b 6021
b 6022
b 6023
b 6024
b 6025
b 6026
b 6027
b 6028
b 6029
b 6030
b 6031
b 6032
b 6033
b 6034
b 6035
b 6036
b 6037
b 6038
b 6039
b 6040
b 6041
b 6042
b 6043
b 6044
b 6045
b 6046
b 6047
b 6048
b 6049
b 6050
b 6051
b 6052
b 6053
b 6054
b 6055
b 6056
b 6057
b 6058
b 6059
b 6060
b 6061
b 6062
b 6063
b 6064
b 6065
b 6066
b 6067
b 6068
b 6069
b 6070
b 6071
b 6072
b 6073
b 6074
b 6075
b 6076
b 6077
b 6078
b 6079
b 6080
b 6081
b 6082
b 6083
b 6084
b 6085
b 6086
b 6087
b 6088
b 6089
b 6090
b 6091
b 6092
b 6093
b 6094
b 6095
b 6096
b 6097
b 6098
b 6099
b 6100
b 6101
b 6102
b 6103
b 6104
b 6105
b 6106
b 6107
b 6108
b 6109
b 6110
b 6111
b 6112
b 6113
b 6114
b 6115
b 6116
b 6117
b 6118
b 6119
b 6120
b 6121
b 6122
b 6123
b 6124
b 6125
b 6126
b 6127
b 6128
b 6129
b 6130
b 6131
b 6132
b 6133
b 6134
b 6135
b 6136
b 6137
b 6138
b 6139
b 6140
b 6141
b 6142
b 6143
b 6144
b 6145
b 6146
b 6147
b 6148
b 6149
b 6150
b 6151
b 6152
b 6153
b 6154
b 6155
b 6156
b 6157
b 6158
b 6159
b 6160
b 6161
b 6162
b 6163
b 6164
b 6165
b 6166
b 6167
b 6168
b 6169
b 6170
b 6171
b 6172
b 6173
b 6174
b 6175
b 6176
b 6177
b 6178
b 6179
b 6180
b 6181
b 6182
b 6183
b 6184
b 6185
b 6186
b 6187
b 6188
b 6189
b 6190
b 6191
b 6192
b 6193
b 6194
b 6195
b 6196
b 6197
b 6198
b 6199
b 6200
b 6201
b 6202
b 6203
b 6204
b 6205
b 6206
b 6207
b 6208
b 6209
b 6210
b 6211
b 6212
b 6213
b 6214
b 6215
b 6216
b 6217
b 6218
b 6219
b 6220
b 6221
b 6222
b 6223
b 6224
b 6225
b 6226
b 6227
b 6228
b 6229
b 6230
b 6231
b 6232
b 6233
b 6234
b 6235
b 6236
b 6237
b 6238
b 6239
b 6240
b 6241
b 6242
b 6243
b 6244
b 6245
b 6246
b 6247
b 6248
b 6249
b 6250
b 6251
b 6252
b 6253
b 6254
b 6255
b 6256
b 6257
b 6258
b 6259
b 6260
b 6261
b 6262
b 6263
b 6264
b 6265
b 6266
b 6267
b 6268
b 6269
b 6270
b 6271
b 6272
b 6273
b 6274
b 6275
b 6276
b 6277
b 6278
b 6279
b 6280
b 6281
b 6282
b 6283
b 6284
b 6285
b 6286
b 6287
b 6288
b 6289
b 6290
b 6291
b 6292
b 6293
b 6294
b 6295
b 6296
b 6297
b 6298
b 6299
b 6300
b 6301
b 6302
b 6303
b 6304
b 6305
b 6306
b 6307
b 6308
b 6309
b 6310
b 6311
b 6312
b 6313
b 6314
b 6315
b 6316
b 6317
b 6318
b 6319
b 6320
b 6321
b 6322
b 6323
b 6324
b 6325
b 6326
b 6327
b 6328
b 6329
b 6330
b 6331
b 6332
b 6333
b 6334
b 6335
b 6336
b 6337
b 6338
b 6339
b 6340
b 6341
b 6342
b 6343
b 6344
b 6345
b 6346
b 6347
b 6348
b 6349
b 6350
b 6351
b 6352
b 6353
b 6354
b 6355
b 6356
b 6357
b 6358
b 6359
b 6360
b 6361
b 6362
b 6363
b 6364
b 6365
b 6366
b 6367
b 6368
b 6369
b 6370
b 6371
b 6372
b 6373
b 6374
b 6375
b 6376
b 6377
b 6378
b 6379
b 6380
b 6381
b 6382
b 6383
b 6384
b 6385
b 6386
b 6387
b 6388
b 6389
b 6390
b 6391
b 6392
b 6393
b 6394
b 6395
b 6396
b 6397
b 6398
b 6399
b 6400
b 6401
b 6402
b 6403
b 6404
b 6405
b 6406
b 6407
b 6408
b 6409
b 6410
b 6411
b 6412
b 6413
b 6414
b 6415
b 6416
b 6417
b 6418
b 6419
b 6420
b 6421
b 6422
b 6423
b 6424
b 6425
b 6426
b 6427
b 6428
b 6429
b 6430
b 6431
b 6432
b 6433
b 6434
b 6435
b 6436
b 6437
b 6438
b 6439
b 6440
b 6441
b 6442
b 6443
b 6444
b 6445
b 6446
b 6447
b 6448
b 6449
b 6450
b 6451
b 6452
b 6453
b 6454
b 6455
b 6456
b 6457
b 6458
b 6459
b 6460
b 6461
b 6462
b 6463
b 6464
b 6465
b 6466
b 6467
b 6468
b 6469
b 6470
b 6471
b 6472
b 6473
b 6474
b 6475
b 6476
b 6477
b 6478
b 6479
b 6480
b 6481
b 6482
b 6483
b 6484
b 6485
b 6486
b 6487
b 6488
b 6489
b 6490
b 6491
b 6492
b 6493
b 6494
b 6495
b 6496
b 6497
b 6498
b 6499
b 6500
b 6501
b 6502
b 6503
b 6504
b 6505
b 6506
b 6507
b 6508
b 6509
b 6510
b 6511
b 6512
b 6513
b 6514
b 6515
b 6516
b 6517
b 6518
b 6519
b 6520
b 6521
b 6522
b 6523
b 6524
b 6525
b 6526
b 6527
b 6528
b 6529
b 6530
b 6531
b 6532
b 6533
b 6534
b 6535
b 6536
b 6537
b 6538
b 6539
b 6540
b 6541
b 6542
b 6543
b 6544
b 6545
b 6546
b 6547
b 6548
b 6549
b 6550
b 6551
b 6552
b 6553
b 6554
b 6555
b 6556
b 6557
b 6558
b 6559
b 6560
b 6561
b 6562
b 6563
b 6564
b 6565
b 6566
b 6567
b 6568
b 6569
b 6570
b 6571
b 6572
b 6573
b 6574
b 6575
b 6576
b 6577
b 6578
b 6579
b 6580
b 6581
b 6582
b 6583
b 6584
b 6585
b 6586
b 6587
b 6588
b 6589
b 6590
b 6591
b 6592
b 6593
b 6594
b 6595
b 6596
b 6597
b 6598
b 6599
b 6600
b 6601
b 6602
b 6603
b 6604
b 6605
b 6606
b 6607
b 6608
b 6609
b 6610
b 6611
b 6612
b 6613
b 6614
b 6615
b 6616
b 6617
b 6618
b 6619
b 6620
b 6621
b 6622
b 6623
b 6624
b 6625
b 6626
b 6627
b 6628
b 6629
b 6630
b 6631
b 6632
b 6633
b 6634
b 6635
b 6636
b 6637
b 6638
b 6639
b 6640
b 6641
b 6642
b 6643
b 6644
b 6645
b 6646
b 6647
b 6648
b 6649
b 6650
b 6651
b 6652
b 6653
b 6654
b 6655
b 6656
b 6657
b 6658
b 6659
b 6660
b 6661
b 6662
b 6663
b 6664
b 6665
b 6666
b 6667
b 6668
b 6669
b 6670
b 6671
b 6672
b 6673
b 6674
b 6675
b 6676
b 6677
b 6678
b 6679
b 6680
b 6681
b 6682
b 6683
b 6684
b 6685
b 6686
b 6687
b 6688
b 6689
b 6690
b 6691
b 6692
b 6693
b 6694
b 6695
b 6696
b 6697
b 6698
b 6699
b 6700
b 6701
b 6702
b 6703
b 6704
b 6705
b 6706
b 6707
b 6708
b 6709
b 6710
b 6711
b 6712
b 6713
b 6714
b 6715
b 6716
b 6717
b 6718
b 6719
b 6720
b 6721
b 6722
b 6723
b 6724
b 6725
b 6726
b 6727
b 6728
b 6729
b 6730
b 6731
b 6732
b 6733
b 6734
b 6735
b 6736
b 6737
b 6738
b 6739
b 6740
b 6741
b 6742
b 6743
b 6744
b 6745
b 6746
b 6747
b 6748
b 6749
b 6750
b 6751
b 6752
b 6753
b 6754
b 6755
b 6756
b 6757
b 6758
b 6759
b 6760
b 6761
b 6762
b 6763
b 6764
b 6765
b 6766
b 6767
b 6768
b 6769
b 6770
b 6771
b 6772
b 6773
b 6774
b 6775
b 6776
b 6777
b 6778
b 6779
b 6780
b 6781
b 6782
b 6783
b 6784
b 6785
b 6786
b 6787
b 6788
b 6789
b 6790
b 6791
b 6792
b 6793
b 6794
b 6795
b 6796
b 6797
b 6798
b 6799
b 6800
b 6801
b 6802
b 6803
b 6804
b 6805
b 6806
b 6807
b 6808
b 6809
b 6810
b 6811
b 6812
b 6813
b 6814
b 6815
b 6816
b 6817
b 6818
b 6819
b 6820
b 6821
b 6822
b 6823
b 6824
b 6825
b 6826
b 6827
b 6828
b 6829
b 6830
b 6831
b 6832
b 6833
b 6834
b 6835
b 6836
b 6837
b 6838
b 6839
b 6840
b 6841
b 6842
b 6843
b 6844
b 6845
b 6846
b 6847
b 6848
b 6849
b 6850
b 6851
b 6852
b 6853
b 6854
b 6855
b 6856
b 6857
b 6858
b 6859
b 6860
b 6861
b 6862
b 6863
b 6864
b 6865
b 6866
b 6867
b 6868
b 6869
b 6870
b 6871
b 6872
b 6873
b 6874
b 6875
b 6876
b 6877
b 6878
b 6879
b 6880
b 6881
b 6882
b 6883
b 6884
b 6885
b 6886
b 6887
b 6888
b 6889
b 6890
b 6891
b 6892
b 6893
b 6894
b 6895
b 6896
b 6897
b 6898
b 6899
b 6900
b 6901
b 6902
b 6903
b 6904
b 6905
b 6906
b 6907
b 6908
b 6909
b 6910
b 6911
b 6912
b 6913
b 6914
b 6915
b 6916
b 6917
b 6918
b 6919
b 6920
b 6921
b 6922
b 6923
b 6924
b 6925
b 6926
b 6927
b 6928
b 6929
b 6930
b 6931
b 6932
b 6933
b 6934
b 6935
b 6936
b 6937
b 6938
b 6939
b 6940
b 6941
b 6942
b 6943
b 6944
b 6945
b 6946
b 6947
b 6948
b 6949
b 6950
b 6951
b 6952
b 6953
b 6954
b 6955
b 6956
b 6957
b 6958
b 6959
b 6960
b 6961
b 6962
b 6963
b 6964
b 6965
b 6966
b 6967
b 6968
b 6969
b 6970
b 6971
b 6972
b 6973
b 6974
b 6975
b 6976
b 6977
b 6978
b 6979
b 6980
b 6981
b 6982
b 6983
b 6984
b 6985
b 6986
b 6987
b 6988
b 6989
b 6990
b 6991
b 6992
b 6993
b 6994
b 6995
b 6996
b 6997
b 6998
b 6999
b 7000
b 7001
b 7002
b 7003
b 7004
b 7005
b 7006
b 7007
b 7008
b 7009
b 7010
b 7011
b 7012
b 7013
b 7014
b 7015
b 7016
b 7017
b 7018
b 7019
b 7020
b 7021
b 7022
b 7023
b 7024
b 7025
b 7026
b 7027
b 7028
b 7029
b 7030
b 7031
b 7032
b 7033
b 7034
b 7035
b 7036
b 7037
b 7038
b 7039
b 7040
b 7041
b 7042
b 7043
b 7044
b 7045
b 7046
b 7047
b 7048
b 7049
b 7050
b 7051
b 7052
b 7053
b 7054
b 7055
b 7056
b 7057
b 7058
b 7059
b 7060
b 7061
b 7062
b 7063
b 7064
b 7065
b 7066
b 7067
b 7068
b 7069
b 7070
b 7071
b 7072
b 7073
b 7074
b 7075
b 7076
b 7077
b 7078
b 7079
b 7080
b 7081
b 7082
b 7083
b 7084
b 7085
b 7086
b 7087
b 7088
b 7089
b 7090
b 7091
b 7092
b 7093
b 7094
b 7095
b 7096
b 7097
b 7098
b 7099
b 7100
b 7101
b 7102
b 7103
b 7104
b 7105
b 7106
b 7107
b 7108
b 7109
b 7110
b 7111
b 7112
b 7113
b 7114
b 7115
b 7116
b 7117
b 7118
b 7119
b 7120
b 7121
b 7122
b 7123
b 7124
b 7125
b 7126
b 7127
b 7128
b 7129
b 7130
b 7131
b 7132
b 7133
b 7134
b 7135
b 7136
b 7137
b 7138
b 7139
b 7140
b 7141
b 7142
b 7143
b 7144
b 7145
b 7146
b 7147
b 7148
b 7149
b 7150
b 7151
b 7152
b 7153
b 7154
b 7155
b 7156
b 7157
b 7158
b 7159
b 7160
b 7161
b 7162
b 7163
b 7164
b 7165
b 7166
b 7167
b 7168
b 7169
b 7170
b 7171
b 7172
b 7173
b 7174
b 7175
b 7176
b 7177
b 7178
b 7179
b 7180
b 7181
b 7182
b 7183
b 7184
b 7185
b 7186
b 7187
b 7188
b 7189
b 7190
b 7191
b 7192
b 7193
b 7194
b 7195
b 7196
b 7197
b 7198
b 7199
b 7200
b 7201
b 7202
b 7203
b 7204
b 7205
b 7206
b 7207
b 7208
b 7209
b 7210
b 7211
b 7212
b 7213
b 7214
b 7215
b 7216
b 7217
b 7218
b 7219
b 7220
b 7221
b 7222
b 7223
b 7224
b 7225
b 7226
b 7227
b 7228
b 7229
b 7230
b 7231
b 7232
b 7233
b 7234
b 7235
b 7236
b 7237
b 7238
b 7239
b 7240
b 7241
b 7242
b 7243
b 7244
b 7245
b 7246
b 7247
b 7248
b 7249
b 7250
b 7251
b 7252
b 7253
b 7254
b 7255
b 7256
b 7257
b 7258
b 7259
b 7260
b 7261
b 7262
b 7263
b 7264
b 7265
b 7266
b 7267
b 7268
b 7269
b 7270
b 7271
b 7272
b 7273
b 7274
b 7275
b 7276
b 7277
b 7278
b 7279
b 7280
b 7281
b 7282
b 7283
b 7284
b 7285
b 7286
b 7287
b 7288
b 7289
b 7290
b 7291
b 7292
b 7293
b 7294
b 7295
b 7296
b 7297
b 7298
b 7299
b 7300
b 7301
b 7302
b 7303
b 7304
b 7305
b 7306
b 7307
b 7308
b 7309
b 7310
b 7311
b 7312
b 7313
b 7314
b 7315
b 7316
b 7317
b 7318
b 7319
b 7320
b 7321
b 7322
b 7323
b 7324
b 7325
b 7326
b 7327
b 7328
b 7329
b 7330
b 7331
b 7332
b 7333
b 7334
b 7335
b 7336
b 7337
b 7338
b 7339
b 7340
b 7341
b 7342
b 7343
b 7344
b 7345
b 7346
b 7347
b 7348
b 7349
b 7350
b 7351
b 7352
b 7353
b 7354
b 7355
b 7356
b 7357
b 7358
b 7359
b 7360
b 7361
b 7362
b 7363
b 7364
b 7365
b 7366
b 7367
b 7368
b 7369
b 7370
b 7371
b 7372
b 7373
b 7374
b 7375
b 7376
b 7377
b 7378
b 7379
b 7380
b 7381
b 7382
b 7383
b 7384
b 7385
b 7386
b 7387
b 7388
b 7389
b 7390
b 7391
b 7392
b 7393
b 7394
b 7395
b 7396
b 7397
b 7398
b 7399
b 7400
b 7401
b 7402
b 7403
b 7404
b 7405
b 7406
b 7407
b 7408
b 7409
b 7410
b 7411
b 7412
b 7413
b 7414
b 7415
b 7416
b 7417
b 7418
b 7419
b 7420
b 7421
b 7422
b 7423
b 7424
b 7425
b 7426
b 7427
b 7428
b 7429
b 7430
b 7431
b 7432
b 7433
b 7434
b 7435
b 7436
b 7437
b 7438
b 7439
b 7440
b 7441
b 7442
b 7443
b 7444
b 7445
b 7446
b 7447
b 7448
b 7449
b 7450
b 7451
b 7452
b 7453
b 7454
b 7455
b 7456
b 7457
b 7458
b 7459
b 7460
b 7461
b 7462
b 7463
b 7464
b 7465
b 7466
b 7467
b 7468
b 7469
b 7470
b 7471
b 7472
b 7473
b 7474
b 7475
b 7476
b 7477
b 7478
b 7479
b 7480
b 7481
b 7482
b 7483
b 7484
b 7485
b 7486
b 7487
b 7488
b 7489
b 7490
b 7491
b 7492
b 7493
b 7494
b 7495
b 7496
b 7497
b 7498
b 7499
b 7500
b 7501
b 7502
b 7503
b 7504
b 7505
b 7506
b 7507
b 7508
b 7509
b 7510
b 7511
b 7512
b 7513
b 7514
b 7515
b 7516
b 7517
b 7518
b 7519
b 7520
b 7521
b 7522
b 7523
b 7524
b 7525
b 7526
b 7527
b 7528
b 7529
b 7530
b 7531
b 7532
b 7533
b 7534
b 7535
b 7536
b 7537
b 7538
b 7539
b 7540
b 7541
b 7542
b 7543
b 7544
b 7545
b 7546
b 7547
b 7548
b 7549
b 7550
b 7551
b 7552
b 7553
b 7554
b 7555
b 7556
b 7557
b 7558
b 7559
b 7560
b 7561
b 7562
b 7563
b 7564
b 7565
b 7566
b 7567
b 7568
b 7569
b 7570
b 7571
b 7572
b 7573
b 7574
b 7575
b 7576
b 7577
b 7578
b 7579
b 7580
b 7581
b 7582
b 7583
b 7584
b 7585
b 7586
b 7587
b 7588
b 7589
b 7590
b 7591
b 7592
b 7593
b 7594
b 7595
b 7596
b 7597
b 7598
b 7599
b 7600
b 7601
b 7602
b 7603
b 7604
b 7605
b 7606
b 7607
b 7608
b 7609
b 7610
b 7611
b 7612
b 7613
b 7614
b 7615
b 7616
b 7617
b 7618
b 7619
b 7620
b 7621
b 7622
b 7623
b 7624
b 7625
b 7626
b 7627
b 7628
b 7629
b 7630
b 7631
b 7632
b 7633
b 7634
b 7635
b 7636
b 7637
b 7638
b 7639
b 7640
b 7641
b 7642
b 7643
b 7644
b 7645
b 7646
b 7647
b 7648
b 7649
b 7650
b 7651
b 7652
b 7653
b 7654
b 7655
b 7656
b 7657
b 7658
b 7659
b 7660
b 7661
b 7662
b 7663
b 7664
b 7665
b 7666
b 7667
b 7668
b 7669
b 7670
b 7671
b 7672
b 7673
b 7674
b 7675
b 7676
b 7677
b 7678
b 7679
b 7680
b 7681
b 7682
b 7683
b 7684
b 7685
b 7686
b 7687
b 7688
b 7689
b 7690
b 7691
b 7692
b 7693
b 7694
b 7695
b 7696
b 7697
b 7698
b 7699
b 7700
b 7701
b 7702
b 7703
b 7704
b 7705
b 7706
b 7707
b 7708
b 7709
b 7710
b 7711
b 7712
b 7713
b 7714
b 7715
b 7716
b 7717
b 7718
b 7719
b 7720
b 7721
b 7722
b 7723
b 7724
b 7725
b 7726
b 7727
b 7728
b 7729
b 7730
b 7731
b 7732
b 7733
b 7734
b 7735
b 7736
b 7737
b 7738
b 7739
b 7740
b 7741
b 7742
b 7743
b 7744
b 7745
b 7746
b 7747
b 7748
b 7749
b 7750
b 7751
b 7752
b 7753
b 7754
b 7755
b 7756
b 7757
b 7758
b 7759
b 7760
b 7761
b 7762
b 7763
b 7764
b 7765
b 7766
b 7767
b 7768
b 7769
b 7770
b 7771
b 7772
b 7773
b 7774
b 7775
b 7776
b 7777
b 7778
b 7779
b 7780
b 7781
b 7782
b 7783
b 7784
b 7785
b 7786
b 7787
b 7788
b 7789
b 7790
b 7791
b 7792
b 7793
b 7794
b 7795
b 7796
b 7797
b 7798
b 7799
b 7800
b 7801
b 7802
b 7803
b 7804
b 7805
b 7806
b 7807
b 7808
b 7809
b 7810
b 7811
b 7812
b 7813
b 7814
b 7815
b 7816
b 7817
b 7818
b 7819
b 7820
b 7821
b 7822
b 7823
b 7824
b 7825
b 7826
b 7827
b 7828
b 7829
b 7830
b 7831
b 7832
b 7833
b 7834
b 7835
b 7836
b 7837
b 7838
b 7839
b 7840
b 7841
b 7842
b 7843
b 7844
b 7845
b 7846
b 7847
b 7848
b 7849
b 7850
b 7851
b 7852
b 7853
b 7854
b 7855
b 7856
b 7857
b 7858
b 7859
b 7860
b 7861
b 7862
b 7863
b 7864
b 7865
b 7866
b 7867
b 7868
b 7869
b 7870
b 7871
b 7872
b 7873
b 7874
b 7875
b 7876
b 7877
b 7878
b 7879
b 7880
b 7881
b 7882
b 7883
b 7884
b 7885
b 7886
b 7887
b 7888
b 7889
b 7890
b 7891
b 7892
b 7893
b 7894
b 7895
b 7896
b 7897
b 7898
b 7899
b 7900
b 7901
b 7902
b 7903
b 7904
b 7905
b 7906
b 7907
b 7908
b 7909
b 7910
b 7911
b 7912
b 7913
b 7914
b 7915
b 7916
b 7917
b 7918
b 7919
b 7920
b 7921
b 7922
b 7923
b 7924
b 7925
b 7926
b 7927
b 7928
b 7929
b 7930
b 7931
b 7932
b 7933
b 7934
b 7935
b 7936
b 7937
b 7938
b 7939
b 7940
b 7941
b 7942
b 7943
b 7944
b 7945
b 7946
b 7947
b 7948
b 7949
b 7950
b 7951
b 7952
b 7953
b 7954
b 7955
b 7956
b 7957
b 7958
b 7959
b 7960
b 7961
b 7962
b 7963
b 7964
b 7965
b 7966
b 7967
b 7968
b 7969
b 7970
b 7971
b 7972
b 7973
b 7974
b 7975
b 7976
b 7977
b 7978
b 7979
b 7980
b 7981
b 7982
b 7983
b 7984
b 7985
b 7986
b 7987
b 7988
b 7989
b 7990
b 7991
b 7992
b 7993
b 7994
b 7995
b 7996
b 7997
b 7998
b 7999
b 8000
b 8001
b 8002
b 8003
b 8004
b 8005
b 8006
b 8007
b 8008
b 8009
b 8010
b 8011
b 8012
b 8013
b 8014
b 8015
b 8016
b 8017
b 8018
b 8019
b 8020
b 8021
b 8022
b 8023
b 8024
b 8025
b 8026
b 8027
b 8028
b 8029
b 8030
b 8031
b 8032
b 8033
b 8034
b 8035
b 8036
b 8037
b 8038
b 8039
b 8040
b 8041
b 8042
b 8043
b 8044
b 8045
b 8046
b 8047
b 8048
b 8049
b 8050
b 8051
b 8052
b 8053
b 8054
b 8055
b 8056
b 8057
b 8058
b 8059
b 8060
b 8061
b 8062
b 8063
b 8064
b 8065
b 8066
b 8067
b 8068
b 8069
b 8070
b 8071
b 8072
b 8073
b 8074
b 8075
b 8076
b 8077
b 8078
b 8079
b 8080
b 8081
b 8082
b 8083
b 8084
b 8085
b 8086
b 8087
b 8088
b 8089
b 8090
b 8091
b 8092
b 8093
b 8094
b 8095
b 8096
b 8097
b 8098
b 8099
b 8100
b 8101
b 8102
b 8103
b 8104
b 8105
b 8106
b 8107
b 8108
b 8109
b 8110
b 8111
b 8112
b 8113
b 8114
b 8115
b 8116
b 8117
b 8118
b 8119
b 8120
b 8121
b 8122
b 8123
b 8124
b 8125
b 8126
b 8127
b 8128
b 8129
b 8130
b 8131
b 8132
b 8133
b 8134
b 8135
b 8136
b 8137
b 8138
b 8139
b 8140
b 8141
b 8142
b 8143
b 8144
b 8145
b 8146
b 8147
b 8148
b 8149
b 8150
b 8151
b 8152
b 8153
b 8154
b 8155
b 8156
b 8157
b 8158
b 8159
b 8160
b 8161
b 8162
b 8163
b 8164
b 8165
b 8166
b 8167
b 8168
b 8169
b 8170
b 8171
b 8172
b 8173
b 8174
b 8175
b 8176
b 8177
b 8178
b 8179
b 8180
b 8181
b 8182
b 8183
b 8184
b 8185
b 8186
b 8187
b 8188
b 8189
b 8190
b 8191
b 8192
b 8193
b 8194
b 8195
b 8196
b 8197
b 8198
b 8199
b 8200
b 8201
b 8202
b 8203
b 8204
b 8205
b 8206
b 8207
b 8208
b 8209
b 8210
b 8211
b 8212
b 8213
b 8214
b 8215
b 8216
b 8217
b 8218
b 8219
b 8220
b 8221
b 8222
b 8223
b 8224
b 8225
b 8226
b 8227
b 8228
b 8229
b 8230
b 8231
b 8232
b 8233
b 8234
b 8235
b 8236
b 8237
b 8238
b 8239
b 8240
b 8241
b 8242
b 8243
b 8244
b 8245
b 8246
b 8247
b 8248
b 8249
b 8250
b 8251
b 8252
b 8253
b 8254
b 8255
b 8256
b 8257
b 8258
b 8259
b 8260
b 8261
b 8262
b 8263
b 8264
b 8265
b 8266
b 8267
b 8268
b 8269
b 8270
b 8271
b 8272
b 8273
b 8274
b 8275
b 8276
b 8277
b 8278
b 8279
b 8280
b 8281
b 8282
b 8283
b 8284
b 8285
b 8286
b 8287
b 8288
b 8289
b 8290
b 8291
b 8292
b 8293
b 8294
b 8295
b 8296
b 8297
b 8298
b 8299
b 8300
b 8301
b 8302
b 8303
b 8304
b 8305
b 8306
b 8307
b 8308
b 8309
b 8310
b 8311
b 8312
b 8313
b 8314
b 8315
b 8316
b 8317
b 8318
b 8319
b 8320
b 8321
b 8322
b 8323
b 8324
b 8325
b 8326
b 8327
b 8328
b 8329
b 8330
b 8331
b 8332
b 8333
b 8334
b 8335
b 8336
b 8337
b 8338
b 8339
b 8340
b 8341
b 8342
b 8343
b 8344
b 8345
b 8346
b 8347
b 8348
b 8349
b 8350
b 8351
b 8352
b 8353
b 8354
b 8355
b 8356
b 8357
b 8358
b 8359
b 8360
b 8361
b 8362
b 8363
b 8364
b 8365
b 8366
b 8367
b 8368
b 8369
b 8370
b 8371
b 8372
b 8373
b 8374
b 8375
b 8376
b 8377
b 8378
b 8379
b 8380
b 8381
b 8382
b 8383
b 8384
b 8385
b 8386
b 8387
b 8388
b 8389
b 8390
b 8391
b 8392
b 8393
b 8394
b 8395
b 8396
b 8397
b 8398
b 8399
b 8400
b 8401
b 8402
b 8403
b 8404
b 8405
b 8406
b 8407
b 8408
b 8409
b 8410
b 8411
b 8412
b 8413
b 8414
b 8415
b 8416
b 8417
b 8418
b 8419
b 8420
b 8421
b 8422
b 8423
b 8424
b 8425
b 8426
b 8427
b 8428
b 8429
b 8430
b 8431
b 8432
b 8433
b 8434
b 8435
b 8436
b 8437
b 8438
b 8439
b 8440
b 8441
b 8442
b 8443
b 8444
b 8445
b 8446
b 8447
b 8448
b 8449
b 8450
b 8451
b 8452
b 8453
b 8454
b 8455
b 8456
b 8457
b 8458
b 8459
b 8460
b 8461
b 8462
b 8463
b 8464
b 8465
b 8466
b 8467
b 8468
b 8469
b 8470
b 8471
b 8472
b 8473
b 8474
b 8475
b 8476
b 8477
b 8478
b 8479
b 8480
b 8481
b 8482
b 8483
b 8484
b 8485
b 8486
b 8487
b 8488
b 8489
b 8490
b 8491
b 8492
b 8493
b 8494
b 8495
b 8496
b 8497
b 8498
b 8499
b 8500
b 8501
b 8502
b 8503
b 8504
b 8505
b 8506
b 8507
b 8508
b 8509
b 8510
b 8511
b 8512
b 8513
b 8514
b 8515
b 8516
b 8517
b 8518
b 8519
b 8520
b 8521
b 8522
b 8523
b 8524
b 8525
b 8526
b 8527
b 8528
b 8529
b 8530
b 8531
b 8532
b 8533
b 8534
b 8535
b 8536
b 8537
b 8538
b 8539
b 8540
b 8541
b 8542
b 8543
b 8544
b 8545
b 8546
b 8547
b 8548
b 8549
b 8550
b 8551
b 8552
b 8553
b 8554
b 8555
b 8556
b 8557
b 8558
b 8559
b 8560
b 8561
b 8562
b 8563
b 8564
b 8565
b 8566
b 8567
b 8568
b 8569
b 8570
b 8571
b 8572
b 8573
b 8574
b 8575
b 8576
b 8577
b 8578
b 8579
b 8580
b 8581
b 8582
b 8583
b 8584
b 8585
b 8586
b 8587
b 8588
b 8589
b 8590
b 8591
b 8592
b 8593
b 8594
b 8595
b 8596
b 8597
b 8598
b 8599
b 8600
b 8601
b 8602
b 8603
b 8604
b 8605
b 8606
b 8607
b 8608
b 8609
b 8610
b 8611
b 8612
b 8613
b 8614
b 8615
b 8616
b 8617
b 8618
b 8619
b 8620
b 8621
b 8622
b 8623
b 8624
b 8625
b 8626
b 8627
b 8628
b 8629
b 8630
b 8631
b 8632
b 8633
b 8634
b 8635
b 8636
b 8637
b 8638
b 8639
b 8640
b 8641
b 8642
b 8643
b 8644
b 8645
b 8646
b 8647
b 8648
b 8649
b 8650
b 8651
b 8652
b 8653
b 8654
b 8655
b 8656
b 8657
b 8658
b 8659
b 8660
b 8661
b 8662
b 8663
b 8664
b 8665
b 8666
b 8667
b 8668
b 8669
b 8670
b 8671
b 8672
b 8673
b 8674
b 8675
b 8676
b 8677
b 8678
b 8679
b 8680
b 8681
b 8682
b 8683
b 8684
b 8685
b 8686
b 8687
b 8688
b 8689
b 8690
b 8691
b 8692
b 8693
b 8694
b 8695
b 8696
b 8697
b 8698
b 8699
b 8700
b 8701
b 8702
b 8703
b 8704
b 8705
b 8706
b 8707
b 8708
b 8709
b 8710
b 8711
b 8712
b 8713
b 8714
b 8715
b 8716
b 8717
b 8718
b 8719
b 8720
b 8721
b 8722
b 8723
b 8724
b 8725
b 8726
b 8727
b 8728
b 8729
b 8730
b 8731
b 8732
b 8733
b 8734
b 8735
b 8736
b 8737
b 8738
b 8739
b 8740
b 8741
b 8742
b 8743
b 8744
b 8745
b 8746
b 8747
b 8748
b 8749
b 8750
b 8751
b 8752
b 8753
b 8754
b 8755
b 8756
b 8757
b 8758
b 8759
b 8760
b 8761
b 8762
b 8763
b 8764
b 8765
b 8766
b 8767
b 8768
b 8769
b 8770
b 8771
b 8772
b 8773
b 8774
b 8775
b 8776
b 8777
b 8778
b 8779
b 8780
b 8781
b 8782
b 8783
b 8784
b 8785
b 8786
b 8787
b 8788
b 8789
b 8790
b 8791
b 8792
b 8793
b 8794
b 8795
b 8796
b 8797
b 8798
b 8799
b 8800
b 8801
b 8802
b 8803
b 8804
b 8805
b 8806
b 8807
b 8808
b 8809
b 8810
b 8811
b 8812
b 8813
b 8814
b 8815
b 8816
b 8817
b 8818
b 8819
b 8820
b 8821
b 8822
b 8823
b 8824
b 8825
b 8826
b 8827
b 8828
b 8829
b 8830
b 8831
b 8832
b 8833
b 8834
b 8835
b 8836
b 8837
b 8838
b 8839
b 8840
b 8841
b 8842
b 8843
b 8844
b 8845
b 8846
b 8847
b 8848
b 8849
b 8850
b 8851
b 8852
b 8853
b 8854
b 8855
b 8856
b 8857
b 8858
b 8859
b 8860
b 8861
b 8862
b 8863
b 8864
b 8865
b 8866
b 8867
b 8868
b 8869
b 8870
b 8871
b 8872
b 8873
b 8874
b 8875
b 8876
b 8877
b 8878
b 8879
b 8880
b 8881
b 8882
b 8883
b 8884
b 8885
b 8886
b 8887
b 8888
b 8889
b 8890
b 8891
b 8892
b 8893
b 8894
b 8895
b 8896
b 8897
b 8898
b 8899
b 8900
b 8901
b 8902
b 8903
b 8904
b 8905
b 8906
b 8907
b 8908
b 8909
b 8910
b 8911
b 8912
b 8913
b 8914
b 8915
b 8916
b 8917
b 8918
b 8919
b 8920
b 8921
b 8922
b 8923
b 8924
b 8925
b 8926
b 8927
b 8928
b 8929
b 8930
b 8931
b 8932
b 8933
b 8934
b 8935
b 8936
b 8937
b 8938
b 8939
b 8940
b 8941
b 8942
b 8943
b 8944
b 8945
b 8946
b 8947
b 8948
b 8949
b 8950
b 8951
b 8952
b 8953
b 8954
b 8955
b 8956
b 8957
b 8958
b 8959
b 8960
b 8961
b 8962
b 8963
b 8964
b 8965
b 8966
b 8967
b 8968
b 8969
b 8970
b 8971
b 8972
b 8973
b 8974
b 8975
b 8976
b 8977
b 8978
b 8979
b 8980
b 8981
b 8982
b 8983
b 8984
b 8985
b 8986
b 8987
b 8988
b 8989
b 8990
b 8991
b 8992
b 8993
b 8994
b 8995
b 8996
b 8997
b 8998
b 8999
b 9000
b 9001
b 9002
b 9003
b 9004
b 9005
b 9006
b 9007
b 9008
b 9009
b 9010
b 9011
b 9012
b 9013
b 9014
b 9015
b 9016
b 9017
b 9018
b 9019
b 9020
b 9021
b 9022
b 9023
b 9024
b 9025
b 9026
b 9027
b 9028
b 9029
b 9030
b 9031
b 9032
b 9033
b 9034
b 9035
b 9036
b 9037
b 9038
b 9039
b 9040
b 9041
b 9042
b 9043
b 9044
b 9045
b 9046
b 9047
b 9048
b 9049
b 9050
b 9051
b 9052
b 9053
b 9054
b 9055
b 9056
b 9057
b 9058
b 9059
b 9060
b 9061
b 9062
b 9063
b 9064
b 9065
b 9066
b 9067
b 9068
b 9069
b 9070
b 9071
b 9072
b 9073
b 9074
b 9075
b 9076
b 9077
b 9078
b 9079
b 9080
b 9081
b 9082
b 9083
b 9084
b 9085
b 9086
b 9087
b 9088
b 9089
b 9090
b 9091
b 9092
b 9093
b 9094
b 9095
b 9096
b 9097
b 9098
b 9099
b 9100
b 9101
b 9102
b 9103
b 9104
b 9105
b 9106
b 9107
b 9108
b 9109
b 9110
b 9111
b 9112
b 9113
b 9114
b 9115
b 9116
b 9117
b 9118
b 9119
b 9120
b 9121
b 9122
b 9123
b 9124
b 9125
b 9126
b 9127
b 9128
b 9129
b 9130
b 9131
b 9132
b 9133
b 9134
b 9135
b 9136
b 9137
b 9138
b 9139
b 9140
b 9141
b 9142
b 9143
b 9144
b 9145
b 9146
b 9147
b 9148
b 9149
b 9150
b 9151
b 9152
b 9153
b 9154
b 9155
b 9156
b 9157
b 9158
b 9159
b 9160
b 9161
b 9162
b 9163
b 9164
b 9165
b 9166
b 9167
b 9168
b 9169
b 9170
b 9171
b 9172
b 9173
b 9174
b 9175
b 9176
b 9177
b 9178
b 9179
b 9180
b 9181
b 9182
b 9183
b 9184
b 9185
b 9186
b 9187
b 9188
b 9189
b 9190
b 9191
b 9192
b 9193
b 9194
b 9195
b 9196
b 9197
b 9198
b 9199
b 9200
b 9201
b 9202
b 9203
b 9204
b 9205
b 9206
b 9207
b 9208
b 9209
b 9210
b 9211
b 9212
b 9213
b 9214
b 9215
b 9216
b 9217
b 9218
b 9219
b 9220
b 9221
b 9222
b 9223
b 9224
b 9225
b 9226
b 9227
b 9228
b 9229
b 9230
b 9231
b 9232
b 9233
b 9234
b 9235
b 9236
b 9237
b 9238
b 9239
b 9240
b 9241
b 9242
b 9243
b 9244
b 9245
b 9246
b 9247
b 9248
b 9249
b 9250
b 9251
b 9252
b 9253
b 9254
b 9255
b 9256
b 9257
b 9258
b 9259
b 9260
b 9261
b 9262
b 9263
b 9264
b 9265
b 9266
b 9267
b 9268
b 9269
b 9270
b 9271
b 9272
b 9273
b 9274
b 9275
b 9276
b 9277
b 9278
b 9279
b 9280
b 9281
b 9282
b 9283
b 9284
b 9285
b 9286
b 9287
b 9288
b 9289
b 9290
b 9291
b 9292
b 9293
b 9294
b 9295
b 9296
b 9297
b 9298
b 9299
b 9300
b 9301
b 9302
b 9303
b 9304
b 9305
b 9306
b 9307
b 9308
b 9309
b 9310
b 9311
b 9312
b 9313
b 9314
b 9315
b 9316
b 9317
b 9318
b 9319
b 9320
b 9321
b 9322
b 9323
b 9324
b 9325
b 9326
b 9327
b 9328
b 9329
b 9330
b 9331
b 9332
b 9333
b 9334
b 9335
b 9336
b 9337
b 9338
b 9339
b 9340
b 9341
b 9342
b 9343
b 9344
b 9345
b 9346
b 9347
b 9348
b 9349
b 9350
b 9351
b 9352
b 9353
b 9354
b 9355
b 9356
b 9357
b 9358
b 9359
b 9360
b 9361
b 9362
b 9363
b 9364
b 9365
b 9366
b 9367
b 9368
b 9369
b 9370
b 9371
b 9372
b 9373
b 9374
b 9375
b 9376
b 9377
b 9378
b 9379
b 9380
b 9381
b 9382
b 9383
b 9384
b 9385
b 9386
b 9387
b 9388
b 9389
b 9390
b 9391
b 9392
b 9393
b 9394
b 9395
b 9396
b 9397
b 9398
b 9399
b 9400
b 9401
b 9402
b 9403
b 9404
b 9405
b 9406
b 9407
b 9408
b 9409
b 9410
b 9411
b 9412
b 9413
b 9414
b 9415
b 9416
b 9417
b 9418
b 9419
b 9420
b 9421
b 9422
b 9423
b 9424
b 9425
b 9426
b 9427
b 9428
b 9429
b 9430
b 9431
b 9432
b 9433
b 9434
b 9435
b 9436
b 9437
b 9438
b 9439
b 9440
b 9441
b 9442
b 9443
b 9444
b 9445
b 9446
b 9447
b 9448
b 9449
b 9450
b 9451
b 9452
b 9453
b 9454
b 9455
b 9456
b 9457
b 9458
b 9459
b 9460
b 9461
b 9462
b 9463
b 9464
b 9465
b 9466
b 9467
b 9468
b 9469
b 9470
b 9471
b 9472
b 9473
b 9474
b 9475
b 9476
b 9477
b 9478
b 9479
b 9480
b 9481
b 9482
b 9483
b 9484
b 9485
b 9486
b 9487
b 9488
b 9489
b 9490
b 9491
b 9492
b 9493
b 9494
b 9495
b 9496
b 9497
b 9498
b 9499
b 9500
b 9501
b 9502
b 9503
b 9504
b 9505
b 9506
b 9507
b 9508
b 9509
b 9510
b 9511
b 9512
b 9513
b 9514
b 9515
b 9516
b 9517
b 9518
b 9519
b 9520
b 9521
b 9522
b 9523
b 9524
b 9525
b 9526
b 9527
b 9528
b 9529
b 9530
b 9531
b 9532
b 9533
b 9534
b 9535
b 9536
b 9537
b 9538
b 9539
b 9540
b 9541
b 9542
b 9543
b 9544
b 9545
b 9546
b 9547
b 9548
b 9549
b 9550
b 9551
b 9552
b 9553
b 9554
b 9555
b 9556
b 9557
b 9558
b 9559
b 9560
b 9561
b 9562
b 9563
b 9564
b 9565
b 9566
b 9567
b 9568
b 9569
b 9570
b 9571
b 9572
b 9573
b 9574
b 9575
b 9576
b 9577
b 9578
b 9579
b 9580
b 9581
b 9582
b 9583
b 9584
b 9585
b 9586
b 9587
b 9588
b 9589
b 9590
b 9591
b 9592
b 9593
b 9594
b 9595
b 9596
b 9597
b 9598
b 9599
b 9600
b 9601
b 9602
b 9603
b 9604
b 9605
b 9606
b 9607
b 9608
b 9609
b 9610
b 9611
b 9612
b 9613
b 9614
b 9615
b 9616
b 9617
b 9618
b 9619
b 9620
b 9621
b 9622
b 9623
b 9624
b 9625
b 9626
b 9627
b 9628
b 9629
b 9630
b 9631
b 9632
b 9633
b 9634
b 9635
b 9636
b 9637
b 9638
b 9639
b 9640
b 9641
b 9642
b 9643
b 9644
b 9645
b 9646
b 9647
b 9648
b 9649
b 9650
b 9651
b 9652
b 9653
b 9654
b 9655
b 9656
b 9657
b 9658
b 9659
b 9660
b 9661
b 9662
b 9663
b 9664
b 9665
b 9666
b 9667
b 9668
b 9669
b 9670
b 9671
b 9672
b 9673
b 9674
b 9675
b 9676
b 9677
b 9678
b 9679
b 9680
b 9681
b 9682
b 9683
b 9684
b 9685
b 9686
b 9687
b 9688
b 9689
b 9690
b 9691
b 9692
b 9693
b 9694
b 9695
b 9696
b 9697
b 9698
b 9699
b 9700
b 9701
b 9702
b 9703
b 9704
b 9705
b 9706
b 9707
b 9708
b 9709
b 9710
b 9711
b 9712
b 9713
b 9714
b 9715
b 9716
b 9717
b 9718
b 9719
b 9720
b 9721
b 9722
b 9723
b 9724
b 9725
b 9726
b 9727
b 9728
b 9729
b 9730
b 9731
b 9732
b 9733
b 9734
b 9735
b 9736
b 9737
b 9738
b 9739
b 9740
b 9741
b 9742
b 9743
b 9744
b 9745
b 9746
b 9747
b 9748
b 9749
b 9750
b 9751
b 9752
b 9753
b 9754
b 9755
b 9756
b 9757
b 9758
b 9759
b 9760
b 9761
b 9762
b 9763
b 9764
b 9765
b 9766
b 9767
b 9768
b 9769
b 9770
b 9771
b 9772
b 9773
b 9774
b 9775
b 9776
b 9777
b 9778
b 9779
b 9780
b 9781
b 9782
b 9783
b 9784
b 9785
b 9786
b 9787
b 9788
b 9789
b 9790
b 9791
b 9792
b 9793
b 9794
b 9795
b 9796
b 9797
b 9798
b 9799
b 9800
b 9801
b 9802
b 9803
b 9804
b 9805
b 9806
b 9807
b 9808
b 9809
b 9810
b 9811
b 9812
b 9813
b 9814
b 9815
b 9816
b 9817
b 9818
b 9819
b 9820
b 9821
b 9822
b 9823
b 9824
b 9825
b 9826
b 9827
b 9828
b 9829
b 9830
b 9831
b 9832
b 9833
b 9834
b 9835
b 9836
b 9837
b 9838
b 9839
b 9840
b 9841
b 9842
b 9843
b 9844
b 9845
b 9846
b 9847
b 9848
b 9849
b 9850
b 9851
b 9852
b 9853
b 9854
b 9855
b 9856
b 9857
b 9858
b 9859
b 9860
b 9861
b 9862
b 9863
b 9864
b 9865
b 9866
b 9867
b 9868
b 9869
b 9870
b 9871
b 9872
b 9873
b 9874
b 9875
b 9876
b 9877
b 9878
b 9879
b 9880
b 9881
b 9882
b 9883
b 9884
b 9885
b 9886
b 9887
b 9888
b 9889
b 9890
b 9891
b 9892
b 9893
b 9894
b 9895
b 9896
b 9897
b 9898
b 9899
b 9900
b 9901
b 9902
b 9903
b 9904
b 9905
b 9906
b 9907
b 9908
b 9909
b 9910
b 9911
b 9912
b 9913
b 9914
b 9915
b 9916
b 9917
b 9918
b 9919
b 9920
b 9921
b 9922
b 9923
b 9924
b 9925
b 9926
b 9927
b 9928
b 9929
b 9930
b 9931
b 9932
b 9933
b 9934
b 9935
b 9936
b 9937
b 9938
b 9939
b 9940
b 9941
b 9942
b 9943
b 9944
b 9945
b 9946
b 9947
b 9948
b 9949
b 9950
b 9951
b 9952
b 9953
b 9954
b 9955
b 9956
b 9957
b 9958
b 9959
b 9960
b 9961
b 9962
b 9963
b 9964
b 9965
b 9966
b 9967
b 9968
b 9969
b 9970
b 9971
b 9972
b 9973
b 9974
b 9975
b 9976
b 9977
b 9978
b 9979
b 9980
b 9981
b 9982
b 9983
b 9984
b 9985
b 9986
b 9987
b 9988
b 9989
b 9990
b 9991
b 9992
b 9993
b 9994
b 9995
b 9996
b 9997
b 9998
b 9999
b 10000
