Listening for transport dt_socket at address: 6433
My PID: 64964

From a new terminal type `kill -SIGINT 64964` or `kill -SIGTERM 64964` to stop processing packets

OUTPUT:  /Users/aybarsyazici/Documents/EPFL/distributed/EPFL-CS451-Project/tools/out/proc28.output
My ID: 28

List of resolved hosts is:
==========================
0
Human-readable IP: 127.0.0.1
Human-readable Port: 11001

1
Human-readable IP: 127.0.0.1
Human-readable Port: 11002

2
Human-readable IP: 127.0.0.1
Human-readable Port: 11003

3
Human-readable IP: 127.0.0.1
Human-readable Port: 11004

4
Human-readable IP: 127.0.0.1
Human-readable Port: 11005

5
Human-readable IP: 127.0.0.1
Human-readable Port: 11006

6
Human-readable IP: 127.0.0.1
Human-readable Port: 11007

7
Human-readable IP: 127.0.0.1
Human-readable Port: 11008

8
Human-readable IP: 127.0.0.1
Human-readable Port: 11009

9
Human-readable IP: 127.0.0.1
Human-readable Port: 11010

10
Human-readable IP: 127.0.0.1
Human-readable Port: 11011

11
Human-readable IP: 127.0.0.1
Human-readable Port: 11012

12
Human-readable IP: 127.0.0.1
Human-readable Port: 11013

13
Human-readable IP: 127.0.0.1
Human-readable Port: 11014

14
Human-readable IP: 127.0.0.1
Human-readable Port: 11015

15
Human-readable IP: 127.0.0.1
Human-readable Port: 11016

16
Human-readable IP: 127.0.0.1
Human-readable Port: 11017

17
Human-readable IP: 127.0.0.1
Human-readable Port: 11018

18
Human-readable IP: 127.0.0.1
Human-readable Port: 11019

19
Human-readable IP: 127.0.0.1
Human-readable Port: 11020

20
Human-readable IP: 127.0.0.1
Human-readable Port: 11021

21
Human-readable IP: 127.0.0.1
Human-readable Port: 11022

22
Human-readable IP: 127.0.0.1
Human-readable Port: 11023

23
Human-readable IP: 127.0.0.1
Human-readable Port: 11024

24
Human-readable IP: 127.0.0.1
Human-readable Port: 11025

25
Human-readable IP: 127.0.0.1
Human-readable Port: 11026

26
Human-readable IP: 127.0.0.1
Human-readable Port: 11027

27
Human-readable IP: 127.0.0.1
Human-readable Port: 11028

ProposalSetSize: 1800
Sliding window size: 16
UDPReceiver: Created socket on port 11028
THREAD NUMBER: 1
28
Human-readable IP: 127.0.0.1
Human-readable Port: 11029

29
Human-readable IP: 127.0.0.1
Human-readable Port: 11030

30
Human-readable IP: 127.0.0.1
Human-readable Port: 11031

31
Human-readable IP: 127.0.0.1
Human-readable Port: 11032

32
Human-readable IP: 127.0.0.1
Human-readable Port: 11033

33
Human-readable IP: 127.0.0.1
Human-readable Port: 11034

34
Human-readable IP: 127.0.0.1
Human-readable Port: 11035

35
Human-readable IP: 127.0.0.1
Human-readable Port: 11036

36
Human-readable IP: 127.0.0.1
Human-readable Port: 11037

37
Human-readable IP: 127.0.0.1
Human-readable Port: 11038

38
Human-readable IP: 127.0.0.1
Human-readable Port: 11039

39
Human-readable IP: 127.0.0.1
Human-readable Port: 11040

40
Human-readable IP: 127.0.0.1
Human-readable Port: 11041

41
Human-readable IP: 127.0.0.1
Human-readable Port: 11042

42
Human-readable IP: 127.0.0.1
Human-readable Port: 11043

43
Human-readable IP: 127.0.0.1
Human-readable Port: 11044

44
Human-readable IP: 127.0.0.1
Human-readable Port: 11045

45
Human-readable IP: 127.0.0.1
Human-readable Port: 11046

46
Human-readable IP: 127.0.0.1
Human-readable Port: 11047

47
Human-readable IP: 127.0.0.1
Human-readable Port: 11048

48
Human-readable IP: 127.0.0.1
Human-readable Port: 11049

49
Human-readable IP: 127.0.0.1
Human-readable Port: 11050


Path to output:
===============
/Users/aybarsyazici/Documents/EPFL/distributed/EPFL-CS451-Project/tools/out/proc28.output

Deleted old output file: false

Path to config:
===============
./out/proc28.config

===============
Doing some initialization

Broadcasting and delivering messages...

Process ID: 28
Starting Round 0
Proposing Round 0 [323169889, 1888091245, 2087313121, 1674979897]
Broadcasting proposal 1 round 0 with 4 elements
__________________________
Starting Round 1
Proposing Round 1 [1974239820, 1625792787, 453285987, 396418889, 677517496, 78299575, 1933034905, 1000025413, 628973138]
Broadcasting proposal 1 round 1 with 9 elements
__________________________
Starting Round 2
Proposing Round 2 [294296873, 1178758213, 186251406, 1729245242, 1647489402, 464280597, 348697524, 921572928, 172907376, 1736526879]
Broadcasting proposal 1 round 2 with 10 elements
__________________________
Starting Round 3
Proposing Round 3 [1300621767, 1384287616, 1445662585, 1228836941, 1931000173, 1138409539, 2044804330, 1982979741, 827143233, 1357806226]
Broadcasting proposal 1 round 3 with 10 elements
__________________________
Starting Round 4
Proposing Round 4 [344076115, 401094954, 2127420335, 1024542722, 1719918855, 225052083, 2136846691]
Broadcasting proposal 1 round 4 with 7 elements
__________________________
Starting Round 5
Proposing Round 5 [2108061573, 54340558, 816382125, 1393178591, 317234448, 1760844750, 1810607153, 566090561, 497879474]
Broadcasting proposal 1 round 5 with 9 elements
__________________________
Starting Round 6
Proposing Round 6 [1178884276, 596110070, 1811967841, 288765093, 1247484671, 1997305752, 1867302554, 1821129578, 1221228113]
Broadcasting proposal 1 round 6 with 9 elements
__________________________
Starting Round 7
Proposing Round 7 [1254717325, 187463722, 169318686]
Broadcasting proposal 1 round 7 with 3 elements
__________________________
Immediately stopping network packet processing.
Writing output.
