d 3 1
d 3 2
d 3 3
d 3 4
d 3 5
d 3 6
d 3 7
d 3 8
d 3 9
d 3 10
d 3 11
d 3 12
d 3 13
d 3 14
d 3 15
d 3 16
d 3 17
d 3 18
d 3 19
d 3 20
d 3 21
d 3 22
d 3 23
d 3 24
d 3 25
d 3 26
d 3 27
d 3 28
d 3 29
d 3 30
d 3 31
d 3 32
d 3 33
d 3 34
d 3 35
d 3 36
d 3 37
d 3 38
d 3 39
d 3 40
d 3 41
d 3 42
d 3 43
d 3 44
d 3 45
d 3 46
d 3 47
d 3 48
d 3 49
d 3 50
d 3 51
d 3 52
d 3 53
d 3 54
d 3 55
d 3 56
d 3 57
d 3 58
d 3 59
d 3 60
d 3 61
d 3 62
d 3 63
d 3 64
d 3 65
d 3 66
d 3 67
d 3 68
d 3 69
d 3 70
d 3 71
d 3 72
d 3 73
d 3 74
d 3 75
d 3 76
d 3 77
d 3 78
d 3 79
d 3 80
d 3 81
d 3 82
d 3 83
d 3 84
d 3 85
d 3 86
d 3 87
d 3 88
d 3 89
d 3 90
d 3 91
d 3 92
d 3 93
d 3 94
d 3 95
d 3 96
d 3 97
d 3 98
d 3 99
d 3 100
d 3 101
d 3 102
d 3 103
d 3 104
d 3 105
d 3 106
d 3 107
d 3 108
d 3 109
d 3 110
d 3 111
d 3 112
d 3 113
d 3 114
d 3 115
d 3 116
d 3 117
d 3 118
d 3 119
d 3 120
d 3 121
d 3 122
d 3 123
d 3 124
d 3 125
d 3 126
d 3 127
d 3 128
d 3 129
d 3 130
d 3 131
d 3 132
d 3 133
d 3 134
d 3 135
d 3 136
d 3 137
d 3 138
d 3 139
d 3 140
d 3 141
d 3 142
d 3 143
d 3 144
d 3 145
d 3 146
d 3 147
d 3 148
d 3 149
d 3 150
d 3 151
d 3 152
d 3 153
d 3 154
d 3 155
d 3 156
d 3 157
d 3 158
d 3 159
d 3 160
d 3 161
d 3 162
d 3 163
d 3 164
d 3 165
d 3 166
d 3 167
d 3 168
d 3 169
d 3 170
d 3 171
d 3 172
d 3 173
d 3 174
d 3 175
d 3 176
d 3 177
d 3 178
d 3 179
d 3 180
d 3 181
d 3 182
d 3 183
d 3 184
d 3 185
d 3 186
d 3 187
d 3 188
d 3 189
d 3 190
d 3 191
d 3 192
d 3 193
d 3 194
d 3 195
d 3 196
d 3 197
d 3 198
d 3 199
d 3 200
d 2 1
d 2 2
d 2 3
d 2 4
d 2 5
d 2 6
d 2 7
d 2 8
d 2 9
d 2 10
d 2 11
d 2 12
d 2 13
d 2 14
d 2 15
d 2 16
d 2 17
d 2 18
d 2 19
d 2 20
d 2 21
d 2 22
d 2 23
d 2 24
d 2 25
d 2 26
d 2 27
d 2 28
d 2 29
d 2 30
d 2 31
d 2 32
d 2 33
d 2 34
d 2 35
d 2 36
d 2 37
d 2 38
d 2 39
d 2 40
d 2 41
d 2 42
d 2 43
d 2 44
d 2 45
d 2 46
d 2 47
d 2 48
d 2 49
d 2 50
d 2 51
d 2 52
d 2 53
d 2 54
d 2 55
d 2 56
d 2 57
d 2 58
d 2 59
d 2 60
d 2 61
d 2 62
d 2 63
d 2 64
d 2 65
d 2 66
d 2 67
d 2 68
d 2 69
d 2 70
d 2 71
d 2 72
d 2 73
d 2 74
d 2 75
d 2 76
d 2 77
d 2 78
d 2 79
d 2 80
d 2 81
d 2 82
d 2 83
d 2 84
d 2 85
d 2 86
d 2 87
d 2 88
d 2 89
d 2 90
d 2 91
d 2 92
d 2 93
d 2 94
d 2 95
d 2 96
d 2 97
d 2 98
d 2 99
d 2 100
d 2 101
d 2 102
d 2 103
d 2 104
d 2 105
d 2 106
d 2 107
d 2 108
d 2 109
d 2 110
d 2 111
d 2 112
d 2 113
d 2 114
d 2 115
d 2 116
d 2 117
d 2 118
d 2 119
d 2 120
d 2 121
d 2 122
d 2 123
d 2 124
d 2 125
d 2 126
d 2 127
d 2 128
d 2 129
d 2 130
d 2 131
d 2 132
d 2 133
d 2 134
d 2 135
d 2 136
d 2 137
d 2 138
d 2 139
d 2 140
d 2 141
d 2 142
d 2 143
d 2 144
d 2 145
d 2 146
d 2 147
d 2 148
d 2 149
d 2 150
d 2 151
d 2 152
d 2 153
d 2 154
d 2 155
d 2 156
d 2 157
d 2 158
d 2 159
d 2 160
d 2 161
d 2 162
d 2 163
d 2 164
d 2 165
d 2 166
d 2 167
d 2 168
d 2 169
d 2 170
d 2 171
d 2 172
d 2 173
d 2 174
d 2 175
d 2 176
d 2 177
d 2 178
d 2 179
d 2 180
d 2 181
d 2 182
d 2 183
d 2 184
d 2 185
d 2 186
d 2 187
d 2 188
d 2 189
d 2 190
d 2 191
d 2 192
d 2 193
d 2 194
d 2 195
d 2 196
d 2 197
d 2 198
d 2 199
d 2 200
d 7 1
d 7 2
d 7 3
d 7 4
d 7 5
d 7 6
d 7 7
d 7 8
d 7 9
d 7 10
d 7 11
d 7 12
d 7 13
d 7 14
d 7 15
d 7 16
d 7 17
d 7 18
d 7 19
d 7 20
d 7 21
d 7 22
d 7 23
d 7 24
d 7 25
d 7 26
d 7 27
d 7 28
d 7 29
d 7 30
d 7 31
d 7 32
d 7 33
d 7 34
d 7 35
d 7 36
d 7 37
d 7 38
d 7 39
d 7 40
d 7 41
d 7 42
d 7 43
d 7 44
d 7 45
d 7 46
d 7 47
d 7 48
d 7 49
d 7 50
d 7 51
d 7 52
d 7 53
d 7 54
d 7 55
d 7 56
d 7 57
d 7 58
d 7 59
d 7 60
d 7 61
d 7 62
d 7 63
d 7 64
d 7 65
d 7 66
d 7 67
d 7 68
d 7 69
d 7 70
d 7 71
d 7 72
d 7 73
d 7 74
d 7 75
d 7 76
d 7 77
d 7 78
d 7 79
d 7 80
d 7 81
d 7 82
d 7 83
d 7 84
d 7 85
d 7 86
d 7 87
d 7 88
d 7 89
d 7 90
d 7 91
d 7 92
d 7 93
d 7 94
d 7 95
d 7 96
d 7 97
d 7 98
d 7 99
d 7 100
d 7 101
d 7 102
d 7 103
d 7 104
d 7 105
d 7 106
d 7 107
d 7 108
d 7 109
d 7 110
d 7 111
d 7 112
d 7 113
d 7 114
d 7 115
d 7 116
d 7 117
d 7 118
d 7 119
d 7 120
d 7 121
d 7 122
d 7 123
d 7 124
d 7 125
d 7 126
d 7 127
d 7 128
d 7 129
d 7 130
d 7 131
d 7 132
d 7 133
d 7 134
d 7 135
d 7 136
d 7 137
d 7 138
d 7 139
d 7 140
d 7 141
d 7 142
d 7 143
d 7 144
d 7 145
d 7 146
d 7 147
d 7 148
d 7 149
d 7 150
d 7 151
d 7 152
d 7 153
d 7 154
d 7 155
d 7 156
d 7 157
d 7 158
d 7 159
d 7 160
d 7 161
d 7 162
d 7 163
d 7 164
d 7 165
d 7 166
d 7 167
d 7 168
d 7 169
d 7 170
d 7 171
d 7 172
d 7 173
d 7 174
d 7 175
d 7 176
d 7 177
d 7 178
d 7 179
d 7 180
d 7 181
d 7 182
d 7 183
d 7 184
d 7 185
d 7 186
d 7 187
d 7 188
d 7 189
d 7 190
d 7 191
d 7 192
d 7 193
d 7 194
d 7 195
d 7 196
d 7 197
d 7 198
d 7 199
d 7 200
d 12 1
d 12 2
d 12 3
d 12 4
d 12 5
d 12 6
d 12 7
d 12 8
d 12 9
d 12 10
d 12 11
d 12 12
d 12 13
d 12 14
d 12 15
d 12 16
d 12 17
d 12 18
d 12 19
d 12 20
d 12 21
d 12 22
d 12 23
d 12 24
d 12 25
d 12 26
d 12 27
d 12 28
d 12 29
d 12 30
d 12 31
d 12 32
d 12 33
d 12 34
d 12 35
d 12 36
d 12 37
d 12 38
d 12 39
d 12 40
d 12 41
d 12 42
d 12 43
d 12 44
d 12 45
d 12 46
d 12 47
d 12 48
d 12 49
d 12 50
d 12 51
d 12 52
d 12 53
d 12 54
d 12 55
d 12 56
d 12 57
d 12 58
d 12 59
d 12 60
d 12 61
d 12 62
d 12 63
d 12 64
d 12 65
d 12 66
d 12 67
d 12 68
d 12 69
d 12 70
d 12 71
d 12 72
d 12 73
d 12 74
d 12 75
d 12 76
d 12 77
d 12 78
d 12 79
d 12 80
d 12 81
d 12 82
d 12 83
d 12 84
d 12 85
d 12 86
d 12 87
d 12 88
d 12 89
d 12 90
d 12 91
d 12 92
d 12 93
d 12 94
d 12 95
d 12 96
d 12 97
d 12 98
d 12 99
d 12 100
d 12 101
d 12 102
d 12 103
d 12 104
d 12 105
d 12 106
d 12 107
d 12 108
d 12 109
d 12 110
d 12 111
d 12 112
d 12 113
d 12 114
d 12 115
d 12 116
d 12 117
d 12 118
d 12 119
d 12 120
d 12 121
d 12 122
d 12 123
d 12 124
d 12 125
d 12 126
d 12 127
d 12 128
d 12 129
d 12 130
d 12 131
d 12 132
d 12 133
d 12 134
d 12 135
d 12 136
d 12 137
d 12 138
d 12 139
d 12 140
d 12 141
d 12 142
d 12 143
d 12 144
d 12 145
d 12 146
d 12 147
d 12 148
d 12 149
d 12 150
d 12 151
d 12 152
d 12 153
d 12 154
d 12 155
d 12 156
d 12 157
d 12 158
d 12 159
d 12 160
d 12 161
d 12 162
d 12 163
d 12 164
d 12 165
d 12 166
d 12 167
d 12 168
d 12 169
d 12 170
d 12 171
d 12 172
d 12 173
d 12 174
d 12 175
d 12 176
d 12 177
d 12 178
d 12 179
d 12 180
d 12 181
d 12 182
d 12 183
d 12 184
d 12 185
d 12 186
d 12 187
d 12 188
d 12 189
d 12 190
d 12 191
d 12 192
d 12 193
d 12 194
d 12 195
d 12 196
d 12 197
d 12 198
d 12 199
d 12 200
d 6 1
d 6 2
d 6 3
d 6 4
d 6 5
d 6 6
d 6 7
d 6 8
d 6 9
d 6 10
d 6 11
d 6 12
d 6 13
d 6 14
d 6 15
d 6 16
d 6 17
d 6 18
d 6 19
d 6 20
d 6 21
d 6 22
d 6 23
d 6 24
d 6 25
d 6 26
d 6 27
d 6 28
d 6 29
d 6 30
d 6 31
d 6 32
d 6 33
d 6 34
d 6 35
d 6 36
d 6 37
d 6 38
d 6 39
d 6 40
d 6 41
d 6 42
d 6 43
d 6 44
d 6 45
d 6 46
d 6 47
d 6 48
d 6 49
d 6 50
d 6 51
d 6 52
d 6 53
d 6 54
d 6 55
d 6 56
d 6 57
d 6 58
d 6 59
d 6 60
d 6 61
d 6 62
d 6 63
d 6 64
d 6 65
d 6 66
d 6 67
d 6 68
d 6 69
d 6 70
d 6 71
d 6 72
d 6 73
d 6 74
d 6 75
d 6 76
d 6 77
d 6 78
d 6 79
d 6 80
d 6 81
d 6 82
d 6 83
d 6 84
d 6 85
d 6 86
d 6 87
d 6 88
d 6 89
d 6 90
d 6 91
d 6 92
d 6 93
d 6 94
d 6 95
d 6 96
d 6 97
d 6 98
d 6 99
d 6 100
d 6 101
d 6 102
d 6 103
d 6 104
d 6 105
d 6 106
d 6 107
d 6 108
d 6 109
d 6 110
d 6 111
d 6 112
d 6 113
d 6 114
d 6 115
d 6 116
d 6 117
d 6 118
d 6 119
d 6 120
d 6 121
d 6 122
d 6 123
d 6 124
d 6 125
d 6 126
d 6 127
d 6 128
d 6 129
d 6 130
d 6 131
d 6 132
d 6 133
d 6 134
d 6 135
d 6 136
d 6 137
d 6 138
d 6 139
d 6 140
d 6 141
d 6 142
d 6 143
d 6 144
d 6 145
d 6 146
d 6 147
d 6 148
d 6 149
d 6 150
d 6 151
d 6 152
d 6 153
d 6 154
d 6 155
d 6 156
d 6 157
d 6 158
d 6 159
d 6 160
d 6 161
d 6 162
d 6 163
d 6 164
d 6 165
d 6 166
d 6 167
d 6 168
d 6 169
d 6 170
d 6 171
d 6 172
d 6 173
d 6 174
d 6 175
d 6 176
d 6 177
d 6 178
d 6 179
d 6 180
d 6 181
d 6 182
d 6 183
d 6 184
d 6 185
d 6 186
d 6 187
d 6 188
d 6 189
d 6 190
d 6 191
d 6 192
d 6 193
d 6 194
d 6 195
d 6 196
d 6 197
d 6 198
d 6 199
d 6 200
d 16 1
d 16 2
d 16 3
d 16 4
d 16 5
d 16 6
d 16 7
d 16 8
d 16 9
d 16 10
d 16 11
d 16 12
d 16 13
d 16 14
d 16 15
d 16 16
d 16 17
d 16 18
d 16 19
d 16 20
d 16 21
d 16 22
d 16 23
d 16 24
d 16 25
d 16 26
d 16 27
d 16 28
d 16 29
d 16 30
d 16 31
d 16 32
d 16 33
d 16 34
d 16 35
d 16 36
d 16 37
d 16 38
d 16 39
d 16 40
d 16 41
d 16 42
d 16 43
d 16 44
d 16 45
d 16 46
d 16 47
d 16 48
d 16 49
d 16 50
d 16 51
d 16 52
d 16 53
d 16 54
d 16 55
d 16 56
d 16 57
d 16 58
d 16 59
d 16 60
d 16 61
d 16 62
d 16 63
d 16 64
d 16 65
d 16 66
d 16 67
d 16 68
d 16 69
d 16 70
d 16 71
d 16 72
d 16 73
d 16 74
d 16 75
d 16 76
d 16 77
d 16 78
d 16 79
d 16 80
d 16 81
d 16 82
d 16 83
d 16 84
d 16 85
d 16 86
d 16 87
d 16 88
d 16 89
d 16 90
d 16 91
d 16 92
d 16 93
d 16 94
d 16 95
d 16 96
d 16 97
d 16 98
d 16 99
d 16 100
d 16 101
d 16 102
d 16 103
d 16 104
d 16 105
d 16 106
d 16 107
d 16 108
d 16 109
d 16 110
d 16 111
d 16 112
d 16 113
d 16 114
d 16 115
d 16 116
d 16 117
d 16 118
d 16 119
d 16 120
d 16 121
d 16 122
d 16 123
d 16 124
d 16 125
d 16 126
d 16 127
d 16 128
d 16 129
d 16 130
d 16 131
d 16 132
d 16 133
d 16 134
d 16 135
d 16 136
d 16 137
d 16 138
d 16 139
d 16 140
d 16 141
d 16 142
d 16 143
d 16 144
d 16 145
d 16 146
d 16 147
d 16 148
d 16 149
d 16 150
d 16 151
d 16 152
d 16 153
d 16 154
d 16 155
d 16 156
d 16 157
d 16 158
d 16 159
d 16 160
d 16 161
d 16 162
d 16 163
d 16 164
d 16 165
d 16 166
d 16 167
d 16 168
d 16 169
d 16 170
d 16 171
d 16 172
d 16 173
d 16 174
d 16 175
d 16 176
d 16 177
d 16 178
d 16 179
d 16 180
d 16 181
d 16 182
d 16 183
d 16 184
d 16 185
d 16 186
d 16 187
d 16 188
d 16 189
d 16 190
d 16 191
d 16 192
d 16 193
d 16 194
d 16 195
d 16 196
d 16 197
d 16 198
d 16 199
d 16 200
d 11 1
d 11 2
d 11 3
d 11 4
d 11 5
d 11 6
d 11 7
d 11 8
d 11 9
d 11 10
d 11 11
d 11 12
d 11 13
d 11 14
d 11 15
d 11 16
d 11 17
d 11 18
d 11 19
d 11 20
d 11 21
d 11 22
d 11 23
d 11 24
d 11 25
d 11 26
d 11 27
d 11 28
d 11 29
d 11 30
d 11 31
d 11 32
d 11 33
d 11 34
d 11 35
d 11 36
d 11 37
d 11 38
d 11 39
d 11 40
d 11 41
d 11 42
d 11 43
d 11 44
d 11 45
d 11 46
d 11 47
d 11 48
d 11 49
d 11 50
d 11 51
d 11 52
d 11 53
d 11 54
d 11 55
d 11 56
d 11 57
d 11 58
d 11 59
d 11 60
d 11 61
d 11 62
d 11 63
d 11 64
d 11 65
d 11 66
d 11 67
d 11 68
d 11 69
d 11 70
d 11 71
d 11 72
d 11 73
d 11 74
d 11 75
d 11 76
d 11 77
d 11 78
d 11 79
d 11 80
d 11 81
d 11 82
d 11 83
d 11 84
d 11 85
d 11 86
d 11 87
d 11 88
d 11 89
d 11 90
d 11 91
d 11 92
d 11 93
d 11 94
d 11 95
d 11 96
d 11 97
d 11 98
d 11 99
d 11 100
d 11 101
d 11 102
d 11 103
d 11 104
d 11 105
d 11 106
d 11 107
d 11 108
d 11 109
d 11 110
d 11 111
d 11 112
d 11 113
d 11 114
d 11 115
d 11 116
d 11 117
d 11 118
d 11 119
d 11 120
d 11 121
d 11 122
d 11 123
d 11 124
d 11 125
d 11 126
d 11 127
d 11 128
d 11 129
d 11 130
d 11 131
d 11 132
d 11 133
d 11 134
d 11 135
d 11 136
d 11 137
d 11 138
d 11 139
d 11 140
d 11 141
d 11 142
d 11 143
d 11 144
d 11 145
d 11 146
d 11 147
d 11 148
d 11 149
d 11 150
d 11 151
d 11 152
d 11 153
d 11 154
d 11 155
d 11 156
d 11 157
d 11 158
d 11 159
d 11 160
d 11 161
d 11 162
d 11 163
d 11 164
d 11 165
d 11 166
d 11 167
d 11 168
d 11 169
d 11 170
d 11 171
d 11 172
d 11 173
d 11 174
d 11 175
d 11 176
d 11 177
d 11 178
d 11 179
d 11 180
d 11 181
d 11 182
d 11 183
d 11 184
d 11 185
d 11 186
d 11 187
d 11 188
d 11 189
d 11 190
d 11 191
d 11 192
d 11 193
d 11 194
d 11 195
d 11 196
d 11 197
d 11 198
d 11 199
d 11 200
d 17 1
d 17 2
d 17 3
d 17 4
d 17 5
d 17 6
d 17 7
d 17 8
d 17 9
d 17 10
d 17 11
d 17 12
d 17 13
d 17 14
d 17 15
d 17 16
d 17 17
d 17 18
d 17 19
d 17 20
d 17 21
d 17 22
d 17 23
d 17 24
d 17 25
d 17 26
d 17 27
d 17 28
d 17 29
d 17 30
d 17 31
d 17 32
d 17 33
d 17 34
d 17 35
d 17 36
d 17 37
d 17 38
d 17 39
d 17 40
d 17 41
d 17 42
d 17 43
d 17 44
d 17 45
d 17 46
d 17 47
d 17 48
d 17 49
d 17 50
d 17 51
d 17 52
d 17 53
d 17 54
d 17 55
d 17 56
d 17 57
d 17 58
d 17 59
d 17 60
d 17 61
d 17 62
d 17 63
d 17 64
d 17 65
d 17 66
d 17 67
d 17 68
d 17 69
d 17 70
d 17 71
d 17 72
d 17 73
d 17 74
d 17 75
d 17 76
d 17 77
d 17 78
d 17 79
d 17 80
d 17 81
d 17 82
d 17 83
d 17 84
d 17 85
d 17 86
d 17 87
d 17 88
d 17 89
d 17 90
d 17 91
d 17 92
d 17 93
d 17 94
d 17 95
d 17 96
d 17 97
d 17 98
d 17 99
d 17 100
d 17 101
d 17 102
d 17 103
d 17 104
d 17 105
d 17 106
d 17 107
d 17 108
d 17 109
d 17 110
d 17 111
d 17 112
d 17 113
d 17 114
d 17 115
d 17 116
d 17 117
d 17 118
d 17 119
d 17 120
d 17 121
d 17 122
d 17 123
d 17 124
d 17 125
d 17 126
d 17 127
d 17 128
d 17 129
d 17 130
d 17 131
d 17 132
d 17 133
d 17 134
d 17 135
d 17 136
d 17 137
d 17 138
d 17 139
d 17 140
d 17 141
d 17 142
d 17 143
d 17 144
d 17 145
d 17 146
d 17 147
d 17 148
d 17 149
d 17 150
d 17 151
d 17 152
d 17 153
d 17 154
d 17 155
d 17 156
d 17 157
d 17 158
d 17 159
d 17 160
d 17 161
d 17 162
d 17 163
d 17 164
d 17 165
d 17 166
d 17 167
d 17 168
d 17 169
d 17 170
d 17 171
d 17 172
d 17 173
d 17 174
d 17 175
d 17 176
d 17 177
d 17 178
d 17 179
d 17 180
d 17 181
d 17 182
d 17 183
d 17 184
d 17 185
d 17 186
d 17 187
d 17 188
d 17 189
d 17 190
d 17 191
d 17 192
d 17 193
d 17 194
d 17 195
d 17 196
d 17 197
d 17 198
d 17 199
d 17 200
d 15 1
d 15 2
d 15 3
d 15 4
d 15 5
d 15 6
d 15 7
d 15 8
d 15 9
d 15 10
d 15 11
d 15 12
d 15 13
d 15 14
d 15 15
d 15 16
d 15 17
d 15 18
d 15 19
d 15 20
d 15 21
d 15 22
d 15 23
d 15 24
d 15 25
d 15 26
d 15 27
d 15 28
d 15 29
d 15 30
d 15 31
d 15 32
d 15 33
d 15 34
d 15 35
d 15 36
d 15 37
d 15 38
d 15 39
d 15 40
d 15 41
d 15 42
d 15 43
d 15 44
d 15 45
d 15 46
d 15 47
d 15 48
d 15 49
d 15 50
d 15 51
d 15 52
d 15 53
d 15 54
d 15 55
d 15 56
d 15 57
d 15 58
d 15 59
d 15 60
d 15 61
d 15 62
d 15 63
d 15 64
d 15 65
d 15 66
d 15 67
d 15 68
d 15 69
d 15 70
d 15 71
d 15 72
d 15 73
d 15 74
d 15 75
d 15 76
d 15 77
d 15 78
d 15 79
d 15 80
d 15 81
d 15 82
d 15 83
d 15 84
d 15 85
d 15 86
d 15 87
d 15 88
d 15 89
d 15 90
d 15 91
d 15 92
d 15 93
d 15 94
d 15 95
d 15 96
d 15 97
d 15 98
d 15 99
d 15 100
d 15 101
d 15 102
d 15 103
d 15 104
d 15 105
d 15 106
d 15 107
d 15 108
d 15 109
d 15 110
d 15 111
d 15 112
d 15 113
d 15 114
d 15 115
d 15 116
d 15 117
d 15 118
d 15 119
d 15 120
d 15 121
d 15 122
d 15 123
d 15 124
d 15 125
d 15 126
d 15 127
d 15 128
d 15 129
d 15 130
d 15 131
d 15 132
d 15 133
d 15 134
d 15 135
d 15 136
d 15 137
d 15 138
d 15 139
d 15 140
d 15 141
d 15 142
d 15 143
d 15 144
d 15 145
d 15 146
d 15 147
d 15 148
d 15 149
d 15 150
d 15 151
d 15 152
d 15 153
d 15 154
d 15 155
d 15 156
d 15 157
d 15 158
d 15 159
d 15 160
d 15 161
d 15 162
d 15 163
d 15 164
d 15 165
d 15 166
d 15 167
d 15 168
d 15 169
d 15 170
d 15 171
d 15 172
d 15 173
d 15 174
d 15 175
d 15 176
d 15 177
d 15 178
d 15 179
d 15 180
d 15 181
d 15 182
d 15 183
d 15 184
d 15 185
d 15 186
d 15 187
d 15 188
d 15 189
d 15 190
d 15 191
d 15 192
d 15 193
d 15 194
d 15 195
d 15 196
d 15 197
d 15 198
d 15 199
d 15 200
d 19 1
d 19 2
d 19 3
d 19 4
d 19 5
d 19 6
d 19 7
d 19 8
d 19 9
d 19 10
d 19 11
d 19 12
d 19 13
d 19 14
d 19 15
d 19 16
d 19 17
d 19 18
d 19 19
d 19 20
d 19 21
d 19 22
d 19 23
d 19 24
d 19 25
d 19 26
d 19 27
d 19 28
d 19 29
d 19 30
d 19 31
d 19 32
d 19 33
d 19 34
d 19 35
d 19 36
d 19 37
d 19 38
d 19 39
d 19 40
d 19 41
d 19 42
d 19 43
d 19 44
d 19 45
d 19 46
d 19 47
d 19 48
d 19 49
d 19 50
d 19 51
d 19 52
d 19 53
d 19 54
d 19 55
d 19 56
d 19 57
d 19 58
d 19 59
d 19 60
d 19 61
d 19 62
d 19 63
d 19 64
d 19 65
d 19 66
d 19 67
d 19 68
d 19 69
d 19 70
d 19 71
d 19 72
d 19 73
d 19 74
d 19 75
d 19 76
d 19 77
d 19 78
d 19 79
d 19 80
d 19 81
d 19 82
d 19 83
d 19 84
d 19 85
d 19 86
d 19 87
d 19 88
d 19 89
d 19 90
d 19 91
d 19 92
d 19 93
d 19 94
d 19 95
d 19 96
d 19 97
d 19 98
d 19 99
d 19 100
d 19 101
d 19 102
d 19 103
d 19 104
d 19 105
d 19 106
d 19 107
d 19 108
d 19 109
d 19 110
d 19 111
d 19 112
d 19 113
d 19 114
d 19 115
d 19 116
d 19 117
d 19 118
d 19 119
d 19 120
d 19 121
d 19 122
d 19 123
d 19 124
d 19 125
d 19 126
d 19 127
d 19 128
d 19 129
d 19 130
d 19 131
d 19 132
d 19 133
d 19 134
d 19 135
d 19 136
d 19 137
d 19 138
d 19 139
d 19 140
d 19 141
d 19 142
d 19 143
d 19 144
d 19 145
d 19 146
d 19 147
d 19 148
d 19 149
d 19 150
d 19 151
d 19 152
d 19 153
d 19 154
d 19 155
d 19 156
d 19 157
d 19 158
d 19 159
d 19 160
d 19 161
d 19 162
d 19 163
d 19 164
d 19 165
d 19 166
d 19 167
d 19 168
d 19 169
d 19 170
d 19 171
d 19 172
d 19 173
d 19 174
d 19 175
d 19 176
d 19 177
d 19 178
d 19 179
d 19 180
d 19 181
d 19 182
d 19 183
d 19 184
d 19 185
d 19 186
d 19 187
d 19 188
d 19 189
d 19 190
d 19 191
d 19 192
d 19 193
d 19 194
d 19 195
d 19 196
d 19 197
d 19 198
d 19 199
d 19 200
d 10 1
d 10 2
d 10 3
d 10 4
d 10 5
d 10 6
d 10 7
d 10 8
d 10 9
d 10 10
d 10 11
d 10 12
d 10 13
d 10 14
d 10 15
d 10 16
d 10 17
d 10 18
d 10 19
d 10 20
d 10 21
d 10 22
d 10 23
d 10 24
d 10 25
d 10 26
d 10 27
d 10 28
d 10 29
d 10 30
d 10 31
d 10 32
d 10 33
d 10 34
d 10 35
d 10 36
d 10 37
d 10 38
d 10 39
d 10 40
d 10 41
d 10 42
d 10 43
d 10 44
d 10 45
d 10 46
d 10 47
d 10 48
d 10 49
d 10 50
d 10 51
d 10 52
d 10 53
d 10 54
d 10 55
d 10 56
d 10 57
d 10 58
d 10 59
d 10 60
d 10 61
d 10 62
d 10 63
d 10 64
d 10 65
d 10 66
d 10 67
d 10 68
d 10 69
d 10 70
d 10 71
d 10 72
d 10 73
d 10 74
d 10 75
d 10 76
d 10 77
d 10 78
d 10 79
d 10 80
d 10 81
d 10 82
d 10 83
d 10 84
d 10 85
d 10 86
d 10 87
d 10 88
d 10 89
d 10 90
d 10 91
d 10 92
d 10 93
d 10 94
d 10 95
d 10 96
d 10 97
d 10 98
d 10 99
d 10 100
d 10 101
d 10 102
d 10 103
d 10 104
d 10 105
d 10 106
d 10 107
d 10 108
d 10 109
d 10 110
d 10 111
d 10 112
d 10 113
d 10 114
d 10 115
d 10 116
d 10 117
d 10 118
d 10 119
d 10 120
d 10 121
d 10 122
d 10 123
d 10 124
d 10 125
d 10 126
d 10 127
d 10 128
d 10 129
d 10 130
d 10 131
d 10 132
d 10 133
d 10 134
d 10 135
d 10 136
d 10 137
d 10 138
d 10 139
d 10 140
d 10 141
d 10 142
d 10 143
d 10 144
d 10 145
d 10 146
d 10 147
d 10 148
d 10 149
d 10 150
d 10 151
d 10 152
d 10 153
d 10 154
d 10 155
d 10 156
d 10 157
d 10 158
d 10 159
d 10 160
d 10 161
d 10 162
d 10 163
d 10 164
d 10 165
d 10 166
d 10 167
d 10 168
d 10 169
d 10 170
d 10 171
d 10 172
d 10 173
d 10 174
d 10 175
d 10 176
d 10 177
d 10 178
d 10 179
d 10 180
d 10 181
d 10 182
d 10 183
d 10 184
d 10 185
d 10 186
d 10 187
d 10 188
d 10 189
d 10 190
d 10 191
d 10 192
d 10 193
d 10 194
d 10 195
d 10 196
d 10 197
d 10 198
d 10 199
d 10 200
d 4 1
d 4 2
d 4 3
d 4 4
d 4 5
d 4 6
d 4 7
d 4 8
d 4 9
d 4 10
d 4 11
d 4 12
d 4 13
d 4 14
d 4 15
d 4 16
d 4 17
d 4 18
d 4 19
d 4 20
d 4 21
d 4 22
d 4 23
d 4 24
d 4 25
d 4 26
d 4 27
d 4 28
d 4 29
d 4 30
d 4 31
d 4 32
d 4 33
d 4 34
d 4 35
d 4 36
d 4 37
d 4 38
d 4 39
d 4 40
d 4 41
d 4 42
d 4 43
d 4 44
d 4 45
d 4 46
d 4 47
d 4 48
d 4 49
d 4 50
d 4 51
d 4 52
d 4 53
d 4 54
d 4 55
d 4 56
d 4 57
d 4 58
d 4 59
d 4 60
d 4 61
d 4 62
d 4 63
d 4 64
d 4 65
d 4 66
d 4 67
d 4 68
d 4 69
d 4 70
d 4 71
d 4 72
d 4 73
d 4 74
d 4 75
d 4 76
d 4 77
d 4 78
d 4 79
d 4 80
d 4 81
d 4 82
d 4 83
d 4 84
d 4 85
d 4 86
d 4 87
d 4 88
d 4 89
d 4 90
d 4 91
d 4 92
d 4 93
d 4 94
d 4 95
d 4 96
d 4 97
d 4 98
d 4 99
d 4 100
d 4 101
d 4 102
d 4 103
d 4 104
d 4 105
d 4 106
d 4 107
d 4 108
d 4 109
d 4 110
d 4 111
d 4 112
d 4 113
d 4 114
d 4 115
d 4 116
d 4 117
d 4 118
d 4 119
d 4 120
d 4 121
d 4 122
d 4 123
d 4 124
d 4 125
d 4 126
d 4 127
d 4 128
d 4 129
d 4 130
d 4 131
d 4 132
d 4 133
d 4 134
d 4 135
d 4 136
d 4 137
d 4 138
d 4 139
d 4 140
d 4 141
d 4 142
d 4 143
d 4 144
d 4 145
d 4 146
d 4 147
d 4 148
d 4 149
d 4 150
d 4 151
d 4 152
d 4 153
d 4 154
d 4 155
d 4 156
d 4 157
d 4 158
d 4 159
d 4 160
d 4 161
d 4 162
d 4 163
d 4 164
d 4 165
d 4 166
d 4 167
d 4 168
d 4 169
d 4 170
d 4 171
d 4 172
d 4 173
d 4 174
d 4 175
d 4 176
d 4 177
d 4 178
d 4 179
d 4 180
d 4 181
d 4 182
d 4 183
d 4 184
d 4 185
d 4 186
d 4 187
d 4 188
d 4 189
d 4 190
d 4 191
d 4 192
d 4 193
d 4 194
d 4 195
d 4 196
d 4 197
d 4 198
d 4 199
d 4 200
d 13 1
d 13 2
d 13 3
d 13 4
d 13 5
d 13 6
d 13 7
d 13 8
d 13 9
d 13 10
d 13 11
d 13 12
d 13 13
d 13 14
d 13 15
d 13 16
d 13 17
d 13 18
d 13 19
d 13 20
d 13 21
d 13 22
d 13 23
d 13 24
d 13 25
d 13 26
d 13 27
d 13 28
d 13 29
d 13 30
d 13 31
d 13 32
d 13 33
d 13 34
d 13 35
d 13 36
d 13 37
d 13 38
d 13 39
d 13 40
d 13 41
d 13 42
d 13 43
d 13 44
d 13 45
d 13 46
d 13 47
d 13 48
d 13 49
d 13 50
d 13 51
d 13 52
d 13 53
d 13 54
d 13 55
d 13 56
d 13 57
d 13 58
d 13 59
d 13 60
d 13 61
d 13 62
d 13 63
d 13 64
d 13 65
d 13 66
d 13 67
d 13 68
d 13 69
d 13 70
d 13 71
d 13 72
d 13 73
d 13 74
d 13 75
d 13 76
d 13 77
d 13 78
d 13 79
d 13 80
d 13 81
d 13 82
d 13 83
d 13 84
d 13 85
d 13 86
d 13 87
d 13 88
d 13 89
d 13 90
d 13 91
d 13 92
d 13 93
d 13 94
d 13 95
d 13 96
d 13 97
d 13 98
d 13 99
d 13 100
d 13 101
d 13 102
d 13 103
d 13 104
d 13 105
d 13 106
d 13 107
d 13 108
d 13 109
d 13 110
d 13 111
d 13 112
d 13 113
d 13 114
d 13 115
d 13 116
d 13 117
d 13 118
d 13 119
d 13 120
d 13 121
d 13 122
d 13 123
d 13 124
d 13 125
d 13 126
d 13 127
d 13 128
d 13 129
d 13 130
d 13 131
d 13 132
d 13 133
d 13 134
d 13 135
d 13 136
d 13 137
d 13 138
d 13 139
d 13 140
d 13 141
d 13 142
d 13 143
d 13 144
d 13 145
d 13 146
d 13 147
d 13 148
d 13 149
d 13 150
d 13 151
d 13 152
d 13 153
d 13 154
d 13 155
d 13 156
d 13 157
d 13 158
d 13 159
d 13 160
d 13 161
d 13 162
d 13 163
d 13 164
d 13 165
d 13 166
d 13 167
d 13 168
d 13 169
d 13 170
d 13 171
d 13 172
d 13 173
d 13 174
d 13 175
d 13 176
d 13 177
d 13 178
d 13 179
d 13 180
d 13 181
d 13 182
d 13 183
d 13 184
d 13 185
d 13 186
d 13 187
d 13 188
d 13 189
d 13 190
d 13 191
d 13 192
d 13 193
d 13 194
d 13 195
d 13 196
d 13 197
d 13 198
d 13 199
d 13 200
d 9 1
d 9 2
d 9 3
d 9 4
d 9 5
d 9 6
d 9 7
d 9 8
d 9 9
d 9 10
d 9 11
d 9 12
d 9 13
d 9 14
d 9 15
d 9 16
d 9 17
d 9 18
d 9 19
d 9 20
d 9 21
d 9 22
d 9 23
d 9 24
d 9 25
d 9 26
d 9 27
d 9 28
d 9 29
d 9 30
d 9 31
d 9 32
d 9 33
d 9 34
d 9 35
d 9 36
d 9 37
d 9 38
d 9 39
d 9 40
d 9 41
d 9 42
d 9 43
d 9 44
d 9 45
d 9 46
d 9 47
d 9 48
d 9 49
d 9 50
d 9 51
d 9 52
d 9 53
d 9 54
d 9 55
d 9 56
d 9 57
d 9 58
d 9 59
d 9 60
d 9 61
d 9 62
d 9 63
d 9 64
d 9 65
d 9 66
d 9 67
d 9 68
d 9 69
d 9 70
d 9 71
d 9 72
d 9 73
d 9 74
d 9 75
d 9 76
d 9 77
d 9 78
d 9 79
d 9 80
d 9 81
d 9 82
d 9 83
d 9 84
d 9 85
d 9 86
d 9 87
d 9 88
d 9 89
d 9 90
d 9 91
d 9 92
d 9 93
d 9 94
d 9 95
d 9 96
d 9 97
d 9 98
d 9 99
d 9 100
d 9 101
d 9 102
d 9 103
d 9 104
d 9 105
d 9 106
d 9 107
d 9 108
d 9 109
d 9 110
d 9 111
d 9 112
d 9 113
d 9 114
d 9 115
d 9 116
d 9 117
d 9 118
d 9 119
d 9 120
d 9 121
d 9 122
d 9 123
d 9 124
d 9 125
d 9 126
d 9 127
d 9 128
d 9 129
d 9 130
d 9 131
d 9 132
d 9 133
d 9 134
d 9 135
d 9 136
d 9 137
d 9 138
d 9 139
d 9 140
d 9 141
d 9 142
d 9 143
d 9 144
d 9 145
d 9 146
d 9 147
d 9 148
d 9 149
d 9 150
d 9 151
d 9 152
d 9 153
d 9 154
d 9 155
d 9 156
d 9 157
d 9 158
d 9 159
d 9 160
d 9 161
d 9 162
d 9 163
d 9 164
d 9 165
d 9 166
d 9 167
d 9 168
d 9 169
d 9 170
d 9 171
d 9 172
d 9 173
d 9 174
d 9 175
d 9 176
d 9 177
d 9 178
d 9 179
d 9 180
d 9 181
d 9 182
d 9 183
d 9 184
d 9 185
d 9 186
d 9 187
d 9 188
d 9 189
d 9 190
d 9 191
d 9 192
d 9 193
d 9 194
d 9 195
d 9 196
d 9 197
d 9 198
d 9 199
d 9 200
d 6 201
d 6 202
d 6 203
d 6 204
d 6 205
d 6 206
d 6 207
d 6 208
d 6 209
d 6 210
d 6 211
d 6 212
d 6 213
d 6 214
d 6 215
d 6 216
d 6 217
d 6 218
d 6 219
d 6 220
d 6 221
d 6 222
d 6 223
d 6 224
d 6 225
d 6 226
d 6 227
d 6 228
d 6 229
d 6 230
d 6 231
d 6 232
d 6 233
d 6 234
d 6 235
d 6 236
d 6 237
d 6 238
d 6 239
d 6 240
d 6 241
d 6 242
d 6 243
d 6 244
d 6 245
d 6 246
d 6 247
d 6 248
d 6 249
d 6 250
d 6 251
d 6 252
d 6 253
d 6 254
d 6 255
d 6 256
d 6 257
d 6 258
d 6 259
d 6 260
d 6 261
d 6 262
d 6 263
d 6 264
d 6 265
d 6 266
d 6 267
d 6 268
d 6 269
d 6 270
d 6 271
d 6 272
d 6 273
d 6 274
d 6 275
d 6 276
d 6 277
d 6 278
d 6 279
d 6 280
d 6 281
d 6 282
d 6 283
d 6 284
d 6 285
d 6 286
d 6 287
d 6 288
d 6 289
d 6 290
d 6 291
d 6 292
d 6 293
d 6 294
d 6 295
d 6 296
d 6 297
d 6 298
d 6 299
d 6 300
d 6 301
d 6 302
d 6 303
d 6 304
d 6 305
d 6 306
d 6 307
d 6 308
d 6 309
d 6 310
d 6 311
d 6 312
d 6 313
d 6 314
d 6 315
d 6 316
d 6 317
d 6 318
d 6 319
d 6 320
d 6 321
d 6 322
d 6 323
d 6 324
d 6 325
d 6 326
d 6 327
d 6 328
d 6 329
d 6 330
d 6 331
d 6 332
d 6 333
d 6 334
d 6 335
d 6 336
d 6 337
d 6 338
d 6 339
d 6 340
d 6 341
d 6 342
d 6 343
d 6 344
d 6 345
d 6 346
d 6 347
d 6 348
d 6 349
d 6 350
d 6 351
d 6 352
d 6 353
d 6 354
d 6 355
d 6 356
d 6 357
d 6 358
d 6 359
d 6 360
d 6 361
d 6 362
d 6 363
d 6 364
d 6 365
d 6 366
d 6 367
d 6 368
d 6 369
d 6 370
d 6 371
d 6 372
d 6 373
d 6 374
d 6 375
d 6 376
d 6 377
d 6 378
d 6 379
d 6 380
d 6 381
d 6 382
d 6 383
d 6 384
d 6 385
d 6 386
d 6 387
d 6 388
d 6 389
d 6 390
d 6 391
d 6 392
d 6 393
d 6 394
d 6 395
d 6 396
d 6 397
d 6 398
d 6 399
d 6 400
d 3 201
d 3 202
d 3 203
d 3 204
d 3 205
d 3 206
d 3 207
d 3 208
d 3 209
d 3 210
d 3 211
d 3 212
d 3 213
d 3 214
d 3 215
d 3 216
d 3 217
d 3 218
d 3 219
d 3 220
d 3 221
d 3 222
d 3 223
d 3 224
d 3 225
d 3 226
d 3 227
d 3 228
d 3 229
d 3 230
d 3 231
d 3 232
d 3 233
d 3 234
d 3 235
d 3 236
d 3 237
d 3 238
d 3 239
d 3 240
d 3 241
d 3 242
d 3 243
d 3 244
d 3 245
d 3 246
d 3 247
d 3 248
d 3 249
d 3 250
d 3 251
d 3 252
d 3 253
d 3 254
d 3 255
d 3 256
d 3 257
d 3 258
d 3 259
d 3 260
d 3 261
d 3 262
d 3 263
d 3 264
d 3 265
d 3 266
d 3 267
d 3 268
d 3 269
d 3 270
d 3 271
d 3 272
d 3 273
d 3 274
d 3 275
d 3 276
d 3 277
d 3 278
d 3 279
d 3 280
d 3 281
d 3 282
d 3 283
d 3 284
d 3 285
d 3 286
d 3 287
d 3 288
d 3 289
d 3 290
d 3 291
d 3 292
d 3 293
d 3 294
d 3 295
d 3 296
d 3 297
d 3 298
d 3 299
d 3 300
d 3 301
d 3 302
d 3 303
d 3 304
d 3 305
d 3 306
d 3 307
d 3 308
d 3 309
d 3 310
d 3 311
d 3 312
d 3 313
d 3 314
d 3 315
d 3 316
d 3 317
d 3 318
d 3 319
d 3 320
d 3 321
d 3 322
d 3 323
d 3 324
d 3 325
d 3 326
d 3 327
d 3 328
d 3 329
d 3 330
d 3 331
d 3 332
d 3 333
d 3 334
d 3 335
d 3 336
d 3 337
d 3 338
d 3 339
d 3 340
d 3 341
d 3 342
d 3 343
d 3 344
d 3 345
d 3 346
d 3 347
d 3 348
d 3 349
d 3 350
d 3 351
d 3 352
d 3 353
d 3 354
d 3 355
d 3 356
d 3 357
d 3 358
d 3 359
d 3 360
d 3 361
d 3 362
d 3 363
d 3 364
d 3 365
d 3 366
d 3 367
d 3 368
d 3 369
d 3 370
d 3 371
d 3 372
d 3 373
d 3 374
d 3 375
d 3 376
d 3 377
d 3 378
d 3 379
d 3 380
d 3 381
d 3 382
d 3 383
d 3 384
d 3 385
d 3 386
d 3 387
d 3 388
d 3 389
d 3 390
d 3 391
d 3 392
d 3 393
d 3 394
d 3 395
d 3 396
d 3 397
d 3 398
d 3 399
d 3 400
d 2 201
d 2 202
d 2 203
d 2 204
d 2 205
d 2 206
d 2 207
d 2 208
d 2 209
d 2 210
d 2 211
d 2 212
d 2 213
d 2 214
d 2 215
d 2 216
d 2 217
d 2 218
d 2 219
d 2 220
d 2 221
d 2 222
d 2 223
d 2 224
d 2 225
d 2 226
d 2 227
d 2 228
d 2 229
d 2 230
d 2 231
d 2 232
d 2 233
d 2 234
d 2 235
d 2 236
d 2 237
d 2 238
d 2 239
d 2 240
d 2 241
d 2 242
d 2 243
d 2 244
d 2 245
d 2 246
d 2 247
d 2 248
d 2 249
d 2 250
d 2 251
d 2 252
d 2 253
d 2 254
d 2 255
d 2 256
d 2 257
d 2 258
d 2 259
d 2 260
d 2 261
d 2 262
d 2 263
d 2 264
d 2 265
d 2 266
d 2 267
d 2 268
d 2 269
d 2 270
d 2 271
d 2 272
d 2 273
d 2 274
d 2 275
d 2 276
d 2 277
d 2 278
d 2 279
d 2 280
d 2 281
d 2 282
d 2 283
d 2 284
d 2 285
d 2 286
d 2 287
d 2 288
d 2 289
d 2 290
d 2 291
d 2 292
d 2 293
d 2 294
d 2 295
d 2 296
d 2 297
d 2 298
d 2 299
d 2 300
d 2 301
d 2 302
d 2 303
d 2 304
d 2 305
d 2 306
d 2 307
d 2 308
d 2 309
d 2 310
d 2 311
d 2 312
d 2 313
d 2 314
d 2 315
d 2 316
d 2 317
d 2 318
d 2 319
d 2 320
d 2 321
d 2 322
d 2 323
d 2 324
d 2 325
d 2 326
d 2 327
d 2 328
d 2 329
d 2 330
d 2 331
d 2 332
d 2 333
d 2 334
d 2 335
d 2 336
d 2 337
d 2 338
d 2 339
d 2 340
d 2 341
d 2 342
d 2 343
d 2 344
d 2 345
d 2 346
d 2 347
d 2 348
d 2 349
d 2 350
d 2 351
d 2 352
d 2 353
d 2 354
d 2 355
d 2 356
d 2 357
d 2 358
d 2 359
d 2 360
d 2 361
d 2 362
d 2 363
d 2 364
d 2 365
d 2 366
d 2 367
d 2 368
d 2 369
d 2 370
d 2 371
d 2 372
d 2 373
d 2 374
d 2 375
d 2 376
d 2 377
d 2 378
d 2 379
d 2 380
d 2 381
d 2 382
d 2 383
d 2 384
d 2 385
d 2 386
d 2 387
d 2 388
d 2 389
d 2 390
d 2 391
d 2 392
d 2 393
d 2 394
d 2 395
d 2 396
d 2 397
d 2 398
d 2 399
d 2 400
d 8 1
d 8 2
d 8 3
d 8 4
d 8 5
d 8 6
d 8 7
d 8 8
d 8 9
d 8 10
d 8 11
d 8 12
d 8 13
d 8 14
d 8 15
d 8 16
d 8 17
d 8 18
d 8 19
d 8 20
d 8 21
d 8 22
d 8 23
d 8 24
d 8 25
d 8 26
d 8 27
d 8 28
d 8 29
d 8 30
d 8 31
d 8 32
d 8 33
d 8 34
d 8 35
d 8 36
d 8 37
d 8 38
d 8 39
d 8 40
d 8 41
d 8 42
d 8 43
d 8 44
d 8 45
d 8 46
d 8 47
d 8 48
d 8 49
d 8 50
d 8 51
d 8 52
d 8 53
d 8 54
d 8 55
d 8 56
d 8 57
d 8 58
d 8 59
d 8 60
d 8 61
d 8 62
d 8 63
d 8 64
d 8 65
d 8 66
d 8 67
d 8 68
d 8 69
d 8 70
d 8 71
d 8 72
d 8 73
d 8 74
d 8 75
d 8 76
d 8 77
d 8 78
d 8 79
d 8 80
d 8 81
d 8 82
d 8 83
d 8 84
d 8 85
d 8 86
d 8 87
d 8 88
d 8 89
d 8 90
d 8 91
d 8 92
d 8 93
d 8 94
d 8 95
d 8 96
d 8 97
d 8 98
d 8 99
d 8 100
d 8 101
d 8 102
d 8 103
d 8 104
d 8 105
d 8 106
d 8 107
d 8 108
d 8 109
d 8 110
d 8 111
d 8 112
d 8 113
d 8 114
d 8 115
d 8 116
d 8 117
d 8 118
d 8 119
d 8 120
d 8 121
d 8 122
d 8 123
d 8 124
d 8 125
d 8 126
d 8 127
d 8 128
d 8 129
d 8 130
d 8 131
d 8 132
d 8 133
d 8 134
d 8 135
d 8 136
d 8 137
d 8 138
d 8 139
d 8 140
d 8 141
d 8 142
d 8 143
d 8 144
d 8 145
d 8 146
d 8 147
d 8 148
d 8 149
d 8 150
d 8 151
d 8 152
d 8 153
d 8 154
d 8 155
d 8 156
d 8 157
d 8 158
d 8 159
d 8 160
d 8 161
d 8 162
d 8 163
d 8 164
d 8 165
d 8 166
d 8 167
d 8 168
d 8 169
d 8 170
d 8 171
d 8 172
d 8 173
d 8 174
d 8 175
d 8 176
d 8 177
d 8 178
d 8 179
d 8 180
d 8 181
d 8 182
d 8 183
d 8 184
d 8 185
d 8 186
d 8 187
d 8 188
d 8 189
d 8 190
d 8 191
d 8 192
d 8 193
d 8 194
d 8 195
d 8 196
d 8 197
d 8 198
d 8 199
d 8 200
d 7 201
d 7 202
d 7 203
d 7 204
d 7 205
d 7 206
d 7 207
d 7 208
d 7 209
d 7 210
d 7 211
d 7 212
d 7 213
d 7 214
d 7 215
d 7 216
d 7 217
d 7 218
d 7 219
d 7 220
d 7 221
d 7 222
d 7 223
d 7 224
d 7 225
d 7 226
d 7 227
d 7 228
d 7 229
d 7 230
d 7 231
d 7 232
d 7 233
d 7 234
d 7 235
d 7 236
d 7 237
d 7 238
d 7 239
d 7 240
d 7 241
d 7 242
d 7 243
d 7 244
d 7 245
d 7 246
d 7 247
d 7 248
d 7 249
d 7 250
d 7 251
d 7 252
d 7 253
d 7 254
d 7 255
d 7 256
d 7 257
d 7 258
d 7 259
d 7 260
d 7 261
d 7 262
d 7 263
d 7 264
d 7 265
d 7 266
d 7 267
d 7 268
d 7 269
d 7 270
d 7 271
d 7 272
d 7 273
d 7 274
d 7 275
d 7 276
d 7 277
d 7 278
d 7 279
d 7 280
d 7 281
d 7 282
d 7 283
d 7 284
d 7 285
d 7 286
d 7 287
d 7 288
d 7 289
d 7 290
d 7 291
d 7 292
d 7 293
d 7 294
d 7 295
d 7 296
d 7 297
d 7 298
d 7 299
d 7 300
d 7 301
d 7 302
d 7 303
d 7 304
d 7 305
d 7 306
d 7 307
d 7 308
d 7 309
d 7 310
d 7 311
d 7 312
d 7 313
d 7 314
d 7 315
d 7 316
d 7 317
d 7 318
d 7 319
d 7 320
d 7 321
d 7 322
d 7 323
d 7 324
d 7 325
d 7 326
d 7 327
d 7 328
d 7 329
d 7 330
d 7 331
d 7 332
d 7 333
d 7 334
d 7 335
d 7 336
d 7 337
d 7 338
d 7 339
d 7 340
d 7 341
d 7 342
d 7 343
d 7 344
d 7 345
d 7 346
d 7 347
d 7 348
d 7 349
d 7 350
d 7 351
d 7 352
d 7 353
d 7 354
d 7 355
d 7 356
d 7 357
d 7 358
d 7 359
d 7 360
d 7 361
d 7 362
d 7 363
d 7 364
d 7 365
d 7 366
d 7 367
d 7 368
d 7 369
d 7 370
d 7 371
d 7 372
d 7 373
d 7 374
d 7 375
d 7 376
d 7 377
d 7 378
d 7 379
d 7 380
d 7 381
d 7 382
d 7 383
d 7 384
d 7 385
d 7 386
d 7 387
d 7 388
d 7 389
d 7 390
d 7 391
d 7 392
d 7 393
d 7 394
d 7 395
d 7 396
d 7 397
d 7 398
d 7 399
d 7 400
d 11 201
d 11 202
d 11 203
d 11 204
d 11 205
d 11 206
d 11 207
d 11 208
d 11 209
d 11 210
d 11 211
d 11 212
d 11 213
d 11 214
d 11 215
d 11 216
d 11 217
d 11 218
d 11 219
d 11 220
d 11 221
d 11 222
d 11 223
d 11 224
d 11 225
d 11 226
d 11 227
d 11 228
d 11 229
d 11 230
d 11 231
d 11 232
d 11 233
d 11 234
d 11 235
d 11 236
d 11 237
d 11 238
d 11 239
d 11 240
d 11 241
d 11 242
d 11 243
d 11 244
d 11 245
d 11 246
d 11 247
d 11 248
d 11 249
d 11 250
d 11 251
d 11 252
d 11 253
d 11 254
d 11 255
d 11 256
d 11 257
d 11 258
d 11 259
d 11 260
d 11 261
d 11 262
d 11 263
d 11 264
d 11 265
d 11 266
d 11 267
d 11 268
d 11 269
d 11 270
d 11 271
d 11 272
d 11 273
d 11 274
d 11 275
d 11 276
d 11 277
d 11 278
d 11 279
d 11 280
d 11 281
d 11 282
d 11 283
d 11 284
d 11 285
d 11 286
d 11 287
d 11 288
d 11 289
d 11 290
d 11 291
d 11 292
d 11 293
d 11 294
d 11 295
d 11 296
d 11 297
d 11 298
d 11 299
d 11 300
d 11 301
d 11 302
d 11 303
d 11 304
d 11 305
d 11 306
d 11 307
d 11 308
d 11 309
d 11 310
d 11 311
d 11 312
d 11 313
d 11 314
d 11 315
d 11 316
d 11 317
d 11 318
d 11 319
d 11 320
d 11 321
d 11 322
d 11 323
d 11 324
d 11 325
d 11 326
d 11 327
d 11 328
d 11 329
d 11 330
d 11 331
d 11 332
d 11 333
d 11 334
d 11 335
d 11 336
d 11 337
d 11 338
d 11 339
d 11 340
d 11 341
d 11 342
d 11 343
d 11 344
d 11 345
d 11 346
d 11 347
d 11 348
d 11 349
d 11 350
d 11 351
d 11 352
d 11 353
d 11 354
d 11 355
d 11 356
d 11 357
d 11 358
d 11 359
d 11 360
d 11 361
d 11 362
d 11 363
d 11 364
d 11 365
d 11 366
d 11 367
d 11 368
d 11 369
d 11 370
d 11 371
d 11 372
d 11 373
d 11 374
d 11 375
d 11 376
d 11 377
d 11 378
d 11 379
d 11 380
d 11 381
d 11 382
d 11 383
d 11 384
d 11 385
d 11 386
d 11 387
d 11 388
d 11 389
d 11 390
d 11 391
d 11 392
d 11 393
d 11 394
d 11 395
d 11 396
d 11 397
d 11 398
d 11 399
d 11 400
d 10 201
d 10 202
d 10 203
d 10 204
d 10 205
d 10 206
d 10 207
d 10 208
d 10 209
d 10 210
d 10 211
d 10 212
d 10 213
d 10 214
d 10 215
d 10 216
d 10 217
d 10 218
d 10 219
d 10 220
d 10 221
d 10 222
d 10 223
d 10 224
d 10 225
d 10 226
d 10 227
d 10 228
d 10 229
d 10 230
d 10 231
d 10 232
d 10 233
d 10 234
d 10 235
d 10 236
d 10 237
d 10 238
d 10 239
d 10 240
d 10 241
d 10 242
d 10 243
d 10 244
d 10 245
d 10 246
d 10 247
d 10 248
d 10 249
d 10 250
d 10 251
d 10 252
d 10 253
d 10 254
d 10 255
d 10 256
d 10 257
d 10 258
d 10 259
d 10 260
d 10 261
d 10 262
d 10 263
d 10 264
d 10 265
d 10 266
d 10 267
d 10 268
d 10 269
d 10 270
d 10 271
d 10 272
d 10 273
d 10 274
d 10 275
d 10 276
d 10 277
d 10 278
d 10 279
d 10 280
d 10 281
d 10 282
d 10 283
d 10 284
d 10 285
d 10 286
d 10 287
d 10 288
d 10 289
d 10 290
d 10 291
d 10 292
d 10 293
d 10 294
d 10 295
d 10 296
d 10 297
d 10 298
d 10 299
d 10 300
d 10 301
d 10 302
d 10 303
d 10 304
d 10 305
d 10 306
d 10 307
d 10 308
d 10 309
d 10 310
d 10 311
d 10 312
d 10 313
d 10 314
d 10 315
d 10 316
d 10 317
d 10 318
d 10 319
d 10 320
d 10 321
d 10 322
d 10 323
d 10 324
d 10 325
d 10 326
d 10 327
d 10 328
d 10 329
d 10 330
d 10 331
d 10 332
d 10 333
d 10 334
d 10 335
d 10 336
d 10 337
d 10 338
d 10 339
d 10 340
d 10 341
d 10 342
d 10 343
d 10 344
d 10 345
d 10 346
d 10 347
d 10 348
d 10 349
d 10 350
d 10 351
d 10 352
d 10 353
d 10 354
d 10 355
d 10 356
d 10 357
d 10 358
d 10 359
d 10 360
d 10 361
d 10 362
d 10 363
d 10 364
d 10 365
d 10 366
d 10 367
d 10 368
d 10 369
d 10 370
d 10 371
d 10 372
d 10 373
d 10 374
d 10 375
d 10 376
d 10 377
d 10 378
d 10 379
d 10 380
d 10 381
d 10 382
d 10 383
d 10 384
d 10 385
d 10 386
d 10 387
d 10 388
d 10 389
d 10 390
d 10 391
d 10 392
d 10 393
d 10 394
d 10 395
d 10 396
d 10 397
d 10 398
d 10 399
d 10 400
d 19 201
d 19 202
d 19 203
d 19 204
d 19 205
d 19 206
d 19 207
d 19 208
d 19 209
d 19 210
d 19 211
d 19 212
d 19 213
d 19 214
d 19 215
d 19 216
d 19 217
d 19 218
d 19 219
d 19 220
d 19 221
d 19 222
d 19 223
d 19 224
d 19 225
d 19 226
d 19 227
d 19 228
d 19 229
d 19 230
d 19 231
d 19 232
d 19 233
d 19 234
d 19 235
d 19 236
d 19 237
d 19 238
d 19 239
d 19 240
d 19 241
d 19 242
d 19 243
d 19 244
d 19 245
d 19 246
d 19 247
d 19 248
d 19 249
d 19 250
d 19 251
d 19 252
d 19 253
d 19 254
d 19 255
d 19 256
d 19 257
d 19 258
d 19 259
d 19 260
d 19 261
d 19 262
d 19 263
d 19 264
d 19 265
d 19 266
d 19 267
d 19 268
d 19 269
d 19 270
d 19 271
d 19 272
d 19 273
d 19 274
d 19 275
d 19 276
d 19 277
d 19 278
d 19 279
d 19 280
d 19 281
d 19 282
d 19 283
d 19 284
d 19 285
d 19 286
d 19 287
d 19 288
d 19 289
d 19 290
d 19 291
d 19 292
d 19 293
d 19 294
d 19 295
d 19 296
d 19 297
d 19 298
d 19 299
d 19 300
d 19 301
d 19 302
d 19 303
d 19 304
d 19 305
d 19 306
d 19 307
d 19 308
d 19 309
d 19 310
d 19 311
d 19 312
d 19 313
d 19 314
d 19 315
d 19 316
d 19 317
d 19 318
d 19 319
d 19 320
d 19 321
d 19 322
d 19 323
d 19 324
d 19 325
d 19 326
d 19 327
d 19 328
d 19 329
d 19 330
d 19 331
d 19 332
d 19 333
d 19 334
d 19 335
d 19 336
d 19 337
d 19 338
d 19 339
d 19 340
d 19 341
d 19 342
d 19 343
d 19 344
d 19 345
d 19 346
d 19 347
d 19 348
d 19 349
d 19 350
d 19 351
d 19 352
d 19 353
d 19 354
d 19 355
d 19 356
d 19 357
d 19 358
d 19 359
d 19 360
d 19 361
d 19 362
d 19 363
d 19 364
d 19 365
d 19 366
d 19 367
d 19 368
d 19 369
d 19 370
d 19 371
d 19 372
d 19 373
d 19 374
d 19 375
d 19 376
d 19 377
d 19 378
d 19 379
d 19 380
d 19 381
d 19 382
d 19 383
d 19 384
d 19 385
d 19 386
d 19 387
d 19 388
d 19 389
d 19 390
d 19 391
d 19 392
d 19 393
d 19 394
d 19 395
d 19 396
d 19 397
d 19 398
d 19 399
d 19 400
d 13 201
d 13 202
d 13 203
d 13 204
d 13 205
d 13 206
d 13 207
d 13 208
d 13 209
d 13 210
d 13 211
d 13 212
d 13 213
d 13 214
d 13 215
d 13 216
d 13 217
d 13 218
d 13 219
d 13 220
d 13 221
d 13 222
d 13 223
d 13 224
d 13 225
d 13 226
d 13 227
d 13 228
d 13 229
d 13 230
d 13 231
d 13 232
d 13 233
d 13 234
d 13 235
d 13 236
d 13 237
d 13 238
d 13 239
d 13 240
d 13 241
d 13 242
d 13 243
d 13 244
d 13 245
d 13 246
d 13 247
d 13 248
d 13 249
d 13 250
d 13 251
d 13 252
d 13 253
d 13 254
d 13 255
d 13 256
d 13 257
d 13 258
d 13 259
d 13 260
d 13 261
d 13 262
d 13 263
d 13 264
d 13 265
d 13 266
d 13 267
d 13 268
d 13 269
d 13 270
d 13 271
d 13 272
d 13 273
d 13 274
d 13 275
d 13 276
d 13 277
d 13 278
d 13 279
d 13 280
d 13 281
d 13 282
d 13 283
d 13 284
d 13 285
d 13 286
d 13 287
d 13 288
d 13 289
d 13 290
d 13 291
d 13 292
d 13 293
d 13 294
d 13 295
d 13 296
d 13 297
d 13 298
d 13 299
d 13 300
d 13 301
d 13 302
d 13 303
d 13 304
d 13 305
d 13 306
d 13 307
d 13 308
d 13 309
d 13 310
d 13 311
d 13 312
d 13 313
d 13 314
d 13 315
d 13 316
d 13 317
d 13 318
d 13 319
d 13 320
d 13 321
d 13 322
d 13 323
d 13 324
d 13 325
d 13 326
d 13 327
d 13 328
d 13 329
d 13 330
d 13 331
d 13 332
d 13 333
d 13 334
d 13 335
d 13 336
d 13 337
d 13 338
d 13 339
d 13 340
d 13 341
d 13 342
d 13 343
d 13 344
d 13 345
d 13 346
d 13 347
d 13 348
d 13 349
d 13 350
d 13 351
d 13 352
d 13 353
d 13 354
d 13 355
d 13 356
d 13 357
d 13 358
d 13 359
d 13 360
d 13 361
d 13 362
d 13 363
d 13 364
d 13 365
d 13 366
d 13 367
d 13 368
d 13 369
d 13 370
d 13 371
d 13 372
d 13 373
d 13 374
d 13 375
d 13 376
d 13 377
d 13 378
d 13 379
d 13 380
d 13 381
d 13 382
d 13 383
d 13 384
d 13 385
d 13 386
d 13 387
d 13 388
d 13 389
d 13 390
d 13 391
d 13 392
d 13 393
d 13 394
d 13 395
d 13 396
d 13 397
d 13 398
d 13 399
d 13 400
d 8 201
d 8 202
d 8 203
d 8 204
d 8 205
d 8 206
d 8 207
d 8 208
d 8 209
d 8 210
d 8 211
d 8 212
d 8 213
d 8 214
d 8 215
d 8 216
d 8 217
d 8 218
d 8 219
d 8 220
d 8 221
d 8 222
d 8 223
d 8 224
d 8 225
d 8 226
d 8 227
d 8 228
d 8 229
d 8 230
d 8 231
d 8 232
d 8 233
d 8 234
d 8 235
d 8 236
d 8 237
d 8 238
d 8 239
d 8 240
d 8 241
d 8 242
d 8 243
d 8 244
d 8 245
d 8 246
d 8 247
d 8 248
d 8 249
d 8 250
d 8 251
d 8 252
d 8 253
d 8 254
d 8 255
d 8 256
d 8 257
d 8 258
d 8 259
d 8 260
d 8 261
d 8 262
d 8 263
d 8 264
d 8 265
d 8 266
d 8 267
d 8 268
d 8 269
d 8 270
d 8 271
d 8 272
d 8 273
d 8 274
d 8 275
d 8 276
d 8 277
d 8 278
d 8 279
d 8 280
d 8 281
d 8 282
d 8 283
d 8 284
d 8 285
d 8 286
d 8 287
d 8 288
d 8 289
d 8 290
d 8 291
d 8 292
d 8 293
d 8 294
d 8 295
d 8 296
d 8 297
d 8 298
d 8 299
d 8 300
d 8 301
d 8 302
d 8 303
d 8 304
d 8 305
d 8 306
d 8 307
d 8 308
d 8 309
d 8 310
d 8 311
d 8 312
d 8 313
d 8 314
d 8 315
d 8 316
d 8 317
d 8 318
d 8 319
d 8 320
d 8 321
d 8 322
d 8 323
d 8 324
d 8 325
d 8 326
d 8 327
d 8 328
d 8 329
d 8 330
d 8 331
d 8 332
d 8 333
d 8 334
d 8 335
d 8 336
d 8 337
d 8 338
d 8 339
d 8 340
d 8 341
d 8 342
d 8 343
d 8 344
d 8 345
d 8 346
d 8 347
d 8 348
d 8 349
d 8 350
d 8 351
d 8 352
d 8 353
d 8 354
d 8 355
d 8 356
d 8 357
d 8 358
d 8 359
d 8 360
d 8 361
d 8 362
d 8 363
d 8 364
d 8 365
d 8 366
d 8 367
d 8 368
d 8 369
d 8 370
d 8 371
d 8 372
d 8 373
d 8 374
d 8 375
d 8 376
d 8 377
d 8 378
d 8 379
d 8 380
d 8 381
d 8 382
d 8 383
d 8 384
d 8 385
d 8 386
d 8 387
d 8 388
d 8 389
d 8 390
d 8 391
d 8 392
d 8 393
d 8 394
d 8 395
d 8 396
d 8 397
d 8 398
d 8 399
d 8 400
d 9 201
d 9 202
d 9 203
d 9 204
d 9 205
d 9 206
d 9 207
d 9 208
d 9 209
d 9 210
d 9 211
d 9 212
d 9 213
d 9 214
d 9 215
d 9 216
d 9 217
d 9 218
d 9 219
d 9 220
d 9 221
d 9 222
d 9 223
d 9 224
d 9 225
d 9 226
d 9 227
d 9 228
d 9 229
d 9 230
d 9 231
d 9 232
d 9 233
d 9 234
d 9 235
d 9 236
d 9 237
d 9 238
d 9 239
d 9 240
d 9 241
d 9 242
d 9 243
d 9 244
d 9 245
d 9 246
d 9 247
d 9 248
d 9 249
d 9 250
d 9 251
d 9 252
d 9 253
d 9 254
d 9 255
d 9 256
d 9 257
d 9 258
d 9 259
d 9 260
d 9 261
d 9 262
d 9 263
d 9 264
d 9 265
d 9 266
d 9 267
d 9 268
d 9 269
d 9 270
d 9 271
d 9 272
d 9 273
d 9 274
d 9 275
d 9 276
d 9 277
d 9 278
d 9 279
d 9 280
d 9 281
d 9 282
d 9 283
d 9 284
d 9 285
d 9 286
d 9 287
d 9 288
d 9 289
d 9 290
d 9 291
d 9 292
d 9 293
d 9 294
d 9 295
d 9 296
d 9 297
d 9 298
d 9 299
d 9 300
d 9 301
d 9 302
d 9 303
d 9 304
d 9 305
d 9 306
d 9 307
d 9 308
d 9 309
d 9 310
d 9 311
d 9 312
d 9 313
d 9 314
d 9 315
d 9 316
d 9 317
d 9 318
d 9 319
d 9 320
d 9 321
d 9 322
d 9 323
d 9 324
d 9 325
d 9 326
d 9 327
d 9 328
d 9 329
d 9 330
d 9 331
d 9 332
d 9 333
d 9 334
d 9 335
d 9 336
d 9 337
d 9 338
d 9 339
d 9 340
d 9 341
d 9 342
d 9 343
d 9 344
d 9 345
d 9 346
d 9 347
d 9 348
d 9 349
d 9 350
d 9 351
d 9 352
d 9 353
d 9 354
d 9 355
d 9 356
d 9 357
d 9 358
d 9 359
d 9 360
d 9 361
d 9 362
d 9 363
d 9 364
d 9 365
d 9 366
d 9 367
d 9 368
d 9 369
d 9 370
d 9 371
d 9 372
d 9 373
d 9 374
d 9 375
d 9 376
d 9 377
d 9 378
d 9 379
d 9 380
d 9 381
d 9 382
d 9 383
d 9 384
d 9 385
d 9 386
d 9 387
d 9 388
d 9 389
d 9 390
d 9 391
d 9 392
d 9 393
d 9 394
d 9 395
d 9 396
d 9 397
d 9 398
d 9 399
d 9 400
d 8 512
d 8 513
d 8 514
d 8 515
d 8 516
d 8 517
d 8 518
d 8 519
d 8 520
d 8 521
d 8 522
d 8 523
d 8 524
d 8 525
d 8 526
d 8 527
d 8 528
d 8 529
d 8 530
d 8 531
d 8 532
d 8 533
d 8 534
d 8 535
d 8 536
d 8 537
d 8 538
d 8 539
d 8 540
d 8 541
d 8 542
d 8 543
d 8 544
d 8 545
d 8 546
d 8 547
d 8 548
d 8 549
d 8 550
d 8 551
d 8 552
d 8 553
d 8 554
d 8 555
d 8 556
d 8 557
d 8 558
d 8 559
d 8 560
d 8 561
d 8 562
d 8 563
d 8 564
d 8 565
d 8 566
d 8 567
d 8 568
d 8 569
d 8 570
d 8 571
d 8 572
d 8 573
d 8 574
d 8 575
d 8 576
d 8 577
d 8 578
d 8 579
d 8 580
d 8 581
d 8 582
d 8 583
d 8 584
d 8 585
d 8 586
d 8 587
d 8 588
d 8 589
d 8 590
d 8 591
d 8 592
d 8 593
d 8 594
d 8 595
d 8 596
d 8 597
d 8 598
d 8 599
d 8 600
d 8 401
d 8 402
d 8 403
d 8 404
d 8 405
d 8 406
d 8 407
d 8 408
d 8 409
d 8 410
d 8 411
d 8 412
d 8 413
d 8 414
d 8 415
d 8 416
d 8 417
d 8 418
d 8 419
d 8 420
d 8 421
d 8 422
d 8 423
d 8 424
d 8 425
d 8 426
d 8 427
d 8 428
d 8 429
d 8 430
d 8 431
d 8 432
d 8 433
d 8 434
d 8 435
d 8 436
d 8 437
d 8 438
d 8 439
d 8 440
d 8 441
d 8 442
d 8 443
d 8 444
d 8 445
d 8 446
d 8 447
d 8 448
d 8 449
d 8 450
d 8 451
d 8 452
d 8 453
d 8 454
d 8 455
d 8 456
d 8 457
d 8 458
d 8 459
d 8 460
d 8 461
d 8 462
d 8 463
d 8 464
d 8 465
d 8 466
d 8 467
d 8 468
d 8 469
d 8 470
d 8 471
d 8 472
d 8 473
d 8 474
d 8 475
d 8 476
d 8 477
d 8 478
d 8 479
d 8 480
d 8 481
d 8 482
d 8 483
d 8 484
d 8 485
d 8 486
d 8 487
d 8 488
d 8 489
d 8 490
d 8 491
d 8 492
d 8 493
d 8 494
d 8 495
d 8 496
d 8 497
d 8 498
d 8 499
d 8 500
d 8 501
d 8 502
d 8 503
d 8 504
d 8 505
d 8 506
d 8 507
d 8 508
d 8 509
d 8 510
d 8 511
d 6 512
d 6 513
d 6 514
d 6 515
d 6 516
d 6 517
d 6 518
d 6 519
d 6 520
d 6 521
d 6 522
d 6 523
d 6 524
d 6 525
d 6 526
d 6 527
d 6 528
d 6 529
d 6 530
d 6 531
d 6 532
d 6 533
d 6 534
d 6 535
d 6 536
d 6 537
d 6 538
d 6 539
d 6 540
d 6 541
d 6 542
d 6 543
d 6 544
d 6 545
d 6 546
d 6 547
d 6 548
d 6 549
d 6 550
d 6 551
d 6 552
d 6 553
d 6 554
d 6 555
d 6 556
d 6 557
d 6 558
d 6 559
d 6 560
d 6 561
d 6 562
d 6 563
d 6 564
d 6 565
d 6 566
d 6 567
d 6 568
d 6 569
d 6 570
d 6 571
d 6 572
d 6 573
d 6 574
d 6 575
d 6 576
d 6 577
d 6 578
d 6 579
d 6 580
d 6 581
d 6 582
d 6 583
d 6 584
d 6 585
d 6 586
d 6 587
d 6 588
d 6 589
d 6 590
d 6 591
d 6 592
d 6 593
d 6 594
d 6 595
d 6 596
d 6 597
d 6 598
d 6 599
d 6 600
d 6 401
d 6 402
d 6 403
d 6 404
d 6 405
d 6 406
d 6 407
d 6 408
d 6 409
d 6 410
d 6 411
d 6 412
d 6 413
d 6 414
d 6 415
d 6 416
d 6 417
d 6 418
d 6 419
d 6 420
d 6 421
d 6 422
d 6 423
d 6 424
d 6 425
d 6 426
d 6 427
d 6 428
d 6 429
d 6 430
d 6 431
d 6 432
d 6 433
d 6 434
d 6 435
d 6 436
d 6 437
d 6 438
d 6 439
d 6 440
d 6 441
d 6 442
d 6 443
d 6 444
d 6 445
d 6 446
d 6 447
d 6 448
d 6 449
d 6 450
d 6 451
d 6 452
d 6 453
d 6 454
d 6 455
d 6 456
d 6 457
d 6 458
d 6 459
d 6 460
d 6 461
d 6 462
d 6 463
d 6 464
d 6 465
d 6 466
d 6 467
d 6 468
d 6 469
d 6 470
d 6 471
d 6 472
d 6 473
d 6 474
d 6 475
d 6 476
d 6 477
d 6 478
d 6 479
d 6 480
d 6 481
d 6 482
d 6 483
d 6 484
d 6 485
d 6 486
d 6 487
d 6 488
d 6 489
d 6 490
d 6 491
d 6 492
d 6 493
d 6 494
d 6 495
d 6 496
d 6 497
d 6 498
d 6 499
d 6 500
d 6 501
d 6 502
d 6 503
d 6 504
d 6 505
d 6 506
d 6 507
d 6 508
d 6 509
d 6 510
d 6 511
d 19 512
d 19 513
d 19 514
d 19 515
d 19 516
d 19 517
d 19 518
d 19 519
d 19 520
d 19 521
d 19 522
d 19 523
d 19 524
d 19 525
d 19 526
d 19 527
d 19 528
d 19 529
d 19 530
d 19 531
d 19 532
d 19 533
d 19 534
d 19 535
d 19 536
d 19 537
d 19 538
d 19 539
d 19 540
d 19 541
d 19 542
d 19 543
d 19 544
d 19 545
d 19 546
d 19 547
d 19 548
d 19 549
d 19 550
d 19 551
d 19 552
d 19 553
d 19 554
d 19 555
d 19 556
d 19 557
d 19 558
d 19 559
d 19 560
d 19 561
d 19 562
d 19 563
d 19 564
d 19 565
d 19 566
d 19 567
d 19 568
d 19 569
d 19 570
d 19 571
d 19 572
d 19 573
d 19 574
d 19 575
d 19 576
d 19 577
d 19 578
d 19 579
d 19 580
d 19 581
d 19 582
d 19 583
d 19 584
d 19 585
d 19 586
d 19 587
d 19 588
d 19 589
d 19 590
d 19 591
d 19 592
d 19 593
d 19 594
d 19 595
d 19 596
d 19 597
d 19 598
d 19 599
d 19 600
d 19 401
d 19 402
d 19 403
d 19 404
d 19 405
d 19 406
d 19 407
d 19 408
d 19 409
d 19 410
d 19 411
d 19 412
d 19 413
d 19 414
d 19 415
d 19 416
d 19 417
d 19 418
d 19 419
d 19 420
d 19 421
d 19 422
d 19 423
d 19 424
d 19 425
d 19 426
d 19 427
d 19 428
d 19 429
d 19 430
d 19 431
d 19 432
d 19 433
d 19 434
d 19 435
d 19 436
d 19 437
d 19 438
d 19 439
d 19 440
d 19 441
d 19 442
d 19 443
d 19 444
d 19 445
d 19 446
d 19 447
d 19 448
d 19 449
d 19 450
d 19 451
d 19 452
d 19 453
d 19 454
d 19 455
d 19 456
d 19 457
d 19 458
d 19 459
d 19 460
d 19 461
d 19 462
d 19 463
d 19 464
d 19 465
d 19 466
d 19 467
d 19 468
d 19 469
d 19 470
d 19 471
d 19 472
d 19 473
d 19 474
d 19 475
d 19 476
d 19 477
d 19 478
d 19 479
d 19 480
d 19 481
d 19 482
d 19 483
d 19 484
d 19 485
d 19 486
d 19 487
d 19 488
d 19 489
d 19 490
d 19 491
d 19 492
d 19 493
d 19 494
d 19 495
d 19 496
d 19 497
d 19 498
d 19 499
d 19 500
d 19 501
d 19 502
d 19 503
d 19 504
d 19 505
d 19 506
d 19 507
d 19 508
d 19 509
d 19 510
d 19 511
d 2 512
d 2 513
d 2 514
d 2 515
d 2 516
d 2 517
d 2 518
d 2 519
d 2 520
d 2 521
d 2 522
d 2 523
d 2 524
d 2 525
d 2 526
d 2 527
d 2 528
d 2 529
d 2 530
d 2 531
d 2 532
d 2 533
d 2 534
d 2 535
d 2 536
d 2 537
d 2 538
d 2 539
d 2 540
d 2 541
d 2 542
d 2 543
d 2 544
d 2 545
d 2 546
d 2 547
d 2 548
d 2 549
d 2 550
d 2 551
d 2 552
d 2 553
d 2 554
d 2 555
d 2 556
d 2 557
d 2 558
d 2 559
d 2 560
d 2 561
d 2 562
d 2 563
d 2 564
d 2 565
d 2 566
d 2 567
d 2 568
d 2 569
d 2 570
d 2 571
d 2 572
d 2 573
d 2 574
d 2 575
d 2 576
d 2 577
d 2 578
d 2 579
d 2 580
d 2 581
d 2 582
d 2 583
d 2 584
d 2 585
d 2 586
d 2 587
d 2 588
d 2 589
d 2 590
d 2 591
d 2 592
d 2 593
d 2 594
d 2 595
d 2 596
d 2 597
d 2 598
d 2 599
d 2 600
d 2 401
d 2 402
d 2 403
d 2 404
d 2 405
d 2 406
d 2 407
d 2 408
d 2 409
d 2 410
d 2 411
d 2 412
d 2 413
d 2 414
d 2 415
d 2 416
d 2 417
d 2 418
d 2 419
d 2 420
d 2 421
d 2 422
d 2 423
d 2 424
d 2 425
d 2 426
d 2 427
d 2 428
d 2 429
d 2 430
d 2 431
d 2 432
d 2 433
d 2 434
d 2 435
d 2 436
d 2 437
d 2 438
d 2 439
d 2 440
d 2 441
d 2 442
d 2 443
d 2 444
d 2 445
d 2 446
d 2 447
d 2 448
d 2 449
d 2 450
d 2 451
d 2 452
d 2 453
d 2 454
d 2 455
d 2 456
d 2 457
d 2 458
d 2 459
d 2 460
d 2 461
d 2 462
d 2 463
d 2 464
d 2 465
d 2 466
d 2 467
d 2 468
d 2 469
d 2 470
d 2 471
d 2 472
d 2 473
d 2 474
d 2 475
d 2 476
d 2 477
d 2 478
d 2 479
d 2 480
d 2 481
d 2 482
d 2 483
d 2 484
d 2 485
d 2 486
d 2 487
d 2 488
d 2 489
d 2 490
d 2 491
d 2 492
d 2 493
d 2 494
d 2 495
d 2 496
d 2 497
d 2 498
d 2 499
d 2 500
d 2 501
d 2 502
d 2 503
d 2 504
d 2 505
d 2 506
d 2 507
d 2 508
d 2 509
d 2 510
d 2 511
d 10 512
d 10 513
d 10 514
d 10 515
d 10 516
d 10 517
d 10 518
d 10 519
d 10 520
d 10 521
d 10 522
d 10 523
d 10 524
d 10 525
d 10 526
d 10 527
d 10 528
d 10 529
d 10 530
d 10 531
d 10 532
d 10 533
d 10 534
d 10 535
d 10 536
d 10 537
d 10 538
d 10 539
d 10 540
d 10 541
d 10 542
d 10 543
d 10 544
d 10 545
d 10 546
d 10 547
d 10 548
d 10 549
d 10 550
d 10 551
d 10 552
d 10 553
d 10 554
d 10 555
d 10 556
d 10 557
d 10 558
d 10 559
d 10 560
d 10 561
d 10 562
d 10 563
d 10 564
d 10 565
d 10 566
d 10 567
d 10 568
d 10 569
d 10 570
d 10 571
d 10 572
d 10 573
d 10 574
d 10 575
d 10 576
d 10 577
d 10 578
d 10 579
d 10 580
d 10 581
d 10 582
d 10 583
d 10 584
d 10 585
d 10 586
d 10 587
d 10 588
d 10 589
d 10 590
d 10 591
d 10 592
d 10 593
d 10 594
d 10 595
d 10 596
d 10 597
d 10 598
d 10 599
d 10 600
d 10 401
d 10 402
d 10 403
d 10 404
d 10 405
d 10 406
d 10 407
d 10 408
d 10 409
d 10 410
d 10 411
d 10 412
d 10 413
d 10 414
d 10 415
d 10 416
d 10 417
d 10 418
d 10 419
d 10 420
d 10 421
d 10 422
d 10 423
d 10 424
d 10 425
d 10 426
d 10 427
d 10 428
d 10 429
d 10 430
d 10 431
d 10 432
d 10 433
d 10 434
d 10 435
d 10 436
d 10 437
d 10 438
d 10 439
d 10 440
d 10 441
d 10 442
d 10 443
d 10 444
d 10 445
d 10 446
d 10 447
d 10 448
d 10 449
d 10 450
d 10 451
d 10 452
d 10 453
d 10 454
d 10 455
d 10 456
d 10 457
d 10 458
d 10 459
d 10 460
d 10 461
d 10 462
d 10 463
d 10 464
d 10 465
d 10 466
d 10 467
d 10 468
d 10 469
d 10 470
d 10 471
d 10 472
d 10 473
d 10 474
d 10 475
d 10 476
d 10 477
d 10 478
d 10 479
d 10 480
d 10 481
d 10 482
d 10 483
d 10 484
d 10 485
d 10 486
d 10 487
d 10 488
d 10 489
d 10 490
d 10 491
d 10 492
d 10 493
d 10 494
d 10 495
d 10 496
d 10 497
d 10 498
d 10 499
d 10 500
d 10 501
d 10 502
d 10 503
d 10 504
d 10 505
d 10 506
d 10 507
d 10 508
d 10 509
d 10 510
d 10 511
d 11 512
d 11 513
d 11 514
d 11 515
d 11 516
d 11 517
d 11 518
d 11 519
d 11 520
d 11 521
d 11 522
d 11 523
d 11 524
d 11 525
d 11 526
d 11 527
d 11 528
d 11 529
d 11 530
d 11 531
d 11 532
d 11 533
d 11 534
d 11 535
d 11 536
d 11 537
d 11 538
d 11 539
d 11 540
d 11 541
d 11 542
d 11 543
d 11 544
d 11 545
d 11 546
d 11 547
d 11 548
d 11 549
d 11 550
d 11 551
d 11 552
d 11 553
d 11 554
d 11 555
d 11 556
d 11 557
d 11 558
d 11 559
d 11 560
d 11 561
d 11 562
d 11 563
d 11 564
d 11 565
d 11 566
d 11 567
d 11 568
d 11 569
d 11 570
d 11 571
d 11 572
d 11 573
d 11 574
d 11 575
d 11 576
d 11 577
d 11 578
d 11 579
d 11 580
d 11 581
d 11 582
d 11 583
d 11 584
d 11 585
d 11 586
d 11 587
d 11 588
d 11 589
d 11 590
d 11 591
d 11 592
d 11 593
d 11 594
d 11 595
d 11 596
d 11 597
d 11 598
d 11 599
d 11 600
d 11 401
d 11 402
d 11 403
d 11 404
d 11 405
d 11 406
d 11 407
d 11 408
d 11 409
d 11 410
d 11 411
d 11 412
d 11 413
d 11 414
d 11 415
d 11 416
d 11 417
d 11 418
d 11 419
d 11 420
d 11 421
d 11 422
d 11 423
d 11 424
d 11 425
d 11 426
d 11 427
d 11 428
d 11 429
d 11 430
d 11 431
d 11 432
d 11 433
d 11 434
d 11 435
d 11 436
d 11 437
d 11 438
d 11 439
d 11 440
d 11 441
d 11 442
d 11 443
d 11 444
d 11 445
d 11 446
d 11 447
d 11 448
d 11 449
d 11 450
d 11 451
d 11 452
d 11 453
d 11 454
d 11 455
d 11 456
d 11 457
d 11 458
d 11 459
d 11 460
d 11 461
d 11 462
d 11 463
d 11 464
d 11 465
d 11 466
d 11 467
d 11 468
d 11 469
d 11 470
d 11 471
d 11 472
d 11 473
d 11 474
d 11 475
d 11 476
d 11 477
d 11 478
d 11 479
d 11 480
d 11 481
d 11 482
d 11 483
d 11 484
d 11 485
d 11 486
d 11 487
d 11 488
d 11 489
d 11 490
d 11 491
d 11 492
d 11 493
d 11 494
d 11 495
d 11 496
d 11 497
d 11 498
d 11 499
d 11 500
d 11 501
d 11 502
d 11 503
d 11 504
d 11 505
d 11 506
d 11 507
d 11 508
d 11 509
d 11 510
d 11 511
d 7 512
d 7 513
d 7 514
d 7 515
d 7 516
d 7 517
d 7 518
d 7 519
d 7 520
d 7 521
d 7 522
d 7 523
d 7 524
d 7 525
d 7 526
d 7 527
d 7 528
d 7 529
d 7 530
d 7 531
d 7 532
d 7 533
d 7 534
d 7 535
d 7 536
d 7 537
d 7 538
d 7 539
d 7 540
d 7 541
d 7 542
d 7 543
d 7 544
d 7 545
d 7 546
d 7 547
d 7 548
d 7 549
d 7 550
d 7 551
d 7 552
d 7 553
d 7 554
d 7 555
d 7 556
d 7 557
d 7 558
d 7 559
d 7 560
d 7 561
d 7 562
d 7 563
d 7 564
d 7 565
d 7 566
d 7 567
d 7 568
d 7 569
d 7 570
d 7 571
d 7 572
d 7 573
d 7 574
d 7 575
d 7 576
d 7 577
d 7 578
d 7 579
d 7 580
d 7 581
d 7 582
d 7 583
d 7 584
d 7 585
d 7 586
d 7 587
d 7 588
d 7 589
d 7 590
d 7 591
d 7 592
d 7 593
d 7 594
d 7 595
d 7 596
d 7 597
d 7 598
d 7 599
d 7 600
d 7 401
d 7 402
d 7 403
d 7 404
d 7 405
d 7 406
d 7 407
d 7 408
d 7 409
d 7 410
d 7 411
d 7 412
d 7 413
d 7 414
d 7 415
d 7 416
d 7 417
d 7 418
d 7 419
d 7 420
d 7 421
d 7 422
d 7 423
d 7 424
d 7 425
d 7 426
d 7 427
d 7 428
d 7 429
d 7 430
d 7 431
d 7 432
d 7 433
d 7 434
d 7 435
d 7 436
d 7 437
d 7 438
d 7 439
d 7 440
d 7 441
d 7 442
d 7 443
d 7 444
d 7 445
d 7 446
d 7 447
d 7 448
d 7 449
d 7 450
d 7 451
d 7 452
d 7 453
d 7 454
d 7 455
d 7 456
d 7 457
d 7 458
d 7 459
d 7 460
d 7 461
d 7 462
d 7 463
d 7 464
d 7 465
d 7 466
d 7 467
d 7 468
d 7 469
d 7 470
d 7 471
d 7 472
d 7 473
d 7 474
d 7 475
d 7 476
d 7 477
d 7 478
d 7 479
d 7 480
d 7 481
d 7 482
d 7 483
d 7 484
d 7 485
d 7 486
d 7 487
d 7 488
d 7 489
d 7 490
d 7 491
d 7 492
d 7 493
d 7 494
d 7 495
d 7 496
d 7 497
d 7 498
d 7 499
d 7 500
d 7 501
d 7 502
d 7 503
d 7 504
d 7 505
d 7 506
d 7 507
d 7 508
d 7 509
d 7 510
d 7 511
d 3 512
d 3 513
d 3 514
d 3 515
d 3 516
d 3 517
d 3 518
d 3 519
d 3 520
d 3 521
d 3 522
d 3 523
d 3 524
d 3 525
d 3 526
d 3 527
d 3 528
d 3 529
d 3 530
d 3 531
d 3 532
d 3 533
d 3 534
d 3 535
d 3 536
d 3 537
d 3 538
d 3 539
d 3 540
d 3 541
d 3 542
d 3 543
d 3 544
d 3 545
d 3 546
d 3 547
d 3 548
d 3 549
d 3 550
d 3 551
d 3 552
d 3 553
d 3 554
d 3 555
d 3 556
d 3 557
d 3 558
d 3 559
d 3 560
d 3 561
d 3 562
d 3 563
d 3 564
d 3 565
d 3 566
d 3 567
d 3 568
d 3 569
d 3 570
d 3 571
d 3 572
d 3 573
d 3 574
d 3 575
d 3 576
d 3 577
d 3 578
d 3 579
d 3 580
d 3 581
d 3 582
d 3 583
d 3 584
d 3 585
d 3 586
d 3 587
d 3 588
d 3 589
d 3 590
d 3 591
d 3 592
d 3 593
d 3 594
d 3 595
d 3 596
d 3 597
d 3 598
d 3 599
d 3 600
d 3 401
d 3 402
d 3 403
d 3 404
d 3 405
d 3 406
d 3 407
d 3 408
d 3 409
d 3 410
d 3 411
d 3 412
d 3 413
d 3 414
d 3 415
d 3 416
d 3 417
d 3 418
d 3 419
d 3 420
d 3 421
d 3 422
d 3 423
d 3 424
d 3 425
d 3 426
d 3 427
d 3 428
d 3 429
d 3 430
d 3 431
d 3 432
d 3 433
d 3 434
d 3 435
d 3 436
d 3 437
d 3 438
d 3 439
d 3 440
d 3 441
d 3 442
d 3 443
d 3 444
d 3 445
d 3 446
d 3 447
d 3 448
d 3 449
d 3 450
d 3 451
d 3 452
d 3 453
d 3 454
d 3 455
d 3 456
d 3 457
d 3 458
d 3 459
d 3 460
d 3 461
d 3 462
d 3 463
d 3 464
d 3 465
d 3 466
d 3 467
d 3 468
d 3 469
d 3 470
d 3 471
d 3 472
d 3 473
d 3 474
d 3 475
d 3 476
d 3 477
d 3 478
d 3 479
d 3 480
d 3 481
d 3 482
d 3 483
d 3 484
d 3 485
d 3 486
d 3 487
d 3 488
d 3 489
d 3 490
d 3 491
d 3 492
d 3 493
d 3 494
d 3 495
d 3 496
d 3 497
d 3 498
d 3 499
d 3 500
d 3 501
d 3 502
d 3 503
d 3 504
d 3 505
d 3 506
d 3 507
d 3 508
d 3 509
d 3 510
d 3 511
d 13 512
d 13 513
d 13 514
d 13 515
d 13 516
d 13 517
d 13 518
d 13 519
d 13 520
d 13 521
d 13 522
d 13 523
d 13 524
d 13 525
d 13 526
d 13 527
d 13 528
d 13 529
d 13 530
d 13 531
d 13 532
d 13 533
d 13 534
d 13 535
d 13 536
d 13 537
d 13 538
d 13 539
d 13 540
d 13 541
d 13 542
d 13 543
d 13 544
d 13 545
d 13 546
d 13 547
d 13 548
d 13 549
d 13 550
d 13 551
d 13 552
d 13 553
d 13 554
d 13 555
d 13 556
d 13 557
d 13 558
d 13 559
d 13 560
d 13 561
d 13 562
d 13 563
d 13 564
d 13 565
d 13 566
d 13 567
d 13 568
d 13 569
d 13 570
d 13 571
d 13 572
d 13 573
d 13 574
d 13 575
d 13 576
d 13 577
d 13 578
d 13 579
d 13 580
d 13 581
d 13 582
d 13 583
d 13 584
d 13 585
d 13 586
d 13 587
d 13 588
d 13 589
d 13 590
d 13 591
d 13 592
d 13 593
d 13 594
d 13 595
d 13 596
d 13 597
d 13 598
d 13 599
d 13 600
d 13 401
d 13 402
d 13 403
d 13 404
d 13 405
d 13 406
d 13 407
d 13 408
d 13 409
d 13 410
d 13 411
d 13 412
d 13 413
d 13 414
d 13 415
d 13 416
d 13 417
d 13 418
d 13 419
d 13 420
d 13 421
d 13 422
d 13 423
d 13 424
d 13 425
d 13 426
d 13 427
d 13 428
d 13 429
d 13 430
d 13 431
d 13 432
d 13 433
d 13 434
d 13 435
d 13 436
d 13 437
d 13 438
d 13 439
d 13 440
d 13 441
d 13 442
d 13 443
d 13 444
d 13 445
d 13 446
d 13 447
d 13 448
d 13 449
d 13 450
d 13 451
d 13 452
d 13 453
d 13 454
d 13 455
d 13 456
d 13 457
d 13 458
d 13 459
d 13 460
d 13 461
d 13 462
d 13 463
d 13 464
d 13 465
d 13 466
d 13 467
d 13 468
d 13 469
d 13 470
d 13 471
d 13 472
d 13 473
d 13 474
d 13 475
d 13 476
d 13 477
d 13 478
d 13 479
d 13 480
d 13 481
d 13 482
d 13 483
d 13 484
d 13 485
d 13 486
d 13 487
d 13 488
d 13 489
d 13 490
d 13 491
d 13 492
d 13 493
d 13 494
d 13 495
d 13 496
d 13 497
d 13 498
d 13 499
d 13 500
d 13 501
d 13 502
d 13 503
d 13 504
d 13 505
d 13 506
d 13 507
d 13 508
d 13 509
d 13 510
d 13 511
d 9 512
d 9 513
d 9 514
d 9 515
d 9 516
d 9 517
d 9 518
d 9 519
d 9 520
d 9 521
d 9 522
d 9 523
d 9 524
d 9 525
d 9 526
d 9 527
d 9 528
d 9 529
d 9 530
d 9 531
d 9 532
d 9 533
d 9 534
d 9 535
d 9 536
d 9 537
d 9 538
d 9 539
d 9 540
d 9 541
d 9 542
d 9 543
d 9 544
d 9 545
d 9 546
d 9 547
d 9 548
d 9 549
d 9 550
d 9 551
d 9 552
d 9 553
d 9 554
d 9 555
d 9 556
d 9 557
d 9 558
d 9 559
d 9 560
d 9 561
d 9 562
d 9 563
d 9 564
d 9 565
d 9 566
d 9 567
d 9 568
d 9 569
d 9 570
d 9 571
d 9 572
d 9 573
d 9 574
d 9 575
d 9 576
d 9 577
d 9 578
d 9 579
d 9 580
d 9 581
d 9 582
d 9 583
d 9 584
d 9 585
d 9 586
d 9 587
d 9 588
d 9 589
d 9 590
d 9 591
d 9 592
d 9 593
d 9 594
d 9 595
d 9 596
d 9 597
d 9 598
d 9 599
d 9 600
d 9 401
d 9 402
d 9 403
d 9 404
d 9 405
d 9 406
d 9 407
d 9 408
d 9 409
d 9 410
d 9 411
d 9 412
d 9 413
d 9 414
d 9 415
d 9 416
d 9 417
d 9 418
d 9 419
d 9 420
d 9 421
d 9 422
d 9 423
d 9 424
d 9 425
d 9 426
d 9 427
d 9 428
d 9 429
d 9 430
d 9 431
d 9 432
d 9 433
d 9 434
d 9 435
d 9 436
d 9 437
d 9 438
d 9 439
d 9 440
d 9 441
d 9 442
d 9 443
d 9 444
d 9 445
d 9 446
d 9 447
d 9 448
d 9 449
d 9 450
d 9 451
d 9 452
d 9 453
d 9 454
d 9 455
d 9 456
d 9 457
d 9 458
d 9 459
d 9 460
d 9 461
d 9 462
d 9 463
d 9 464
d 9 465
d 9 466
d 9 467
d 9 468
d 9 469
d 9 470
d 9 471
d 9 472
d 9 473
d 9 474
d 9 475
d 9 476
d 9 477
d 9 478
d 9 479
d 9 480
d 9 481
d 9 482
d 9 483
d 9 484
d 9 485
d 9 486
d 9 487
d 9 488
d 9 489
d 9 490
d 9 491
d 9 492
d 9 493
d 9 494
d 9 495
d 9 496
d 9 497
d 9 498
d 9 499
d 9 500
d 9 501
d 9 502
d 9 503
d 9 504
d 9 505
d 9 506
d 9 507
d 9 508
d 9 509
d 9 510
d 9 511
d 8 601
d 8 602
d 8 603
d 8 604
d 8 605
d 8 606
d 8 607
d 8 608
d 8 609
d 8 610
d 8 611
d 8 612
d 8 613
d 8 614
d 8 615
d 8 616
d 8 617
d 8 618
d 8 619
d 8 620
d 8 621
d 8 622
d 8 623
d 8 624
d 8 625
d 8 626
d 8 627
d 8 628
d 8 629
d 8 630
d 8 631
d 8 632
d 8 633
d 8 634
d 8 635
d 8 636
d 8 637
d 8 638
d 8 639
d 8 640
d 8 641
d 8 642
d 8 643
d 8 644
d 8 645
d 8 646
d 8 647
d 8 648
d 8 649
d 8 650
d 8 651
d 8 652
d 8 653
d 8 654
d 8 655
d 8 656
d 8 657
d 8 658
d 8 659
d 8 660
d 8 661
d 8 662
d 8 663
d 8 664
d 8 665
d 8 666
d 8 667
d 8 668
d 8 669
d 8 670
d 8 671
d 8 672
d 8 673
d 8 674
d 8 675
d 8 676
d 8 677
d 8 678
d 8 679
d 8 680
d 8 681
d 8 682
d 8 683
d 8 684
d 8 685
d 8 686
d 8 687
d 8 688
d 8 689
d 8 690
d 8 691
d 8 692
d 8 693
d 8 694
d 8 695
d 8 696
d 8 697
d 8 698
d 8 699
d 8 700
d 8 701
d 8 702
d 8 703
d 8 704
d 8 705
d 8 706
d 8 707
d 8 708
d 8 709
d 8 710
d 8 711
d 8 712
d 8 713
d 8 714
d 8 715
d 8 716
d 8 717
d 8 718
d 8 719
d 8 720
d 8 721
d 8 722
d 8 723
d 8 724
d 8 725
d 8 726
d 8 727
d 8 728
d 8 729
d 8 730
d 8 731
d 8 732
d 8 733
d 8 734
d 8 735
d 8 736
d 8 737
d 8 738
d 8 739
d 8 740
d 8 741
d 8 742
d 8 743
d 8 744
d 8 745
d 8 746
d 8 747
d 8 748
d 8 749
d 8 750
d 8 751
d 8 752
d 8 753
d 8 754
d 8 755
d 8 756
d 8 757
d 8 758
d 8 759
d 8 760
d 8 761
d 8 762
d 8 763
d 8 764
d 8 765
d 8 766
d 8 767
d 8 768
d 8 769
d 8 770
d 8 771
d 8 772
d 8 773
d 8 774
d 8 775
d 8 776
d 8 777
d 8 778
d 8 779
d 8 780
d 8 781
d 8 782
d 8 783
d 8 784
d 8 785
d 8 786
d 8 787
d 8 788
d 8 789
d 8 790
d 8 791
d 8 792
d 8 793
d 8 794
d 8 795
d 8 796
d 8 797
d 8 798
d 8 799
d 8 800
d 7 601
d 7 602
d 7 603
d 7 604
d 7 605
d 7 606
d 7 607
d 7 608
d 7 609
d 7 610
d 7 611
d 7 612
d 7 613
d 7 614
d 7 615
d 7 616
d 7 617
d 7 618
d 7 619
d 7 620
d 7 621
d 7 622
d 7 623
d 7 624
d 7 625
d 7 626
d 7 627
d 7 628
d 7 629
d 7 630
d 7 631
d 7 632
d 7 633
d 7 634
d 7 635
d 7 636
d 7 637
d 7 638
d 7 639
d 7 640
d 7 641
d 7 642
d 7 643
d 7 644
d 7 645
d 7 646
d 7 647
d 7 648
d 7 649
d 7 650
d 7 651
d 7 652
d 7 653
d 7 654
d 7 655
d 7 656
d 7 657
d 7 658
d 7 659
d 7 660
d 7 661
d 7 662
d 7 663
d 7 664
d 7 665
d 7 666
d 7 667
d 7 668
d 7 669
d 7 670
d 7 671
d 7 672
d 7 673
d 7 674
d 7 675
d 7 676
d 7 677
d 7 678
d 7 679
d 7 680
d 7 681
d 7 682
d 7 683
d 7 684
d 7 685
d 7 686
d 7 687
d 7 688
d 7 689
d 7 690
d 7 691
d 7 692
d 7 693
d 7 694
d 7 695
d 7 696
d 7 697
d 7 698
d 7 699
d 7 700
d 7 701
d 7 702
d 7 703
d 7 704
d 7 705
d 7 706
d 7 707
d 7 708
d 7 709
d 7 710
d 7 711
d 7 712
d 7 713
d 7 714
d 7 715
d 7 716
d 7 717
d 7 718
d 7 719
d 7 720
d 7 721
d 7 722
d 7 723
d 7 724
d 7 725
d 7 726
d 7 727
d 7 728
d 7 729
d 7 730
d 7 731
d 7 732
d 7 733
d 7 734
d 7 735
d 7 736
d 7 737
d 7 738
d 7 739
d 7 740
d 7 741
d 7 742
d 7 743
d 7 744
d 7 745
d 7 746
d 7 747
d 7 748
d 7 749
d 7 750
d 7 751
d 7 752
d 7 753
d 7 754
d 7 755
d 7 756
d 7 757
d 7 758
d 7 759
d 7 760
d 7 761
d 7 762
d 7 763
d 7 764
d 7 765
d 7 766
d 7 767
d 7 768
d 7 769
d 7 770
d 7 771
d 7 772
d 7 773
d 7 774
d 7 775
d 7 776
d 7 777
d 7 778
d 7 779
d 7 780
d 7 781
d 7 782
d 7 783
d 7 784
d 7 785
d 7 786
d 7 787
d 7 788
d 7 789
d 7 790
d 7 791
d 7 792
d 7 793
d 7 794
d 7 795
d 7 796
d 7 797
d 7 798
d 7 799
d 7 800
d 9 601
d 9 602
d 9 603
d 9 604
d 9 605
d 9 606
d 9 607
d 9 608
d 9 609
d 9 610
d 9 611
d 9 612
d 9 613
d 9 614
d 9 615
d 9 616
d 9 617
d 9 618
d 9 619
d 9 620
d 9 621
d 9 622
d 9 623
d 9 624
d 9 625
d 9 626
d 9 627
d 9 628
d 9 629
d 9 630
d 9 631
d 9 632
d 9 633
d 9 634
d 9 635
d 9 636
d 9 637
d 9 638
d 9 639
d 9 640
d 9 641
d 9 642
d 9 643
d 9 644
d 9 645
d 9 646
d 9 647
d 9 648
d 9 649
d 9 650
d 9 651
d 9 652
d 9 653
d 9 654
d 9 655
d 9 656
d 9 657
d 9 658
d 9 659
d 9 660
d 9 661
d 9 662
d 9 663
d 9 664
d 9 665
d 9 666
d 9 667
d 9 668
d 9 669
d 9 670
d 9 671
d 9 672
d 9 673
d 9 674
d 9 675
d 9 676
d 9 677
d 9 678
d 9 679
d 9 680
d 9 681
d 9 682
d 9 683
d 9 684
d 9 685
d 9 686
d 9 687
d 9 688
d 9 689
d 9 690
d 9 691
d 9 692
d 9 693
d 9 694
d 9 695
d 9 696
d 9 697
d 9 698
d 9 699
d 9 700
d 9 701
d 9 702
d 9 703
d 9 704
d 9 705
d 9 706
d 9 707
d 9 708
d 9 709
d 9 710
d 9 711
d 9 712
d 9 713
d 9 714
d 9 715
d 9 716
d 9 717
d 9 718
d 9 719
d 9 720
d 9 721
d 9 722
d 9 723
d 9 724
d 9 725
d 9 726
d 9 727
d 9 728
d 9 729
d 9 730
d 9 731
d 9 732
d 9 733
d 9 734
d 9 735
d 9 736
d 9 737
d 9 738
d 9 739
d 9 740
d 9 741
d 9 742
d 9 743
d 9 744
d 9 745
d 9 746
d 9 747
d 9 748
d 9 749
d 9 750
d 9 751
d 9 752
d 9 753
d 9 754
d 9 755
d 9 756
d 9 757
d 9 758
d 9 759
d 9 760
d 9 761
d 9 762
d 9 763
d 9 764
d 9 765
d 9 766
d 9 767
d 9 768
d 9 769
d 9 770
d 9 771
d 9 772
d 9 773
d 9 774
d 9 775
d 9 776
d 9 777
d 9 778
d 9 779
d 9 780
d 9 781
d 9 782
d 9 783
d 9 784
d 9 785
d 9 786
d 9 787
d 9 788
d 9 789
d 9 790
d 9 791
d 9 792
d 9 793
d 9 794
d 9 795
d 9 796
d 9 797
d 9 798
d 9 799
d 9 800
d 19 601
d 19 602
d 19 603
d 19 604
d 19 605
d 19 606
d 19 607
d 19 608
d 19 609
d 19 610
d 19 611
d 19 612
d 19 613
d 19 614
d 19 615
d 19 616
d 19 617
d 19 618
d 19 619
d 19 620
d 19 621
d 19 622
d 19 623
d 19 624
d 19 625
d 19 626
d 19 627
d 19 628
d 19 629
d 19 630
d 19 631
d 19 632
d 19 633
d 19 634
d 19 635
d 19 636
d 19 637
d 19 638
d 19 639
d 19 640
d 19 641
d 19 642
d 19 643
d 19 644
d 19 645
d 19 646
d 19 647
d 19 648
d 19 649
d 19 650
d 19 651
d 19 652
d 19 653
d 19 654
d 19 655
d 19 656
d 19 657
d 19 658
d 19 659
d 19 660
d 19 661
d 19 662
d 19 663
d 19 664
d 19 665
d 19 666
d 19 667
d 19 668
d 19 669
d 19 670
d 19 671
d 19 672
d 19 673
d 19 674
d 19 675
d 19 676
d 19 677
d 19 678
d 19 679
d 19 680
d 19 681
d 19 682
d 19 683
d 19 684
d 19 685
d 19 686
d 19 687
d 19 688
d 19 689
d 19 690
d 19 691
d 19 692
d 19 693
d 19 694
d 19 695
d 19 696
d 19 697
d 19 698
d 19 699
d 19 700
d 19 701
d 19 702
d 19 703
d 19 704
d 19 705
d 19 706
d 19 707
d 19 708
d 19 709
d 19 710
d 19 711
d 19 712
d 19 713
d 19 714
d 19 715
d 19 716
d 19 717
d 19 718
d 19 719
d 19 720
d 19 721
d 19 722
d 19 723
d 19 724
d 19 725
d 19 726
d 19 727
d 19 728
d 19 729
d 19 730
d 19 731
d 19 732
d 19 733
d 19 734
d 19 735
d 19 736
d 19 737
d 19 738
d 19 739
d 19 740
d 19 741
d 19 742
d 19 743
d 19 744
d 19 745
d 19 746
d 19 747
d 19 748
d 19 749
d 19 750
d 19 751
d 19 752
d 19 753
d 19 754
d 19 755
d 19 756
d 19 757
d 19 758
d 19 759
d 19 760
d 19 761
d 19 762
d 19 763
d 19 764
d 19 765
d 19 766
d 19 767
d 19 768
d 19 769
d 19 770
d 19 771
d 19 772
d 19 773
d 19 774
d 19 775
d 19 776
d 19 777
d 19 778
d 19 779
d 19 780
d 19 781
d 19 782
d 19 783
d 19 784
d 19 785
d 19 786
d 19 787
d 19 788
d 19 789
d 19 790
d 19 791
d 19 792
d 19 793
d 19 794
d 19 795
d 19 796
d 19 797
d 19 798
d 19 799
d 19 800
d 11 601
d 11 602
d 11 603
d 11 604
d 11 605
d 11 606
d 11 607
d 11 608
d 11 609
d 11 610
d 11 611
d 11 612
d 11 613
d 11 614
d 11 615
d 11 616
d 11 617
d 11 618
d 11 619
d 11 620
d 11 621
d 11 622
d 11 623
d 11 624
d 11 625
d 11 626
d 11 627
d 11 628
d 11 629
d 11 630
d 11 631
d 11 632
d 11 633
d 11 634
d 11 635
d 11 636
d 11 637
d 11 638
d 11 639
d 11 640
d 11 641
d 11 642
d 11 643
d 11 644
d 11 645
d 11 646
d 11 647
d 11 648
d 11 649
d 11 650
d 11 651
d 11 652
d 11 653
d 11 654
d 11 655
d 11 656
d 11 657
d 11 658
d 11 659
d 11 660
d 11 661
d 11 662
d 11 663
d 11 664
d 11 665
d 11 666
d 11 667
d 11 668
d 11 669
d 11 670
d 11 671
d 11 672
d 11 673
d 11 674
d 11 675
d 11 676
d 11 677
d 11 678
d 11 679
d 11 680
d 11 681
d 11 682
d 11 683
d 11 684
d 11 685
d 11 686
d 11 687
d 11 688
d 11 689
d 11 690
d 11 691
d 11 692
d 11 693
d 11 694
d 11 695
d 11 696
d 11 697
d 11 698
d 11 699
d 11 700
d 11 701
d 11 702
d 11 703
d 11 704
d 11 705
d 11 706
d 11 707
d 11 708
d 11 709
d 11 710
d 11 711
d 11 712
d 11 713
d 11 714
d 11 715
d 11 716
d 11 717
d 11 718
d 11 719
d 11 720
d 11 721
d 11 722
d 11 723
d 11 724
d 11 725
d 11 726
d 11 727
d 11 728
d 11 729
d 11 730
d 11 731
d 11 732
d 11 733
d 11 734
d 11 735
d 11 736
d 11 737
d 11 738
d 11 739
d 11 740
d 11 741
d 11 742
d 11 743
d 11 744
d 11 745
d 11 746
d 11 747
d 11 748
d 11 749
d 11 750
d 11 751
d 11 752
d 11 753
d 11 754
d 11 755
d 11 756
d 11 757
d 11 758
d 11 759
d 11 760
d 11 761
d 11 762
d 11 763
d 11 764
d 11 765
d 11 766
d 11 767
d 11 768
d 11 769
d 11 770
d 11 771
d 11 772
d 11 773
d 11 774
d 11 775
d 11 776
d 11 777
d 11 778
d 11 779
d 11 780
d 11 781
d 11 782
d 11 783
d 11 784
d 11 785
d 11 786
d 11 787
d 11 788
d 11 789
d 11 790
d 11 791
d 11 792
d 11 793
d 11 794
d 11 795
d 11 796
d 11 797
d 11 798
d 11 799
d 11 800
d 10 601
d 10 602
d 10 603
d 10 604
d 10 605
d 10 606
d 10 607
d 10 608
d 10 609
d 10 610
d 10 611
d 10 612
d 10 613
d 10 614
d 10 615
d 10 616
d 10 617
d 10 618
d 10 619
d 10 620
d 10 621
d 10 622
d 10 623
d 10 624
d 10 625
d 10 626
d 10 627
d 10 628
d 10 629
d 10 630
d 10 631
d 10 632
d 10 633
d 10 634
d 10 635
d 10 636
d 10 637
d 10 638
d 10 639
d 10 640
d 10 641
d 10 642
d 10 643
d 10 644
d 10 645
d 10 646
d 10 647
d 10 648
d 10 649
d 10 650
d 10 651
d 10 652
d 10 653
d 10 654
d 10 655
d 10 656
d 10 657
d 10 658
d 10 659
d 10 660
d 10 661
d 10 662
d 10 663
d 10 664
d 10 665
d 10 666
d 10 667
d 10 668
d 10 669
d 10 670
d 10 671
d 10 672
d 10 673
d 10 674
d 10 675
d 10 676
d 10 677
d 10 678
d 10 679
d 10 680
d 10 681
d 10 682
d 10 683
d 10 684
d 10 685
d 10 686
d 10 687
d 10 688
d 10 689
d 10 690
d 10 691
d 10 692
d 10 693
d 10 694
d 10 695
d 10 696
d 10 697
d 10 698
d 10 699
d 10 700
d 10 701
d 10 702
d 10 703
d 10 704
d 10 705
d 10 706
d 10 707
d 10 708
d 10 709
d 10 710
d 10 711
d 10 712
d 10 713
d 10 714
d 10 715
d 10 716
d 10 717
d 10 718
d 10 719
d 10 720
d 10 721
d 10 722
d 10 723
d 10 724
d 10 725
d 10 726
d 10 727
d 10 728
d 10 729
d 10 730
d 10 731
d 10 732
d 10 733
d 10 734
d 10 735
d 10 736
d 10 737
d 10 738
d 10 739
d 10 740
d 10 741
d 10 742
d 10 743
d 10 744
d 10 745
d 10 746
d 10 747
d 10 748
d 10 749
d 10 750
d 10 751
d 10 752
d 10 753
d 10 754
d 10 755
d 10 756
d 10 757
d 10 758
d 10 759
d 10 760
d 10 761
d 10 762
d 10 763
d 10 764
d 10 765
d 10 766
d 10 767
d 10 768
d 10 769
d 10 770
d 10 771
d 10 772
d 10 773
d 10 774
d 10 775
d 10 776
d 10 777
d 10 778
d 10 779
d 10 780
d 10 781
d 10 782
d 10 783
d 10 784
d 10 785
d 10 786
d 10 787
d 10 788
d 10 789
d 10 790
d 10 791
d 10 792
d 10 793
d 10 794
d 10 795
d 10 796
d 10 797
d 10 798
d 10 799
d 10 800
d 2 601
d 2 602
d 2 603
d 2 604
d 2 605
d 2 606
d 2 607
d 2 608
d 2 609
d 2 610
d 2 611
d 2 612
d 2 613
d 2 614
d 2 615
d 2 616
d 2 617
d 2 618
d 2 619
d 2 620
d 2 621
d 2 622
d 2 623
d 2 624
d 2 625
d 2 626
d 2 627
d 2 628
d 2 629
d 2 630
d 2 631
d 2 632
d 2 633
d 2 634
d 2 635
d 2 636
d 2 637
d 2 638
d 2 639
d 2 640
d 2 641
d 2 642
d 2 643
d 2 644
d 2 645
d 2 646
d 2 647
d 2 648
d 2 649
d 2 650
d 2 651
d 2 652
d 2 653
d 2 654
d 2 655
d 2 656
d 2 657
d 2 658
d 2 659
d 2 660
d 2 661
d 2 662
d 2 663
d 2 664
d 2 665
d 2 666
d 2 667
d 2 668
d 2 669
d 2 670
d 2 671
d 2 672
d 2 673
d 2 674
d 2 675
d 2 676
d 2 677
d 2 678
d 2 679
d 2 680
d 2 681
d 2 682
d 2 683
d 2 684
d 2 685
d 2 686
d 2 687
d 2 688
d 2 689
d 2 690
d 2 691
d 2 692
d 2 693
d 2 694
d 2 695
d 2 696
d 2 697
d 2 698
d 2 699
d 2 700
d 2 701
d 2 702
d 2 703
d 2 704
d 2 705
d 2 706
d 2 707
d 2 708
d 2 709
d 2 710
d 2 711
d 2 712
d 2 713
d 2 714
d 2 715
d 2 716
d 2 717
d 2 718
d 2 719
d 2 720
d 2 721
d 2 722
d 2 723
d 2 724
d 2 725
d 2 726
d 2 727
d 2 728
d 2 729
d 2 730
d 2 731
d 2 732
d 2 733
d 2 734
d 2 735
d 2 736
d 2 737
d 2 738
d 2 739
d 2 740
d 2 741
d 2 742
d 2 743
d 2 744
d 2 745
d 2 746
d 2 747
d 2 748
d 2 749
d 2 750
d 2 751
d 2 752
d 2 753
d 2 754
d 2 755
d 2 756
d 2 757
d 2 758
d 2 759
d 2 760
d 2 761
d 2 762
d 2 763
d 2 764
d 2 765
d 2 766
d 2 767
d 2 768
d 2 769
d 2 770
d 2 771
d 2 772
d 2 773
d 2 774
d 2 775
d 2 776
d 2 777
d 2 778
d 2 779
d 2 780
d 2 781
d 2 782
d 2 783
d 2 784
d 2 785
d 2 786
d 2 787
d 2 788
d 2 789
d 2 790
d 2 791
d 2 792
d 2 793
d 2 794
d 2 795
d 2 796
d 2 797
d 2 798
d 2 799
d 2 800
d 13 601
d 13 602
d 13 603
d 13 604
d 13 605
d 13 606
d 13 607
d 13 608
d 13 609
d 13 610
d 13 611
d 13 612
d 13 613
d 13 614
d 13 615
d 13 616
d 13 617
d 13 618
d 13 619
d 13 620
d 13 621
d 13 622
d 13 623
d 13 624
d 13 625
d 13 626
d 13 627
d 13 628
d 13 629
d 13 630
d 13 631
d 13 632
d 13 633
d 13 634
d 13 635
d 13 636
d 13 637
d 13 638
d 13 639
d 13 640
d 13 641
d 13 642
d 13 643
d 13 644
d 13 645
d 13 646
d 13 647
d 13 648
d 13 649
d 13 650
d 13 651
d 13 652
d 13 653
d 13 654
d 13 655
d 13 656
d 13 657
d 13 658
d 13 659
d 13 660
d 13 661
d 13 662
d 13 663
d 13 664
d 13 665
d 13 666
d 13 667
d 13 668
d 13 669
d 13 670
d 13 671
d 13 672
d 13 673
d 13 674
d 13 675
d 13 676
d 13 677
d 13 678
d 13 679
d 13 680
d 13 681
d 13 682
d 13 683
d 13 684
d 13 685
d 13 686
d 13 687
d 13 688
d 13 689
d 13 690
d 13 691
d 13 692
d 13 693
d 13 694
d 13 695
d 13 696
d 13 697
d 13 698
d 13 699
d 13 700
d 13 701
d 13 702
d 13 703
d 13 704
d 13 705
d 13 706
d 13 707
d 13 708
d 13 709
d 13 710
d 13 711
d 13 712
d 13 713
d 13 714
d 13 715
d 13 716
d 13 717
d 13 718
d 13 719
d 13 720
d 13 721
d 13 722
d 13 723
d 13 724
d 13 725
d 13 726
d 13 727
d 13 728
d 13 729
d 13 730
d 13 731
d 13 732
d 13 733
d 13 734
d 13 735
d 13 736
d 13 737
d 13 738
d 13 739
d 13 740
d 13 741
d 13 742
d 13 743
d 13 744
d 13 745
d 13 746
d 13 747
d 13 748
d 13 749
d 13 750
d 13 751
d 13 752
d 13 753
d 13 754
d 13 755
d 13 756
d 13 757
d 13 758
d 13 759
d 13 760
d 13 761
d 13 762
d 13 763
d 13 764
d 13 765
d 13 766
d 13 767
d 13 768
d 13 769
d 13 770
d 13 771
d 13 772
d 13 773
d 13 774
d 13 775
d 13 776
d 13 777
d 13 778
d 13 779
d 13 780
d 13 781
d 13 782
d 13 783
d 13 784
d 13 785
d 13 786
d 13 787
d 13 788
d 13 789
d 13 790
d 13 791
d 13 792
d 13 793
d 13 794
d 13 795
d 13 796
d 13 797
d 13 798
d 13 799
d 13 800
d 3 601
d 3 602
d 3 603
d 3 604
d 3 605
d 3 606
d 3 607
d 3 608
d 3 609
d 3 610
d 3 611
d 3 612
d 3 613
d 3 614
d 3 615
d 3 616
d 3 617
d 3 618
d 3 619
d 3 620
d 3 621
d 3 622
d 3 623
d 3 624
d 3 625
d 3 626
d 3 627
d 3 628
d 3 629
d 3 630
d 3 631
d 3 632
d 3 633
d 3 634
d 3 635
d 3 636
d 3 637
d 3 638
d 3 639
d 3 640
d 3 641
d 3 642
d 3 643
d 3 644
d 3 645
d 3 646
d 3 647
d 3 648
d 3 649
d 3 650
d 3 651
d 3 652
d 3 653
d 3 654
d 3 655
d 3 656
d 3 657
d 3 658
d 3 659
d 3 660
d 3 661
d 3 662
d 3 663
d 3 664
d 3 665
d 3 666
d 3 667
d 3 668
d 3 669
d 3 670
d 3 671
d 3 672
d 3 673
d 3 674
d 3 675
d 3 676
d 3 677
d 3 678
d 3 679
d 3 680
d 3 681
d 3 682
d 3 683
d 3 684
d 3 685
d 3 686
d 3 687
d 3 688
d 3 689
d 3 690
d 3 691
d 3 692
d 3 693
d 3 694
d 3 695
d 3 696
d 3 697
d 3 698
d 3 699
d 3 700
d 3 701
d 3 702
d 3 703
d 3 704
d 3 705
d 3 706
d 3 707
d 3 708
d 3 709
d 3 710
d 3 711
d 3 712
d 3 713
d 3 714
d 3 715
d 3 716
d 3 717
d 3 718
d 3 719
d 3 720
d 3 721
d 3 722
d 3 723
d 3 724
d 3 725
d 3 726
d 3 727
d 3 728
d 3 729
d 3 730
d 3 731
d 3 732
d 3 733
d 3 734
d 3 735
d 3 736
d 3 737
d 3 738
d 3 739
d 3 740
d 3 741
d 3 742
d 3 743
d 3 744
d 3 745
d 3 746
d 3 747
d 3 748
d 3 749
d 3 750
d 3 751
d 3 752
d 3 753
d 3 754
d 3 755
d 3 756
d 3 757
d 3 758
d 3 759
d 3 760
d 3 761
d 3 762
d 3 763
d 3 764
d 3 765
d 3 766
d 3 767
d 3 768
d 3 769
d 3 770
d 3 771
d 3 772
d 3 773
d 3 774
d 3 775
d 3 776
d 3 777
d 3 778
d 3 779
d 3 780
d 3 781
d 3 782
d 3 783
d 3 784
d 3 785
d 3 786
d 3 787
d 3 788
d 3 789
d 3 790
d 3 791
d 3 792
d 3 793
d 3 794
d 3 795
d 3 796
d 3 797
d 3 798
d 3 799
d 3 800
d 6 601
d 6 602
d 6 603
d 6 604
d 6 605
d 6 606
d 6 607
d 6 608
d 6 609
d 6 610
d 6 611
d 6 612
d 6 613
d 6 614
d 6 615
d 6 616
d 6 617
d 6 618
d 6 619
d 6 620
d 6 621
d 6 622
d 6 623
d 6 624
d 6 625
d 6 626
d 6 627
d 6 628
d 6 629
d 6 630
d 6 631
d 6 632
d 6 633
d 6 634
d 6 635
d 6 636
d 6 637
d 6 638
d 6 639
d 6 640
d 6 641
d 6 642
d 6 643
d 6 644
d 6 645
d 6 646
d 6 647
d 6 648
d 6 649
d 6 650
d 6 651
d 6 652
d 6 653
d 6 654
d 6 655
d 6 656
d 6 657
d 6 658
d 6 659
d 6 660
d 6 661
d 6 662
d 6 663
d 6 664
d 6 665
d 6 666
d 6 667
d 6 668
d 6 669
d 6 670
d 6 671
d 6 672
d 6 673
d 6 674
d 6 675
d 6 676
d 6 677
d 6 678
d 6 679
d 6 680
d 6 681
d 6 682
d 6 683
d 6 684
d 6 685
d 6 686
d 6 687
d 6 688
d 6 689
d 6 690
d 6 691
d 6 692
d 6 693
d 6 694
d 6 695
d 6 696
d 6 697
d 6 698
d 6 699
d 6 700
d 6 701
d 6 702
d 6 703
d 6 704
d 6 705
d 6 706
d 6 707
d 6 708
d 6 709
d 6 710
d 6 711
d 6 712
d 6 713
d 6 714
d 6 715
d 6 716
d 6 717
d 6 718
d 6 719
d 6 720
d 6 721
d 6 722
d 6 723
d 6 724
d 6 725
d 6 726
d 6 727
d 6 728
d 6 729
d 6 730
d 6 731
d 6 732
d 6 733
d 6 734
d 6 735
d 6 736
d 6 737
d 6 738
d 6 739
d 6 740
d 6 741
d 6 742
d 6 743
d 6 744
d 6 745
d 6 746
d 6 747
d 6 748
d 6 749
d 6 750
d 6 751
d 6 752
d 6 753
d 6 754
d 6 755
d 6 756
d 6 757
d 6 758
d 6 759
d 6 760
d 6 761
d 6 762
d 6 763
d 6 764
d 6 765
d 6 766
d 6 767
d 6 768
d 6 769
d 6 770
d 6 771
d 6 772
d 6 773
d 6 774
d 6 775
d 6 776
d 6 777
d 6 778
d 6 779
d 6 780
d 6 781
d 6 782
d 6 783
d 6 784
d 6 785
d 6 786
d 6 787
d 6 788
d 6 789
d 6 790
d 6 791
d 6 792
d 6 793
d 6 794
d 6 795
d 6 796
d 6 797
d 6 798
d 6 799
d 6 800
d 7 801
d 7 802
d 7 803
d 7 804
d 7 805
d 7 806
d 7 807
d 7 808
d 7 809
d 7 810
d 7 811
d 7 812
d 7 813
d 7 814
d 7 815
d 7 816
d 7 817
d 7 818
d 7 819
d 7 820
d 7 821
d 7 822
d 7 823
d 7 824
d 7 825
d 7 826
d 7 827
d 7 828
d 7 829
d 7 830
d 7 831
d 7 832
d 7 833
d 7 834
d 7 835
d 7 836
d 7 837
d 7 838
d 7 839
d 7 840
d 7 841
d 7 842
d 7 843
d 7 844
d 7 845
d 7 846
d 7 847
d 7 848
d 7 849
d 7 850
d 7 851
d 7 852
d 7 853
d 7 854
d 7 855
d 7 856
d 7 857
d 7 858
d 7 859
d 7 860
d 7 861
d 7 862
d 7 863
d 7 864
d 7 865
d 7 866
d 7 867
d 7 868
d 7 869
d 7 870
d 7 871
d 7 872
d 7 873
d 7 874
d 7 875
d 7 876
d 7 877
d 7 878
d 7 879
d 7 880
d 7 881
d 7 882
d 7 883
d 7 884
d 7 885
d 7 886
d 7 887
d 7 888
d 7 889
d 7 890
d 7 891
d 7 892
d 7 893
d 7 894
d 7 895
d 7 896
d 7 897
d 7 898
d 7 899
d 7 900
d 7 901
d 7 902
d 7 903
d 7 904
d 7 905
d 7 906
d 7 907
d 7 908
d 7 909
d 7 910
d 7 911
d 7 912
d 7 913
d 7 914
d 7 915
d 7 916
d 7 917
d 7 918
d 7 919
d 7 920
d 7 921
d 7 922
d 7 923
d 7 924
d 7 925
d 7 926
d 7 927
d 7 928
d 7 929
d 7 930
d 7 931
d 7 932
d 7 933
d 7 934
d 7 935
d 7 936
d 7 937
d 7 938
d 7 939
d 7 940
d 7 941
d 7 942
d 7 943
d 7 944
d 7 945
d 7 946
d 7 947
d 7 948
d 7 949
d 7 950
d 7 951
d 7 952
d 7 953
d 7 954
d 7 955
d 7 956
d 7 957
d 7 958
d 7 959
d 7 960
d 7 961
d 7 962
d 7 963
d 7 964
d 7 965
d 7 966
d 7 967
d 7 968
d 7 969
d 7 970
d 7 971
d 7 972
d 7 973
d 7 974
d 7 975
d 7 976
d 7 977
d 7 978
d 7 979
d 7 980
d 7 981
d 7 982
d 7 983
d 7 984
d 7 985
d 7 986
d 7 987
d 7 988
d 7 989
d 7 990
d 7 991
d 7 992
d 7 993
d 7 994
d 7 995
d 7 996
d 7 997
d 7 998
d 7 999
d 7 1000
d 8 801
d 8 802
d 8 803
d 8 804
d 8 805
d 8 806
d 8 807
d 8 808
d 8 809
d 8 810
d 8 811
d 8 812
d 8 813
d 8 814
d 8 815
d 8 816
d 8 817
d 8 818
d 8 819
d 8 820
d 8 821
d 8 822
d 8 823
d 8 824
d 8 825
d 8 826
d 8 827
d 8 828
d 8 829
d 8 830
d 8 831
d 8 832
d 8 833
d 8 834
d 8 835
d 8 836
d 8 837
d 8 838
d 8 839
d 8 840
d 8 841
d 8 842
d 8 843
d 8 844
d 8 845
d 8 846
d 8 847
d 8 848
d 8 849
d 8 850
d 8 851
d 8 852
d 8 853
d 8 854
d 8 855
d 8 856
d 8 857
d 8 858
d 8 859
d 8 860
d 8 861
d 8 862
d 8 863
d 8 864
d 8 865
d 8 866
d 8 867
d 8 868
d 8 869
d 8 870
d 8 871
d 8 872
d 8 873
d 8 874
d 8 875
d 8 876
d 8 877
d 8 878
d 8 879
d 8 880
d 8 881
d 8 882
d 8 883
d 8 884
d 8 885
d 8 886
d 8 887
d 8 888
d 8 889
d 8 890
d 8 891
d 8 892
d 8 893
d 8 894
d 8 895
d 8 896
d 8 897
d 8 898
d 8 899
d 8 900
d 8 901
d 8 902
d 8 903
d 8 904
d 8 905
d 8 906
d 8 907
d 8 908
d 8 909
d 8 910
d 8 911
d 8 912
d 8 913
d 8 914
d 8 915
d 8 916
d 8 917
d 8 918
d 8 919
d 8 920
d 8 921
d 8 922
d 8 923
d 8 924
d 8 925
d 8 926
d 8 927
d 8 928
d 8 929
d 8 930
d 8 931
d 8 932
d 8 933
d 8 934
d 8 935
d 8 936
d 8 937
d 8 938
d 8 939
d 8 940
d 8 941
d 8 942
d 8 943
d 8 944
d 8 945
d 8 946
d 8 947
d 8 948
d 8 949
d 8 950
d 8 951
d 8 952
d 8 953
d 8 954
d 8 955
d 8 956
d 8 957
d 8 958
d 8 959
d 8 960
d 8 961
d 8 962
d 8 963
d 8 964
d 8 965
d 8 966
d 8 967
d 8 968
d 8 969
d 8 970
d 8 971
d 8 972
d 8 973
d 8 974
d 8 975
d 8 976
d 8 977
d 8 978
d 8 979
d 8 980
d 8 981
d 8 982
d 8 983
d 8 984
d 8 985
d 8 986
d 8 987
d 8 988
d 8 989
d 8 990
d 8 991
d 8 992
d 8 993
d 8 994
d 8 995
d 8 996
d 8 997
d 8 998
d 8 999
d 8 1000
d 9 801
d 9 802
d 9 803
d 9 804
d 9 805
d 9 806
d 9 807
d 9 808
d 9 809
d 9 810
d 9 811
d 9 812
d 9 813
d 9 814
d 9 815
d 9 816
d 9 817
d 9 818
d 9 819
d 9 820
d 9 821
d 9 822
d 9 823
d 9 824
d 9 825
d 9 826
d 9 827
d 9 828
d 9 829
d 9 830
d 9 831
d 9 832
d 9 833
d 9 834
d 9 835
d 9 836
d 9 837
d 9 838
d 9 839
d 9 840
d 9 841
d 9 842
d 9 843
d 9 844
d 9 845
d 9 846
d 9 847
d 9 848
d 9 849
d 9 850
d 9 851
d 9 852
d 9 853
d 9 854
d 9 855
d 9 856
d 9 857
d 9 858
d 9 859
d 9 860
d 9 861
d 9 862
d 9 863
d 9 864
d 9 865
d 9 866
d 9 867
d 9 868
d 9 869
d 9 870
d 9 871
d 9 872
d 9 873
d 9 874
d 9 875
d 9 876
d 9 877
d 9 878
d 9 879
d 9 880
d 9 881
d 9 882
d 9 883
d 9 884
d 9 885
d 9 886
d 9 887
d 9 888
d 9 889
d 9 890
d 9 891
d 9 892
d 9 893
d 9 894
d 9 895
d 9 896
d 9 897
d 9 898
d 9 899
d 9 900
d 9 901
d 9 902
d 9 903
d 9 904
d 9 905
d 9 906
d 9 907
d 9 908
d 9 909
d 9 910
d 9 911
d 9 912
d 9 913
d 9 914
d 9 915
d 9 916
d 9 917
d 9 918
d 9 919
d 9 920
d 9 921
d 9 922
d 9 923
d 9 924
d 9 925
d 9 926
d 9 927
d 9 928
d 9 929
d 9 930
d 9 931
d 9 932
d 9 933
d 9 934
d 9 935
d 9 936
d 9 937
d 9 938
d 9 939
d 9 940
d 9 941
d 9 942
d 9 943
d 9 944
d 9 945
d 9 946
d 9 947
d 9 948
d 9 949
d 9 950
d 9 951
d 9 952
d 9 953
d 9 954
d 9 955
d 9 956
d 9 957
d 9 958
d 9 959
d 9 960
d 9 961
d 9 962
d 9 963
d 9 964
d 9 965
d 9 966
d 9 967
d 9 968
d 9 969
d 9 970
d 9 971
d 9 972
d 9 973
d 9 974
d 9 975
d 9 976
d 9 977
d 9 978
d 9 979
d 9 980
d 9 981
d 9 982
d 9 983
d 9 984
d 9 985
d 9 986
d 9 987
d 9 988
d 9 989
d 9 990
d 9 991
d 9 992
d 9 993
d 9 994
d 9 995
d 9 996
d 9 997
d 9 998
d 9 999
d 9 1000
d 19 801
d 19 802
d 19 803
d 19 804
d 19 805
d 19 806
d 19 807
d 19 808
d 19 809
d 19 810
d 19 811
d 19 812
d 19 813
d 19 814
d 19 815
d 19 816
d 19 817
d 19 818
d 19 819
d 19 820
d 19 821
d 19 822
d 19 823
d 19 824
d 19 825
d 19 826
d 19 827
d 19 828
d 19 829
d 19 830
d 19 831
d 19 832
d 19 833
d 19 834
d 19 835
d 19 836
d 19 837
d 19 838
d 19 839
d 19 840
d 19 841
d 19 842
d 19 843
d 19 844
d 19 845
d 19 846
d 19 847
d 19 848
d 19 849
d 19 850
d 19 851
d 19 852
d 19 853
d 19 854
d 19 855
d 19 856
d 19 857
d 19 858
d 19 859
d 19 860
d 19 861
d 19 862
d 19 863
d 19 864
d 19 865
d 19 866
d 19 867
d 19 868
d 19 869
d 19 870
d 19 871
d 19 872
d 19 873
d 19 874
d 19 875
d 19 876
d 19 877
d 19 878
d 19 879
d 19 880
d 19 881
d 19 882
d 19 883
d 19 884
d 19 885
d 19 886
d 19 887
d 19 888
d 19 889
d 19 890
d 19 891
d 19 892
d 19 893
d 19 894
d 19 895
d 19 896
d 19 897
d 19 898
d 19 899
d 19 900
d 19 901
d 19 902
d 19 903
d 19 904
d 19 905
d 19 906
d 19 907
d 19 908
d 19 909
d 19 910
d 19 911
d 19 912
d 19 913
d 19 914
d 19 915
d 19 916
d 19 917
d 19 918
d 19 919
d 19 920
d 19 921
d 19 922
d 19 923
d 19 924
d 19 925
d 19 926
d 19 927
d 19 928
d 19 929
d 19 930
d 19 931
d 19 932
d 19 933
d 19 934
d 19 935
d 19 936
d 19 937
d 19 938
d 19 939
d 19 940
d 19 941
d 19 942
d 19 943
d 19 944
d 19 945
d 19 946
d 19 947
d 19 948
d 19 949
d 19 950
d 19 951
d 19 952
d 19 953
d 19 954
d 19 955
d 19 956
d 19 957
d 19 958
d 19 959
d 19 960
d 19 961
d 19 962
d 19 963
d 19 964
d 19 965
d 19 966
d 19 967
d 19 968
d 19 969
d 19 970
d 19 971
d 19 972
d 19 973
d 19 974
d 19 975
d 19 976
d 19 977
d 19 978
d 19 979
d 19 980
d 19 981
d 19 982
d 19 983
d 19 984
d 19 985
d 19 986
d 19 987
d 19 988
d 19 989
d 19 990
d 19 991
d 19 992
d 19 993
d 19 994
d 19 995
d 19 996
d 19 997
d 19 998
d 19 999
d 19 1000
d 11 801
d 11 802
d 11 803
d 11 804
d 11 805
d 11 806
d 11 807
d 11 808
d 11 809
d 11 810
d 11 811
d 11 812
d 11 813
d 11 814
d 11 815
d 11 816
d 11 817
d 11 818
d 11 819
d 11 820
d 11 821
d 11 822
d 11 823
d 11 824
d 11 825
d 11 826
d 11 827
d 11 828
d 11 829
d 11 830
d 11 831
d 11 832
d 11 833
d 11 834
d 11 835
d 11 836
d 11 837
d 11 838
d 11 839
d 11 840
d 11 841
d 11 842
d 11 843
d 11 844
d 11 845
d 11 846
d 11 847
d 11 848
d 11 849
d 11 850
d 11 851
d 11 852
d 11 853
d 11 854
d 11 855
d 11 856
d 11 857
d 11 858
d 11 859
d 11 860
d 11 861
d 11 862
d 11 863
d 11 864
d 11 865
d 11 866
d 11 867
d 11 868
d 11 869
d 11 870
d 11 871
d 11 872
d 11 873
d 11 874
d 11 875
d 11 876
d 11 877
d 11 878
d 11 879
d 11 880
d 11 881
d 11 882
d 11 883
d 11 884
d 11 885
d 11 886
d 11 887
d 11 888
d 11 889
d 11 890
d 11 891
d 11 892
d 11 893
d 11 894
d 11 895
d 11 896
d 11 897
d 11 898
d 11 899
d 11 900
d 11 901
d 11 902
d 11 903
d 11 904
d 11 905
d 11 906
d 11 907
d 11 908
d 11 909
d 11 910
d 11 911
d 11 912
d 11 913
d 11 914
d 11 915
d 11 916
d 11 917
d 11 918
d 11 919
d 11 920
d 11 921
d 11 922
d 11 923
d 11 924
d 11 925
d 11 926
d 11 927
d 11 928
d 11 929
d 11 930
d 11 931
d 11 932
d 11 933
d 11 934
d 11 935
d 11 936
d 11 937
d 11 938
d 11 939
d 11 940
d 11 941
d 11 942
d 11 943
d 11 944
d 11 945
d 11 946
d 11 947
d 11 948
d 11 949
d 11 950
d 11 951
d 11 952
d 11 953
d 11 954
d 11 955
d 11 956
d 11 957
d 11 958
d 11 959
d 11 960
d 11 961
d 11 962
d 11 963
d 11 964
d 11 965
d 11 966
d 11 967
d 11 968
d 11 969
d 11 970
d 11 971
d 11 972
d 11 973
d 11 974
d 11 975
d 11 976
d 11 977
d 11 978
d 11 979
d 11 980
d 11 981
d 11 982
d 11 983
d 11 984
d 11 985
d 11 986
d 11 987
d 11 988
d 11 989
d 11 990
d 11 991
d 11 992
d 11 993
d 11 994
d 11 995
d 11 996
d 11 997
d 11 998
d 11 999
d 11 1000
d 10 801
d 10 802
d 10 803
d 10 804
d 10 805
d 10 806
d 10 807
d 10 808
d 10 809
d 10 810
d 10 811
d 10 812
d 10 813
d 10 814
d 10 815
d 10 816
d 10 817
d 10 818
d 10 819
d 10 820
d 10 821
d 10 822
d 10 823
d 10 824
d 10 825
d 10 826
d 10 827
d 10 828
d 10 829
d 10 830
d 10 831
d 10 832
d 10 833
d 10 834
d 10 835
d 10 836
d 10 837
d 10 838
d 10 839
d 10 840
d 10 841
d 10 842
d 10 843
d 10 844
d 10 845
d 10 846
d 10 847
d 10 848
d 10 849
d 10 850
d 10 851
d 10 852
d 10 853
d 10 854
d 10 855
d 10 856
d 10 857
d 10 858
d 10 859
d 10 860
d 10 861
d 10 862
d 10 863
d 10 864
d 10 865
d 10 866
d 10 867
d 10 868
d 10 869
d 10 870
d 10 871
d 10 872
d 10 873
d 10 874
d 10 875
d 10 876
d 10 877
d 10 878
d 10 879
d 10 880
d 10 881
d 10 882
d 10 883
d 10 884
d 10 885
d 10 886
d 10 887
d 10 888
d 10 889
d 10 890
d 10 891
d 10 892
d 10 893
d 10 894
d 10 895
d 10 896
d 10 897
d 10 898
d 10 899
d 10 900
d 10 901
d 10 902
d 10 903
d 10 904
d 10 905
d 10 906
d 10 907
d 10 908
d 10 909
d 10 910
d 10 911
d 10 912
d 10 913
d 10 914
d 10 915
d 10 916
d 10 917
d 10 918
d 10 919
d 10 920
d 10 921
d 10 922
d 10 923
d 10 924
d 10 925
d 10 926
d 10 927
d 10 928
d 10 929
d 10 930
d 10 931
d 10 932
d 10 933
d 10 934
d 10 935
d 10 936
d 10 937
d 10 938
d 10 939
d 10 940
d 10 941
d 10 942
d 10 943
d 10 944
d 10 945
d 10 946
d 10 947
d 10 948
d 10 949
d 10 950
d 10 951
d 10 952
d 10 953
d 10 954
d 10 955
d 10 956
d 10 957
d 10 958
d 10 959
d 10 960
d 10 961
d 10 962
d 10 963
d 10 964
d 10 965
d 10 966
d 10 967
d 10 968
d 10 969
d 10 970
d 10 971
d 10 972
d 10 973
d 10 974
d 10 975
d 10 976
d 10 977
d 10 978
d 10 979
d 10 980
d 10 981
d 10 982
d 10 983
d 10 984
d 10 985
d 10 986
d 10 987
d 10 988
d 10 989
d 10 990
d 10 991
d 10 992
d 10 993
d 10 994
d 10 995
d 10 996
d 10 997
d 10 998
d 10 999
d 10 1000
d 2 801
d 2 802
d 2 803
d 2 804
d 2 805
d 2 806
d 2 807
d 2 808
d 2 809
d 2 810
d 2 811
d 2 812
d 2 813
d 2 814
d 2 815
d 2 816
d 2 817
d 2 818
d 2 819
d 2 820
d 2 821
d 2 822
d 2 823
d 2 824
d 2 825
d 2 826
d 2 827
d 2 828
d 2 829
d 2 830
d 2 831
d 2 832
d 2 833
d 2 834
d 2 835
d 2 836
d 2 837
d 2 838
d 2 839
d 2 840
d 2 841
d 2 842
d 2 843
d 2 844
d 2 845
d 2 846
d 2 847
d 2 848
d 2 849
d 2 850
d 2 851
d 2 852
d 2 853
d 2 854
d 2 855
d 2 856
d 2 857
d 2 858
d 2 859
d 2 860
d 2 861
d 2 862
d 2 863
d 2 864
d 2 865
d 2 866
d 2 867
d 2 868
d 2 869
d 2 870
d 2 871
d 2 872
d 2 873
d 2 874
d 2 875
d 2 876
d 2 877
d 2 878
d 2 879
d 2 880
d 2 881
d 2 882
d 2 883
d 2 884
d 2 885
d 2 886
d 2 887
d 2 888
d 2 889
d 2 890
d 2 891
d 2 892
d 2 893
d 2 894
d 2 895
d 2 896
d 2 897
d 2 898
d 2 899
d 2 900
d 2 901
d 2 902
d 2 903
d 2 904
d 2 905
d 2 906
d 2 907
d 2 908
d 2 909
d 2 910
d 2 911
d 2 912
d 2 913
d 2 914
d 2 915
d 2 916
d 2 917
d 2 918
d 2 919
d 2 920
d 2 921
d 2 922
d 2 923
d 2 924
d 2 925
d 2 926
d 2 927
d 2 928
d 2 929
d 2 930
d 2 931
d 2 932
d 2 933
d 2 934
d 2 935
d 2 936
d 2 937
d 2 938
d 2 939
d 2 940
d 2 941
d 2 942
d 2 943
d 2 944
d 2 945
d 2 946
d 2 947
d 2 948
d 2 949
d 2 950
d 2 951
d 2 952
d 2 953
d 2 954
d 2 955
d 2 956
d 2 957
d 2 958
d 2 959
d 2 960
d 2 961
d 2 962
d 2 963
d 2 964
d 2 965
d 2 966
d 2 967
d 2 968
d 2 969
d 2 970
d 2 971
d 2 972
d 2 973
d 2 974
d 2 975
d 2 976
d 2 977
d 2 978
d 2 979
d 2 980
d 2 981
d 2 982
d 2 983
d 2 984
d 2 985
d 2 986
d 2 987
d 2 988
d 2 989
d 2 990
d 2 991
d 2 992
d 2 993
d 2 994
d 2 995
d 2 996
d 2 997
d 2 998
d 2 999
d 2 1000
d 3 801
d 3 802
d 3 803
d 3 804
d 3 805
d 3 806
d 3 807
d 3 808
d 3 809
d 3 810
d 3 811
d 3 812
d 3 813
d 3 814
d 3 815
d 3 816
d 3 817
d 3 818
d 3 819
d 3 820
d 3 821
d 3 822
d 3 823
d 3 824
d 3 825
d 3 826
d 3 827
d 3 828
d 3 829
d 3 830
d 3 831
d 3 832
d 3 833
d 3 834
d 3 835
d 3 836
d 3 837
d 3 838
d 3 839
d 3 840
d 3 841
d 3 842
d 3 843
d 3 844
d 3 845
d 3 846
d 3 847
d 3 848
d 3 849
d 3 850
d 3 851
d 3 852
d 3 853
d 3 854
d 3 855
d 3 856
d 3 857
d 3 858
d 3 859
d 3 860
d 3 861
d 3 862
d 3 863
d 3 864
d 3 865
d 3 866
d 3 867
d 3 868
d 3 869
d 3 870
d 3 871
d 3 872
d 3 873
d 3 874
d 3 875
d 3 876
d 3 877
d 3 878
d 3 879
d 3 880
d 3 881
d 3 882
d 3 883
d 3 884
d 3 885
d 3 886
d 3 887
d 3 888
d 3 889
d 3 890
d 3 891
d 3 892
d 3 893
d 3 894
d 3 895
d 3 896
d 3 897
d 3 898
d 3 899
d 3 900
d 3 901
d 3 902
d 3 903
d 3 904
d 3 905
d 3 906
d 3 907
d 3 908
d 3 909
d 3 910
d 3 911
d 3 912
d 3 913
d 3 914
d 3 915
d 3 916
d 3 917
d 3 918
d 3 919
d 3 920
d 3 921
d 3 922
d 3 923
d 3 924
d 3 925
d 3 926
d 3 927
d 3 928
d 3 929
d 3 930
d 3 931
d 3 932
d 3 933
d 3 934
d 3 935
d 3 936
d 3 937
d 3 938
d 3 939
d 3 940
d 3 941
d 3 942
d 3 943
d 3 944
d 3 945
d 3 946
d 3 947
d 3 948
d 3 949
d 3 950
d 3 951
d 3 952
d 3 953
d 3 954
d 3 955
d 3 956
d 3 957
d 3 958
d 3 959
d 3 960
d 3 961
d 3 962
d 3 963
d 3 964
d 3 965
d 3 966
d 3 967
d 3 968
d 3 969
d 3 970
d 3 971
d 3 972
d 3 973
d 3 974
d 3 975
d 3 976
d 3 977
d 3 978
d 3 979
d 3 980
d 3 981
d 3 982
d 3 983
d 3 984
d 3 985
d 3 986
d 3 987
d 3 988
d 3 989
d 3 990
d 3 991
d 3 992
d 3 993
d 3 994
d 3 995
d 3 996
d 3 997
d 3 998
d 3 999
d 3 1000
d 6 801
d 6 802
d 6 803
d 6 804
d 6 805
d 6 806
d 6 807
d 6 808
d 6 809
d 6 810
d 6 811
d 6 812
d 6 813
d 6 814
d 6 815
d 6 816
d 6 817
d 6 818
d 6 819
d 6 820
d 6 821
d 6 822
d 6 823
d 6 824
d 6 825
d 6 826
d 6 827
d 6 828
d 6 829
d 6 830
d 6 831
d 6 832
d 6 833
d 6 834
d 6 835
d 6 836
d 6 837
d 6 838
d 6 839
d 6 840
d 6 841
d 6 842
d 6 843
d 6 844
d 6 845
d 6 846
d 6 847
d 6 848
d 6 849
d 6 850
d 6 851
d 6 852
d 6 853
d 6 854
d 6 855
d 6 856
d 6 857
d 6 858
d 6 859
d 6 860
d 6 861
d 6 862
d 6 863
d 6 864
d 6 865
d 6 866
d 6 867
d 6 868
d 6 869
d 6 870
d 6 871
d 6 872
d 6 873
d 6 874
d 6 875
d 6 876
d 6 877
d 6 878
d 6 879
d 6 880
d 6 881
d 6 882
d 6 883
d 6 884
d 6 885
d 6 886
d 6 887
d 6 888
d 6 889
d 6 890
d 6 891
d 6 892
d 6 893
d 6 894
d 6 895
d 6 896
d 6 897
d 6 898
d 6 899
d 6 900
d 6 901
d 6 902
d 6 903
d 6 904
d 6 905
d 6 906
d 6 907
d 6 908
d 6 909
d 6 910
d 6 911
d 6 912
d 6 913
d 6 914
d 6 915
d 6 916
d 6 917
d 6 918
d 6 919
d 6 920
d 6 921
d 6 922
d 6 923
d 6 924
d 6 925
d 6 926
d 6 927
d 6 928
d 6 929
d 6 930
d 6 931
d 6 932
d 6 933
d 6 934
d 6 935
d 6 936
d 6 937
d 6 938
d 6 939
d 6 940
d 6 941
d 6 942
d 6 943
d 6 944
d 6 945
d 6 946
d 6 947
d 6 948
d 6 949
d 6 950
d 6 951
d 6 952
d 6 953
d 6 954
d 6 955
d 6 956
d 6 957
d 6 958
d 6 959
d 6 960
d 6 961
d 6 962
d 6 963
d 6 964
d 6 965
d 6 966
d 6 967
d 6 968
d 6 969
d 6 970
d 6 971
d 6 972
d 6 973
d 6 974
d 6 975
d 6 976
d 6 977
d 6 978
d 6 979
d 6 980
d 6 981
d 6 982
d 6 983
d 6 984
d 6 985
d 6 986
d 6 987
d 6 988
d 6 989
d 6 990
d 6 991
d 6 992
d 6 993
d 6 994
d 6 995
d 6 996
d 6 997
d 6 998
d 6 999
d 6 1000
d 13 801
d 13 802
d 13 803
d 13 804
d 13 805
d 13 806
d 13 807
d 13 808
d 13 809
d 13 810
d 13 811
d 13 812
d 13 813
d 13 814
d 13 815
d 13 816
d 13 817
d 13 818
d 13 819
d 13 820
d 13 821
d 13 822
d 13 823
d 13 824
d 13 825
d 13 826
d 13 827
d 13 828
d 13 829
d 13 830
d 13 831
d 13 832
d 13 833
d 13 834
d 13 835
d 13 836
d 13 837
d 13 838
d 13 839
d 13 840
d 13 841
d 13 842
d 13 843
d 13 844
d 13 845
d 13 846
d 13 847
d 13 848
d 13 849
d 13 850
d 13 851
d 13 852
d 13 853
d 13 854
d 13 855
d 13 856
d 13 857
d 13 858
d 13 859
d 13 860
d 13 861
d 13 862
d 13 863
d 13 864
d 13 865
d 13 866
d 13 867
d 13 868
d 13 869
d 13 870
d 13 871
d 13 872
d 13 873
d 13 874
d 13 875
d 13 876
d 13 877
d 13 878
d 13 879
d 13 880
d 13 881
d 13 882
d 13 883
d 13 884
d 13 885
d 13 886
d 13 887
d 13 888
d 13 889
d 13 890
d 13 891
d 13 892
d 13 893
d 13 894
d 13 895
d 13 896
d 13 897
d 13 898
d 13 899
d 13 900
d 13 901
d 13 902
d 13 903
d 13 904
d 13 905
d 13 906
d 13 907
d 13 908
d 13 909
d 13 910
d 13 911
d 13 912
d 13 913
d 13 914
d 13 915
d 13 916
d 13 917
d 13 918
d 13 919
d 13 920
d 13 921
d 13 922
d 13 923
d 13 924
d 13 925
d 13 926
d 13 927
d 13 928
d 13 929
d 13 930
d 13 931
d 13 932
d 13 933
d 13 934
d 13 935
d 13 936
d 13 937
d 13 938
d 13 939
d 13 940
d 13 941
d 13 942
d 13 943
d 13 944
d 13 945
d 13 946
d 13 947
d 13 948
d 13 949
d 13 950
d 13 951
d 13 952
d 13 953
d 13 954
d 13 955
d 13 956
d 13 957
d 13 958
d 13 959
d 13 960
d 13 961
d 13 962
d 13 963
d 13 964
d 13 965
d 13 966
d 13 967
d 13 968
d 13 969
d 13 970
d 13 971
d 13 972
d 13 973
d 13 974
d 13 975
d 13 976
d 13 977
d 13 978
d 13 979
d 13 980
d 13 981
d 13 982
d 13 983
d 13 984
d 13 985
d 13 986
d 13 987
d 13 988
d 13 989
d 13 990
d 13 991
d 13 992
d 13 993
d 13 994
d 13 995
d 13 996
d 13 997
d 13 998
d 13 999
d 13 1000
