Listening for transport dt_socket at address: 1839
My PID: 64939

From a new terminal type `kill -SIGINT 64939` or `kill -SIGTERM 64939` to stop processing packets

OUTPUT:  /Users/aybarsyazici/Documents/EPFL/distributed/EPFL-CS451-Project/tools/out/proc03.output
My ID: 3

List of resolved hosts is:
==========================
0
Human-readable IP: 127.0.0.1
Human-readable Port: 11001

1
Human-readable IP: 127.0.0.1
Human-readable Port: 11002

2
Human-readable IP: 127.0.0.1
Human-readable Port: 11003

ProposalSetSize: 1800
Sliding window size: 16
UDPReceiver: Created socket on port 11003
THREAD NUMBER: 1
3
Human-readable IP: 127.0.0.1
Human-readable Port: 11004

4
Human-readable IP: 127.0.0.1
Human-readable Port: 11005

5
Human-readable IP: 127.0.0.1
Human-readable Port: 11006

6
Human-readable IP: 127.0.0.1
Human-readable Port: 11007

7
Human-readable IP: 127.0.0.1
Human-readable Port: 11008

8
Human-readable IP: 127.0.0.1
Human-readable Port: 11009

9
Human-readable IP: 127.0.0.1
Human-readable Port: 11010

10
Human-readable IP: 127.0.0.1
Human-readable Port: 11011

11
Human-readable IP: 127.0.0.1
Human-readable Port: 11012

12
Human-readable IP: 127.0.0.1
Human-readable Port: 11013

13
Human-readable IP: 127.0.0.1
Human-readable Port: 11014

14
Human-readable IP: 127.0.0.1
Human-readable Port: 11015

15
Human-readable IP: 127.0.0.1
Human-readable Port: 11016

16
Human-readable IP: 127.0.0.1
Human-readable Port: 11017

17
Human-readable IP: 127.0.0.1
Human-readable Port: 11018

18
Human-readable IP: 127.0.0.1
Human-readable Port: 11019

19
Human-readable IP: 127.0.0.1
Human-readable Port: 11020

20
Human-readable IP: 127.0.0.1
Human-readable Port: 11021

21
Human-readable IP: 127.0.0.1
Human-readable Port: 11022

22
Human-readable IP: 127.0.0.1
Human-readable Port: 11023

23
Human-readable IP: 127.0.0.1
Human-readable Port: 11024

24
Human-readable IP: 127.0.0.1
Human-readable Port: 11025

25
Human-readable IP: 127.0.0.1
Human-readable Port: 11026

26
Human-readable IP: 127.0.0.1
Human-readable Port: 11027

27
Human-readable IP: 127.0.0.1
Human-readable Port: 11028

28
Human-readable IP: 127.0.0.1
Human-readable Port: 11029

29
Human-readable IP: 127.0.0.1
Human-readable Port: 11030

30
Human-readable IP: 127.0.0.1
Human-readable Port: 11031

31
Human-readable IP: 127.0.0.1
Human-readable Port: 11032

32
Human-readable IP: 127.0.0.1
Human-readable Port: 11033

33
Human-readable IP: 127.0.0.1
Human-readable Port: 11034

34
Human-readable IP: 127.0.0.1
Human-readable Port: 11035

35
Human-readable IP: 127.0.0.1
Human-readable Port: 11036

36
Human-readable IP: 127.0.0.1
Human-readable Port: 11037

37
Human-readable IP: 127.0.0.1
Human-readable Port: 11038

38
Human-readable IP: 127.0.0.1
Human-readable Port: 11039

39
Human-readable IP: 127.0.0.1
Human-readable Port: 11040

40
Human-readable IP: 127.0.0.1
Human-readable Port: 11041

41
Human-readable IP: 127.0.0.1
Human-readable Port: 11042

42
Human-readable IP: 127.0.0.1
Human-readable Port: 11043

43
Human-readable IP: 127.0.0.1
Human-readable Port: 11044

44
Human-readable IP: 127.0.0.1
Human-readable Port: 11045

45
Human-readable IP: 127.0.0.1
Human-readable Port: 11046

46
Human-readable IP: 127.0.0.1
Human-readable Port: 11047

47
Human-readable IP: 127.0.0.1
Human-readable Port: 11048

48
Human-readable IP: 127.0.0.1
Human-readable Port: 11049

49
Human-readable IP: 127.0.0.1
Human-readable Port: 11050


Path to output:
===============
/Users/aybarsyazici/Documents/EPFL/distributed/EPFL-CS451-Project/tools/out/proc03.output

Deleted old output file: false

Path to config:
===============
./out/proc03.config

===============
Doing some initialization

Broadcasting and delivering messages...

Process ID: 3
Starting Round 0
Proposing Round 0 [816382125, 11492154, 825873196, 1237386857, 304912982, 1611931113, 1422277848]
Broadcasting proposal 1 round 0 with 7 elements
__________________________
Starting Round 1
Proposing Round 1 [1507961865]
Broadcasting proposal 1 round 1 with 1 elements
__________________________
Starting Round 2
Proposing Round 2 [1403792057, 89578218, 393734347, 498733671, 1181241943, 1027708670]
Broadcasting proposal 1 round 2 with 6 elements
__________________________
Starting Round 3
Proposing Round 3 [1697643337, 1020657023, 1720484983, 186618211, 1032183433, 1444712976, 390452952, 251183830]
Broadcasting proposal 1 round 3 with 8 elements
__________________________
Starting Round 4
Proposing Round 4 [1711398352, 408390575, 225052083, 747715196]
Broadcasting proposal 1 round 4 with 4 elements
__________________________
Starting Round 5
Proposing Round 5 [1811967841, 714300770, 338700713]
Broadcasting proposal 1 round 5 with 3 elements
__________________________
Starting Round 6
Proposing Round 6 [1432410914, 2018258729, 139093888, 1784572192, 1406326125]
Broadcasting proposal 1 round 6 with 5 elements
__________________________
Starting Round 7
Proposing Round 7 [1173687378, 1237886015, 2033929266, 1184901787, 953645978, 172907376]
Broadcasting proposal 1 round 7 with 6 elements
__________________________
Broadcasting NEW proposal 2 round 3 with 177 elements
__________________________
Broadcasting NEW proposal 2 round 2 with 180 elements
__________________________
Broadcasting NEW proposal 2 round 0 with 158 elements
__________________________
Broadcasting NEW proposal 2 round 1 with 169 elements
__________________________
Broadcasting NEW proposal 2 round 7 with 175 elements
__________________________
Broadcasting NEW proposal 2 round 4 with 161 elements
__________________________
Broadcasting NEW proposal 2 round 6 with 197 elements
__________________________
Broadcasting NEW proposal 2 round 5 with 190 elements
__________________________
Immediately stopping network packet processing.
Writing output.
