java.util.concurrent.RejectedExecutionException: Task java.util.concurrent.FutureTask@76df4004[Not completed, task = java.util.concurrent.Executors$RunnableAdapter@4b19472d[Wrapped task = Thread[Thread-2042,9,main]]] rejected from java.util.concurrent.ThreadPoolExecutor@15291243[Shutting down, pool size = 2, active threads = 1, queued tasks = 0, completed tasks = 2035]
	at java.base/java.util.concurrent.ThreadPoolExecutor$AbortPolicy.rejectedExecution(ThreadPoolExecutor.java:2070)
	at java.base/java.util.concurrent.ThreadPoolExecutor.reject(ThreadPoolExecutor.java:833)
	at java.base/java.util.concurrent.ThreadPoolExecutor.execute(ThreadPoolExecutor.java:1365)
	at java.base/java.util.concurrent.AbstractExecutorService.submit(AbstractExecutorService.java:123)
	at cs451.links.FairLossLinks.send(FairLossLinks.java:65)
	at cs451.links.StubbornLinks.lambda$sendMessagesToBeSent$3(StubbornLinks.java:142)
	at java.base/java.util.ArrayList.forEach(ArrayList.java:1511)
	at cs451.links.StubbornLinks.sendMessagesToBeSent(StubbornLinks.java:133)
	at cs451.links.StubbornLinks.lambda$new$2(StubbornLinks.java:111)
	at java.base/java.lang.Thread.run(Thread.java:833)
java.util.concurrent.RejectedExecutionException: Task java.util.concurrent.FutureTask@16b60751[Not completed, task = java.util.concurrent.Executors$RunnableAdapter@44734639[Wrapped task = Thread[Thread-2043,10,main]]] rejected from java.util.concurrent.ThreadPoolExecutor@15291243[Shutting down, pool size = 2, active threads = 1, queued tasks = 0, completed tasks = 2035]
	at java.base/java.util.concurrent.ThreadPoolExecutor$AbortPolicy.rejectedExecution(ThreadPoolExecutor.java:2070)
	at java.base/java.util.concurrent.ThreadPoolExecutor.reject(ThreadPoolExecutor.java:833)
	at java.base/java.util.concurrent.ThreadPoolExecutor.execute(ThreadPoolExecutor.java:1365)
	at java.base/java.util.concurrent.AbstractExecutorService.submit(AbstractExecutorService.java:123)
	at cs451.links.FairLossLinks.send(FairLossLinks.java:65)
	at cs451.links.StubbornLinks.lambda$sendAckMessagesToBeSent$4(StubbornLinks.java:163)
	at java.base/java.util.ArrayList.forEach(ArrayList.java:1511)
	at cs451.links.StubbornLinks.sendAckMessagesToBeSent(StubbornLinks.java:157)
	at cs451.links.StubbornLinks.lambda$new$1(StubbornLinks.java:91)
	at java.base/java.lang.Thread.run(Thread.java:833)
