java.net.SocketException: No buffer space available
	at java.base/sun.nio.ch.DatagramChannelImpl.send0(Native Method)
	at java.base/sun.nio.ch.DatagramChannelImpl.sendFromNativeBuffer(DatagramChannelImpl.java:901)
	at java.base/sun.nio.ch.DatagramChannelImpl.send(DatagramChannelImpl.java:863)
	at java.base/sun.nio.ch.DatagramChannelImpl.send(DatagramChannelImpl.java:821)
	at java.base/sun.nio.ch.DatagramChannelImpl.blockingSend(DatagramChannelImpl.java:853)
	at java.base/sun.nio.ch.DatagramSocketAdaptor.send(DatagramSocketAdaptor.java:218)
	at java.base/java.net.DatagramSocket.send(DatagramSocket.java:665)
	at cs451.udp.UDPBulkSender.run(UDPBulkSender.java:45)
	at java.base/java.util.concurrent.Executors$RunnableAdapter.call(Executors.java:539)
	at java.base/java.util.concurrent.FutureTask.run(FutureTask.java:264)
	at java.base/java.util.concurrent.ThreadPoolExecutor.runWorker(ThreadPoolExecutor.java:1136)
	at java.base/java.util.concurrent.ThreadPoolExecutor$Worker.run(ThreadPoolExecutor.java:635)
	at java.base/java.lang.Thread.run(Thread.java:833)
java.net.SocketException: No buffer space available
	at java.base/sun.nio.ch.DatagramChannelImpl.send0(Native Method)
	at java.base/sun.nio.ch.DatagramChannelImpl.sendFromNativeBuffer(DatagramChannelImpl.java:901)
	at java.base/sun.nio.ch.DatagramChannelImpl.send(DatagramChannelImpl.java:863)
	at java.base/sun.nio.ch.DatagramChannelImpl.send(DatagramChannelImpl.java:821)
	at java.base/sun.nio.ch.DatagramChannelImpl.blockingSend(DatagramChannelImpl.java:853)
	at java.base/sun.nio.ch.DatagramSocketAdaptor.send(DatagramSocketAdaptor.java:218)
	at java.base/java.net.DatagramSocket.send(DatagramSocket.java:665)
	at cs451.udp.UDPBulkSender.run(UDPBulkSender.java:45)
	at java.base/java.util.concurrent.Executors$RunnableAdapter.call(Executors.java:539)
	at java.base/java.util.concurrent.FutureTask.run(FutureTask.java:264)
	at java.base/java.util.concurrent.ThreadPoolExecutor.runWorker(ThreadPoolExecutor.java:1136)
	at java.base/java.util.concurrent.ThreadPoolExecutor$Worker.run(ThreadPoolExecutor.java:635)
	at java.base/java.lang.Thread.run(Thread.java:833)
java.net.SocketException: No buffer space available
	at java.base/sun.nio.ch.DatagramChannelImpl.send0(Native Method)
	at java.base/sun.nio.ch.DatagramChannelImpl.sendFromNativeBuffer(DatagramChannelImpl.java:901)
	at java.base/sun.nio.ch.DatagramChannelImpl.send(DatagramChannelImpl.java:863)
	at java.base/sun.nio.ch.DatagramChannelImpl.send(DatagramChannelImpl.java:821)
	at java.base/sun.nio.ch.DatagramChannelImpl.blockingSend(DatagramChannelImpl.java:853)
	at java.base/sun.nio.ch.DatagramSocketAdaptor.send(DatagramSocketAdaptor.java:218)
	at java.base/java.net.DatagramSocket.send(DatagramSocket.java:665)
	at cs451.udp.UDPBulkSender.run(UDPBulkSender.java:45)
	at java.base/java.util.concurrent.Executors$RunnableAdapter.call(Executors.java:539)
	at java.base/java.util.concurrent.FutureTask.run(FutureTask.java:264)
	at java.base/java.util.concurrent.ThreadPoolExecutor.runWorker(ThreadPoolExecutor.java:1136)
	at java.base/java.util.concurrent.ThreadPoolExecutor$Worker.run(ThreadPoolExecutor.java:635)
	at java.base/java.lang.Thread.run(Thread.java:833)
java.net.SocketException: No buffer space available
	at java.base/sun.nio.ch.DatagramChannelImpl.send0(Native Method)
	at java.base/sun.nio.ch.DatagramChannelImpl.sendFromNativeBuffer(DatagramChannelImpl.java:901)
	at java.base/sun.nio.ch.DatagramChannelImpl.send(DatagramChannelImpl.java:863)
	at java.base/sun.nio.ch.DatagramChannelImpl.send(DatagramChannelImpl.java:821)
	at java.base/sun.nio.ch.DatagramChannelImpl.blockingSend(DatagramChannelImpl.java:853)
	at java.base/sun.nio.ch.DatagramSocketAdaptor.send(DatagramSocketAdaptor.java:218)
	at java.base/java.net.DatagramSocket.send(DatagramSocket.java:665)
	at cs451.udp.UDPBulkSender.run(UDPBulkSender.java:45)
	at java.base/java.util.concurrent.Executors$RunnableAdapter.call(Executors.java:539)
	at java.base/java.util.concurrent.FutureTask.run(FutureTask.java:264)
	at java.base/java.util.concurrent.ThreadPoolExecutor.runWorker(ThreadPoolExecutor.java:1136)
	at java.base/java.util.concurrent.ThreadPoolExecutor$Worker.run(ThreadPoolExecutor.java:635)
	at java.base/java.lang.Thread.run(Thread.java:833)
java.net.SocketException: No buffer space available
	at java.base/sun.nio.ch.DatagramChannelImpl.send0(Native Method)
	at java.base/sun.nio.ch.DatagramChannelImpl.sendFromNativeBuffer(DatagramChannelImpl.java:901)
	at java.base/sun.nio.ch.DatagramChannelImpl.send(DatagramChannelImpl.java:863)
	at java.base/sun.nio.ch.DatagramChannelImpl.send(DatagramChannelImpl.java:821)
	at java.base/sun.nio.ch.DatagramChannelImpl.blockingSend(DatagramChannelImpl.java:853)
	at java.base/sun.nio.ch.DatagramSocketAdaptor.send(DatagramSocketAdaptor.java:218)
	at java.base/java.net.DatagramSocket.send(DatagramSocket.java:665)
	at cs451.udp.UDPBulkSender.run(UDPBulkSender.java:45)
	at java.base/java.util.concurrent.Executors$RunnableAdapter.call(Executors.java:539)
	at java.base/java.util.concurrent.FutureTask.run(FutureTask.java:264)
	at java.base/java.util.concurrent.ThreadPoolExecutor.runWorker(ThreadPoolExecutor.java:1136)
	at java.base/java.util.concurrent.ThreadPoolExecutor$Worker.run(ThreadPoolExecutor.java:635)
	at java.base/java.lang.Thread.run(Thread.java:833)
java.net.SocketException: No buffer space available
	at java.base/sun.nio.ch.DatagramChannelImpl.send0(Native Method)
	at java.base/sun.nio.ch.DatagramChannelImpl.sendFromNativeBuffer(DatagramChannelImpl.java:901)
	at java.base/sun.nio.ch.DatagramChannelImpl.send(DatagramChannelImpl.java:863)
	at java.base/sun.nio.ch.DatagramChannelImpl.send(DatagramChannelImpl.java:821)
	at java.base/sun.nio.ch.DatagramChannelImpl.blockingSend(DatagramChannelImpl.java:853)
	at java.base/sun.nio.ch.DatagramSocketAdaptor.send(DatagramSocketAdaptor.java:218)
	at java.base/java.net.DatagramSocket.send(DatagramSocket.java:665)
	at cs451.udp.UDPBulkSender.run(UDPBulkSender.java:45)
	at java.base/java.util.concurrent.Executors$RunnableAdapter.call(Executors.java:539)
	at java.base/java.util.concurrent.FutureTask.run(FutureTask.java:264)
	at java.base/java.util.concurrent.ThreadPoolExecutor.runWorker(ThreadPoolExecutor.java:1136)
	at java.base/java.util.concurrent.ThreadPoolExecutor$Worker.run(ThreadPoolExecutor.java:635)
	at java.base/java.lang.Thread.run(Thread.java:833)
java.net.SocketException: Socket closed
	at java.base/sun.nio.ch.DatagramSocketAdaptor.send(DatagramSocketAdaptor.java:222)
	at java.base/java.net.DatagramSocket.send(DatagramSocket.java:665)
	at cs451.udp.UDPBulkSender.run(UDPBulkSender.java:45)
	at java.base/java.util.concurrent.Executors$RunnableAdapter.call(Executors.java:539)
	at java.base/java.util.concurrent.FutureTask.run(FutureTask.java:264)
	at java.base/java.util.concurrent.ThreadPoolExecutor.runWorker(ThreadPoolExecutor.java:1136)
	at java.base/java.util.concurrent.ThreadPoolExecutor$Worker.run(ThreadPoolExecutor.java:635)
	at java.base/java.lang.Thread.run(Thread.java:833)
Caused by: java.nio.channels.ClosedChannelException
	at java.base/sun.nio.ch.DatagramChannelImpl.ensureOpen(DatagramChannelImpl.java:267)
	at java.base/sun.nio.ch.DatagramChannelImpl.blockingSend(DatagramChannelImpl.java:850)
	at java.base/sun.nio.ch.DatagramSocketAdaptor.send(DatagramSocketAdaptor.java:218)
	... 7 more
java.util.concurrent.RejectedExecutionException: Task java.util.concurrent.FutureTask@654a6202[Not completed, task = java.util.concurrent.Executors$RunnableAdapter@54541558[Wrapped task = cs451.udp.UDPBulkSender@3885e076]] rejected from java.util.concurrent.ThreadPoolExecutor@4071c994[Shutting down, pool size = 1, active threads = 1, queued tasks = 0, completed tasks = 582845]
	at java.base/java.util.concurrent.ThreadPoolExecutor$AbortPolicy.rejectedExecution(ThreadPoolExecutor.java:2070)
	at java.base/java.util.concurrent.ThreadPoolExecutor.reject(ThreadPoolExecutor.java:833)
	at java.base/java.util.concurrent.ThreadPoolExecutor.execute(ThreadPoolExecutor.java:1365)
	at java.base/java.util.concurrent.AbstractExecutorService.submit(AbstractExecutorService.java:123)
	at cs451.links.FairLossLinks.send(FairLossLinks.java:59)
	at cs451.links.StubbornLinks.lambda$sendMessagesToBeSent$2(StubbornLinks.java:105)
	at java.base/java.util.ArrayList.forEach(ArrayList.java:1511)
	at cs451.links.StubbornLinks.sendMessagesToBeSent(StubbornLinks.java:97)
	at cs451.links.StubbornLinks.lambda$new$0(StubbornLinks.java:47)
	at java.base/java.lang.Thread.run(Thread.java:833)
java.util.concurrent.RejectedExecutionException: Task java.util.concurrent.FutureTask@5b7540ee[Not completed, task = java.util.concurrent.Executors$RunnableAdapter@236a2abe[Wrapped task = cs451.udp.UDPBulkSender@158606a3]] rejected from java.util.concurrent.ThreadPoolExecutor@4071c994[Terminated, pool size = 0, active threads = 0, queued tasks = 0, completed tasks = 582846]
	at java.base/java.util.concurrent.ThreadPoolExecutor$AbortPolicy.rejectedExecution(ThreadPoolExecutor.java:2070)
	at java.base/java.util.concurrent.ThreadPoolExecutor.reject(ThreadPoolExecutor.java:833)
	at java.base/java.util.concurrent.ThreadPoolExecutor.execute(ThreadPoolExecutor.java:1365)
	at java.base/java.util.concurrent.AbstractExecutorService.submit(AbstractExecutorService.java:123)
	at cs451.links.FairLossLinks.send(FairLossLinks.java:59)
	at cs451.links.StubbornLinks.lambda$sendMessagesToBeSent$2(StubbornLinks.java:105)
	at java.base/java.util.ArrayList.forEach(ArrayList.java:1511)
	at cs451.links.StubbornLinks.sendMessagesToBeSent(StubbornLinks.java:97)
	at cs451.links.StubbornLinks.lambda$new$0(StubbornLinks.java:47)
	at java.base/java.lang.Thread.run(Thread.java:833)
java.util.concurrent.RejectedExecutionException: Task java.util.concurrent.FutureTask@16ed2a66[Not completed, task = java.util.concurrent.Executors$RunnableAdapter@4278d1a7[Wrapped task = cs451.udp.UDPBulkSender@676e7455]] rejected from java.util.concurrent.ThreadPoolExecutor@4071c994[Terminated, pool size = 0, active threads = 0, queued tasks = 0, completed tasks = 582846]
	at java.base/java.util.concurrent.ThreadPoolExecutor$AbortPolicy.rejectedExecution(ThreadPoolExecutor.java:2070)
	at java.base/java.util.concurrent.ThreadPoolExecutor.reject(ThreadPoolExecutor.java:833)
	at java.base/java.util.concurrent.ThreadPoolExecutor.execute(ThreadPoolExecutor.java:1365)
	at java.base/java.util.concurrent.AbstractExecutorService.submit(AbstractExecutorService.java:123)
	at cs451.links.FairLossLinks.send(FairLossLinks.java:59)
	at cs451.links.StubbornLinks.lambda$sendMessagesToBeSent$2(StubbornLinks.java:105)
	at java.base/java.util.ArrayList.forEach(ArrayList.java:1511)
	at cs451.links.StubbornLinks.sendMessagesToBeSent(StubbornLinks.java:97)
	at cs451.links.StubbornLinks.lambda$new$0(StubbornLinks.java:47)
	at java.base/java.lang.Thread.run(Thread.java:833)
java.util.concurrent.RejectedExecutionException: Task java.util.concurrent.FutureTask@603f3aae[Not completed, task = java.util.concurrent.Executors$RunnableAdapter@ba69cd0[Wrapped task = cs451.udp.UDPBulkSender@1ffe8d2d]] rejected from java.util.concurrent.ThreadPoolExecutor@4071c994[Terminated, pool size = 0, active threads = 0, queued tasks = 0, completed tasks = 582846]
	at java.base/java.util.concurrent.ThreadPoolExecutor$AbortPolicy.rejectedExecution(ThreadPoolExecutor.java:2070)
	at java.base/java.util.concurrent.ThreadPoolExecutor.reject(ThreadPoolExecutor.java:833)
	at java.base/java.util.concurrent.ThreadPoolExecutor.execute(ThreadPoolExecutor.java:1365)
	at java.base/java.util.concurrent.AbstractExecutorService.submit(AbstractExecutorService.java:123)
	at cs451.links.FairLossLinks.send(FairLossLinks.java:59)
	at cs451.links.StubbornLinks.lambda$sendMessagesToBeSent$2(StubbornLinks.java:105)
	at java.base/java.util.ArrayList.forEach(ArrayList.java:1511)
	at cs451.links.StubbornLinks.sendMessagesToBeSent(StubbornLinks.java:97)
	at cs451.links.StubbornLinks.lambda$new$0(StubbornLinks.java:47)
	at java.base/java.lang.Thread.run(Thread.java:833)
java.util.concurrent.RejectedExecutionException: Task java.util.concurrent.FutureTask@1e205289[Not completed, task = java.util.concurrent.Executors$RunnableAdapter@6c2f8dda[Wrapped task = cs451.udp.UDPBulkSender@7d3e297]] rejected from java.util.concurrent.ThreadPoolExecutor@4071c994[Terminated, pool size = 0, active threads = 0, queued tasks = 0, completed tasks = 582846]
	at java.base/java.util.concurrent.ThreadPoolExecutor$AbortPolicy.rejectedExecution(ThreadPoolExecutor.java:2070)
	at java.base/java.util.concurrent.ThreadPoolExecutor.reject(ThreadPoolExecutor.java:833)
	at java.base/java.util.concurrent.ThreadPoolExecutor.execute(ThreadPoolExecutor.java:1365)
	at java.base/java.util.concurrent.AbstractExecutorService.submit(AbstractExecutorService.java:123)
	at cs451.links.FairLossLinks.send(FairLossLinks.java:59)
	at cs451.links.StubbornLinks.lambda$sendMessagesToBeSent$2(StubbornLinks.java:105)
	at java.base/java.util.ArrayList.forEach(ArrayList.java:1511)
	at cs451.links.StubbornLinks.sendMessagesToBeSent(StubbornLinks.java:97)
	at cs451.links.StubbornLinks.lambda$new$0(StubbornLinks.java:47)
	at java.base/java.lang.Thread.run(Thread.java:833)
java.util.concurrent.RejectedExecutionException: Task java.util.concurrent.FutureTask@5f5854b7[Not completed, task = java.util.concurrent.Executors$RunnableAdapter@5baf64f2[Wrapped task = cs451.udp.UDPBulkSender@4370f24a]] rejected from java.util.concurrent.ThreadPoolExecutor@4071c994[Terminated, pool size = 0, active threads = 0, queued tasks = 0, completed tasks = 582846]
	at java.base/java.util.concurrent.ThreadPoolExecutor$AbortPolicy.rejectedExecution(ThreadPoolExecutor.java:2070)
	at java.base/java.util.concurrent.ThreadPoolExecutor.reject(ThreadPoolExecutor.java:833)
	at java.base/java.util.concurrent.ThreadPoolExecutor.execute(ThreadPoolExecutor.java:1365)
	at java.base/java.util.concurrent.AbstractExecutorService.submit(AbstractExecutorService.java:123)
	at cs451.links.FairLossLinks.send(FairLossLinks.java:59)
	at cs451.links.StubbornLinks.lambda$sendMessagesToBeSent$2(StubbornLinks.java:105)
	at java.base/java.util.ArrayList.forEach(ArrayList.java:1511)
	at cs451.links.StubbornLinks.sendMessagesToBeSent(StubbornLinks.java:97)
	at cs451.links.StubbornLinks.lambda$new$0(StubbornLinks.java:47)
	at java.base/java.lang.Thread.run(Thread.java:833)
java.util.concurrent.RejectedExecutionException: Task java.util.concurrent.FutureTask@1e78a124[Not completed, task = java.util.concurrent.Executors$RunnableAdapter@47bee813[Wrapped task = cs451.udp.UDPBulkSender@398b00c]] rejected from java.util.concurrent.ThreadPoolExecutor@4071c994[Terminated, pool size = 0, active threads = 0, queued tasks = 0, completed tasks = 582846]
	at java.base/java.util.concurrent.ThreadPoolExecutor$AbortPolicy.rejectedExecution(ThreadPoolExecutor.java:2070)
	at java.base/java.util.concurrent.ThreadPoolExecutor.reject(ThreadPoolExecutor.java:833)
	at java.base/java.util.concurrent.ThreadPoolExecutor.execute(ThreadPoolExecutor.java:1365)
	at java.base/java.util.concurrent.AbstractExecutorService.submit(AbstractExecutorService.java:123)
	at cs451.links.FairLossLinks.send(FairLossLinks.java:59)
	at cs451.links.StubbornLinks.lambda$sendMessagesToBeSent$2(StubbornLinks.java:105)
	at java.base/java.util.ArrayList.forEach(ArrayList.java:1511)
	at cs451.links.StubbornLinks.sendMessagesToBeSent(StubbornLinks.java:97)
	at cs451.links.StubbornLinks.lambda$new$0(StubbornLinks.java:47)
	at java.base/java.lang.Thread.run(Thread.java:833)
java.util.concurrent.RejectedExecutionException: Task java.util.concurrent.FutureTask@60c06442[Not completed, task = java.util.concurrent.Executors$RunnableAdapter@7db444e0[Wrapped task = cs451.udp.UDPBulkSender@3b6a838a]] rejected from java.util.concurrent.ThreadPoolExecutor@4071c994[Terminated, pool size = 0, active threads = 0, queued tasks = 0, completed tasks = 582846]
	at java.base/java.util.concurrent.ThreadPoolExecutor$AbortPolicy.rejectedExecution(ThreadPoolExecutor.java:2070)
	at java.base/java.util.concurrent.ThreadPoolExecutor.reject(ThreadPoolExecutor.java:833)
	at java.base/java.util.concurrent.ThreadPoolExecutor.execute(ThreadPoolExecutor.java:1365)
	at java.base/java.util.concurrent.AbstractExecutorService.submit(AbstractExecutorService.java:123)
	at cs451.links.FairLossLinks.send(FairLossLinks.java:59)
	at cs451.links.StubbornLinks.lambda$sendMessagesToBeSent$2(StubbornLinks.java:105)
	at java.base/java.util.ArrayList.forEach(ArrayList.java:1511)
	at cs451.links.StubbornLinks.sendMessagesToBeSent(StubbornLinks.java:97)
	at cs451.links.StubbornLinks.lambda$new$0(StubbornLinks.java:47)
	at java.base/java.lang.Thread.run(Thread.java:833)
java.util.concurrent.RejectedExecutionException: Task java.util.concurrent.FutureTask@286c4e8a[Not completed, task = java.util.concurrent.Executors$RunnableAdapter@24746016[Wrapped task = cs451.udp.UDPBulkSender@4bedc1c1]] rejected from java.util.concurrent.ThreadPoolExecutor@4071c994[Terminated, pool size = 0, active threads = 0, queued tasks = 0, completed tasks = 582846]
	at java.base/java.util.concurrent.ThreadPoolExecutor$AbortPolicy.rejectedExecution(ThreadPoolExecutor.java:2070)
	at java.base/java.util.concurrent.ThreadPoolExecutor.reject(ThreadPoolExecutor.java:833)
	at java.base/java.util.concurrent.ThreadPoolExecutor.execute(ThreadPoolExecutor.java:1365)
	at java.base/java.util.concurrent.AbstractExecutorService.submit(AbstractExecutorService.java:123)
	at cs451.links.FairLossLinks.send(FairLossLinks.java:59)
	at cs451.links.StubbornLinks.lambda$sendMessagesToBeSent$2(StubbornLinks.java:105)
	at java.base/java.util.ArrayList.forEach(ArrayList.java:1511)
	at cs451.links.StubbornLinks.sendMessagesToBeSent(StubbornLinks.java:97)
	at cs451.links.StubbornLinks.lambda$new$0(StubbornLinks.java:47)
	at java.base/java.lang.Thread.run(Thread.java:833)
java.util.concurrent.RejectedExecutionException: Task java.util.concurrent.FutureTask@7e4bab65[Not completed, task = java.util.concurrent.Executors$RunnableAdapter@11df9351[Wrapped task = cs451.udp.UDPBulkSender@3499bb62]] rejected from java.util.concurrent.ThreadPoolExecutor@4071c994[Terminated, pool size = 0, active threads = 0, queued tasks = 0, completed tasks = 582846]
	at java.base/java.util.concurrent.ThreadPoolExecutor$AbortPolicy.rejectedExecution(ThreadPoolExecutor.java:2070)
	at java.base/java.util.concurrent.ThreadPoolExecutor.reject(ThreadPoolExecutor.java:833)
	at java.base/java.util.concurrent.ThreadPoolExecutor.execute(ThreadPoolExecutor.java:1365)
	at java.base/java.util.concurrent.AbstractExecutorService.submit(AbstractExecutorService.java:123)
	at cs451.links.FairLossLinks.send(FairLossLinks.java:59)
	at cs451.links.StubbornLinks.lambda$sendMessagesToBeSent$2(StubbornLinks.java:105)
	at java.base/java.util.ArrayList.forEach(ArrayList.java:1511)
	at cs451.links.StubbornLinks.sendMessagesToBeSent(StubbornLinks.java:97)
	at cs451.links.StubbornLinks.lambda$new$0(StubbornLinks.java:47)
	at java.base/java.lang.Thread.run(Thread.java:833)
java.util.concurrent.RejectedExecutionException: Task java.util.concurrent.FutureTask@3e1a2d3e[Not completed, task = java.util.concurrent.Executors$RunnableAdapter@64125836[Wrapped task = cs451.udp.UDPBulkSender@1d29bd7d]] rejected from java.util.concurrent.ThreadPoolExecutor@4071c994[Terminated, pool size = 0, active threads = 0, queued tasks = 0, completed tasks = 582846]
	at java.base/java.util.concurrent.ThreadPoolExecutor$AbortPolicy.rejectedExecution(ThreadPoolExecutor.java:2070)
	at java.base/java.util.concurrent.ThreadPoolExecutor.reject(ThreadPoolExecutor.java:833)
	at java.base/java.util.concurrent.ThreadPoolExecutor.execute(ThreadPoolExecutor.java:1365)
	at java.base/java.util.concurrent.AbstractExecutorService.submit(AbstractExecutorService.java:123)
	at cs451.links.FairLossLinks.send(FairLossLinks.java:59)
	at cs451.links.StubbornLinks.lambda$sendMessagesToBeSent$2(StubbornLinks.java:105)
	at java.base/java.util.ArrayList.forEach(ArrayList.java:1511)
	at cs451.links.StubbornLinks.sendMessagesToBeSent(StubbornLinks.java:97)
	at cs451.links.StubbornLinks.lambda$new$0(StubbornLinks.java:47)
	at java.base/java.lang.Thread.run(Thread.java:833)
java.util.concurrent.RejectedExecutionException: Task java.util.concurrent.FutureTask@2e686116[Not completed, task = java.util.concurrent.Executors$RunnableAdapter@116652cf[Wrapped task = cs451.udp.UDPBulkSender@41f4d7cb]] rejected from java.util.concurrent.ThreadPoolExecutor@4071c994[Terminated, pool size = 0, active threads = 0, queued tasks = 0, completed tasks = 582846]
	at java.base/java.util.concurrent.ThreadPoolExecutor$AbortPolicy.rejectedExecution(ThreadPoolExecutor.java:2070)
