Listening for transport dt_socket at address: 1498
My PID: 25613

From a new terminal type `kill -SIGINT 25613` or `kill -SIGTERM 25613` to stop processing packets

OUTPUT:  /Users/aybarsyazici/Documents/EPFL/distributed/EPFL-CS451-Project/tools/out/proc01.output
My ID: 1

List of resolved hosts is:
==========================
0
Human-readable IP: 127.0.0.1
Human-readable Port: 11001

Sliding window size: 1600
UDPReceiver: Created socket on port 11001
THREAD NUMBER: 2
1
Human-readable IP: 127.0.0.1
Human-readable Port: 11002

2
Human-readable IP: 127.0.0.1
Human-readable Port: 11003

3
Human-readable IP: 127.0.0.1
Human-readable Port: 11004

4
Human-readable IP: 127.0.0.1
Human-readable Port: 11005

5
Human-readable IP: 127.0.0.1
Human-readable Port: 11006

6
Human-readable IP: 127.0.0.1
Human-readable Port: 11007

7
Human-readable IP: 127.0.0.1
Human-readable Port: 11008

8
Human-readable IP: 127.0.0.1
Human-readable Port: 11009

9
Human-readable IP: 127.0.0.1
Human-readable Port: 11010


Path to output:
===============
/Users/aybarsyazici/Documents/EPFL/distributed/EPFL-CS451-Project/tools/out/proc01.output

Deleted old output file: false

Path to config:
===============
./out/config

===============
Doing some initialization

Broadcasting and delivering messages...

Number of messages: 25000
Process ID: 1
Immediately stopping network packet processing.
Writing output.
