Listening for transport dt_socket at address: 7028
My PID: 2365

From a new terminal type `kill -SIGINT 2365` or `kill -SIGTERM 2365` to stop processing packets

OUTPUT:  /root/tools/out/proc33.output
My ID: 33

List of resolved hosts is:
==========================
0
Human-readable IP: 127.0.0.1
Human-readable Port: 11001

1
Human-readable IP: 127.0.0.1
Human-readable Port: 11002

2
Human-readable IP: 127.0.0.1
Human-readable Port: 11003

3
Human-readable IP: 127.0.0.1
Human-readable Port: 11004

4
Human-readable IP: 127.0.0.1
Human-readable Port: 11005

5
Human-readable IP: 127.0.0.1
Human-readable Port: 11006

6
Human-readable IP: 127.0.0.1
Human-readable Port: 11007

7
Human-readable IP: 127.0.0.1
Human-readable Port: 11008

8
Human-readable IP: 127.0.0.1
Human-readable Port: 11009

9
Human-readable IP: 127.0.0.1
Human-readable Port: 11010

10
Human-readable IP: 127.0.0.1
Human-readable Port: 11011

11
Human-readable IP: 127.0.0.1
Human-readable Port: 11012

12
Human-readable IP: 127.0.0.1
Human-readable Port: 11013

13
Human-readable IP: 127.0.0.1
Human-readable Port: 11014

14
Human-readable IP: 127.0.0.1
Human-readable Port: 11015

15
Human-readable IP: 127.0.0.1
Human-readable Port: 11016

16
Human-readable IP: 127.0.0.1
Human-readable Port: 11017

17
Human-readable IP: 127.0.0.1
Human-readable Port: 11018

18
Human-readable IP: 127.0.0.1
Human-readable Port: 11019

19
Human-readable IP: 127.0.0.1
Human-readable Port: 11020

20
Human-readable IP: 127.0.0.1
Human-readable Port: 11021

21
Human-readable IP: 127.0.0.1
Human-readable Port: 11022

22
Human-readable IP: 127.0.0.1
Human-readable Port: 11023

23
Human-readable IP: 127.0.0.1
Human-readable Port: 11024

24
Human-readable IP: 127.0.0.1
Human-readable Port: 11025

25
Human-readable IP: 127.0.0.1
Human-readable Port: 11026

26
Human-readable IP: 127.0.0.1
Human-readable Port: 11027

27
Human-readable IP: 127.0.0.1
Human-readable Port: 11028

28
Human-readable IP: 127.0.0.1
Human-readable Port: 11029

29
Human-readable IP: 127.0.0.1
Human-readable Port: 11030

30
Human-readable IP: 127.0.0.1
Human-readable Port: 11031

31
Human-readable IP: 127.0.0.1
Human-readable Port: 11032

32
Human-readable IP: 127.0.0.1
Human-readable Port: 11033

ProposalSetSize: 1000
Sliding window size: 16
UDPReceiver: Created socket on port 11033
THREAD NUMBER: 1
33
Human-readable IP: 127.0.0.1
Human-readable Port: 11034

34
Human-readable IP: 127.0.0.1
Human-readable Port: 11035

35
Human-readable IP: 127.0.0.1
Human-readable Port: 11036

36
Human-readable IP: 127.0.0.1
Human-readable Port: 11037

37
Human-readable IP: 127.0.0.1
Human-readable Port: 11038

38
Human-readable IP: 127.0.0.1
Human-readable Port: 11039

39
Human-readable IP: 127.0.0.1
Human-readable Port: 11040

40
Human-readable IP: 127.0.0.1
Human-readable Port: 11041

41
Human-readable IP: 127.0.0.1
Human-readable Port: 11042

42
Human-readable IP: 127.0.0.1
Human-readable Port: 11043

43
Human-readable IP: 127.0.0.1
Human-readable Port: 11044

44
Human-readable IP: 127.0.0.1
Human-readable Port: 11045

45
Human-readable IP: 127.0.0.1
Human-readable Port: 11046

46
Human-readable IP: 127.0.0.1
Human-readable Port: 11047

47
Human-readable IP: 127.0.0.1
Human-readable Port: 11048

48
Human-readable IP: 127.0.0.1
Human-readable Port: 11049

49
Human-readable IP: 127.0.0.1
Human-readable Port: 11050


Path to output:
===============
/root/tools/out/proc33.output

Deleted old output file: false

Path to config:
===============
./out/proc33.config

===============
Doing some initialization

Broadcasting and delivering messages...

Process ID: 33
Starting Round 0
Broadcasting proposal 1 round 0 with 28 elements
__________________________
Starting Round 1
Broadcasting proposal 1 round 1 with 66 elements
__________________________
Starting Round 2
Broadcasting proposal 1 round 2 with 840 elements
__________________________
Starting Round 3
Broadcasting proposal 1 round 3 with 789 elements
__________________________
Starting Round 4
Broadcasting proposal 1 round 4 with 846 elements
__________________________
Starting Round 5
Broadcasting proposal 1 round 5 with 796 elements
__________________________
Starting Round 6
Broadcasting proposal 1 round 6 with 841 elements
__________________________
Starting Round 7
Broadcasting proposal 1 round 7 with 834 elements
__________________________
Broadcasting NEW proposal 2 round 0 with 915 elements
__________________________
Broadcasting NEW proposal 2 round 1 with 929 elements
__________________________
Broadcasting NEW proposal 2 round 3 with 873 elements
__________________________
Broadcasting NEW proposal 2 round 2 with 921 elements
__________________________
Broadcasting NEW proposal 2 round 6 with 906 elements
__________________________
Broadcasting NEW proposal 2 round 7 with 896 elements
__________________________
Broadcasting NEW proposal 2 round 4 with 898 elements
__________________________
Broadcasting NEW proposal 2 round 5 with 890 elements
__________________________
DECIDED: 0 936
Broadcasting DELIVERY OF: 0
DECIDED: 1 929
Broadcasting DELIVERY OF: 1
DECIDED: 2 932
Broadcasting DELIVERY OF: 2
DECIDED: 3 887
Broadcasting DELIVERY OF: 3
DECIDED: 4 911
Broadcasting DELIVERY OF: 4
DECIDED: 5 905
Broadcasting DELIVERY OF: 5
DECIDED: 6 923
Broadcasting DELIVERY OF: 6
DECIDED: 7 912
Broadcasting DELIVERY OF: 7
Starting Round 8
Broadcasting proposal 1 round 8 with 884 elements
__________________________
Starting Round 9
Broadcasting proposal 1 round 9 with 841 elements
__________________________
Starting Round 10
Broadcasting proposal 1 round 10 with 882 elements
__________________________
Starting Round 11
Broadcasting proposal 1 round 11 with 845 elements
__________________________
Starting Round 12
Broadcasting proposal 1 round 12 with 870 elements
__________________________
Starting Round 13
Broadcasting proposal 1 round 13 with 864 elements
__________________________
Starting Round 14
Broadcasting proposal 1 round 14 with 857 elements
__________________________
Starting Round 15
Broadcasting proposal 1 round 15 with 858 elements
__________________________
Broadcasting NEW proposal 2 round 12 with 878 elements
__________________________
Broadcasting NEW proposal 2 round 8 with 901 elements
__________________________
Broadcasting NEW proposal 2 round 9 with 854 elements
__________________________
Broadcasting NEW proposal 2 round 10 with 893 elements
__________________________
Broadcasting NEW proposal 2 round 14 with 857 elements
__________________________
Broadcasting NEW proposal 2 round 15 with 880 elements
__________________________
Broadcasting NEW proposal 2 round 13 with 876 elements
__________________________
Broadcasting NEW proposal 2 round 11 with 865 elements
__________________________
Sent 1000 messages.
DECIDED: 8 916
Broadcasting DELIVERY OF: 8
DECIDED: 9 870
Broadcasting DELIVERY OF: 9
DECIDED: 10 904
Broadcasting DELIVERY OF: 10
DECIDED: 11 877
Starting Round 16
Broadcasting proposal 1 round 16 with 865 elements
__________________________
Starting Round 17
Broadcasting proposal 1 round 17 with 712 elements
__________________________
Starting Round 18
Broadcasting proposal 1 round 18 with 729 elements
__________________________
Broadcasting DELIVERY OF: 11
DECIDED: 12 879
Broadcasting DELIVERY OF: 12
DECIDED: 13 884
Broadcasting DELIVERY OF: 13
DECIDED: 14 866
Broadcasting DELIVERY OF: 14
DECIDED: 15 881
Broadcasting DELIVERY OF: 15
Starting Round 19
Broadcasting proposal 1 round 19 with 762 elements
__________________________
Starting Round 20
Broadcasting proposal 1 round 20 with 787 elements
__________________________
Starting Round 21
Broadcasting proposal 1 round 21 with 715 elements
__________________________
Starting Round 22
Broadcasting proposal 1 round 22 with 700 elements
__________________________
Starting Round 23
Broadcasting proposal 1 round 23 with 752 elements
__________________________
Broadcasting NEW proposal 2 round 21 with 857 elements
__________________________
Broadcasting NEW proposal 2 round 19 with 871 elements
__________________________
Broadcasting NEW proposal 2 round 17 with 864 elements
__________________________
Broadcasting NEW proposal 2 round 23 with 863 elements
__________________________
Broadcasting NEW proposal 2 round 16 with 923 elements
__________________________
Broadcasting NEW proposal 2 round 20 with 864 elements
__________________________
Broadcasting NEW proposal 2 round 18 with 820 elements
__________________________
Broadcasting NEW proposal 2 round 22 with 856 elements
__________________________
DECIDED: 16 943
Broadcasting DELIVERY OF: 16
DECIDED: 17 887
Broadcasting DELIVERY OF: 17
DECIDED: 18 842
Broadcasting DELIVERY OF: 18
DECIDED: 19 881
Broadcasting DELIVERY OF: 19
DECIDED: 20 877
Broadcasting DELIVERY OF: 20
DECIDED: 21 867
Broadcasting DELIVERY OF: 21
DECIDED: 22 883
Broadcasting DELIVERY OF: 22
DECIDED: 23 881
Broadcasting DELIVERY OF: 23
Cleared proposal set for round 0
Sent 2000 messages.
Starting Round 24
Broadcasting proposal 1 round 24 with 832 elements
__________________________
Starting Round 25
Broadcasting proposal 1 round 25 with 768 elements
__________________________
Starting Round 26
Broadcasting proposal 1 round 26 with 762 elements
__________________________
Starting Round 27
Broadcasting proposal 1 round 27 with 792 elements
__________________________
Starting Round 28
Broadcasting proposal 1 round 28 with 764 elements
__________________________
Starting Round 29
Broadcasting proposal 1 round 29 with 764 elements
__________________________
Starting Round 30
Broadcasting proposal 1 round 30 with 734 elements
__________________________
Starting Round 31
Broadcasting proposal 1 round 31 with 739 elements
__________________________
Cleared proposal set for round 5
Cleared proposal set for round 6
Cleared proposal set for round 4
Cleared proposal set for round 3
Cleared proposal set for round 7
Cleared proposal set for round 1
Cleared proposal set for round 2
Broadcasting NEW proposal 2 round 26 with 858 elements
__________________________
Broadcasting NEW proposal 2 round 28 with 896 elements
__________________________
Broadcasting NEW proposal 2 round 30 with 867 elements
__________________________
Broadcasting NEW proposal 2 round 24 with 873 elements
__________________________
Broadcasting NEW proposal 2 round 31 with 848 elements
__________________________
Broadcasting NEW proposal 2 round 25 with 813 elements
__________________________
Broadcasting NEW proposal 2 round 27 with 873 elements
__________________________
Broadcasting NEW proposal 2 round 29 with 867 elements
__________________________
DECIDED: 24 887
Broadcasting DELIVERY OF: 24
DECIDED: 25 881
Broadcasting DELIVERY OF: 25
DECIDED: 26 883
Broadcasting DELIVERY OF: 26
DECIDED: 27 901
Broadcasting DELIVERY OF: 27
DECIDED: 28 904
Broadcasting DELIVERY OF: 28
DECIDED: 29 889
Broadcasting DELIVERY OF: 29
DECIDED: 30 881
Broadcasting DELIVERY OF: 30
DECIDED: 31 870
Broadcasting DELIVERY OF: 31
Cleared proposal set for round 8
Starting Round 32
Broadcasting proposal 1 round 32 with 693 elements
__________________________
Starting Round 33
Broadcasting proposal 1 round 33 with 668 elements
__________________________
Starting Round 34
Broadcasting proposal 1 round 34 with 655 elements
__________________________
Starting Round 35
Broadcasting proposal 1 round 35 with 685 elements
__________________________
Starting Round 36
Broadcasting proposal 1 round 36 with 762 elements
__________________________
Starting Round 37
Broadcasting proposal 1 round 37 with 738 elements
__________________________
Starting Round 38
Broadcasting proposal 1 round 38 with 762 elements
__________________________
Starting Round 39
Broadcasting proposal 1 round 39 with 690 elements
__________________________
Cleared proposal set for round 9
Cleared proposal set for round 10
Cleared proposal set for round 12
Cleared proposal set for round 11
Sent 3000 messages.
Cleared proposal set for round 13
Cleared proposal set for round 14
Broadcasting NEW proposal 2 round 39 with 777 elements
__________________________
Broadcasting NEW proposal 2 round 38 with 836 elements
__________________________
Broadcasting NEW proposal 2 round 35 with 753 elements
__________________________
Broadcasting NEW proposal 2 round 34 with 756 elements
__________________________
Broadcasting NEW proposal 2 round 36 with 819 elements
__________________________
Broadcasting NEW proposal 2 round 37 with 795 elements
__________________________
Broadcasting NEW proposal 2 round 32 with 788 elements
__________________________
Broadcasting NEW proposal 2 round 33 with 777 elements
__________________________
Cleared proposal set for round 15
DECIDED: 32 807
Broadcasting DELIVERY OF: 32
DECIDED: 33 803
Broadcasting DELIVERY OF: 33
DECIDED: 34 817
Broadcasting DELIVERY OF: 34
DECIDED: 35 793
Broadcasting DELIVERY OF: 35
DECIDED: 36 850
Broadcasting DELIVERY OF: 36
DECIDED: 37 847
Broadcasting DELIVERY OF: 37
DECIDED: 38 878
Broadcasting DELIVERY OF: 38
DECIDED: 39 846
Broadcasting DELIVERY OF: 39
Starting Round 40
Broadcasting proposal 1 round 40 with 714 elements
__________________________
Starting Round 41
Broadcasting proposal 1 round 41 with 762 elements
__________________________
Starting Round 42
Broadcasting proposal 1 round 42 with 700 elements
__________________________
Starting Round 43
Broadcasting proposal 1 round 43 with 821 elements
__________________________
Starting Round 44
Broadcasting proposal 1 round 44 with 732 elements
__________________________
Starting Round 45
Broadcasting proposal 1 round 45 with 752 elements
__________________________
Starting Round 46
Broadcasting proposal 1 round 46 with 734 elements
__________________________
Starting Round 47
Broadcasting proposal 1 round 47 with 780 elements
__________________________
Cleared proposal set for round 16
Cleared proposal set for round 17
Cleared proposal set for round 19
Cleared proposal set for round 21
Cleared proposal set for round 18
Cleared proposal set for round 20
Cleared proposal set for round 22
Broadcasting NEW proposal 2 round 46 with 850 elements
__________________________
Broadcasting NEW proposal 2 round 40 with 818 elements
__________________________
Broadcasting NEW proposal 2 round 43 with 888 elements
__________________________
Broadcasting NEW proposal 2 round 42 with 804 elements
__________________________
Broadcasting NEW proposal 2 round 47 with 869 elements
__________________________
Broadcasting NEW proposal 2 round 45 with 831 elements
__________________________
Broadcasting NEW proposal 2 round 44 with 803 elements
__________________________
Broadcasting NEW proposal 2 round 41 with 822 elements
__________________________
Cleared proposal set for round 23
Sent 4000 messages.
DECIDED: 40 862
Broadcasting DELIVERY OF: 40
DECIDED: 41 849
Broadcasting DELIVERY OF: 41
DECIDED: 42 871
Broadcasting DELIVERY OF: 42
DECIDED: 43 896
Broadcasting DELIVERY OF: 43
DECIDED: 44 846
Broadcasting DELIVERY OF: 44
DECIDED: 45 878
Broadcasting DELIVERY OF: 45
DECIDED: 46 889
Broadcasting DELIVERY OF: 46
DECIDED: 47 893
Broadcasting DELIVERY OF: 47
Starting Round 48
Broadcasting proposal 1 round 48 with 779 elements
__________________________
Starting Round 49
Broadcasting proposal 1 round 49 with 776 elements
__________________________
Cleared proposal set for round 24
Cleared proposal set for round 25
Cleared proposal set for round 27
Cleared proposal set for round 29
Cleared proposal set for round 26
Cleared proposal set for round 30
Cleared proposal set for round 28
Broadcasting NEW proposal 2 round 49 with 843 elements
__________________________
Broadcasting NEW proposal 2 round 48 with 869 elements
__________________________
Cleared proposal set for round 31
DECIDED: 48 900
Broadcasting DELIVERY OF: 48
DECIDED: 49 862
Broadcasting DELIVERY OF: 49
Cleared proposal set for round 32
Cleared proposal set for round 33
Cleared proposal set for round 37
Cleared proposal set for round 35
Cleared proposal set for round 38
Cleared proposal set for round 34
Cleared proposal set for round 36
Cleared proposal set for round 39
Cleared proposal set for round 41
Cleared proposal set for round 40
Cleared proposal set for round 46
Cleared proposal set for round 43
Cleared proposal set for round 45
Cleared proposal set for round 42
Cleared proposal set for round 44
Cleared proposal set for round 47
Cleared proposal set for round 49
Cleared proposal set for round 48
ERROR IN PERFECT LINKS DELIVER: Message{proposalCount=2, senderId=34, receiverId=32, latticeRound=49, isAck=0}
Immediately stopping network packet processing.
Writing output.
