Listening for transport dt_socket at address: 5554
My PID: 2444

From a new terminal type `kill -SIGINT 2444` or `kill -SIGTERM 2444` to stop processing packets

OUTPUT:  /root/tools/out/proc40.output
My ID: 40

List of resolved hosts is:
==========================
0
Human-readable IP: 127.0.0.1
Human-readable Port: 11001

1
Human-readable IP: 127.0.0.1
Human-readable Port: 11002

2
Human-readable IP: 127.0.0.1
Human-readable Port: 11003

3
Human-readable IP: 127.0.0.1
Human-readable Port: 11004

4
Human-readable IP: 127.0.0.1
Human-readable Port: 11005

5
Human-readable IP: 127.0.0.1
Human-readable Port: 11006

6
Human-readable IP: 127.0.0.1
Human-readable Port: 11007

7
Human-readable IP: 127.0.0.1
Human-readable Port: 11008

8
Human-readable IP: 127.0.0.1
Human-readable Port: 11009

9
Human-readable IP: 127.0.0.1
Human-readable Port: 11010

10
Human-readable IP: 127.0.0.1
Human-readable Port: 11011

11
Human-readable IP: 127.0.0.1
Human-readable Port: 11012

12
Human-readable IP: 127.0.0.1
Human-readable Port: 11013

13
Human-readable IP: 127.0.0.1
Human-readable Port: 11014

14
Human-readable IP: 127.0.0.1
Human-readable Port: 11015

15
Human-readable IP: 127.0.0.1
Human-readable Port: 11016

16
Human-readable IP: 127.0.0.1
Human-readable Port: 11017

17
Human-readable IP: 127.0.0.1
Human-readable Port: 11018

18
Human-readable IP: 127.0.0.1
Human-readable Port: 11019

19
Human-readable IP: 127.0.0.1
Human-readable Port: 11020

20
Human-readable IP: 127.0.0.1
Human-readable Port: 11021

21
Human-readable IP: 127.0.0.1
Human-readable Port: 11022

22
Human-readable IP: 127.0.0.1
Human-readable Port: 11023

23
Human-readable IP: 127.0.0.1
Human-readable Port: 11024

24
Human-readable IP: 127.0.0.1
Human-readable Port: 11025

25
Human-readable IP: 127.0.0.1
Human-readable Port: 11026

26
Human-readable IP: 127.0.0.1
Human-readable Port: 11027

27
Human-readable IP: 127.0.0.1
Human-readable Port: 11028

28
Human-readable IP: 127.0.0.1
Human-readable Port: 11029

29
Human-readable IP: 127.0.0.1
Human-readable Port: 11030

30
Human-readable IP: 127.0.0.1
Human-readable Port: 11031

31
Human-readable IP: 127.0.0.1
Human-readable Port: 11032

32
Human-readable IP: 127.0.0.1
Human-readable Port: 11033

33
Human-readable IP: 127.0.0.1
Human-readable Port: 11034

34
Human-readable IP: 127.0.0.1
Human-readable Port: 11035

35
Human-readable IP: 127.0.0.1
Human-readable Port: 11036

36
Human-readable IP: 127.0.0.1
Human-readable Port: 11037

37
Human-readable IP: 127.0.0.1
Human-readable Port: 11038

38
Human-readable IP: 127.0.0.1
Human-readable Port: 11039

39
Human-readable IP: 127.0.0.1
Human-readable Port: 11040

ProposalSetSize: 1000
Sliding window size: 16
UDPReceiver: Created socket on port 11040
THREAD NUMBER: 1
40
Human-readable IP: 127.0.0.1
Human-readable Port: 11041

41
Human-readable IP: 127.0.0.1
Human-readable Port: 11042

42
Human-readable IP: 127.0.0.1
Human-readable Port: 11043

43
Human-readable IP: 127.0.0.1
Human-readable Port: 11044

44
Human-readable IP: 127.0.0.1
Human-readable Port: 11045

45
Human-readable IP: 127.0.0.1
Human-readable Port: 11046

46
Human-readable IP: 127.0.0.1
Human-readable Port: 11047

47
Human-readable IP: 127.0.0.1
Human-readable Port: 11048

48
Human-readable IP: 127.0.0.1
Human-readable Port: 11049

49
Human-readable IP: 127.0.0.1
Human-readable Port: 11050


Path to output:
===============
/root/tools/out/proc40.output

Deleted old output file: false

Path to config:
===============
./out/proc40.config

===============
Doing some initialization

Broadcasting and delivering messages...

Process ID: 40
Starting Round 0
Broadcasting proposal 1 round 0 with 11 elements
__________________________
Starting Round 1
Broadcasting proposal 1 round 1 with 932 elements
__________________________
Starting Round 2
Broadcasting proposal 1 round 2 with 927 elements
__________________________
Starting Round 3
Broadcasting proposal 1 round 3 with 883 elements
__________________________
Starting Round 4
Broadcasting proposal 1 round 4 with 908 elements
__________________________
Starting Round 5
Broadcasting proposal 1 round 5 with 900 elements
__________________________
Starting Round 6
Broadcasting proposal 1 round 6 with 915 elements
__________________________
Starting Round 7
Broadcasting proposal 1 round 7 with 905 elements
__________________________
DECIDED: 0 941
Broadcasting DELIVERY OF: 0
Broadcasting NEW proposal 2 round 1 with 939 elements
__________________________
Starting Round 8
Broadcasting proposal 1 round 8 with 923 elements
__________________________
Cleared proposal set for round 0
DECIDED: 1 939
Broadcasting DELIVERY OF: 1
DECIDED: 2 933
Broadcasting DELIVERY OF: 2
Cleared proposal set for round 2
DECIDED: 3 901
Broadcasting DELIVERY OF: 3
DECIDED: 4 931
Broadcasting DELIVERY OF: 4
Cleared proposal set for round 4
DECIDED: 5 921
Broadcasting DELIVERY OF: 5
Cleared proposal set for round 5
DECIDED: 6 939
Broadcasting DELIVERY OF: 6
Cleared proposal set for round 6
DECIDED: 7 931
Broadcasting DELIVERY OF: 7
Broadcasting NEW proposal 2 round 8 with 940 elements
__________________________
Starting Round 9
Broadcasting proposal 1 round 9 with 896 elements
__________________________
Starting Round 10
Broadcasting proposal 1 round 10 with 932 elements
__________________________
Starting Round 11
Broadcasting proposal 1 round 11 with 914 elements
__________________________
Starting Round 12
Broadcasting proposal 1 round 12 with 924 elements
__________________________
Starting Round 13
Broadcasting proposal 1 round 13 with 923 elements
__________________________
Starting Round 14
Broadcasting proposal 1 round 14 with 912 elements
__________________________
Starting Round 15
Broadcasting proposal 1 round 15 with 921 elements
__________________________
Cleared proposal set for round 7
DECIDED: 8 940
Broadcasting DELIVERY OF: 8
Broadcasting NEW proposal 2 round 14 with 912 elements
__________________________
Broadcasting NEW proposal 2 round 15 with 929 elements
__________________________
Broadcasting NEW proposal 2 round 12 with 924 elements
__________________________
Broadcasting NEW proposal 2 round 11 with 914 elements
__________________________
DECIDED: 9 896
Broadcasting DELIVERY OF: 9
Broadcasting NEW proposal 2 round 10 with 932 elements
__________________________
Starting Round 16
Broadcasting proposal 1 round 16 with 950 elements
__________________________
Starting Round 17
Broadcasting proposal 1 round 17 with 906 elements
__________________________
Cleared proposal set for round 8
Sent 1000 messages.
Broadcasting NEW proposal 2 round 17 with 912 elements
__________________________
DECIDED: 10 932
Broadcasting DELIVERY OF: 10
DECIDED: 11 914
Broadcasting DELIVERY OF: 11
DECIDED: 12 924
Broadcasting DELIVERY OF: 12
DECIDED: 13 923
Broadcasting DELIVERY OF: 13
DECIDED: 14 912
Broadcasting DELIVERY OF: 14
DECIDED: 15 929
Broadcasting DELIVERY OF: 15
DECIDED: 16 952
Broadcasting DELIVERY OF: 16
Starting Round 18
Broadcasting proposal 1 round 18 with 893 elements
__________________________
Starting Round 19
Broadcasting proposal 1 round 19 with 925 elements
__________________________
Starting Round 20
Broadcasting proposal 1 round 20 with 926 elements
__________________________
Starting Round 21
Broadcasting proposal 1 round 21 with 898 elements
__________________________
Starting Round 22
Broadcasting proposal 1 round 22 with 909 elements
__________________________
Starting Round 23
Broadcasting proposal 1 round 23 with 902 elements
__________________________
Starting Round 24
Broadcasting proposal 1 round 24 with 896 elements
__________________________
Cleared proposal set for round 11
Cleared proposal set for round 9
Cleared proposal set for round 12
Cleared proposal set for round 10
Cleared proposal set for round 14
Cleared proposal set for round 13
Cleared proposal set for round 15
Broadcasting NEW proposal 2 round 23 with 920 elements
__________________________
Broadcasting NEW proposal 2 round 24 with 901 elements
__________________________
DECIDED: 17 925
Broadcasting DELIVERY OF: 17
Broadcasting NEW proposal 2 round 21 with 904 elements
__________________________
Broadcasting NEW proposal 2 round 22 with 920 elements
__________________________
Broadcasting NEW proposal 2 round 19 with 931 elements
__________________________
Broadcasting NEW proposal 2 round 20 with 929 elements
__________________________
Broadcasting NEW proposal 2 round 18 with 897 elements
__________________________
Starting Round 25
Broadcasting proposal 1 round 25 with 910 elements
__________________________
DECIDED: 18 897
Broadcasting DELIVERY OF: 18
DECIDED: 19 931
Broadcasting DELIVERY OF: 19
DECIDED: 20 929
Broadcasting DELIVERY OF: 20
DECIDED: 21 904
Broadcasting DELIVERY OF: 21
DECIDED: 22 920
Broadcasting DELIVERY OF: 22
DECIDED: 23 920
Broadcasting DELIVERY OF: 23
DECIDED: 24 918
Broadcasting DELIVERY OF: 24
DECIDED: 25 926
Broadcasting DELIVERY OF: 25
Starting Round 26
Broadcasting proposal 1 round 26 with 908 elements
__________________________
Starting Round 27
Broadcasting proposal 1 round 27 with 920 elements
__________________________
Starting Round 28
Broadcasting proposal 1 round 28 with 922 elements
__________________________
Starting Round 29
Broadcasting proposal 1 round 29 with 927 elements
__________________________
Starting Round 30
Broadcasting proposal 1 round 30 with 917 elements
__________________________
Starting Round 31
Broadcasting proposal 1 round 31 with 900 elements
__________________________
Starting Round 32
Broadcasting proposal 1 round 32 with 834 elements
__________________________
Starting Round 33
Broadcasting proposal 1 round 33 with 861 elements
__________________________
Cleared proposal set for round 16
Cleared proposal set for round 17
Cleared proposal set for round 22
Cleared proposal set for round 18
Cleared proposal set for round 20
Cleared proposal set for round 19
Cleared proposal set for round 21
Sent 2000 messages.
Cleared proposal set for round 23
Broadcasting NEW proposal 2 round 26 with 930 elements
__________________________
Broadcasting NEW proposal 2 round 33 with 876 elements
__________________________
Broadcasting NEW proposal 2 round 31 with 911 elements
__________________________
Broadcasting NEW proposal 2 round 32 with 844 elements
__________________________
Broadcasting NEW proposal 2 round 30 with 936 elements
__________________________
Broadcasting NEW proposal 2 round 29 with 937 elements
__________________________
DECIDED: 26 930
Broadcasting DELIVERY OF: 26
DECIDED: 27 929
Broadcasting DELIVERY OF: 27
DECIDED: 28 934
Broadcasting DELIVERY OF: 28
DECIDED: 29 937
Broadcasting DELIVERY OF: 29
DECIDED: 30 936
Broadcasting DELIVERY OF: 30
DECIDED: 31 911
Broadcasting DELIVERY OF: 31
DECIDED: 32 861
Broadcasting DELIVERY OF: 32
DECIDED: 33 901
Broadcasting DELIVERY OF: 33
Starting Round 34
Broadcasting proposal 1 round 34 with 895 elements
__________________________
Starting Round 35
Broadcasting proposal 1 round 35 with 881 elements
__________________________
Starting Round 36
Broadcasting proposal 1 round 36 with 904 elements
__________________________
Starting Round 37
Broadcasting proposal 1 round 37 with 894 elements
__________________________
Starting Round 38
Broadcasting proposal 1 round 38 with 925 elements
__________________________
Starting Round 39
Broadcasting proposal 1 round 39 with 908 elements
__________________________
Starting Round 40
Broadcasting proposal 1 round 40 with 872 elements
__________________________
Starting Round 41
Broadcasting proposal 1 round 41 with 886 elements
__________________________
Cleared proposal set for round 24
Cleared proposal set for round 25
Cleared proposal set for round 26
Cleared proposal set for round 28
Cleared proposal set for round 30
Cleared proposal set for round 27
Cleared proposal set for round 29
Cleared proposal set for round 31
Broadcasting NEW proposal 2 round 41 with 905 elements
__________________________
Broadcasting NEW proposal 2 round 40 with 896 elements
__________________________
Broadcasting NEW proposal 2 round 34 with 905 elements
__________________________
Broadcasting NEW proposal 2 round 39 with 938 elements
__________________________
Broadcasting NEW proposal 2 round 36 with 926 elements
__________________________
Broadcasting NEW proposal 2 round 38 with 931 elements
__________________________
Broadcasting NEW proposal 2 round 37 with 917 elements
__________________________
Sent 3000 messages.
DECIDED: 34 905
Broadcasting DELIVERY OF: 34
DECIDED: 35 894
Broadcasting DELIVERY OF: 35
DECIDED: 36 926
Broadcasting DELIVERY OF: 36
DECIDED: 37 917
Broadcasting DELIVERY OF: 37
DECIDED: 38 931
Broadcasting DELIVERY OF: 38
DECIDED: 39 938
Broadcasting DELIVERY OF: 39
DECIDED: 40 903
Broadcasting DELIVERY OF: 40
DECIDED: 41 916
Broadcasting DELIVERY OF: 41
Starting Round 42
Broadcasting proposal 1 round 42 with 918 elements
__________________________
Starting Round 43
Broadcasting proposal 1 round 43 with 932 elements
__________________________
Starting Round 44
Broadcasting proposal 1 round 44 with 923 elements
__________________________
Starting Round 45
Broadcasting proposal 1 round 45 with 940 elements
__________________________
Starting Round 46
Broadcasting proposal 1 round 46 with 917 elements
__________________________
Starting Round 47
Broadcasting proposal 1 round 47 with 921 elements
__________________________
Starting Round 48
Broadcasting proposal 1 round 48 with 910 elements
__________________________
Starting Round 49
Broadcasting proposal 1 round 49 with 879 elements
__________________________
Cleared proposal set for round 32
Cleared proposal set for round 33
Cleared proposal set for round 34
Cleared proposal set for round 36
Cleared proposal set for round 38
Cleared proposal set for round 35
Cleared proposal set for round 37
Cleared proposal set for round 39
Broadcasting NEW proposal 2 round 49 with 894 elements
__________________________
Broadcasting NEW proposal 2 round 48 with 912 elements
__________________________
Broadcasting NEW proposal 2 round 46 with 927 elements
__________________________
Broadcasting NEW proposal 2 round 45 with 946 elements
__________________________
Broadcasting NEW proposal 2 round 42 with 926 elements
__________________________
Broadcasting NEW proposal 2 round 43 with 937 elements
__________________________
Broadcasting NEW proposal 2 round 44 with 929 elements
__________________________
DECIDED: 42 926
Broadcasting DELIVERY OF: 42
DECIDED: 43 937
Broadcasting DELIVERY OF: 43
DECIDED: 44 929
Broadcasting DELIVERY OF: 44
DECIDED: 45 946
Broadcasting DELIVERY OF: 45
DECIDED: 46 927
Broadcasting DELIVERY OF: 46
DECIDED: 47 924
Broadcasting DELIVERY OF: 47
DECIDED: 48 927
Broadcasting DELIVERY OF: 48
DECIDED: 49 909
Broadcasting DELIVERY OF: 49
Sent 4000 messages.
Cleared proposal set for round 40
Cleared proposal set for round 41
Cleared proposal set for round 43
Cleared proposal set for round 45
Cleared proposal set for round 46
Cleared proposal set for round 42
Cleared proposal set for round 44
Cleared proposal set for round 47
Cleared proposal set for round 49
Cleared proposal set for round 48
Immediately stopping network packet processing.
Writing output.
