Listening for transport dt_socket at address: 5804
My PID: 64967

From a new terminal type `kill -SIGINT 64967` or `kill -SIGTERM 64967` to stop processing packets

OUTPUT:  /Users/aybarsyazici/Documents/EPFL/distributed/EPFL-CS451-Project/tools/out/proc31.output
My ID: 31

List of resolved hosts is:
==========================
0
Human-readable IP: 127.0.0.1
Human-readable Port: 11001

1
Human-readable IP: 127.0.0.1
Human-readable Port: 11002

2
Human-readable IP: 127.0.0.1
Human-readable Port: 11003

3
Human-readable IP: 127.0.0.1
Human-readable Port: 11004

4
Human-readable IP: 127.0.0.1
Human-readable Port: 11005

5
Human-readable IP: 127.0.0.1
Human-readable Port: 11006

6
Human-readable IP: 127.0.0.1
Human-readable Port: 11007

7
Human-readable IP: 127.0.0.1
Human-readable Port: 11008

8
Human-readable IP: 127.0.0.1
Human-readable Port: 11009

9
Human-readable IP: 127.0.0.1
Human-readable Port: 11010

10
Human-readable IP: 127.0.0.1
Human-readable Port: 11011

11
Human-readable IP: 127.0.0.1
Human-readable Port: 11012

12
Human-readable IP: 127.0.0.1
Human-readable Port: 11013

13
Human-readable IP: 127.0.0.1
Human-readable Port: 11014

14
Human-readable IP: 127.0.0.1
Human-readable Port: 11015

15
Human-readable IP: 127.0.0.1
Human-readable Port: 11016

16
Human-readable IP: 127.0.0.1
Human-readable Port: 11017

17
Human-readable IP: 127.0.0.1
Human-readable Port: 11018

18
Human-readable IP: 127.0.0.1
Human-readable Port: 11019

19
Human-readable IP: 127.0.0.1
Human-readable Port: 11020

20
Human-readable IP: 127.0.0.1
Human-readable Port: 11021

21
Human-readable IP: 127.0.0.1
Human-readable Port: 11022

22
Human-readable IP: 127.0.0.1
Human-readable Port: 11023

23
Human-readable IP: 127.0.0.1
Human-readable Port: 11024

24
Human-readable IP: 127.0.0.1
Human-readable Port: 11025

25
Human-readable IP: 127.0.0.1
Human-readable Port: 11026

26
Human-readable IP: 127.0.0.1
Human-readable Port: 11027

27
Human-readable IP: 127.0.0.1
Human-readable Port: 11028

28
Human-readable IP: 127.0.0.1
Human-readable Port: 11029

29
Human-readable IP: 127.0.0.1
Human-readable Port: 11030

30
Human-readable IP: 127.0.0.1
Human-readable Port: 11031

ProposalSetSize: 1800
Sliding window size: 16
UDPReceiver: Created socket on port 11031
THREAD NUMBER: 1
31
Human-readable IP: 127.0.0.1
Human-readable Port: 11032

32
Human-readable IP: 127.0.0.1
Human-readable Port: 11033

33
Human-readable IP: 127.0.0.1
Human-readable Port: 11034

34
Human-readable IP: 127.0.0.1
Human-readable Port: 11035

35
Human-readable IP: 127.0.0.1
Human-readable Port: 11036

36
Human-readable IP: 127.0.0.1
Human-readable Port: 11037

37
Human-readable IP: 127.0.0.1
Human-readable Port: 11038

38
Human-readable IP: 127.0.0.1
Human-readable Port: 11039

39
Human-readable IP: 127.0.0.1
Human-readable Port: 11040

40
Human-readable IP: 127.0.0.1
Human-readable Port: 11041

41
Human-readable IP: 127.0.0.1
Human-readable Port: 11042

42
Human-readable IP: 127.0.0.1
Human-readable Port: 11043

43
Human-readable IP: 127.0.0.1
Human-readable Port: 11044

44
Human-readable IP: 127.0.0.1
Human-readable Port: 11045

45
Human-readable IP: 127.0.0.1
Human-readable Port: 11046

46
Human-readable IP: 127.0.0.1
Human-readable Port: 11047

47
Human-readable IP: 127.0.0.1
Human-readable Port: 11048

48
Human-readable IP: 127.0.0.1
Human-readable Port: 11049

49
Human-readable IP: 127.0.0.1
Human-readable Port: 11050


Path to output:
===============
/Users/aybarsyazici/Documents/EPFL/distributed/EPFL-CS451-Project/tools/out/proc31.output

Deleted old output file: false

Path to config:
===============
./out/proc31.config

===============
Doing some initialization

Broadcasting and delivering messages...

Process ID: 31
Starting Round 0
Proposing Round 0 [415393687, 1047385483, 2001129658]
Broadcasting proposal 1 round 0 with 3 elements
__________________________
Starting Round 1
Proposing Round 1 [697939765]
Broadcasting proposal 1 round 1 with 1 elements
__________________________
Starting Round 2
Proposing Round 2 [1519038154, 632880459, 1325171272, 1304963614, 154739678, 664847319, 747441732, 225052083, 60766757, 1897456484]
Broadcasting proposal 1 round 2 with 10 elements
__________________________
Starting Round 3
Proposing Round 3 [977032766, 387820537, 2042811108, 224908174, 1194673401, 667779376]
Broadcasting proposal 1 round 3 with 6 elements
__________________________
Starting Round 4
Proposing Round 4 [2000738353, 508745584, 1637947177, 429416213]
Broadcasting proposal 1 round 4 with 4 elements
__________________________
Starting Round 5
Proposing Round 5 [963026855, 706712922, 1113219231, 1758503592, 1764265618, 2031417512, 1781915481, 1072910527]
Broadcasting proposal 1 round 5 with 8 elements
__________________________
Starting Round 6
Proposing Round 6 [1090824373, 1035627944, 179984654, 1113219231, 1915193614, 1555424924, 1351531223, 219720597, 656439677, 1282044148]
Broadcasting proposal 1 round 6 with 10 elements
__________________________
Starting Round 7
Proposing Round 7 [136505587, 526227599, 1866437132, 730074215, 498733671]
Broadcasting proposal 1 round 7 with 5 elements
__________________________
Immediately stopping network packet processing.
Writing output.
ERROR while sending to: 34
