1801823908 1051802512 373399426 1194819984 127978094 854001193 946785248 599310825 136505587 939042955 1929338154 107420369 999270936 113971123 440213415 1812140441 478163327 1181241943
1801823908 1051802512 373399426 402418010 1194819984 946785248 854001193 127978094 599310825 136505587 1929338154 107420369 999270936 113971123 1812140441 958682846 440213415 478163327 1181241943
1801823908 373399426 402418010 1194819984 127978094 946785248 854001193 599310825 136505587 1929338154 107420369 999270936 113971123 1812140441 958682846 440213415 478163327 1181241943
136505587 939042955 1194819984 999270936 1812140441
136505587 1194819984 113971123 1812140441 440213415 127978094
1051802512 136505587 939042955 1929338154 402418010 1194819984 1812140441 127978094 478163327
136505587 1051802512 854001193 127978094 1181241943
136505587 1929338154 1812140441 440213415 127978094
1801823908 373399426 107420369
939042955 402418010 1194819984 113971123 958682846 440213415 127978094 854001193 946785248 478163327
1929338154
373399426 1929338154 402418010 113971123 440213415 1812140441 958682846 127978094 854001193 1181241943
136505587 1051802512 854001193
599310825 1812140441 946785248
136505587 373399426 1929338154 402418010 440213415 1181241943
136505587 1051802512 373399426 402418010 113971123 1812140441
1929338154
1051802512 1801823908 1194819984 999270936 440213415 1812140441 958682846 854001193 127978094 1181241943
1801823908 136505587 1929338154 107420369 958682846 440213415 127978094
599310825 1801823908 1929338154 958682846 127978094 854001193 946785248 1181241943
939042955 107420369 113971123 1812140441 440213415 478163327
599310825 1929338154 854001193
999270936 958682846
939042955 999270936 1194819984 1812140441 854001193 946785248 478163327
1801823908 402418010 127978094 478163327
373399426 1194819984 946785248 478163327
136505587 1051802512 939042955 1194819984 958682846 1181241943
136505587 107420369
1801823908 1929338154 999270936 113971123 127978094
402418010 127978094 854001193
599310825 939042955 373399426 478163327
1801823908 958682846 440213415 478163327
1051802512 402418010 107420369
1051802512 1929338154 107420369 999270936 1812140441 946785248 127978094
107420369
999270936 113971123
1051802512 402418010 1194819984 1812140441 958682846 946785248 854001193
136505587
1051802512 1801823908 107420369 999270936 1812140441 958682846 854001193
1051802512 136505587 1801823908 373399426 1929338154 1194819984 999270936 854001193 946785248
1801823908 136505587 402418010 999270936 440213415
107420369 946785248 854001193
373399426 854001193 127978094 478163327
1181241943
1929338154 854001193
1801823908 1194819984 1181241943
373399426 1812140441
136505587 1051802512 107420369 999270936 113971123 1812140441 1181241943 478163327
1051802512 1801823908 402418010 999270936 127978094
478163327
599310825 402418010 127978094
402418010 107420369 1194819984 1812140441 440213415 127978094 946785248 1181241943
939042955 999270936 113971123 1812140441 854001193 127978094 946785248
1051802512 107420369 958682846
1051802512 999270936 854001193
599310825 1801823908 939042955 373399426 402418010 999270936 113971123 127978094 478163327 1181241943
1051802512 599310825 107420369 999270936 113971123 958682846 127978094 1181241943
1801823908
1801823908 1051802512 373399426 1929338154 402418010 1194819984 440213415 127978094 946785248 854001193
939042955 107420369 958682846 946785248 127978094 478163327
1801823908 1929338154 854001193
854001193 127978094 1181241943
1801823908 107420369 1812140441 127978094
939042955 373399426 1929338154 946785248
1194819984 113971123
373399426 107420369 402418010 1194819984 113971123 854001193 127978094 946785248 1181241943 478163327
939042955 999270936
946785248
136505587 1801823908 599310825 373399426 113971123 440213415 127978094 478163327 1181241943
373399426 107420369 402418010 113971123 127978094 854001193
1051802512 599310825 373399426 1929338154 113971123 478163327
136505587 1801823908 1051802512 402418010 946785248 478163327
999270936 958682846 854001193
1812140441 440213415
1051802512 939042955 113971123 440213415
1051802512 107420369 999270936 127978094
1051802512 1801823908 373399426 1929338154 402418010 999270936 113971123 958682846 1812140441 478163327
1801823908 599310825 136505587 1929338154 402418010 999270936 113971123 854001193 1181241943
1051802512 939042955 127978094
599310825 939042955 373399426 999270936 1194819984 1812140441 958682846 946785248 1181241943
1801823908 136505587 999270936
1801823908 136505587 1929338154 402418010 1194819984 440213415 958682846 127978094 946785248
599310825 1801823908 1051802512 939042955 958682846 127978094
136505587 939042955 999270936 1194819984 946785248 854001193
1801823908
939042955 478163327
107420369 1194819984 440213415
599310825 136505587 107420369 1812140441 958682846
107420369 402418010 113971123 440213415 946785248
1194819984 946785248
1801823908 939042955 373399426 946785248
939042955 1929338154 107420369 999270936 127978094
1051802512 107420369 402418010 999270936 113971123 1812140441 440213415 127978094 478163327
136505587 373399426 1929338154 1194819984 440213415 946785248
599310825 1929338154 1181241943
1051802512 939042955 1929338154 107420369 999270936 1812140441 958682846 854001193 1181241943
599310825 136505587 1801823908 1929338154 113971123 1812140441 958682846 127978094 478163327 1181241943
136505587 1801823908 599310825 1051802512 939042955 402418010 1812140441 854001193 946785248 1181241943
1801823908 1194819984 1181241943
1929338154 999270936 946785248
