Listening for transport dt_socket at address: 7607
My PID: 64978

From a new terminal type `kill -SIGINT 64978` or `kill -SIGTERM 64978` to stop processing packets

OUTPUT:  /Users/aybarsyazici/Documents/EPFL/distributed/EPFL-CS451-Project/tools/out/proc42.output
My ID: 42

List of resolved hosts is:
==========================
0
Human-readable IP: 127.0.0.1
Human-readable Port: 11001

1
Human-readable IP: 127.0.0.1
Human-readable Port: 11002

2
Human-readable IP: 127.0.0.1
Human-readable Port: 11003

3
Human-readable IP: 127.0.0.1
Human-readable Port: 11004

4
Human-readable IP: 127.0.0.1
Human-readable Port: 11005

5
Human-readable IP: 127.0.0.1
Human-readable Port: 11006

6
Human-readable IP: 127.0.0.1
Human-readable Port: 11007

7
Human-readable IP: 127.0.0.1
Human-readable Port: 11008

8
Human-readable IP: 127.0.0.1
Human-readable Port: 11009

9
Human-readable IP: 127.0.0.1
Human-readable Port: 11010

10
Human-readable IP: 127.0.0.1
Human-readable Port: 11011

11
Human-readable IP: 127.0.0.1
Human-readable Port: 11012

12
Human-readable IP: 127.0.0.1
Human-readable Port: 11013

13
Human-readable IP: 127.0.0.1
Human-readable Port: 11014

14
Human-readable IP: 127.0.0.1
Human-readable Port: 11015

15
Human-readable IP: 127.0.0.1
Human-readable Port: 11016

16
Human-readable IP: 127.0.0.1
Human-readable Port: 11017

17
Human-readable IP: 127.0.0.1
Human-readable Port: 11018

18
Human-readable IP: 127.0.0.1
Human-readable Port: 11019

19
Human-readable IP: 127.0.0.1
Human-readable Port: 11020

20
Human-readable IP: 127.0.0.1
Human-readable Port: 11021

21
Human-readable IP: 127.0.0.1
Human-readable Port: 11022

22
Human-readable IP: 127.0.0.1
Human-readable Port: 11023

23
Human-readable IP: 127.0.0.1
Human-readable Port: 11024

24
Human-readable IP: 127.0.0.1
Human-readable Port: 11025

25
Human-readable IP: 127.0.0.1
Human-readable Port: 11026

26
Human-readable IP: 127.0.0.1
Human-readable Port: 11027

27
Human-readable IP: 127.0.0.1
Human-readable Port: 11028

28
Human-readable IP: 127.0.0.1
Human-readable Port: 11029

29
Human-readable IP: 127.0.0.1
Human-readable Port: 11030

30
Human-readable IP: 127.0.0.1
Human-readable Port: 11031

31
Human-readable IP: 127.0.0.1
Human-readable Port: 11032

32
Human-readable IP: 127.0.0.1
Human-readable Port: 11033

33
Human-readable IP: 127.0.0.1
Human-readable Port: 11034

34
Human-readable IP: 127.0.0.1
Human-readable Port: 11035

35
Human-readable IP: 127.0.0.1
Human-readable Port: 11036

36
Human-readable IP: 127.0.0.1
Human-readable Port: 11037

37
Human-readable IP: 127.0.0.1
Human-readable Port: 11038

38
Human-readable IP: 127.0.0.1
Human-readable Port: 11039

39
Human-readable IP: 127.0.0.1
Human-readable Port: 11040

40
Human-readable IP: 127.0.0.1
Human-readable Port: 11041

41
Human-readable IP: 127.0.0.1
Human-readable Port: 11042

ProposalSetSize: 1800
Sliding window size: 16
UDPReceiver: Created socket on port 11042
THREAD NUMBER: 1
42
Human-readable IP: 127.0.0.1
Human-readable Port: 11043

43
Human-readable IP: 127.0.0.1
Human-readable Port: 11044

44
Human-readable IP: 127.0.0.1
Human-readable Port: 11045

45
Human-readable IP: 127.0.0.1
Human-readable Port: 11046

46
Human-readable IP: 127.0.0.1
Human-readable Port: 11047

47
Human-readable IP: 127.0.0.1
Human-readable Port: 11048

48
Human-readable IP: 127.0.0.1
Human-readable Port: 11049

49
Human-readable IP: 127.0.0.1
Human-readable Port: 11050


Path to output:
===============
/Users/aybarsyazici/Documents/EPFL/distributed/EPFL-CS451-Project/tools/out/proc42.output

Deleted old output file: false

Path to config:
===============
./out/proc42.config

===============
Doing some initialization

Broadcasting and delivering messages...

Process ID: 42
Starting Round 0
Proposing Round 0 [477543926, 252860896, 1084386400, 387820537, 695642802, 1012659111, 1198832728]
Broadcasting proposal 1 round 0 with 7 elements
__________________________
Starting Round 1
Proposing Round 1 [1620104855, 693847829]
Broadcasting proposal 1 round 1 with 2 elements
__________________________
Starting Round 2
Proposing Round 2 [52679490, 541988748, 223705953, 1780010572, 1277121963, 1984173309, 859759428]
Broadcasting proposal 1 round 2 with 7 elements
__________________________
Starting Round 3
Proposing Round 3 [1045036297, 1633711193, 1148782098]
Broadcasting proposal 1 round 3 with 3 elements
__________________________
Starting Round 4
Proposing Round 4 [1628416575, 572989855, 1880160025, 1253535854, 2111946238]
Broadcasting proposal 1 round 4 with 5 elements
__________________________
Starting Round 5
Proposing Round 5 [1427818730, 745172634, 362190850, 2018258729, 1799682701, 1602874642, 561866144, 220661337, 220568746]
Broadcasting proposal 1 round 5 with 9 elements
__________________________
Starting Round 6
Proposing Round 6 [257324536, 1736526879]
Broadcasting proposal 1 round 6 with 2 elements
__________________________
Starting Round 7
Proposing Round 7 [874275988, 1507961865, 491298929, 751917162, 1135872495, 480494664, 1459753033, 1341957809, 7263971]
Broadcasting proposal 1 round 7 with 9 elements
__________________________
Immediately stopping network packet processing.
Writing output.
