Listening for transport dt_socket at address: 3697
My PID: 56445

From a new terminal type `kill -SIGINT 56445` or `kill -SIGTERM 56445` to stop processing packets

OUTPUT:  /Users/aybarsyazici/Documents/EPFL/distributed/EPFL-CS451-Project/tools/out/proc40.output
My ID: 40

List of resolved hosts is:
==========================
0
Human-readable IP: 127.0.0.1
Human-readable Port: 11001

1
Human-readable IP: 127.0.0.1
Human-readable Port: 11002

2
Human-readable IP: 127.0.0.1
Human-readable Port: 11003

3
Human-readable IP: 127.0.0.1
Human-readable Port: 11004

4
Human-readable IP: 127.0.0.1
Human-readable Port: 11005

5
Human-readable IP: 127.0.0.1
Human-readable Port: 11006

6
Human-readable IP: 127.0.0.1
Human-readable Port: 11007

7
Human-readable IP: 127.0.0.1
Human-readable Port: 11008

8
Human-readable IP: 127.0.0.1
Human-readable Port: 11009

9
Human-readable IP: 127.0.0.1
Human-readable Port: 11010

10
Human-readable IP: 127.0.0.1
Human-readable Port: 11011

11
Human-readable IP: 127.0.0.1
Human-readable Port: 11012

12
Human-readable IP: 127.0.0.1
Human-readable Port: 11013

13
Human-readable IP: 127.0.0.1
Human-readable Port: 11014

14
Human-readable IP: 127.0.0.1
Human-readable Port: 11015

15
Human-readable IP: 127.0.0.1
Human-readable Port: 11016

16
Human-readable IP: 127.0.0.1
Human-readable Port: 11017

17
Human-readable IP: 127.0.0.1
Human-readable Port: 11018

18
Human-readable IP: 127.0.0.1
Human-readable Port: 11019

19
Human-readable IP: 127.0.0.1
Human-readable Port: 11020

20
Human-readable IP: 127.0.0.1
Human-readable Port: 11021

21
Human-readable IP: 127.0.0.1
Human-readable Port: 11022

22
Human-readable IP: 127.0.0.1
Human-readable Port: 11023

23
Human-readable IP: 127.0.0.1
Human-readable Port: 11024

24
Human-readable IP: 127.0.0.1
Human-readable Port: 11025

25
Human-readable IP: 127.0.0.1
Human-readable Port: 11026

26
Human-readable IP: 127.0.0.1
Human-readable Port: 11027

27
Human-readable IP: 127.0.0.1
Human-readable Port: 11028

28
Human-readable IP: 127.0.0.1
Human-readable Port: 11029

29
Human-readable IP: 127.0.0.1
Human-readable Port: 11030

30
Human-readable IP: 127.0.0.1
Human-readable Port: 11031

31
Human-readable IP: 127.0.0.1
Human-readable Port: 11032

32
Human-readable IP: 127.0.0.1
Human-readable Port: 11033

33
Human-readable IP: 127.0.0.1
Human-readable Port: 11034

34
Human-readable IP: 127.0.0.1
Human-readable Port: 11035

35
Human-readable IP: 127.0.0.1
Human-readable Port: 11036

36
Human-readable IP: 127.0.0.1
Human-readable Port: 11037

37
Human-readable IP: 127.0.0.1
Human-readable Port: 11038

38
Human-readable IP: 127.0.0.1
Human-readable Port: 11039

39
Human-readable IP: 127.0.0.1
Human-readable Port: 11040

ProposalSetSize: 1000
Sliding window size: 5
UDPReceiver: Created socket on port 11040
THREAD NUMBER: 1
40
Human-readable IP: 127.0.0.1
Human-readable Port: 11041

41
Human-readable IP: 127.0.0.1
Human-readable Port: 11042

42
Human-readable IP: 127.0.0.1
Human-readable Port: 11043

43
Human-readable IP: 127.0.0.1
Human-readable Port: 11044

44
Human-readable IP: 127.0.0.1
Human-readable Port: 11045

45
Human-readable IP: 127.0.0.1
Human-readable Port: 11046

46
Human-readable IP: 127.0.0.1
Human-readable Port: 11047

47
Human-readable IP: 127.0.0.1
Human-readable Port: 11048

48
Human-readable IP: 127.0.0.1
Human-readable Port: 11049

49
Human-readable IP: 127.0.0.1
Human-readable Port: 11050

50
Human-readable IP: 127.0.0.1
Human-readable Port: 11051

51
Human-readable IP: 127.0.0.1
Human-readable Port: 11052

52
Human-readable IP: 127.0.0.1
Human-readable Port: 11053

53
Human-readable IP: 127.0.0.1
Human-readable Port: 11054

54
Human-readable IP: 127.0.0.1
Human-readable Port: 11055

55
Human-readable IP: 127.0.0.1
Human-readable Port: 11056

56
Human-readable IP: 127.0.0.1
Human-readable Port: 11057

57
Human-readable IP: 127.0.0.1
Human-readable Port: 11058

58
Human-readable IP: 127.0.0.1
Human-readable Port: 11059

59
Human-readable IP: 127.0.0.1
Human-readable Port: 11060

60
Human-readable IP: 127.0.0.1
Human-readable Port: 11061

61
Human-readable IP: 127.0.0.1
Human-readable Port: 11062

62
Human-readable IP: 127.0.0.1
Human-readable Port: 11063

63
Human-readable IP: 127.0.0.1
Human-readable Port: 11064

64
Human-readable IP: 127.0.0.1
Human-readable Port: 11065

65
Human-readable IP: 127.0.0.1
Human-readable Port: 11066

66
Human-readable IP: 127.0.0.1
Human-readable Port: 11067

67
Human-readable IP: 127.0.0.1
Human-readable Port: 11068

68
Human-readable IP: 127.0.0.1
Human-readable Port: 11069

69
Human-readable IP: 127.0.0.1
Human-readable Port: 11070

70
Human-readable IP: 127.0.0.1
Human-readable Port: 11071

71
Human-readable IP: 127.0.0.1
Human-readable Port: 11072

72
Human-readable IP: 127.0.0.1
Human-readable Port: 11073

73
Human-readable IP: 127.0.0.1
Human-readable Port: 11074

74
Human-readable IP: 127.0.0.1
Human-readable Port: 11075

75
Human-readable IP: 127.0.0.1
Human-readable Port: 11076

76
Human-readable IP: 127.0.0.1
Human-readable Port: 11077

77
Human-readable IP: 127.0.0.1
Human-readable Port: 11078

78
Human-readable IP: 127.0.0.1
Human-readable Port: 11079

79
Human-readable IP: 127.0.0.1
Human-readable Port: 11080

80
Human-readable IP: 127.0.0.1
Human-readable Port: 11081

81
Human-readable IP: 127.0.0.1
Human-readable Port: 11082

82
Human-readable IP: 127.0.0.1
Human-readable Port: 11083

83
Human-readable IP: 127.0.0.1
Human-readable Port: 11084

84
Human-readable IP: 127.0.0.1
Human-readable Port: 11085

85
Human-readable IP: 127.0.0.1
Human-readable Port: 11086

86
Human-readable IP: 127.0.0.1
Human-readable Port: 11087

87
Human-readable IP: 127.0.0.1
Human-readable Port: 11088

88
Human-readable IP: 127.0.0.1
Human-readable Port: 11089

89
Human-readable IP: 127.0.0.1
Human-readable Port: 11090

90
Human-readable IP: 127.0.0.1
Human-readable Port: 11091

91
Human-readable IP: 127.0.0.1
Human-readable Port: 11092

92
Human-readable IP: 127.0.0.1
Human-readable Port: 11093

93
Human-readable IP: 127.0.0.1
Human-readable Port: 11094

94
Human-readable IP: 127.0.0.1
Human-readable Port: 11095

95
Human-readable IP: 127.0.0.1
Human-readable Port: 11096

96
Human-readable IP: 127.0.0.1
Human-readable Port: 11097

97
Human-readable IP: 127.0.0.1
Human-readable Port: 11098

98
Human-readable IP: 127.0.0.1
Human-readable Port: 11099

99
Human-readable IP: 127.0.0.1
Human-readable Port: 11100


Path to output:
===============
/Users/aybarsyazici/Documents/EPFL/distributed/EPFL-CS451-Project/tools/out/proc40.output

Deleted old output file: false

Path to config:
===============
./out/proc40.config

===============
Doing some initialization

Broadcasting and delivering messages...

Process ID: 40
Starting Round 0
Proposing Round 0 [1997109065, 1620104855, 1061886576, 1128466620]
Broadcasting proposal 1 round 0 with 4 elements
__________________________
Starting Round 1
Proposing Round 1 [1801823908, 920140090, 154185462, 230249217, 1059257080, 647812758, 815221547]
Broadcasting proposal 1 round 1 with 7 elements
__________________________
Starting Round 2
Proposing Round 2 [1736889606, 1557724698, 1962491159]
Broadcasting proposal 1 round 2 with 3 elements
__________________________
Starting Round 3
Proposing Round 3 [1605947756, 651662547, 1350840898, 1002547591, 1338811290, 1232285036]
Broadcasting proposal 1 round 3 with 6 elements
__________________________
Broadcasting NEW proposal 2 round 2 with 411 elements
__________________________
Broadcasting NEW proposal 2 round 1 with 421 elements
__________________________
Broadcasting NEW proposal 2 round 0 with 428 elements
__________________________
Broadcasting NEW proposal 2 round 3 with 405 elements
__________________________
DECIDED: 0 428
Broadcasting DELIVERY OF: 0
DECIDED: 1 421
Broadcasting DELIVERY OF: 1
DECIDED: 2 411
Broadcasting DELIVERY OF: 2
DECIDED: 3 405
Broadcasting DELIVERY OF: 3
Starting Round 4
Proposing Round 4 [306671447, 1995907669, 2011467975, 1268006448, 1235368585, 1825957977, 215686308]
Broadcasting proposal 1 round 4 with 100 elements
__________________________
Starting Round 5
Proposing Round 5 [667643690, 27911967, 107420369, 751917162, 1995627518, 941975480, 818665301, 1904315855, 1870778191, 1131247330]
Broadcasting proposal 1 round 5 with 106 elements
__________________________
Starting Round 6
Proposing Round 6 [1445662585, 1254717325, 805660882, 780996231]
Broadcasting proposal 1 round 6 with 102 elements
__________________________
Starting Round 7
Proposing Round 7 [426204934, 1277121963, 2018258729]
Broadcasting proposal 1 round 7 with 98 elements
__________________________
Broadcasting NEW proposal 2 round 5 with 204 elements
__________________________
Broadcasting NEW proposal 2 round 6 with 232 elements
__________________________
Broadcasting NEW proposal 2 round 4 with 217 elements
__________________________
Broadcasting NEW proposal 2 round 7 with 237 elements
__________________________
Broadcasting NEW proposal 3 round 7 with 241 elements
__________________________
Broadcasting NEW proposal 3 round 6 with 236 elements
__________________________
Broadcasting NEW proposal 3 round 5 with 213 elements
__________________________
Broadcasting NEW proposal 3 round 4 with 221 elements
__________________________
Sent 1000 messages.
DECIDED: 4 221
Broadcasting DELIVERY OF: 4
DECIDED: 5 213
Broadcasting DELIVERY OF: 5
DECIDED: 6 236
Broadcasting DELIVERY OF: 6
DECIDED: 7 241
Broadcasting DELIVERY OF: 7
Starting Round 8
Proposing Round 8 [1893321208, 815605132, 633814084, 1334661688, 1647489402, 685731524, 360551585, 364194056]
Broadcasting proposal 1 round 8 with 10 elements
__________________________
Starting Round 9
Proposing Round 9 [1827524957, 294296873, 2108061573, 935018220, 1995226582, 662976399, 707111048, 1229194523, 653287375]
Broadcasting proposal 1 round 9 with 16 elements
__________________________
Starting Round 10
Proposing Round 10 [1955997540, 1855548990, 230249217, 978815630, 364194056, 1952918745]
Broadcasting proposal 1 round 10 with 7 elements
__________________________
Starting Round 11
Proposing Round 11 [110287971, 1872111746, 1955690228, 27911967, 1812140441, 1716605598, 1654401763]
Broadcasting proposal 1 round 11 with 12 elements
__________________________
Broadcasting NEW proposal 2 round 8 with 189 elements
__________________________
Broadcasting NEW proposal 2 round 9 with 195 elements
__________________________
Broadcasting NEW proposal 2 round 11 with 198 elements
__________________________
Broadcasting NEW proposal 2 round 10 with 185 elements
__________________________
DECIDED: 8 189
Broadcasting DELIVERY OF: 8
DECIDED: 9 195
Broadcasting DELIVERY OF: 9
DECIDED: 10 185
Broadcasting DELIVERY OF: 10
DECIDED: 11 198
Broadcasting DELIVERY OF: 11
Starting Round 12
Proposing Round 12 [508745584]
Broadcasting proposal 1 round 12 with 1 elements
__________________________
Starting Round 13
Proposing Round 13 [1508161137]
Broadcasting proposal 1 round 13 with 1 elements
__________________________
Starting Round 14
Proposing Round 14 [1002547591]
Broadcasting proposal 1 round 14 with 1 elements
__________________________
Starting Round 15
Proposing Round 15 [542366274, 196814233, 1178158203, 657091982, 602078388, 935018220, 755427535, 698594025, 1564319318, 433797840]
Broadcasting proposal 1 round 15 with 10 elements
__________________________
Broadcasting NEW proposal 2 round 12 with 195 elements
__________________________
Broadcasting NEW proposal 2 round 13 with 197 elements
__________________________
Broadcasting NEW proposal 2 round 14 with 223 elements
__________________________
Broadcasting NEW proposal 2 round 15 with 200 elements
__________________________
DECIDED: 12 195
Broadcasting DELIVERY OF: 12
DECIDED: 13 197
Broadcasting DELIVERY OF: 13
DECIDED: 14 223
Broadcasting DELIVERY OF: 14
DECIDED: 15 200
Broadcasting DELIVERY OF: 15
Starting Round 16
Proposing Round 16 [1952996248, 933166190, 963026855, 1347233823, 1728296502, 1113219231, 940617318, 965081954, 1234283419, 1973214822]
Broadcasting proposal 1 round 16 with 10 elements
__________________________
Starting Round 17
Proposing Round 17 [1699226064, 697939765, 1366556920, 1201124041, 74059253]
Broadcasting proposal 1 round 17 with 5 elements
__________________________
Starting Round 18
Proposing Round 18 [1647489402, 677517496, 983753977, 248786714, 1609930218]
Broadcasting proposal 1 round 18 with 5 elements
__________________________
Starting Round 19
Proposing Round 19 [1218853328, 1995226582, 1392783743, 433797840]
Broadcasting proposal 1 round 19 with 4 elements
__________________________
Sent 2000 messages.
Broadcasting NEW proposal 2 round 19 with 125 elements
__________________________
Broadcasting NEW proposal 2 round 16 with 144 elements
__________________________
Broadcasting NEW proposal 2 round 17 with 154 elements
__________________________
Broadcasting NEW proposal 2 round 18 with 124 elements
__________________________
DECIDED: 16 144
Broadcasting DELIVERY OF: 16
DECIDED: 17 154
Broadcasting DELIVERY OF: 17
DECIDED: 18 124
Broadcasting DELIVERY OF: 18
DECIDED: 19 125
Broadcasting DELIVERY OF: 19
Starting Round 20
Proposing Round 20 [2120834317, 1420737819, 999270936, 1729245242, 220661337, 1881694278]
Broadcasting proposal 1 round 20 with 6 elements
__________________________
Starting Round 21
Proposing Round 21 [1007142260, 632880459, 470939445, 426724858, 2079617090, 487311805, 2016044512, 298737106, 1032183433, 693847829]
Broadcasting proposal 1 round 21 with 10 elements
__________________________
Starting Round 22
Proposing Round 22 [1893321208, 232804774, 1567067057, 1187556862, 1139038460, 1018790736, 1491228808, 13938521, 663801533]
Broadcasting proposal 1 round 22 with 9 elements
__________________________
Starting Round 23
Proposing Round 23 [1800557283, 2041322270, 2079617090, 1299301222, 113971123, 491914923, 1952918745]
Broadcasting proposal 1 round 23 with 7 elements
__________________________
Broadcasting NEW proposal 2 round 23 with 129 elements
__________________________
Broadcasting NEW proposal 2 round 21 with 109 elements
__________________________
Broadcasting NEW proposal 2 round 22 with 107 elements
__________________________
Broadcasting NEW proposal 2 round 20 with 114 elements
__________________________
Broadcasting NEW proposal 3 round 23 with 145 elements
__________________________
Broadcasting NEW proposal 3 round 20 with 130 elements
__________________________
Broadcasting NEW proposal 3 round 21 with 133 elements
__________________________
Broadcasting NEW proposal 3 round 22 with 114 elements
__________________________
DECIDED: 20 130
Broadcasting DELIVERY OF: 20
DECIDED: 21 133
Broadcasting DELIVERY OF: 21
DECIDED: 22 114
Broadcasting DELIVERY OF: 22
DECIDED: 23 145
Broadcasting DELIVERY OF: 23
Starting Round 24
Proposing Round 24 [918920620, 1373142116]
Broadcasting proposal 1 round 24 with 2 elements
__________________________
Starting Round 25
Proposing Round 25 [663670797, 1306061701, 1444812497, 422809996, 656448479]
Broadcasting proposal 1 round 25 with 5 elements
__________________________
Starting Round 26
Proposing Round 26 [708861714, 1253535854]
Broadcasting proposal 1 round 26 with 2 elements
__________________________
Starting Round 27
Proposing Round 27 [1269829408, 1227193073, 101637979, 1577691630, 672302490, 1886149718, 1461364854]
Broadcasting proposal 1 round 27 with 7 elements
__________________________
Sent 3000 messages.
Broadcasting NEW proposal 2 round 27 with 130 elements
__________________________
Broadcasting NEW proposal 2 round 25 with 126 elements
__________________________
Broadcasting NEW proposal 2 round 24 with 126 elements
__________________________
Broadcasting NEW proposal 2 round 26 with 134 elements
__________________________
DECIDED: 24 126
Broadcasting DELIVERY OF: 24
DECIDED: 25 126
Broadcasting DELIVERY OF: 25
DECIDED: 26 134
Broadcasting DELIVERY OF: 26
DECIDED: 27 130
Broadcasting DELIVERY OF: 27
Starting Round 28
Proposing Round 28 [1078557553]
Broadcasting proposal 1 round 28 with 1 elements
__________________________
Starting Round 29
Proposing Round 29 [318180503, 1508161137, 1952918745, 2095718469]
Broadcasting proposal 1 round 29 with 4 elements
__________________________
Starting Round 30
Proposing Round 30 [1735918651, 101637979, 479112937, 1652244897]
Broadcasting proposal 1 round 30 with 4 elements
__________________________
Starting Round 31
Proposing Round 31 [540137296, 1076433900, 1973840257, 232663462, 640798731, 1297896903, 1030213097, 1654401763]
Broadcasting proposal 1 round 31 with 8 elements
__________________________
Broadcasting NEW proposal 2 round 31 with 122 elements
__________________________
Broadcasting NEW proposal 2 round 29 with 136 elements
__________________________
Broadcasting NEW proposal 2 round 30 with 137 elements
__________________________
Broadcasting NEW proposal 2 round 28 with 123 elements
__________________________
Sent 4000 messages.
DECIDED: 28 123
Broadcasting DELIVERY OF: 28
DECIDED: 29 136
Broadcasting DELIVERY OF: 29
DECIDED: 30 137
Broadcasting DELIVERY OF: 30
DECIDED: 31 122
Broadcasting DELIVERY OF: 31
Starting Round 32
Proposing Round 32 [1591589823, 401094954, 862407093, 1566942273, 1872111746, 1357970698, 1973214822, 464267175, 1632127923, 1197987692]
Broadcasting proposal 1 round 32 with 10 elements
__________________________
Starting Round 33
Proposing Round 33 [1816803306, 2108061573, 2115806625, 735034881]
Broadcasting proposal 1 round 33 with 4 elements
__________________________
Starting Round 34
Proposing Round 34 [1152750071, 1442454200, 730074215, 1449553823, 846259450, 2038711176, 41531046]
Broadcasting proposal 1 round 34 with 7 elements
__________________________
Starting Round 35
Proposing Round 35 [1643015259, 1046816259, 918037633, 1328367510, 810255760, 1871901278, 1669221121]
Broadcasting proposal 1 round 35 with 7 elements
__________________________
Broadcasting NEW proposal 2 round 34 with 101 elements
__________________________
Broadcasting NEW proposal 2 round 35 with 82 elements
__________________________
Broadcasting NEW proposal 2 round 32 with 92 elements
__________________________
Broadcasting NEW proposal 2 round 33 with 90 elements
__________________________
Cleared accepted value set for round 0
Cleared accepted value set for round 3
Cleared accepted value set for round 1
Cleared accepted value set for round 2
Broadcasting NEW proposal 3 round 33 with 136 elements
__________________________
Broadcasting NEW proposal 3 round 34 with 136 elements
__________________________
Broadcasting NEW proposal 3 round 32 with 122 elements
__________________________
Broadcasting NEW proposal 3 round 35 with 121 elements
__________________________
Sent 5000 messages.
DECIDED: 32 122
Broadcasting DELIVERY OF: 32
DECIDED: 33 136
Broadcasting DELIVERY OF: 33
DECIDED: 34 136
Broadcasting DELIVERY OF: 34
DECIDED: 35 121
Broadcasting DELIVERY OF: 35
Starting Round 36
Proposing Round 36 [311570307, 600337712, 1351531223, 770348179, 1049193572, 1229194523]
Broadcasting proposal 1 round 36 with 43 elements
__________________________
Starting Round 37
Proposing Round 37 [1997305752, 2085812759, 15228622, 107420369, 1138409539, 1628334692, 2024977737, 1948821078]
Broadcasting proposal 1 round 37 with 40 elements
__________________________
Starting Round 38
Proposing Round 38 [405126228, 1146660997]
Broadcasting proposal 1 round 38 with 37 elements
__________________________
Starting Round 39
Proposing Round 39 [909074012, 924765563, 487311805, 154185462, 1627677155, 978815630, 1861968817, 779489931]
Broadcasting proposal 1 round 39 with 26 elements
__________________________
Broadcasting NEW proposal 2 round 36 with 136 elements
__________________________
Broadcasting NEW proposal 2 round 37 with 136 elements
__________________________
Broadcasting NEW proposal 2 round 38 with 147 elements
__________________________
Broadcasting NEW proposal 2 round 39 with 107 elements
__________________________
Cleared accepted value set for round 4
Cleared accepted value set for round 5
Cleared accepted value set for round 6
Cleared accepted value set for round 7
Sent 6000 messages.
DECIDED: 36 136
Broadcasting DELIVERY OF: 36
DECIDED: 37 136
Broadcasting DELIVERY OF: 37
DECIDED: 38 147
Broadcasting DELIVERY OF: 38
DECIDED: 39 107
Broadcasting DELIVERY OF: 39
Starting Round 40
Proposing Round 40 [614685938, 1051802512, 40009587, 1881625505, 2119634399, 791835934, 1637375316, 656439677, 1181241943]
Broadcasting proposal 1 round 40 with 9 elements
__________________________
Starting Round 41
Proposing Round 41 [83250566]
Broadcasting proposal 1 round 41 with 1 elements
__________________________
Starting Round 42
Proposing Round 42 [877286584, 1048819999, 295456419]
Broadcasting proposal 1 round 42 with 3 elements
__________________________
Starting Round 43
Proposing Round 43 [65917432, 1174350979]
Broadcasting proposal 1 round 43 with 2 elements
__________________________
Broadcasting NEW proposal 2 round 41 with 87 elements
__________________________
Broadcasting NEW proposal 2 round 42 with 100 elements
__________________________
Broadcasting NEW proposal 2 round 40 with 138 elements
__________________________
Broadcasting NEW proposal 2 round 43 with 94 elements
__________________________
Cleared accepted value set for round 8
Cleared accepted value set for round 11
Cleared accepted value set for round 10
Cleared accepted value set for round 9
Broadcasting NEW proposal 3 round 40 with 160 elements
__________________________
Broadcasting NEW proposal 3 round 41 with 118 elements
__________________________
Broadcasting NEW proposal 3 round 43 with 109 elements
__________________________
Broadcasting NEW proposal 3 round 42 with 112 elements
__________________________
Sent 7000 messages.
DECIDED: 40 160
Broadcasting DELIVERY OF: 40
DECIDED: 41 118
Broadcasting DELIVERY OF: 41
DECIDED: 42 112
Broadcasting DELIVERY OF: 42
DECIDED: 43 109
Broadcasting DELIVERY OF: 43
Starting Round 44
Proposing Round 44 [1272368870, 1510792572, 136505587, 639904576, 1511014697, 820581106, 667779376]
Broadcasting proposal 1 round 44 with 71 elements
__________________________
Starting Round 45
Proposing Round 45 [215970859, 519927529, 1075321966, 1644847276, 1584392711, 158998032]
Broadcasting proposal 1 round 45 with 50 elements
__________________________
Starting Round 46
Proposing Round 46 [632880459, 198486416, 1840109255, 210643427, 1281810600, 1627746667]
Broadcasting proposal 1 round 46 with 54 elements
__________________________
Starting Round 47
Proposing Round 47 [1810607153]
Broadcasting proposal 1 round 47 with 63 elements
__________________________
Broadcasting NEW proposal 2 round 47 with 131 elements
__________________________
Broadcasting NEW proposal 2 round 44 with 147 elements
__________________________
Broadcasting NEW proposal 2 round 45 with 134 elements
__________________________
Broadcasting NEW proposal 2 round 46 with 132 elements
__________________________
Cleared accepted value set for round 12
Cleared accepted value set for round 15
Cleared accepted value set for round 13
Cleared accepted value set for round 14
Sent 8000 messages.
DECIDED: 44 147
Broadcasting DELIVERY OF: 44
DECIDED: 45 134
Broadcasting DELIVERY OF: 45
DECIDED: 46 132
Broadcasting DELIVERY OF: 46
DECIDED: 47 131
Broadcasting DELIVERY OF: 47
Starting Round 48
Proposing Round 48 [1224011538, 1163577186, 169318686, 396418889, 433797840, 697939765, 444900634]
Broadcasting proposal 1 round 48 with 7 elements
__________________________
Starting Round 49
Proposing Round 49 [1214784185, 693989311, 2141011556, 1044987715]
Broadcasting proposal 1 round 49 with 4 elements
__________________________
Starting Round 50
Proposing Round 50 [2081328344, 365849190, 1351531223, 2101729519, 1028439863, 1713658874, 2111946238]
Broadcasting proposal 1 round 50 with 7 elements
__________________________
Starting Round 51
Proposing Round 51 [712632936, 1393178591, 1674979897]
Broadcasting proposal 1 round 51 with 3 elements
__________________________
Broadcasting NEW proposal 2 round 48 with 105 elements
__________________________
Broadcasting NEW proposal 2 round 51 with 111 elements
__________________________
Broadcasting NEW proposal 2 round 49 with 125 elements
__________________________
Broadcasting NEW proposal 2 round 50 with 119 elements
__________________________
Cleared accepted value set for round 16
Cleared accepted value set for round 19
Cleared accepted value set for round 17
Cleared accepted value set for round 18
Broadcasting NEW proposal 3 round 51 with 123 elements
__________________________
Broadcasting NEW proposal 3 round 48 with 113 elements
__________________________
Broadcasting NEW proposal 3 round 49 with 139 elements
__________________________
Broadcasting NEW proposal 3 round 50 with 135 elements
__________________________
Sent 9000 messages.
DECIDED: 48 113
Broadcasting DELIVERY OF: 48
DECIDED: 49 139
Broadcasting DELIVERY OF: 49
DECIDED: 50 135
Broadcasting DELIVERY OF: 50
DECIDED: 51 123
Broadcasting DELIVERY OF: 51
Starting Round 52
Proposing Round 52 [495762348, 540137296, 1113219231, 479112937, 1194819984, 1459753033, 1065972034, 1716605598]
Broadcasting proposal 1 round 52 with 108 elements
__________________________
Starting Round 53
Proposing Round 53 [817804383]
Broadcasting proposal 1 round 53 with 114 elements
__________________________
Starting Round 54
Proposing Round 54 [1898551433, 1566166314, 703368777, 1787453807, 1194819984, 1729245242, 773338452]
Broadcasting proposal 1 round 54 with 123 elements
__________________________
Starting Round 55
Proposing Round 55 [1267489756, 957449367, 1924895021, 1753841726, 1094024844, 1603828849, 202363285]
Broadcasting proposal 1 round 55 with 84 elements
__________________________
Broadcasting NEW proposal 2 round 55 with 106 elements
__________________________
Broadcasting NEW proposal 2 round 52 with 143 elements
__________________________
Broadcasting NEW proposal 2 round 53 with 134 elements
__________________________
Broadcasting NEW proposal 2 round 54 with 151 elements
__________________________
Cleared accepted value set for round 20
Cleared accepted value set for round 23
Cleared accepted value set for round 21
Cleared accepted value set for round 22
Sent 10000 messages.
DECIDED: 52 143
Broadcasting DELIVERY OF: 52
DECIDED: 53 134
Broadcasting DELIVERY OF: 53
DECIDED: 54 151
Broadcasting DELIVERY OF: 54
DECIDED: 55 106
Broadcasting DELIVERY OF: 55
Starting Round 56
Proposing Round 56 [1267489756, 198486416, 1846355528, 1968321319, 1263732197, 1465576748, 1426725702, 172907376, 1425906387]
Broadcasting proposal 1 round 56 with 9 elements
__________________________
Starting Round 57
Proposing Round 57 [1893321208, 43598698, 730074215, 11492154, 1874297457, 1274350418, 918920620, 1072910527, 1472659626, 74059253]
Broadcasting proposal 1 round 57 with 10 elements
__________________________
Starting Round 58
Proposing Round 58 [933166190, 458072318, 1629748727, 795212538]
Broadcasting proposal 1 round 58 with 4 elements
__________________________
Starting Round 59
Proposing Round 59 [1047905204, 1384287616, 54340558, 640183291, 1167007513, 514909066, 1840109255, 298737106, 2005855667]
Broadcasting proposal 1 round 59 with 9 elements
__________________________
Broadcasting NEW proposal 2 round 58 with 105 elements
__________________________
Broadcasting NEW proposal 2 round 59 with 122 elements
__________________________
Broadcasting NEW proposal 2 round 57 with 128 elements
__________________________
Broadcasting NEW proposal 2 round 56 with 135 elements
__________________________
Cleared accepted value set for round 24
Cleared accepted value set for round 25
Cleared accepted value set for round 26
Cleared accepted value set for round 27
Broadcasting NEW proposal 3 round 59 with 142 elements
__________________________
Broadcasting NEW proposal 3 round 56 with 148 elements
__________________________
Broadcasting NEW proposal 3 round 57 with 150 elements
__________________________
Broadcasting NEW proposal 3 round 58 with 132 elements
__________________________
Sent 11000 messages.
DECIDED: 56 148
Broadcasting DELIVERY OF: 56
DECIDED: 57 150
Broadcasting DELIVERY OF: 57
DECIDED: 58 132
Broadcasting DELIVERY OF: 58
DECIDED: 59 142
Broadcasting DELIVERY OF: 59
Starting Round 60
Proposing Round 60 [568896616, 171347175, 2047791082, 1872111746, 1953462417]
Broadcasting proposal 1 round 60 with 65 elements
__________________________
Starting Round 61
Proposing Round 61 [1214266162, 1167007513, 1754569613, 1174350979]
Broadcasting proposal 1 round 61 with 49 elements
__________________________
Starting Round 62
Proposing Round 62 [1292569882, 651662547, 1304963614, 2028168523]
Broadcasting proposal 1 round 62 with 41 elements
__________________________
Starting Round 63
Proposing Round 63 [543669676]
Broadcasting proposal 1 round 63 with 55 elements
__________________________
Broadcasting NEW proposal 2 round 61 with 134 elements
__________________________
Broadcasting NEW proposal 2 round 62 with 98 elements
__________________________
Broadcasting NEW proposal 2 round 60 with 120 elements
__________________________
Broadcasting NEW proposal 2 round 63 with 129 elements
__________________________
Cleared accepted value set for round 31
Cleared accepted value set for round 29
Cleared accepted value set for round 30
Cleared accepted value set for round 28
Sent 12000 messages.
Broadcasting NEW proposal 3 round 61 with 135 elements
__________________________
Broadcasting NEW proposal 3 round 62 with 102 elements
__________________________
Broadcasting NEW proposal 3 round 60 with 125 elements
__________________________
Broadcasting NEW proposal 3 round 63 with 135 elements
__________________________
DECIDED: 60 125
Broadcasting DELIVERY OF: 60
DECIDED: 61 135
Broadcasting DELIVERY OF: 61
DECIDED: 62 102
Broadcasting DELIVERY OF: 62
DECIDED: 63 135
Broadcasting DELIVERY OF: 63
Starting Round 64
Proposing Round 64 [654477195]
Broadcasting proposal 1 round 64 with 115 elements
__________________________
Starting Round 65
Proposing Round 65 [332788471, 1735918651, 215359682, 1508161137, 299832023, 947206476]
Broadcasting proposal 1 round 65 with 112 elements
__________________________
Starting Round 66
Proposing Round 66 [815605132, 521521078, 1071722055, 1218853328, 479112937, 935018220, 1703617827, 1901472238, 1373142116, 779489931]
Broadcasting proposal 1 round 66 with 113 elements
__________________________
Starting Round 67
Proposing Round 67 [1801823908, 172793727, 1461744198, 999270936, 1729245242]
Broadcasting proposal 1 round 67 with 120 elements
__________________________
Broadcasting NEW proposal 2 round 64 with 142 elements
__________________________
Broadcasting NEW proposal 2 round 66 with 137 elements
__________________________
Broadcasting NEW proposal 2 round 67 with 135 elements
__________________________
Broadcasting NEW proposal 2 round 65 with 142 elements
__________________________
Cleared accepted value set for round 34
Cleared accepted value set for round 35
Cleared accepted value set for round 32
Cleared accepted value set for round 33
Sent 13000 messages.
DECIDED: 64 142
Broadcasting DELIVERY OF: 64
DECIDED: 65 142
Broadcasting DELIVERY OF: 65
DECIDED: 66 137
Broadcasting DELIVERY OF: 66
DECIDED: 67 135
Broadcasting DELIVERY OF: 67
Starting Round 68
Proposing Round 68 [2032638323, 1432614422, 465342967]
Broadcasting proposal 1 round 68 with 3 elements
__________________________
Starting Round 69
Proposing Round 69 [318180503, 1839869544, 1982979741]
Broadcasting proposal 1 round 69 with 3 elements
__________________________
Starting Round 70
Proposing Round 70 [2067418686, 289482182, 154739678, 449253056, 1048819999, 104906255]
Broadcasting proposal 1 round 70 with 6 elements
__________________________
Starting Round 71
Proposing Round 71 [1426725702, 1354860540]
Broadcasting proposal 1 round 71 with 2 elements
__________________________
Broadcasting NEW proposal 2 round 69 with 136 elements
__________________________
Broadcasting NEW proposal 2 round 71 with 127 elements
__________________________
Broadcasting NEW proposal 2 round 68 with 137 elements
__________________________
Broadcasting NEW proposal 2 round 70 with 146 elements
__________________________
Cleared accepted value set for round 36
Cleared accepted value set for round 38
Cleared accepted value set for round 39
Cleared accepted value set for round 37
Sent 14000 messages.
Broadcasting NEW proposal 3 round 71 with 132 elements
__________________________
Broadcasting NEW proposal 3 round 69 with 142 elements
__________________________
Broadcasting NEW proposal 3 round 70 with 148 elements
__________________________
Broadcasting NEW proposal 3 round 68 with 143 elements
__________________________
DECIDED: 68 143
Broadcasting DELIVERY OF: 68
DECIDED: 69 142
Broadcasting DELIVERY OF: 69
DECIDED: 70 148
Broadcasting DELIVERY OF: 70
DECIDED: 71 132
Broadcasting DELIVERY OF: 71
Starting Round 72
Proposing Round 72 [767303988, 619142798, 1027774780]
Broadcasting proposal 1 round 72 with 99 elements
__________________________
Starting Round 73
Proposing Round 73 [2040695043, 1707177877, 1405969000, 703368777, 958682846, 1595467139, 1084044802]
Broadcasting proposal 1 round 73 with 118 elements
__________________________
Starting Round 74
Proposing Round 74 [1744079573, 1915184358, 27911967, 816610683, 978815630, 2123333781, 855630484, 1426725702, 594130308, 1307235909]
Broadcasting proposal 1 round 74 with 126 elements
__________________________
Starting Round 75
Proposing Round 75 [83250566, 304330003, 1178158203, 367878761, 34780500, 1950049698, 647812758, 663801533, 111088881]
Broadcasting proposal 1 round 75 with 104 elements
__________________________
Cleared accepted value set for round 40
Broadcasting NEW proposal 2 round 75 with 119 elements
__________________________
Broadcasting NEW proposal 2 round 73 with 139 elements
__________________________
Broadcasting NEW proposal 2 round 74 with 138 elements
__________________________
Broadcasting NEW proposal 2 round 72 with 119 elements
__________________________
Cleared accepted value set for round 41
Cleared accepted value set for round 42
Cleared accepted value set for round 43
Sent 15000 messages.
DECIDED: 72 119
Broadcasting DELIVERY OF: 72
DECIDED: 73 139
Broadcasting DELIVERY OF: 73
DECIDED: 74 138
Broadcasting DELIVERY OF: 74
DECIDED: 75 119
Broadcasting DELIVERY OF: 75
Starting Round 76
Proposing Round 76 [1960488639, 2087313121, 2076605983, 1564319318, 1048819999, 1027774780]
Broadcasting proposal 1 round 76 with 6 elements
__________________________
Starting Round 77
Proposing Round 77 [2016446768, 52679490, 2011467975, 1054393708, 1968321319, 825873196, 935018220, 1855548990, 1310784794, 490000526]
Broadcasting proposal 1 round 77 with 10 elements
__________________________
Starting Round 78
Proposing Round 78 [640183291, 1929338154, 1196591018, 2108307952, 1431548670]
Broadcasting proposal 1 round 78 with 5 elements
__________________________
Starting Round 79
Proposing Round 79 [632880459, 1268006448, 1186564497, 756502473]
Broadcasting proposal 1 round 79 with 4 elements
__________________________
Broadcasting NEW proposal 2 round 77 with 144 elements
__________________________
Broadcasting NEW proposal 2 round 79 with 122 elements
__________________________
Broadcasting NEW proposal 2 round 76 with 121 elements
__________________________
Broadcasting NEW proposal 2 round 78 with 158 elements
__________________________
Cleared accepted value set for round 44
Cleared accepted value set for round 46
Cleared accepted value set for round 45
Cleared accepted value set for round 47
Sent 16000 messages.
DECIDED: 76 121
Broadcasting DELIVERY OF: 76
DECIDED: 77 144
Broadcasting DELIVERY OF: 77
DECIDED: 78 158
Broadcasting DELIVERY OF: 78
DECIDED: 79 122
Broadcasting DELIVERY OF: 79
Starting Round 80
Proposing Round 80 [1015242176, 1339846171, 1699972733, 1784572192]
Broadcasting proposal 1 round 80 with 4 elements
__________________________
Starting Round 81
Proposing Round 81 [417436465, 1292569882, 728818981, 518213060, 1027774780]
Broadcasting proposal 1 round 81 with 5 elements
__________________________
Starting Round 82
Proposing Round 82 [703368777]
Broadcasting proposal 1 round 82 with 1 elements
__________________________
Starting Round 83
Proposing Round 83 [640183291, 295456419]
Broadcasting proposal 1 round 83 with 2 elements
__________________________
Broadcasting NEW proposal 2 round 83 with 119 elements
__________________________
Broadcasting NEW proposal 2 round 82 with 139 elements
__________________________
Broadcasting NEW proposal 2 round 81 with 114 elements
__________________________
Broadcasting NEW proposal 2 round 80 with 120 elements
__________________________
Cleared accepted value set for round 48
DECIDED: 80 120
Broadcasting DELIVERY OF: 80
DECIDED: 81 114
Broadcasting DELIVERY OF: 81
DECIDED: 82 139
Broadcasting DELIVERY OF: 82
DECIDED: 83 119
Broadcasting DELIVERY OF: 83
Starting Round 84
Proposing Round 84 [1355268102, 326402374, 196814233, 752438459, 1955997540, 676168421, 977515194, 364194056, 1817363615, 1382023198]
Broadcasting proposal 1 round 84 with 10 elements
__________________________
Starting Round 85
Proposing Round 85 [1157541038, 610900200, 1384287616]
Broadcasting proposal 1 round 85 with 3 elements
__________________________
Starting Round 86
Proposing Round 86 [1121910732, 317234448, 2144181937, 348697524]
Broadcasting proposal 1 round 86 with 4 elements
__________________________
Starting Round 87
Proposing Round 87 [1815115025, 2007425404, 946785248, 1674979897]
Broadcasting proposal 1 round 87 with 4 elements
__________________________
Sent 17000 messages.
Cleared accepted value set for round 50
Cleared accepted value set for round 51
Cleared accepted value set for round 49
Broadcasting NEW proposal 2 round 84 with 138 elements
__________________________
Broadcasting NEW proposal 2 round 86 with 105 elements
__________________________
Broadcasting NEW proposal 2 round 85 with 121 elements
__________________________
Broadcasting NEW proposal 2 round 87 with 133 elements
__________________________
DECIDED: 84 138
Broadcasting DELIVERY OF: 84
DECIDED: 85 121
Broadcasting DELIVERY OF: 85
DECIDED: 86 105
Broadcasting DELIVERY OF: 86
DECIDED: 87 133
Broadcasting DELIVERY OF: 87
Starting Round 88
Proposing Round 88 [1644847276, 1339846171, 1764265618, 1461042543, 1628334692, 770695571, 298737106, 1306061701, 111088881, 41531046]
Broadcasting proposal 1 round 88 with 10 elements
__________________________
Starting Round 89
Proposing Round 89 [913224047, 172793727, 1985392498, 661300942, 1900838388, 2033929266, 1461364854, 7263971, 194763060]
Broadcasting proposal 1 round 89 with 9 elements
__________________________
Starting Round 90
Proposing Round 90 [140515379, 1119980130, 1103678092, 1636492037]
Broadcasting proposal 1 round 90 with 4 elements
__________________________
Starting Round 91
Proposing Round 91 [431062656, 1065870178, 513483708, 1722989659, 260329455]
Broadcasting proposal 1 round 91 with 5 elements
__________________________
Cleared accepted value set for round 52
Cleared accepted value set for round 53
Cleared accepted value set for round 55
Cleared accepted value set for round 54
Sent 18000 messages.
Broadcasting NEW proposal 2 round 88 with 132 elements
__________________________
Broadcasting NEW proposal 2 round 90 with 111 elements
__________________________
Broadcasting NEW proposal 2 round 91 with 115 elements
__________________________
Broadcasting NEW proposal 2 round 89 with 118 elements
__________________________
DECIDED: 88 132
Broadcasting DELIVERY OF: 88
DECIDED: 89 118
Broadcasting DELIVERY OF: 89
DECIDED: 90 111
Broadcasting DELIVERY OF: 90
DECIDED: 91 115
Broadcasting DELIVERY OF: 91
Starting Round 92
Proposing Round 92 [1553830525, 521521078, 1304963614, 1452066459, 518213060, 164313410, 1210133979, 429416213, 941975480]
Broadcasting proposal 1 round 92 with 9 elements
__________________________
Starting Round 93
Proposing Round 93 [714300770, 1186473561, 720648887, 679282378, 9257255, 1628334692, 1936179853, 969318858, 1536778950]
Broadcasting proposal 1 round 93 with 9 elements
__________________________
Starting Round 94
Proposing Round 94 [89101055, 754368373, 441495235, 1484714820, 2081821325, 1193448329, 519709079, 1699972733]
Broadcasting proposal 1 round 94 with 8 elements
__________________________
Starting Round 95
Proposing Round 95 [1519038154, 110287971, 551437149, 1658195603, 1242911821, 245522987, 1454770940, 1609930218]
Broadcasting proposal 1 round 95 with 8 elements
__________________________
Cleared accepted value set for round 56
Broadcasting NEW proposal 2 round 93 with 122 elements
__________________________
Broadcasting NEW proposal 2 round 95 with 144 elements
__________________________
Broadcasting NEW proposal 2 round 94 with 159 elements
__________________________
Broadcasting NEW proposal 2 round 92 with 134 elements
__________________________
Sent 19000 messages.
Cleared accepted value set for round 57
Cleared accepted value set for round 59
Cleared accepted value set for round 58
DECIDED: 92 134
Broadcasting DELIVERY OF: 92
DECIDED: 93 122
Broadcasting DELIVERY OF: 93
DECIDED: 94 159
Broadcasting DELIVERY OF: 94
DECIDED: 95 144
Broadcasting DELIVERY OF: 95
Starting Round 96
Proposing Round 96 [1827524957, 140187131, 1094024844, 2095718469]
Broadcasting proposal 1 round 96 with 4 elements
__________________________
Starting Round 97
Proposing Round 97 [1787453807]
Broadcasting proposal 1 round 97 with 1 elements
__________________________
Starting Round 98
Proposing Round 98 [1373142116]
Broadcasting proposal 1 round 98 with 1 elements
__________________________
Starting Round 99
Proposing Round 99 [586298866, 683749521, 1711398352, 101637979, 683577992, 1897214963, 993260504, 186618211, 478163327]
Broadcasting proposal 1 round 99 with 9 elements
__________________________
Broadcasting NEW proposal 2 round 96 with 108 elements
__________________________
Broadcasting NEW proposal 2 round 97 with 153 elements
__________________________
Broadcasting NEW proposal 2 round 99 with 116 elements
__________________________
Broadcasting NEW proposal 2 round 98 with 130 elements
__________________________
Cleared accepted value set for round 60
Sent 20000 messages.
DECIDED: 96 108
Broadcasting DELIVERY OF: 96
DECIDED: 97 153
Broadcasting DELIVERY OF: 97
DECIDED: 98 130
Broadcasting DELIVERY OF: 98
DECIDED: 99 116
Broadcasting DELIVERY OF: 99
Cleared accepted value set for round 61
Cleared accepted value set for round 63
Cleared accepted value set for round 62
Starting Round 100
Proposing Round 100 [1709996749, 1065870178, 562697526, 360551585]
Broadcasting proposal 1 round 100 with 4 elements
__________________________
Starting Round 101
Proposing Round 101 [1051454923, 261810763, 1090824373, 1750625978, 1899360801, 1218853328, 1633711193]
Broadcasting proposal 1 round 101 with 7 elements
__________________________
Starting Round 102
Proposing Round 102 [2032319170, 495762348, 1274350418, 983753977]
Broadcasting proposal 1 round 102 with 4 elements
__________________________
Starting Round 103
Proposing Round 103 [1709996749, 915490795, 1871901278]
Broadcasting proposal 1 round 103 with 3 elements
__________________________
Broadcasting NEW proposal 2 round 100 with 107 elements
__________________________
Broadcasting NEW proposal 2 round 102 with 131 elements
__________________________
Broadcasting NEW proposal 2 round 103 with 126 elements
__________________________
Broadcasting NEW proposal 2 round 101 with 127 elements
__________________________
Cleared accepted value set for round 64
Broadcasting NEW proposal 3 round 100 with 116 elements
__________________________
Broadcasting NEW proposal 3 round 103 with 131 elements
__________________________
Broadcasting NEW proposal 3 round 101 with 135 elements
__________________________
Broadcasting NEW proposal 3 round 102 with 133 elements
__________________________
Sent 21000 messages.
Cleared accepted value set for round 65
Cleared accepted value set for round 66
Cleared accepted value set for round 67
DECIDED: 100 116
Broadcasting DELIVERY OF: 100
DECIDED: 101 135
Broadcasting DELIVERY OF: 101
DECIDED: 102 133
Broadcasting DELIVERY OF: 102
DECIDED: 103 131
Broadcasting DELIVERY OF: 103
Starting Round 104
Proposing Round 104 [504513251, 1008330525, 1094024844, 1840109255, 656448479]
Broadcasting proposal 1 round 104 with 119 elements
__________________________
Starting Round 105
Proposing Round 105 [977032766, 939915527, 2047791082, 770348179, 90341465, 1889238423, 1084044802]
Broadcasting proposal 1 round 105 with 145 elements
__________________________
Starting Round 106
Proposing Round 106 [2112035409, 1472659626]
Broadcasting proposal 1 round 106 with 129 elements
__________________________
Starting Round 107
Proposing Round 107 [33599984, 1025662000, 1268006448, 1784517419, 289482182, 1201474778, 1880160025, 810255760, 1321182659]
Broadcasting proposal 1 round 107 with 128 elements
__________________________
DECIDED: 104 119
Broadcasting DELIVERY OF: 104
DECIDED: 105 145
Broadcasting DELIVERY OF: 105
DECIDED: 106 129
Broadcasting DELIVERY OF: 106
DECIDED: 107 128
Broadcasting DELIVERY OF: 107
Starting Round 108
Proposing Round 108 [118543408, 755427535, 1861968817, 1323959527]
Broadcasting proposal 1 round 108 with 4 elements
__________________________
Starting Round 109
Proposing Round 109 [346078411, 1611931113]
Broadcasting proposal 1 round 109 with 2 elements
__________________________
Starting Round 110
Proposing Round 110 [849627058, 918920620, 1306061701]
Broadcasting proposal 1 round 110 with 3 elements
__________________________
Starting Round 111
Proposing Round 111 [1051454923, 124660666, 2067418686, 487311805, 2141011556, 1449553823]
Broadcasting proposal 1 round 111 with 6 elements
__________________________
Cleared accepted value set for round 68
Sent 22000 messages.
DECIDED: 108 4
Broadcasting DELIVERY OF: 108
DECIDED: 109 2
Broadcasting DELIVERY OF: 109
DECIDED: 110 3
Broadcasting DELIVERY OF: 110
DECIDED: 111 6
Broadcasting DELIVERY OF: 111
Starting Round 112
Proposing Round 112 [2069520666, 613628803, 1074163698, 1224011538, 983753977, 364194056, 1631775357]
Broadcasting proposal 1 round 112 with 7 elements
__________________________
Starting Round 113
Proposing Round 113 [568896616, 1827524957, 1292569882, 924765563, 1071722055, 1754569613, 2140506492, 1554762903]
Broadcasting proposal 1 round 113 with 8 elements
__________________________
Starting Round 114
Proposing Round 114 [701808367]
Broadcasting proposal 1 round 114 with 1 elements
__________________________
Starting Round 115
Proposing Round 115 [1427818730, 87531510, 252860896, 1976987348, 1214266162, 2067418686, 1950049698, 23814791, 773338452, 1784572192]
Broadcasting proposal 1 round 115 with 10 elements
__________________________
Cleared accepted value set for round 69
Cleared accepted value set for round 70
Cleared accepted value set for round 71
DECIDED: 112 7
Broadcasting DELIVERY OF: 112
DECIDED: 113 8
Broadcasting DELIVERY OF: 113
DECIDED: 114 1
Broadcasting DELIVERY OF: 114
DECIDED: 115 10
Broadcasting DELIVERY OF: 115
Starting Round 116
Proposing Round 116 [1832837596, 1277121963, 1008330525, 1316935719, 1953291127, 1706869362]
Broadcasting proposal 1 round 116 with 6 elements
__________________________
Starting Round 117
Proposing Round 117 [40009587, 1584392711, 647812758]
Broadcasting proposal 1 round 117 with 3 elements
__________________________
Starting Round 118
Proposing Round 118 [1501771491, 708861714, 2041322270, 124660666, 2047791082, 1224011538, 2007425404, 902727745, 478163327]
Broadcasting proposal 1 round 118 with 9 elements
__________________________
Starting Round 119
Proposing Round 119 [487311805, 1188332531, 1172248246, 1994013856, 83651970]
Broadcasting proposal 1 round 119 with 5 elements
__________________________
DECIDED: 116 6
Broadcasting DELIVERY OF: 116
DECIDED: 117 3
Broadcasting DELIVERY OF: 117
DECIDED: 118 9
Broadcasting DELIVERY OF: 118
DECIDED: 119 5
Broadcasting DELIVERY OF: 119
Cleared accepted value set for round 72
Starting Round 120
Proposing Round 120 [1781844052, 426204934, 854316681, 1210133979, 210643427, 323775634]
Broadcasting proposal 1 round 120 with 6 elements
__________________________
Starting Round 121
Proposing Round 121 [1782164134]
Broadcasting proposal 1 round 121 with 1 elements
__________________________
Starting Round 122
Proposing Round 122 [1043030161, 1065972034, 1147497835]
Broadcasting proposal 1 round 122 with 3 elements
__________________________
Starting Round 123
Proposing Round 123 [1138264176, 1094024844, 215686308]
Broadcasting proposal 1 round 123 with 3 elements
__________________________
Sent 23000 messages.
Cleared accepted value set for round 73
Cleared accepted value set for round 74
Cleared accepted value set for round 75
DECIDED: 120 6
Broadcasting DELIVERY OF: 120
DECIDED: 121 1
Broadcasting DELIVERY OF: 121
DECIDED: 122 3
Broadcasting DELIVERY OF: 122
DECIDED: 123 3
Broadcasting DELIVERY OF: 123
Starting Round 124
Proposing Round 124 [118543408, 215359682, 672302490, 911047815, 1267622868, 1457293575, 1904315855]
Broadcasting proposal 1 round 124 with 7 elements
__________________________
Starting Round 125
Proposing Round 125 [1400944900, 965081954, 2007425404, 1852408227, 260329455, 2001129658, 917840538]
Broadcasting proposal 1 round 125 with 7 elements
__________________________
Starting Round 126
Proposing Round 126 [1360049298, 994182853, 113971123, 1049193572, 1422277848]
Broadcasting proposal 1 round 126 with 5 elements
__________________________
Starting Round 127
Proposing Round 127 [1186473561, 1924895021, 902271852, 791835934]
Broadcasting proposal 1 round 127 with 4 elements
__________________________
DECIDED: 124 7
Broadcasting DELIVERY OF: 124
DECIDED: 125 7
Broadcasting DELIVERY OF: 125
DECIDED: 126 5
Broadcasting DELIVERY OF: 126
DECIDED: 127 4
Broadcasting DELIVERY OF: 127
Starting Round 128
Proposing Round 128 [1355268102, 1872852789, 1461744198, 1963764597, 1540492440, 1564319318, 543669676, 656293602, 680229045]
Broadcasting proposal 1 round 128 with 9 elements
__________________________
Starting Round 129
Proposing Round 129 [1800557283, 1845919895, 52679490, 632880459, 1311598149, 1994013856]
Broadcasting proposal 1 round 129 with 6 elements
__________________________
Starting Round 130
Proposing Round 130 [1632629719, 1140882778, 1457293575]
Broadcasting proposal 1 round 130 with 3 elements
__________________________
Starting Round 131
Proposing Round 131 [1136108454, 332788471, 855256552, 1403792057, 957449367, 34780500, 1224011538, 317234448, 1881988384, 295456419]
Broadcasting proposal 1 round 131 with 10 elements
__________________________
Cleared accepted value set for round 76
DECIDED: 128 9
Broadcasting DELIVERY OF: 128
DECIDED: 129 6
Broadcasting DELIVERY OF: 129
DECIDED: 130 3
Broadcasting DELIVERY OF: 130
DECIDED: 131 10
Broadcasting DELIVERY OF: 131
Sent 24000 messages.
Starting Round 132
Proposing Round 132 [89101055, 1745535098, 458072318, 1503068227, 2120834317, 2079617090]
Broadcasting proposal 1 round 132 with 6 elements
__________________________
Starting Round 133
Proposing Round 133 [983753977]
Broadcasting proposal 1 round 133 with 1 elements
__________________________
Starting Round 134
Proposing Round 134 [1997109065, 568275055, 1277121963, 1237886015, 947206476, 1961882949, 855630484, 1321182659, 795212538]
Broadcasting proposal 1 round 134 with 9 elements
__________________________
Starting Round 135
Proposing Round 135 [87531510, 877286584, 1985392498, 1980623803, 1465576748, 957449367, 1210133979, 1784572192]
Broadcasting proposal 1 round 135 with 8 elements
__________________________
Cleared accepted value set for round 77
Cleared accepted value set for round 79
Cleared accepted value set for round 78
DECIDED: 132 6
Broadcasting DELIVERY OF: 132
DECIDED: 133 1
Broadcasting DELIVERY OF: 133
DECIDED: 134 9
Broadcasting DELIVERY OF: 134
DECIDED: 135 8
Broadcasting DELIVERY OF: 135
Starting Round 136
Proposing Round 136 [1074163698, 1100558303, 317234448]
Broadcasting proposal 1 round 136 with 3 elements
__________________________
Starting Round 137
Proposing Round 137 [712632936, 458072318, 496694873, 1629748727, 1997305752, 1784517419, 514909066, 751917162]
Broadcasting proposal 1 round 137 with 8 elements
__________________________
Starting Round 138
Proposing Round 138 [1709996749, 508745584, 299832023, 1633711193, 444900634]
Broadcasting proposal 1 round 138 with 5 elements
__________________________
Starting Round 139
Proposing Round 139 [1411178445, 2044804330, 667779376, 297265480]
Broadcasting proposal 1 round 139 with 4 elements
__________________________
DECIDED: 136 3
Broadcasting DELIVERY OF: 136
DECIDED: 137 8
Broadcasting DELIVERY OF: 137
DECIDED: 138 5
Broadcasting DELIVERY OF: 138
DECIDED: 139 4
Broadcasting DELIVERY OF: 139
Starting Round 140
Proposing Round 140 [877286584, 143299564, 1870403050, 1016779084, 256143439, 348697524, 1768294570, 1674979897, 2111946238, 459716009]
Broadcasting proposal 1 round 140 with 10 elements
__________________________
Starting Round 141
Proposing Round 141 [1658195603, 396418889, 701808367]
Broadcasting proposal 1 round 141 with 3 elements
__________________________
Starting Round 142
Proposing Round 142 [977032766, 1326856608, 1784517419]
Broadcasting proposal 1 round 142 with 3 elements
__________________________
Starting Round 143
Proposing Round 143 [373399426, 661300942, 1454109425, 2133427445, 176390590]
Broadcasting proposal 1 round 143 with 5 elements
__________________________
Cleared accepted value set for round 80
Sent 25000 messages.
Cleared accepted value set for round 81
Cleared accepted value set for round 82
Cleared accepted value set for round 83
DECIDED: 140 10
Broadcasting DELIVERY OF: 140
DECIDED: 141 3
Broadcasting DELIVERY OF: 141
DECIDED: 142 3
Broadcasting DELIVERY OF: 142
DECIDED: 143 5
Broadcasting DELIVERY OF: 143
Starting Round 144
Proposing Round 144 [1997109065, 2120834317, 1362784338, 2033929266, 464280597]
Broadcasting proposal 1 round 144 with 5 elements
__________________________
Starting Round 145
Proposing Round 145 [1781844052, 752438459, 1084386400, 1178158203, 425294682, 198486416, 2020785643, 372214308, 342703921, 296166921]
Broadcasting proposal 1 round 145 with 10 elements
__________________________
Starting Round 146
Proposing Round 146 [568896616, 1393178591, 1326856608, 1229194523]
Broadcasting proposal 1 round 146 with 4 elements
__________________________
Starting Round 147
Proposing Round 147 [441495235, 780520225, 2030106617]
Broadcasting proposal 1 round 147 with 3 elements
__________________________
DECIDED: 144 5
Broadcasting DELIVERY OF: 144
DECIDED: 145 10
Broadcasting DELIVERY OF: 145
DECIDED: 146 4
Broadcasting DELIVERY OF: 146
DECIDED: 147 3
Broadcasting DELIVERY OF: 147
Starting Round 148
Proposing Round 148 [2127420335, 1347233823, 767303988, 1461042543, 647812758, 267429212, 756502473, 1282531582]
Broadcasting proposal 1 round 148 with 8 elements
__________________________
Starting Round 149
Proposing Round 149 [600337712, 1491228808, 1147497835, 548157187]
Broadcasting proposal 1 round 149 with 4 elements
__________________________
Starting Round 150
Proposing Round 150 [988350974, 1422277848]
Broadcasting proposal 1 round 150 with 2 elements
__________________________
Starting Round 151
Proposing Round 151 [197529702, 312794864, 289482182, 480468219, 1774884818, 1699972733, 943239974]
Broadcasting proposal 1 round 151 with 7 elements
__________________________
Cleared accepted value set for round 84
DECIDED: 148 8
Broadcasting DELIVERY OF: 148
DECIDED: 149 4
Broadcasting DELIVERY OF: 149
DECIDED: 150 2
Broadcasting DELIVERY OF: 150
DECIDED: 151 7
Broadcasting DELIVERY OF: 151
Sent 26000 messages.
Starting Round 152
Proposing Round 152 [1954246074, 1744079573, 170689150, 124660666, 1849785671, 232804774, 1715412119, 465342967]
Broadcasting proposal 1 round 152 with 8 elements
__________________________
Starting Round 153
Proposing Round 153 [1629748727, 2120834317, 27911967, 400560567, 1721025347, 664847319, 1449553823, 1431548670, 41531046]
Broadcasting proposal 1 round 153 with 9 elements
__________________________
Starting Round 154
Proposing Round 154 [1321182659, 2094011037]
Broadcasting proposal 1 round 154 with 2 elements
__________________________
Starting Round 155
Proposing Round 155 [855256552, 1900838388]
Broadcasting proposal 1 round 155 with 2 elements
__________________________
Cleared accepted value set for round 85
Cleared accepted value set for round 86
Cleared accepted value set for round 87
DECIDED: 152 8
Broadcasting DELIVERY OF: 152
DECIDED: 153 9
Broadcasting DELIVERY OF: 153
DECIDED: 154 2
Broadcasting DELIVERY OF: 154
DECIDED: 155 2
Broadcasting DELIVERY OF: 155
Starting Round 156
Proposing Round 156 [2098545541, 817804383, 1897214963, 391883149, 1016779084, 1647489402, 1362784338]
Broadcasting proposal 1 round 156 with 7 elements
__________________________
Starting Round 157
Proposing Round 157 [703368777, 449253056, 230249217, 1861968817, 770695571, 1378934717, 367704871]
Broadcasting proposal 1 round 157 with 7 elements
__________________________
Starting Round 158
Proposing Round 158 [1270762239, 387847884, 1408776235, 1439622619, 1851350739, 548157187, 497879474]
Broadcasting proposal 1 round 158 with 7 elements
__________________________
Starting Round 159
Proposing Round 159 [83250566, 909666337]
Broadcasting proposal 1 round 159 with 2 elements
__________________________
DECIDED: 156 7
Broadcasting DELIVERY OF: 156
DECIDED: 157 7
Broadcasting DELIVERY OF: 157
DECIDED: 158 7
Broadcasting DELIVERY OF: 158
DECIDED: 159 2
Broadcasting DELIVERY OF: 159
Starting Round 160
Proposing Round 160 [1510792572, 911047815, 697939765]
Broadcasting proposal 1 round 160 with 3 elements
__________________________
Starting Round 161
Proposing Round 161 [1028439863, 1952918745, 295456419]
Broadcasting proposal 1 round 161 with 3 elements
__________________________
Starting Round 162
Proposing Round 162 [1007142260, 1583063357, 524671997, 1633711193, 2076605983, 1995627518, 1513206988]
Broadcasting proposal 1 round 162 with 7 elements
__________________________
Starting Round 163
Proposing Round 163 [610900200]
Broadcasting proposal 1 round 163 with 1 elements
__________________________
Cleared accepted value set for round 88
Sent 27000 messages.
Cleared accepted value set for round 89
Cleared accepted value set for round 90
Cleared accepted value set for round 91
DECIDED: 160 3
Broadcasting DELIVERY OF: 160
DECIDED: 161 3
Broadcasting DELIVERY OF: 161
DECIDED: 162 7
Broadcasting DELIVERY OF: 162
DECIDED: 163 1
Broadcasting DELIVERY OF: 163
Starting Round 164
Proposing Round 164 [1260005019, 470939445, 1218853328, 1100558303, 491995979, 490000526, 1135872495, 1373142116]
Broadcasting proposal 1 round 164 with 8 elements
__________________________
Starting Round 165
Proposing Round 165 [1728296502, 83889094, 2079617090, 829486135, 1491228808, 1851350739, 267429212, 7263971, 1713658874, 1239573053]
Broadcasting proposal 1 round 165 with 10 elements
__________________________
Starting Round 166
Proposing Round 166 [770348179, 1511014697, 988335251, 1781915481]
Broadcasting proposal 1 round 166 with 4 elements
__________________________
Starting Round 167
Proposing Round 167 [1525876051, 58731376, 1282287615, 215359682, 924765563, 543669676, 480494664, 1354860540, 788075126]
Broadcasting proposal 1 round 167 with 9 elements
__________________________
DECIDED: 164 8
Broadcasting DELIVERY OF: 164
DECIDED: 165 10
Broadcasting DELIVERY OF: 165
DECIDED: 166 4
Broadcasting DELIVERY OF: 166
DECIDED: 167 9
Broadcasting DELIVERY OF: 167
Starting Round 168
Proposing Round 168 [495762348, 1863893256, 708861714, 1119980130, 1432614422, 429416213, 1422277848, 338258951]
Broadcasting proposal 1 round 168 with 8 elements
__________________________
Starting Round 169
Proposing Round 169 [1392783743, 1904315855]
Broadcasting proposal 1 round 169 with 2 elements
__________________________
Starting Round 170
Proposing Round 170 [106456634, 1997305752, 1926780541, 2075362821, 1980623803, 1457293575]
Broadcasting proposal 1 round 170 with 6 elements
__________________________
Starting Round 171
Proposing Round 171 [457031004, 1054393708]
Broadcasting proposal 1 round 171 with 2 elements
__________________________
DECIDED: 168 8
Broadcasting DELIVERY OF: 168
DECIDED: 169 2
Broadcasting DELIVERY OF: 169
DECIDED: 170 6
Broadcasting DELIVERY OF: 170
DECIDED: 171 2
Broadcasting DELIVERY OF: 171
Sent 28000 messages.
Starting Round 172
Proposing Round 172 [275860817, 1411178445, 470939445, 426724858, 107420369, 829486135, 1840109255, 594312071, 827143233, 1147497835]
Broadcasting proposal 1 round 172 with 10 elements
__________________________
Starting Round 173
Proposing Round 173 [1027553177]
Broadcasting proposal 1 round 173 with 1 elements
__________________________
Starting Round 174
Proposing Round 174 [1915184358, 154185462, 513483708, 400560567, 524671997, 672302490, 1934944879, 1871901278]
Broadcasting proposal 1 round 174 with 8 elements
__________________________
Starting Round 175
Proposing Round 175 [1652563013, 1676848676]
Broadcasting proposal 1 round 175 with 2 elements
__________________________
Cleared accepted value set for round 92
Cleared accepted value set for round 93
Cleared accepted value set for round 94
Cleared accepted value set for round 95
DECIDED: 172 10
Broadcasting DELIVERY OF: 172
DECIDED: 173 1
Broadcasting DELIVERY OF: 173
DECIDED: 174 8
Broadcasting DELIVERY OF: 174
DECIDED: 175 2
Broadcasting DELIVERY OF: 175
Starting Round 176
Proposing Round 176 [760434128, 387119894, 1699887270, 1996617659, 1235368585, 636057975, 63384488]
Broadcasting proposal 1 round 176 with 7 elements
__________________________
Starting Round 177
Proposing Round 177 [1196050747, 1585770584, 1513206988, 104906255]
Broadcasting proposal 1 round 177 with 4 elements
__________________________
Starting Round 178
Proposing Round 178 [140515379, 1643004186, 215359682, 1812140441, 2137464556, 1564319318]
Broadcasting proposal 1 round 178 with 6 elements
__________________________
Starting Round 179
Proposing Round 179 [1735918651, 604546780, 1140805649, 2013042435]
Broadcasting proposal 1 round 179 with 4 elements
__________________________
DECIDED: 176 7
Broadcasting DELIVERY OF: 176
DECIDED: 177 4
Broadcasting DELIVERY OF: 177
DECIDED: 178 6
Broadcasting DELIVERY OF: 178
DECIDED: 179 4
Broadcasting DELIVERY OF: 179
Starting Round 180
Proposing Round 180 [1760844750, 594130308, 378213925]
Broadcasting proposal 1 round 180 with 3 elements
__________________________
Starting Round 181
Proposing Round 181 [1079815404]
Broadcasting proposal 1 round 181 with 1 elements
__________________________
Starting Round 182
Proposing Round 182 [298159856, 179653598, 498733671]
Broadcasting proposal 1 round 182 with 3 elements
__________________________
Starting Round 183
Proposing Round 183 [275860817, 614685938, 1976987348, 137869475, 1420737819, 1784517419, 480494664]
Broadcasting proposal 1 round 183 with 7 elements
__________________________
Cleared accepted value set for round 96
Cleared accepted value set for round 99
Cleared accepted value set for round 98
Cleared accepted value set for round 97
Sent 29000 messages.
DECIDED: 180 3
Broadcasting DELIVERY OF: 180
DECIDED: 181 1
Broadcasting DELIVERY OF: 181
DECIDED: 182 3
Broadcasting DELIVERY OF: 182
DECIDED: 183 7
Broadcasting DELIVERY OF: 183
Starting Round 184
Proposing Round 184 [1355268102, 1523961606, 1872852789, 11492154, 951749308, 773338452, 1981903597, 656293602, 339166473, 680229045]
Broadcasting proposal 1 round 184 with 10 elements
__________________________
Starting Round 185
Proposing Round 185 [2127420335, 107420369, 1855548990, 514909066, 1813163240, 1564319318, 298737106, 548157187]
Broadcasting proposal 1 round 185 with 8 elements
__________________________
Starting Round 186
Proposing Round 186 [1400944900, 2076605983, 437662764, 258687184, 1028439863, 217275224, 690737494]
Broadcasting proposal 1 round 186 with 7 elements
__________________________
Starting Round 187
Proposing Round 187 [825873196, 143299564, 240251661]
Broadcasting proposal 1 round 187 with 3 elements
__________________________
DECIDED: 184 10
Broadcasting DELIVERY OF: 184
DECIDED: 185 8
Broadcasting DELIVERY OF: 185
DECIDED: 186 7
Broadcasting DELIVERY OF: 186
DECIDED: 187 3
Broadcasting DELIVERY OF: 187
Starting Round 188
Proposing Round 188 [815605132, 387847884, 1071722055, 1310784794, 2031417512]
Broadcasting proposal 1 round 188 with 5 elements
__________________________
Starting Round 189
Proposing Round 189 [1454770940, 1235368585, 323775634, 917840538, 653287375, 2102989254]
Broadcasting proposal 1 round 189 with 6 elements
__________________________
Starting Round 190
Proposing Round 190 [977032766, 1658195603, 1172248246, 2033929266, 1652244897, 1140882778, 856247605]
Broadcasting proposal 1 round 190 with 7 elements
__________________________
Starting Round 191
Proposing Round 191 [170689150, 351784589, 1889238423, 1191043170]
Broadcasting proposal 1 round 191 with 4 elements
__________________________
DECIDED: 188 5
Broadcasting DELIVERY OF: 188
DECIDED: 189 6
Broadcasting DELIVERY OF: 189
DECIDED: 190 7
Broadcasting DELIVERY OF: 190
DECIDED: 191 4
Broadcasting DELIVERY OF: 191
Sent 30000 messages.
Starting Round 192
Proposing Round 192 [1863893256, 2018679284, 1754569613, 179653598, 697939765, 1891799103, 339166473]
Broadcasting proposal 1 round 192 with 7 elements
__________________________
Starting Round 193
Proposing Round 193 [1893321208, 458072318, 1605947756, 1745595491, 172907376]
Broadcasting proposal 1 round 193 with 5 elements
__________________________
Starting Round 194
Proposing Round 194 [1136646449]
Broadcasting proposal 1 round 194 with 1 elements
__________________________
Starting Round 195
Proposing Round 195 [540137296, 1214784185, 1903232052, 1800135697, 1595467139, 23814791, 1881694278]
Broadcasting proposal 1 round 195 with 7 elements
__________________________
Cleared accepted value set for round 101
Cleared accepted value set for round 100
Cleared accepted value set for round 103
Cleared accepted value set for round 102
DECIDED: 192 7
Broadcasting DELIVERY OF: 192
DECIDED: 193 5
Broadcasting DELIVERY OF: 193
DECIDED: 194 1
Broadcasting DELIVERY OF: 194
DECIDED: 195 7
Broadcasting DELIVERY OF: 195
Starting Round 196
Proposing Round 196 [863937247, 1292569882, 1445662585, 1707177877, 1463320861, 965081954, 123265537, 323775634]
Broadcasting proposal 1 round 196 with 8 elements
__________________________
Starting Round 197
Proposing Round 197 [1472659626]
Broadcasting proposal 1 round 197 with 1 elements
__________________________
Starting Round 198
Proposing Round 198 [640183291, 2098425880, 1484193033]
Broadcasting proposal 1 round 198 with 3 elements
__________________________
Starting Round 199
Proposing Round 199 [977032766, 2079617090, 1235368585]
Broadcasting proposal 1 round 199 with 3 elements
__________________________
DECIDED: 196 8
Broadcasting DELIVERY OF: 196
DECIDED: 197 1
Broadcasting DELIVERY OF: 197
DECIDED: 198 3
Broadcasting DELIVERY OF: 198
DECIDED: 199 3
Broadcasting DELIVERY OF: 199
Starting Round 200
Proposing Round 200 [2119634399, 2144181937, 680229045]
Broadcasting proposal 1 round 200 with 3 elements
__________________________
Starting Round 201
Proposing Round 201 [318180503, 1765670844, 1225136114, 965081954, 1620104855, 1234283419, 993260504, 1881988384, 1781915481, 444900634]
Broadcasting proposal 1 round 201 with 10 elements
__________________________
Starting Round 202
Proposing Round 202 [1193887545, 54340558, 674555072, 1113219231, 990153355, 116402431]
Broadcasting proposal 1 round 202 with 6 elements
__________________________
Starting Round 203
Proposing Round 203 [1051454923, 43598698, 1036616336]
Broadcasting proposal 1 round 203 with 3 elements
__________________________
Cleared accepted value set for round 105
Cleared accepted value set for round 107
Cleared accepted value set for round 106
Cleared accepted value set for round 104
Sent 31000 messages.
DECIDED: 200 3
Broadcasting DELIVERY OF: 200
DECIDED: 201 10
Broadcasting DELIVERY OF: 201
DECIDED: 202 6
Broadcasting DELIVERY OF: 202
DECIDED: 203 3
Broadcasting DELIVERY OF: 203
Starting Round 204
Proposing Round 204 [83250566, 2041322270, 1652244897, 548157187]
Broadcasting proposal 1 round 204 with 4 elements
__________________________
Starting Round 205
Proposing Round 205 [687117441, 909666337]
Broadcasting proposal 1 round 205 with 2 elements
__________________________
Starting Round 206
Proposing Round 206 [664847319]
Broadcasting proposal 1 round 206 with 1 elements
__________________________
Starting Round 207
Proposing Round 207 [1272368870, 963026855, 1707177877, 1263732197, 988335251, 1072910527, 1378934717, 680229045, 1584930775]
Broadcasting proposal 1 round 207 with 9 elements
__________________________
DECIDED: 204 4
Broadcasting DELIVERY OF: 204
DECIDED: 205 2
Broadcasting DELIVERY OF: 205
DECIDED: 206 1
Broadcasting DELIVERY OF: 206
DECIDED: 207 9
Broadcasting DELIVERY OF: 207
Starting Round 208
Proposing Round 208 [1270762239, 2011467975, 431675310, 1553210608, 479112937, 988350974, 1754034197, 322401182, 1459753033, 1181241943]
Broadcasting proposal 1 round 208 with 10 elements
__________________________
Starting Round 209
Proposing Round 209 [1845919895, 1178158203, 1832837596, 1866437132, 1297896903, 1117362852]
Broadcasting proposal 1 round 209 with 6 elements
__________________________
Starting Round 210
Proposing Round 210 [1027553177, 1197987692]
Broadcasting proposal 1 round 210 with 2 elements
__________________________
Starting Round 211
Proposing Round 211 [1378934717]
Broadcasting proposal 1 round 211 with 1 elements
__________________________
DECIDED: 208 10
Broadcasting DELIVERY OF: 208
DECIDED: 209 6
Broadcasting DELIVERY OF: 209
DECIDED: 210 2
Broadcasting DELIVERY OF: 210
DECIDED: 211 1
Broadcasting DELIVERY OF: 211
Starting Round 212
Proposing Round 212 [1358798143, 1024542722, 338444264, 1008458444, 186618211, 663801533, 1768002206]
Broadcasting proposal 1 round 212 with 7 elements
__________________________
Starting Round 213
Proposing Round 213 [440213415]
Broadcasting proposal 1 round 213 with 1 elements
__________________________
Starting Round 214
Proposing Round 214 [720648887, 1074163698, 1728760924, 521231222, 1825957977, 459716009]
Broadcasting proposal 1 round 214 with 6 elements
__________________________
Starting Round 215
Proposing Round 215 [613628803]
Broadcasting proposal 1 round 215 with 1 elements
__________________________
Sent 32000 messages.
Cleared accepted value set for round 108
Cleared accepted value set for round 111
Cleared accepted value set for round 109
Cleared accepted value set for round 110
DECIDED: 212 7
Broadcasting DELIVERY OF: 212
DECIDED: 213 1
Broadcasting DELIVERY OF: 213
DECIDED: 214 6
Broadcasting DELIVERY OF: 214
DECIDED: 215 1
Broadcasting DELIVERY OF: 215
Starting Round 216
Proposing Round 216 [1267489756, 2456273, 1822393017, 1454109425]
Broadcasting proposal 1 round 216 with 4 elements
__________________________
Starting Round 217
Proposing Round 217 [1954246074, 1349409434, 755427535, 323408297, 478163327]
Broadcasting proposal 1 round 217 with 5 elements
__________________________
Starting Round 218
Proposing Round 218 [1388450337, 1926780541, 491995979, 217275224, 1881988384, 1952918745]
Broadcasting proposal 1 round 218 with 6 elements
__________________________
Starting Round 219
Proposing Round 219 [1392239675, 1170496062]
Broadcasting proposal 1 round 219 with 2 elements
__________________________
DECIDED: 216 4
Broadcasting DELIVERY OF: 216
DECIDED: 217 5
Broadcasting DELIVERY OF: 217
DECIDED: 218 6
Broadcasting DELIVERY OF: 218
DECIDED: 219 2
Broadcasting DELIVERY OF: 219
Starting Round 220
Proposing Round 220 [4943787, 101637979, 2056061866, 1186564497, 60766757, 444900634]
Broadcasting proposal 1 round 220 with 6 elements
__________________________
Starting Round 221
Proposing Round 221 [58731376, 1827524957, 492960451, 599707677, 1388450337, 124660666, 426724858, 679282378, 2087313121, 367704871]
Broadcasting proposal 1 round 221 with 10 elements
__________________________
Starting Round 222
Proposing Round 222 [999829240, 1743499, 1260005019, 1178158203, 678500147, 34780500, 187463722, 258687184, 240251661, 990153355]
Broadcasting proposal 1 round 222 with 10 elements
__________________________
Starting Round 223
Proposing Round 223 [1743499, 480494664, 1392783743, 1117362852]
Broadcasting proposal 1 round 223 with 4 elements
__________________________
Sent 33000 messages.
Cleared accepted value set for round 115
Cleared accepted value set for round 112
Cleared accepted value set for round 113
Cleared accepted value set for round 114
DECIDED: 220 6
Broadcasting DELIVERY OF: 220
DECIDED: 221 10
Broadcasting DELIVERY OF: 221
DECIDED: 222 10
Broadcasting DELIVERY OF: 222
DECIDED: 223 4
Broadcasting DELIVERY OF: 223
Starting Round 224
Proposing Round 224 [1929338154, 1880160025, 1800135697, 1571346130, 1426725702, 2094011037, 338258951]
Broadcasting proposal 1 round 224 with 7 elements
__________________________
Starting Round 225
Proposing Round 225 [1566166314, 1804138557, 638212450, 918037633, 791835934, 1201124041]
Broadcasting proposal 1 round 225 with 6 elements
__________________________
Starting Round 226
Proposing Round 226 [1445662585, 1637947177, 1351531223, 911047815, 564409423, 667779376, 1513206988]
Broadcasting proposal 1 round 226 with 7 elements
__________________________
Starting Round 227
Proposing Round 227 [1360049298, 1867302554, 999270936, 1584392711, 1059257080, 680229045, 1716605598]
Broadcasting proposal 1 round 227 with 7 elements
__________________________
DECIDED: 224 7
Broadcasting DELIVERY OF: 224
DECIDED: 225 6
Broadcasting DELIVERY OF: 225
DECIDED: 226 7
Broadcasting DELIVERY OF: 226
DECIDED: 227 7
Broadcasting DELIVERY OF: 227
Starting Round 228
Proposing Round 228 [1254717325, 1929338154, 232804774, 755427535]
Broadcasting proposal 1 round 228 with 4 elements
__________________________
Starting Round 229
Proposing Round 229 [547374338, 2056061866, 1139038460, 1418198351, 929364954, 41531046, 1609930218]
Broadcasting proposal 1 round 229 with 7 elements
__________________________
Starting Round 230
Proposing Round 230 [822662216, 417315900, 1277121963, 576775951]
Broadcasting proposal 1 round 230 with 4 elements
__________________________
Starting Round 231
Proposing Round 231 [1051802512, 1136108454, 730074215, 2108061573, 1627677155, 457788949, 248786714, 735034881]
Broadcasting proposal 1 round 231 with 8 elements
__________________________
DECIDED: 228 4
Broadcasting DELIVERY OF: 228
DECIDED: 229 7
Broadcasting DELIVERY OF: 229
DECIDED: 230 4
Broadcasting DELIVERY OF: 230
DECIDED: 231 8
Broadcasting DELIVERY OF: 231
Starting Round 232
Proposing Round 232 [1269829408, 63384488]
Broadcasting proposal 1 round 232 with 2 elements
__________________________
Starting Round 233
Proposing Round 233 [2085812759, 1620104855, 2016044512, 815221547, 653287375, 398340369]
Broadcasting proposal 1 round 233 with 6 elements
__________________________
Starting Round 234
Proposing Round 234 [261810763, 1121910732, 1909954149, 2028168523, 260329455, 810255760]
Broadcasting proposal 1 round 234 with 6 elements
__________________________
Starting Round 235
Proposing Round 235 [1519038154, 1555585773, 1047385483, 2141011556, 1950049698, 1851350739, 1953291127]
Broadcasting proposal 1 round 235 with 7 elements
__________________________
Sent 34000 messages.
Cleared accepted value set for round 117
Cleared accepted value set for round 118
Cleared accepted value set for round 119
Cleared accepted value set for round 116
DECIDED: 232 2
Broadcasting DELIVERY OF: 232
DECIDED: 233 6
Broadcasting DELIVERY OF: 233
DECIDED: 234 6
Broadcasting DELIVERY OF: 234
DECIDED: 235 7
Broadcasting DELIVERY OF: 235
Starting Round 236
Proposing Round 236 [187463722, 1577691630, 365849190, 306702926, 1454109425, 1235368585, 296166921, 946785248, 1014096062]
Broadcasting proposal 1 round 236 with 9 elements
__________________________
Starting Round 237
Proposing Round 237 [196814233, 633814084, 1420737819, 1449553823, 1285821930]
Broadcasting proposal 1 round 237 with 5 elements
__________________________
Starting Round 238
Proposing Round 238 [1159995046, 1643004186, 977515194, 1699972733, 345495128]
Broadcasting proposal 1 round 238 with 5 elements
__________________________
Starting Round 239
Proposing Round 239 [492960451, 1955997540, 1652563013, 1139038460, 911047815, 1953462417]
Broadcasting proposal 1 round 239 with 6 elements
__________________________
DECIDED: 236 9
Broadcasting DELIVERY OF: 236
DECIDED: 237 5
Broadcasting DELIVERY OF: 237
DECIDED: 238 5
Broadcasting DELIVERY OF: 238
DECIDED: 239 6
Broadcasting DELIVERY OF: 239
Starting Round 240
Proposing Round 240 [1188332531, 1541804686, 2111946238]
Broadcasting proposal 1 round 240 with 3 elements
__________________________
Starting Round 241
Proposing Round 241 [275860817, 661300942, 1076433900, 816610683, 490000526, 680229045]
Broadcasting proposal 1 round 241 with 6 elements
__________________________
Starting Round 242
Proposing Round 242 [1079815404, 1137651678, 1103678092, 1721025347, 2123030247]
Broadcasting proposal 1 round 242 with 5 elements
__________________________
Starting Round 243
Proposing Round 243 [1395925222, 1015242176, 1639042338, 1400944900]
Broadcasting proposal 1 round 243 with 4 elements
__________________________
Sent 35000 messages.
DECIDED: 240 3
Broadcasting DELIVERY OF: 240
DECIDED: 241 6
Broadcasting DELIVERY OF: 241
DECIDED: 242 5
Broadcasting DELIVERY OF: 242
DECIDED: 243 4
Broadcasting DELIVERY OF: 243
Cleared accepted value set for round 123
Cleared accepted value set for round 120
Cleared accepted value set for round 121
Cleared accepted value set for round 122
Starting Round 244
Proposing Round 244 [170689150]
Broadcasting proposal 1 round 244 with 1 elements
__________________________
Starting Round 245
Proposing Round 245 [1333241445, 651662547, 534094883, 1784517419, 1745595491, 619142798, 818665301, 906164396, 104906255]
Broadcasting proposal 1 round 245 with 9 elements
__________________________
Starting Round 246
Proposing Round 246 [610900200, 1445662585, 252860896, 1254717325, 1167007513, 305714736, 846259450, 1484193033]
Broadcasting proposal 1 round 246 with 8 elements
__________________________
Starting Round 247
Proposing Round 247 [1267622868, 172907376]
Broadcasting proposal 1 round 247 with 2 elements
__________________________
DECIDED: 244 1
Broadcasting DELIVERY OF: 244
DECIDED: 245 9
Broadcasting DELIVERY OF: 245
DECIDED: 246 8
Broadcasting DELIVERY OF: 246
DECIDED: 247 2
Broadcasting DELIVERY OF: 247
Starting Round 248
Proposing Round 248 [1952996248, 1744079573, 1214266162, 326402374, 730074215, 1503068227]
Broadcasting proposal 1 round 248 with 6 elements
__________________________
Starting Round 249
Proposing Round 249 [677517496]
Broadcasting proposal 1 round 249 with 1 elements
__________________________
Starting Round 250
Proposing Round 250 [1224011538, 513483708, 1044987715, 1939118223]
Broadcasting proposal 1 round 250 with 4 elements
__________________________
Starting Round 251
Proposing Round 251 [1477278577]
Broadcasting proposal 1 round 251 with 1 elements
__________________________
DECIDED: 248 6
Broadcasting DELIVERY OF: 248
DECIDED: 249 1
Broadcasting DELIVERY OF: 249
DECIDED: 250 4
Broadcasting DELIVERY OF: 250
DECIDED: 251 1
Broadcasting DELIVERY OF: 251
Sent 36000 messages.
Starting Round 252
Proposing Round 252 [906346324, 326402374, 1103678092, 1263732197, 1881625505, 621232513, 857158768, 1917906456, 1950049698]
Broadcasting proposal 1 round 252 with 9 elements
__________________________
Starting Round 253
Proposing Round 253 [1427818730, 714300770, 1008330525, 542114964, 2021598245, 791835934, 360551585, 779489931, 929364954]
Broadcasting proposal 1 round 253 with 9 elements
__________________________
Starting Round 254
Proposing Round 254 [708861714, 1750625978, 1242911821, 1172248246, 1193448329, 1072910527, 707111048, 1881694278, 2090237817]
Broadcasting proposal 1 round 254 with 9 elements
__________________________
Starting Round 255
Proposing Round 255 [1947382419, 304912982]
Broadcasting proposal 1 round 255 with 2 elements
__________________________
Cleared accepted value set for round 124
Cleared accepted value set for round 127
Cleared accepted value set for round 125
Cleared accepted value set for round 126
DECIDED: 252 9
Broadcasting DELIVERY OF: 252
DECIDED: 253 9
Broadcasting DELIVERY OF: 253
DECIDED: 254 9
Broadcasting DELIVERY OF: 254
DECIDED: 255 2
Broadcasting DELIVERY OF: 255
Starting Round 256
Proposing Round 256 [1427818730, 1557724698, 1152750071, 1395925222, 2076605983, 1716495971]
Broadcasting proposal 1 round 256 with 6 elements
__________________________
Starting Round 257
Proposing Round 257 [251837136, 816382125, 1985392498, 1100558303, 1239573053]
Broadcasting proposal 1 round 257 with 5 elements
__________________________
Starting Round 258
Proposing Round 258 [314652384, 1804502687, 1159995046, 1584392711, 1699226064, 498733671, 653287375, 788075126]
Broadcasting proposal 1 round 258 with 8 elements
__________________________
Starting Round 259
Proposing Round 259 [1815115025, 1866437132, 524671997, 1378934717, 1584930775]
Broadcasting proposal 1 round 259 with 5 elements
__________________________
DECIDED: 256 6
Broadcasting DELIVERY OF: 256
DECIDED: 257 5
Broadcasting DELIVERY OF: 257
DECIDED: 258 8
Broadcasting DELIVERY OF: 258
DECIDED: 259 5
Broadcasting DELIVERY OF: 259
Starting Round 260
Proposing Round 260 [904647469, 59780189]
Broadcasting proposal 1 round 260 with 2 elements
__________________________
Starting Round 261
Proposing Round 261 [1145921803]
Broadcasting proposal 1 round 261 with 1 elements
__________________________
Starting Round 262
Proposing Round 262 [1553830525]
Broadcasting proposal 1 round 262 with 1 elements
__________________________
Starting Round 263
Proposing Round 263 [49310608, 1996617659]
Broadcasting proposal 1 round 263 with 2 elements
__________________________
Sent 37000 messages.
DECIDED: 260 2
Broadcasting DELIVERY OF: 260
DECIDED: 261 1
Broadcasting DELIVERY OF: 261
DECIDED: 262 1
Broadcasting DELIVERY OF: 262
DECIDED: 263 2
Broadcasting DELIVERY OF: 263
Starting Round 264
Proposing Round 264 [1157541038, 172793727, 1897456484, 1609930218]
Broadcasting proposal 1 round 264 with 4 elements
__________________________
Starting Round 265
Proposing Round 265 [1403792057, 1637947177]
Broadcasting proposal 1 round 265 with 2 elements
__________________________
Starting Round 266
Proposing Round 266 [1181241943]
Broadcasting proposal 1 round 266 with 1 elements
__________________________
Starting Round 267
Proposing Round 267 [426724858]
Broadcasting proposal 1 round 267 with 1 elements
__________________________
Cleared accepted value set for round 129
Cleared accepted value set for round 128
Cleared accepted value set for round 130
Cleared accepted value set for round 131
DECIDED: 264 4
Broadcasting DELIVERY OF: 264
DECIDED: 265 2
Broadcasting DELIVERY OF: 265
DECIDED: 266 1
Broadcasting DELIVERY OF: 266
DECIDED: 267 1
Broadcasting DELIVERY OF: 267
Starting Round 268
Proposing Round 268 [2128023255, 1872852789, 2033929266, 1454109425, 1536778950]
Broadcasting proposal 1 round 268 with 5 elements
__________________________
Starting Round 269
Proposing Round 269 [730074215, 449253056]
Broadcasting proposal 1 round 269 with 2 elements
__________________________
Starting Round 270
Proposing Round 270 [746523513, 1825957977, 1072910527]
Broadcasting proposal 1 round 270 with 3 elements
__________________________
Starting Round 271
Proposing Round 271 [1135840948, 294713656, 1461042543, 1812140441, 1652244897]
Broadcasting proposal 1 round 271 with 5 elements
__________________________
DECIDED: 268 5
Broadcasting DELIVERY OF: 268
DECIDED: 269 2
Broadcasting DELIVERY OF: 269
DECIDED: 270 3
Broadcasting DELIVERY OF: 270
DECIDED: 271 5
Broadcasting DELIVERY OF: 271
Starting Round 272
Proposing Round 272 [955345537, 1178884276, 311570307, 15228622, 857158768, 305714736, 1109615163, 2030106617, 1880160025, 1768294570]
Broadcasting proposal 1 round 272 with 10 elements
__________________________
Starting Round 273
Proposing Round 273 [1260005019, 1169726681, 1643004186, 1113219231, 1064746525, 1564319318, 1970753705]
Broadcasting proposal 1 round 273 with 7 elements
__________________________
Starting Round 274
Proposing Round 274 [49310608, 140515379, 674555072, 950764876, 983297492]
Broadcasting proposal 1 round 274 with 5 elements
__________________________
Starting Round 275
Proposing Round 275 [306671447, 1629748727, 1103678092, 1804138557, 1393178591, 647812758, 701808367, 1986972437, 1136646449, 1215470157]
Broadcasting proposal 1 round 275 with 10 elements
__________________________
Sent 38000 messages.
Cleared accepted value set for round 132
Cleared accepted value set for round 134
Cleared accepted value set for round 135
Cleared accepted value set for round 133
DECIDED: 272 10
Broadcasting DELIVERY OF: 272
DECIDED: 273 7
Broadcasting DELIVERY OF: 273
DECIDED: 274 5
Broadcasting DELIVERY OF: 274
DECIDED: 275 10
Broadcasting DELIVERY OF: 275
Starting Round 276
Proposing Round 276 [829486135, 1064746525, 83651970]
Broadcasting proposal 1 round 276 with 3 elements
__________________________
Starting Round 277
Proposing Round 277 [568896616, 272849424, 1113219231, 34780500, 679282378, 1628334692, 158998032, 751917162, 13938521, 1131247330]
Broadcasting proposal 1 round 277 with 10 elements
__________________________
Starting Round 278
Proposing Round 278 [134917627, 1057486868, 1968321319, 1577691630, 2033929266]
Broadcasting proposal 1 round 278 with 5 elements
__________________________
Starting Round 279
Proposing Round 279 [1163577186]
Broadcasting proposal 1 round 279 with 1 elements
__________________________
DECIDED: 276 3
Broadcasting DELIVERY OF: 276
DECIDED: 277 10
Broadcasting DELIVERY OF: 277
DECIDED: 278 5
Broadcasting DELIVERY OF: 278
DECIDED: 279 1
Broadcasting DELIVERY OF: 279
Starting Round 280
Proposing Round 280 [495389030, 1334661688, 1583063357, 1950049698, 1595467139, 562697526, 709214891]
Broadcasting proposal 1 round 280 with 7 elements
__________________________
Starting Round 281
Proposing Round 281 [2016446768, 65917432, 1917906456, 1558990517, 2144181937, 297265480, 917840538]
Broadcasting proposal 1 round 281 with 7 elements
__________________________
Starting Round 282
Proposing Round 282 [1845919895, 2011467975, 1855548990, 491298929, 1194673401, 594130308, 1444812497]
Broadcasting proposal 1 round 282 with 7 elements
__________________________
Starting Round 283
Proposing Round 283 [107420369]
Broadcasting proposal 1 round 283 with 1 elements
__________________________
Sent 39000 messages.
DECIDED: 280 7
Broadcasting DELIVERY OF: 280
DECIDED: 281 7
Broadcasting DELIVERY OF: 281
DECIDED: 282 7
Broadcasting DELIVERY OF: 282
DECIDED: 283 1
Broadcasting DELIVERY OF: 283
Starting Round 284
Proposing Round 284 [568275055, 1159417075]
Broadcasting proposal 1 round 284 with 2 elements
__________________________
Starting Round 285
Proposing Round 285 [480468219, 1461364854, 1306061701, 251183830]
Broadcasting proposal 1 round 285 with 4 elements
__________________________
Starting Round 286
Proposing Round 286 [542366274, 298159856, 1745595491, 1754034197, 2001129658, 2095718469, 1232285036]
Broadcasting proposal 1 round 286 with 7 elements
__________________________
Starting Round 287
Proposing Round 287 [1510792572, 1346922426, 754368373, 657091982, 602078388, 969318858, 1288477634]
Broadcasting proposal 1 round 287 with 7 elements
__________________________
Cleared accepted value set for round 137
Cleared accepted value set for round 136
Cleared accepted value set for round 138
Cleared accepted value set for round 139
DECIDED: 284 2
Broadcasting DELIVERY OF: 284
DECIDED: 285 4
Broadcasting DELIVERY OF: 285
DECIDED: 286 7
Broadcasting DELIVERY OF: 286
DECIDED: 287 7
Broadcasting DELIVERY OF: 287
Starting Round 288
Proposing Round 288 [2010258946, 963026855, 441495235, 917840538]
Broadcasting proposal 1 round 288 with 4 elements
__________________________
Starting Round 289
Proposing Round 289 [441495235, 1349409434, 1439622619, 940617318, 1819244083]
Broadcasting proposal 1 round 289 with 5 elements
__________________________
Starting Round 290
Proposing Round 290 [1765670844, 963026855, 1637375316]
Broadcasting proposal 1 round 290 with 3 elements
__________________________
Starting Round 291
Proposing Round 291 [562697526]
Broadcasting proposal 1 round 291 with 1 elements
__________________________
DECIDED: 288 4
Broadcasting DELIVERY OF: 288
DECIDED: 289 5
Broadcasting DELIVERY OF: 289
DECIDED: 290 3
Broadcasting DELIVERY OF: 290
DECIDED: 291 1
Broadcasting DELIVERY OF: 291
Starting Round 292
Proposing Round 292 [33599984, 714300770, 1770791023, 518213060, 230249217, 654477195, 348697524, 899825838]
Broadcasting proposal 1 round 292 with 8 elements
__________________________
Starting Round 293
Proposing Round 293 [118543408, 1272368870, 1186473561, 2112035409, 373399426, 999270936, 1719929315, 833728665, 1328367510, 1981903597]
Broadcasting proposal 1 round 293 with 10 elements
__________________________
Starting Round 294
Proposing Round 294 [1196050747, 2112035409, 1179387055, 137869475, 464280597]
Broadcasting proposal 1 round 294 with 5 elements
__________________________
Starting Round 295
Proposing Round 295 [1010193046, 30884438, 1405969000, 957449367, 1948385094, 1715412119, 647812758, 260329455, 964824319]
Broadcasting proposal 1 round 295 with 9 elements
__________________________
Sent 40000 messages.
Cleared accepted value set for round 140
Cleared accepted value set for round 143
Cleared accepted value set for round 142
Cleared accepted value set for round 141
DECIDED: 292 8
Broadcasting DELIVERY OF: 292
DECIDED: 293 10
Broadcasting DELIVERY OF: 293
DECIDED: 294 5
Broadcasting DELIVERY OF: 294
DECIDED: 295 9
Broadcasting DELIVERY OF: 295
Starting Round 296
Proposing Round 296 [1880160025]
Broadcasting proposal 1 round 296 with 1 elements
__________________________
Starting Round 297
Proposing Round 297 [1193887545, 1863893256, 1593482331, 480468219, 1799682701, 561866144, 59780189, 816941039, 1628238707]
Broadcasting proposal 1 round 297 with 9 elements
__________________________
Starting Round 298
Proposing Round 298 [613628803, 2011467975, 425294682, 1267622868, 1484714820, 2044804330]
Broadcasting proposal 1 round 298 with 6 elements
__________________________
Starting Round 299
Proposing Round 299 [1822393017, 1461744198, 2075362821, 874275988, 1062073697, 562697526, 1784572192, 1286196999]
Broadcasting proposal 1 round 299 with 8 elements
__________________________
DECIDED: 296 1
Broadcasting DELIVERY OF: 296
DECIDED: 297 9
Broadcasting DELIVERY OF: 297
DECIDED: 298 6
Broadcasting DELIVERY OF: 298
DECIDED: 299 8
Broadcasting DELIVERY OF: 299
Cleared accepted value set for round 144
Cleared accepted value set for round 145
Cleared accepted value set for round 146
Cleared accepted value set for round 147
Cleared accepted value set for round 151
Cleared accepted value set for round 150
Cleared accepted value set for round 148
Cleared accepted value set for round 149
Cleared accepted value set for round 152
Cleared accepted value set for round 155
Cleared accepted value set for round 153
Cleared accepted value set for round 154
Cleared accepted value set for round 156
Cleared accepted value set for round 157
Cleared accepted value set for round 159
Cleared accepted value set for round 158
Cleared accepted value set for round 160
Cleared accepted value set for round 161
Cleared accepted value set for round 163
Cleared accepted value set for round 162
Cleared accepted value set for round 164
Cleared accepted value set for round 166
Cleared accepted value set for round 167
Cleared accepted value set for round 165
Cleared accepted value set for round 168
Cleared accepted value set for round 169
Cleared accepted value set for round 171
Cleared accepted value set for round 170
Cleared accepted value set for round 172
Cleared accepted value set for round 173
Cleared accepted value set for round 174
Cleared accepted value set for round 175
Cleared accepted value set for round 176
Cleared accepted value set for round 178
Cleared accepted value set for round 177
Cleared accepted value set for round 179
Cleared accepted value set for round 180
Cleared accepted value set for round 181
Cleared accepted value set for round 182
Cleared accepted value set for round 183
Cleared accepted value set for round 186
Cleared accepted value set for round 184
Cleared accepted value set for round 185
Cleared accepted value set for round 187
Cleared accepted value set for round 188
Cleared accepted value set for round 190
Cleared accepted value set for round 189
Cleared accepted value set for round 191
Cleared accepted value set for round 192
Cleared accepted value set for round 193
Cleared accepted value set for round 194
Cleared accepted value set for round 195
Cleared accepted value set for round 196
Cleared accepted value set for round 198
Cleared accepted value set for round 197
Cleared accepted value set for round 199
Cleared accepted value set for round 200
Cleared accepted value set for round 201
Cleared accepted value set for round 202
Cleared accepted value set for round 203
Cleared accepted value set for round 207
Cleared accepted value set for round 205
Cleared accepted value set for round 206
Cleared accepted value set for round 204
Cleared accepted value set for round 208
Cleared accepted value set for round 210
Cleared accepted value set for round 211
Cleared accepted value set for round 209
Cleared accepted value set for round 212
Cleared accepted value set for round 214
Cleared accepted value set for round 215
Cleared accepted value set for round 213
Cleared accepted value set for round 217
Cleared accepted value set for round 216
Cleared accepted value set for round 218
Cleared accepted value set for round 219
Cleared accepted value set for round 220
Cleared accepted value set for round 222
Cleared accepted value set for round 223
Cleared accepted value set for round 221
Cleared accepted value set for round 225
Cleared accepted value set for round 224
Cleared accepted value set for round 226
Cleared accepted value set for round 227
Cleared accepted value set for round 231
Cleared accepted value set for round 230
Cleared accepted value set for round 228
Cleared accepted value set for round 229
Cleared accepted value set for round 233
Cleared accepted value set for round 232
Cleared accepted value set for round 234
Cleared accepted value set for round 235
Cleared accepted value set for round 236
Cleared accepted value set for round 237
Cleared accepted value set for round 238
Cleared accepted value set for round 239
Cleared accepted value set for round 240
Cleared accepted value set for round 243
Cleared accepted value set for round 241
Cleared accepted value set for round 242
Cleared accepted value set for round 247
Cleared accepted value set for round 244
Cleared accepted value set for round 245
Cleared accepted value set for round 246
Cleared accepted value set for round 248
Cleared accepted value set for round 249
Cleared accepted value set for round 251
Cleared accepted value set for round 250
Cleared accepted value set for round 253
Cleared accepted value set for round 252
Cleared accepted value set for round 254
Cleared accepted value set for round 255
Cleared accepted value set for round 256
Cleared accepted value set for round 259
Cleared accepted value set for round 258
Cleared accepted value set for round 257
Cleared accepted value set for round 261
Cleared accepted value set for round 260
Cleared accepted value set for round 262
Cleared accepted value set for round 263
Cleared accepted value set for round 265
Cleared accepted value set for round 264
Cleared accepted value set for round 266
Cleared accepted value set for round 267
Cleared accepted value set for round 268
Cleared accepted value set for round 270
Cleared accepted value set for round 269
Cleared accepted value set for round 271
Cleared accepted value set for round 272
Cleared accepted value set for round 275
Cleared accepted value set for round 274
Cleared accepted value set for round 273
Cleared accepted value set for round 276
Cleared accepted value set for round 279
Cleared accepted value set for round 277
Cleared accepted value set for round 278
Cleared accepted value set for round 280
Cleared accepted value set for round 281
Cleared accepted value set for round 283
Cleared accepted value set for round 282
Cleared accepted value set for round 284
Cleared accepted value set for round 285
Cleared accepted value set for round 286
Cleared accepted value set for round 287
Cleared accepted value set for round 288
Cleared accepted value set for round 291
Cleared accepted value set for round 290
Cleared accepted value set for round 289
Cleared accepted value set for round 292
Cleared accepted value set for round 295
Cleared accepted value set for round 293
Cleared accepted value set for round 294
Cleared accepted value set for round 296
ERROR IN PERFECT LINKS DELIVER: Message{proposalCount=2, senderId=54, receiverId=39, latticeRound=296, isAck=0}
ERROR IN PERFECT LINKS DELIVER: Message{proposalCount=2, senderId=54, receiverId=39, latticeRound=296, isAck=0}
ERROR IN PERFECT LINKS DELIVER: Message{proposalCount=2, senderId=54, receiverId=39, latticeRound=296, isAck=0}
ERROR IN PERFECT LINKS DELIVER: Message{proposalCount=2, senderId=54, receiverId=39, latticeRound=296, isAck=0}
ERROR IN PERFECT LINKS DELIVER: Message{proposalCount=2, senderId=54, receiverId=39, latticeRound=296, isAck=0}
ERROR IN PERFECT LINKS DELIVER: Message{proposalCount=2, senderId=54, receiverId=39, latticeRound=296, isAck=0}
ERROR IN PERFECT LINKS DELIVER: Message{proposalCount=2, senderId=54, receiverId=39, latticeRound=296, isAck=0}
ERROR IN PERFECT LINKS DELIVER: Message{proposalCount=2, senderId=54, receiverId=39, latticeRound=296, isAck=0}
ERROR IN PERFECT LINKS DELIVER: Message{proposalCount=2, senderId=54, receiverId=39, latticeRound=296, isAck=0}
Cleared accepted value set for round 298
Cleared accepted value set for round 299
Cleared accepted value set for round 297
ERROR IN PERFECT LINKS DELIVER: Message{proposalCount=1, senderId=54, receiverId=39, latticeRound=298, isAck=0}
ERROR IN PERFECT LINKS DELIVER: Message{proposalCount=1, senderId=54, receiverId=39, latticeRound=299, isAck=0}
ERROR IN PERFECT LINKS DELIVER: Message{proposalCount=2, senderId=54, receiverId=39, latticeRound=296, isAck=0}
Immediately stopping network packet processing.
Writing output.
