My PID: 53

From a new terminal type `kill -SIGINT 53` or `kill -SIGTERM 53` to stop processing packets

OUTPUT:  /shared/tools/proc05.output
My ID: 5

List of resolved hosts is:
==========================
1
Human-readable IP: 127.0.0.1
Human-readable Port: 11001

2
Human-readable IP: 127.0.0.1
Human-readable Port: 11002

3
Human-readable IP: 127.0.0.1
Human-readable Port: 11003

4
Human-readable IP: 127.0.0.1
Human-readable Port: 11004

5
Human-readable IP: 127.0.0.1
Human-readable Port: 11005

UDPReceiver: Created socket on port 11005
THREAD NUMBER: 100
6
Human-readable IP: 127.0.0.1
Human-readable Port: 11006

7
Human-readable IP: 127.0.0.1
Human-readable Port: 11007

8
Human-readable IP: 127.0.0.1
Human-readable Port: 11008

9
Human-readable IP: 127.0.0.1
Human-readable Port: 11009

10
Human-readable IP: 127.0.0.1
Human-readable Port: 11010


Path to output:
===============
/shared/tools/proc05.output

Path to config:
===============
./config

null
===============
Doing some initialization

Broadcasting and delivering messages...

Number of messages: 4000
Deliver target: 1
Process ID: 5 Deliver Target: 1
Immediately stopping network packet processing.
Writing output.
