My PID: 64790

From a new terminal type `kill -SIGINT 64790` or `kill -SIGTERM 64790` to stop processing packets

OUTPUT:  /Users/aybarsyazici/Documents/EPFL/distributed/CS451-2022-project/tools/proc09.output
My ID: 9

List of resolved hosts is:
==========================
1
Human-readable IP: 127.0.0.1
Human-readable Port: 11001

2
Human-readable IP: 127.0.0.1
Human-readable Port: 11002

3
Human-readable IP: 127.0.0.1
Human-readable Port: 11003

4
Human-readable IP: 127.0.0.1
Human-readable Port: 11004

5
Human-readable IP: 127.0.0.1
Human-readable Port: 11005

6
Human-readable IP: 127.0.0.1
Human-readable Port: 11006

7
Human-readable IP: 127.0.0.1
Human-readable Port: 11007

8
Human-readable IP: 127.0.0.1
Human-readable Port: 11008

9
Human-readable IP: 127.0.0.1
Human-readable Port: 11009

UDPReceiver: Created socket on port 11009
THREAD NUMBER: 10
10
Human-readable IP: 127.0.0.1
Human-readable Port: 11010


Path to output:
===============
/Users/aybarsyazici/Documents/EPFL/distributed/CS451-2022-project/tools/proc09.output

Path to config:
===============
./config

null
===============
Doing some initialization

Broadcasting and delivering messages...

Number of messages: 500000
Deliver target: 1
Process ID: 9 Deliver Target: 1
Immediately stopping network packet processing.
Writing output.
