My PID: 84555

From a new terminal type `kill -SIGINT 84555` or `kill -SIGTERM 84555` to stop processing packets

OUTPUT:  /Users/aybarsyazici/Documents/EPFL/distributed/CS451-2022-project/tools/proc01.output
My ID: 1

List of resolved hosts is:
==========================
1
Human-readable IP: 127.0.0.1
Human-readable Port: 11001

Sliding window size: 6058
UDPReceiver: Created socket on port 11001
THREAD NUMBER: 10
2
Human-readable IP: 127.0.0.1
Human-readable Port: 11002

3
Human-readable IP: 127.0.0.1
Human-readable Port: 11003

4
Human-readable IP: 127.0.0.1
Human-readable Port: 11004

5
Human-readable IP: 127.0.0.1
Human-readable Port: 11005

6
Human-readable IP: 127.0.0.1
Human-readable Port: 11006

7
Human-readable IP: 127.0.0.1
Human-readable Port: 11007

8
Human-readable IP: 127.0.0.1
Human-readable Port: 11008

9
Human-readable IP: 127.0.0.1
Human-readable Port: 11009

10
Human-readable IP: 127.0.0.1
Human-readable Port: 11010

11
Human-readable IP: 127.0.0.1
Human-readable Port: 11011

12
Human-readable IP: 127.0.0.1
Human-readable Port: 11012

13
Human-readable IP: 127.0.0.1
Human-readable Port: 11013

14
Human-readable IP: 127.0.0.1
Human-readable Port: 11014

15
Human-readable IP: 127.0.0.1
Human-readable Port: 11015

16
Human-readable IP: 127.0.0.1
Human-readable Port: 11016

17
Human-readable IP: 127.0.0.1
Human-readable Port: 11017

18
Human-readable IP: 127.0.0.1
Human-readable Port: 11018

19
Human-readable IP: 127.0.0.1
Human-readable Port: 11019

20
Human-readable IP: 127.0.0.1
Human-readable Port: 11020

21
Human-readable IP: 127.0.0.1
Human-readable Port: 11021

22
Human-readable IP: 127.0.0.1
Human-readable Port: 11022

23
Human-readable IP: 127.0.0.1
Human-readable Port: 11023

24
Human-readable IP: 127.0.0.1
Human-readable Port: 11024

25
Human-readable IP: 127.0.0.1
Human-readable Port: 11025

26
Human-readable IP: 127.0.0.1
Human-readable Port: 11026

27
Human-readable IP: 127.0.0.1
Human-readable Port: 11027

28
Human-readable IP: 127.0.0.1
Human-readable Port: 11028

29
Human-readable IP: 127.0.0.1
Human-readable Port: 11029

30
Human-readable IP: 127.0.0.1
Human-readable Port: 11030

31
Human-readable IP: 127.0.0.1
Human-readable Port: 11031

32
Human-readable IP: 127.0.0.1
Human-readable Port: 11032

33
Human-readable IP: 127.0.0.1
Human-readable Port: 11033

34
Human-readable IP: 127.0.0.1
Human-readable Port: 11034

35
Human-readable IP: 127.0.0.1
Human-readable Port: 11035

36
Human-readable IP: 127.0.0.1
Human-readable Port: 11036

37
Human-readable IP: 127.0.0.1
Human-readable Port: 11037

38
Human-readable IP: 127.0.0.1
Human-readable Port: 11038

39
Human-readable IP: 127.0.0.1
Human-readable Port: 11039

40
Human-readable IP: 127.0.0.1
Human-readable Port: 11040

41
Human-readable IP: 127.0.0.1
Human-readable Port: 11041

42
Human-readable IP: 127.0.0.1
Human-readable Port: 11042

43
Human-readable IP: 127.0.0.1
Human-readable Port: 11043

44
Human-readable IP: 127.0.0.1
Human-readable Port: 11044

45
Human-readable IP: 127.0.0.1
Human-readable Port: 11045

46
Human-readable IP: 127.0.0.1
Human-readable Port: 11046

47
Human-readable IP: 127.0.0.1
Human-readable Port: 11047

48
Human-readable IP: 127.0.0.1
Human-readable Port: 11048

49
Human-readable IP: 127.0.0.1
Human-readable Port: 11049

50
Human-readable IP: 127.0.0.1
Human-readable Port: 11050


Path to output:
===============
/Users/aybarsyazici/Documents/EPFL/distributed/CS451-2022-project/tools/proc01.output

Path to config:
===============
./config

null
===============
Doing some initialization

Broadcasting and delivering messages...

Number of messages: 50000
Deliver target: 1
Process 1 received 5000 messages
Process 1 received 10000 messages
Process 1 received 15000 messages
Process 1 received 20000 messages
Process 1 received 25000 messages
Process 1 received 30000 messages
Process 1 received 35000 messages
Process 1 received 40000 messages
Process 1 received 45000 messages
Process 1 received 50000 messages
Process 1 received 55000 messages
Process 1 received 60000 messages
Process 1 received 65000 messages
Process 1 received 70000 messages
Process 1 received 75000 messages
Process 1 received 80000 messages
Process 1 received 85000 messages
Process 1 received 90000 messages
Process 1 received 95000 messages
Process 1 received 100000 messages
Process 1 received 105000 messages
Process 1 received 110000 messages
Process 1 received 115000 messages
Process 1 received 120000 messages
Process 1 received 125000 messages
Process 1 received 130000 messages
Process 1 received 135000 messages
Process 1 received 140000 messages
Process 1 received 145000 messages
Process 1 received 150000 messages
Process 1 received 155000 messages
Process 1 received 160000 messages
Process 1 received 165000 messages
Process 1 received 170000 messages
Process 1 received 175000 messages
Process 1 received 180000 messages
Process 1 received 185000 messages
Process 1 received 190000 messages
Process 1 received 195000 messages
Process 1 received 200000 messages
Process 1 received 205000 messages
Process 1 received 210000 messages
Process 1 received 215000 messages
Process 1 received 220000 messages
Process 1 received 225000 messages
Process 1 received 230000 messages
Process 1 received 235000 messages
Process 1 received 240000 messages
Process 1 received 245000 messages
Process 1 received 250000 messages
Process 1 received 255000 messages
Process 1 received 260000 messages
Process 1 received 265000 messages
Process 1 received 270000 messages
Process 1 received 275000 messages
Process 1 received 280000 messages
Process 1 received 285000 messages
Process 1 received 290000 messages
Process 1 received 295000 messages
Moving sliding window to 6058
Process 1 received 300000 messages
Process 1 received 305000 messages
Process 1 received 310000 messages
Process 1 received 315000 messages
Process 1 received 320000 messages
Process 1 received 325000 messages
Process 1 received 330000 messages
Process 1 received 335000 messages
Process 1 received 340000 messages
Process 1 received 345000 messages
Process 1 received 350000 messages
Process 1 received 355000 messages
Process 1 received 360000 messages
Process 1 received 365000 messages
Process 1 received 370000 messages
Process 1 received 375000 messages
Process 1 received 380000 messages
Process 1 received 385000 messages
Process 1 received 390000 messages
Process 1 received 395000 messages
Process 1 received 400000 messages
Process 1 received 405000 messages
Process 1 received 410000 messages
Process 1 received 415000 messages
Process 1 received 420000 messages
Process 1 received 425000 messages
Process 1 received 430000 messages
Process 1 received 435000 messages
Process 1 received 440000 messages
Process 1 received 445000 messages
Process 1 received 450000 messages
Process 1 received 455000 messages
Process 1 received 460000 messages
Process 1 received 465000 messages
Process 1 received 470000 messages
Process 1 received 475000 messages
Process 1 received 480000 messages
Process 1 received 485000 messages
Process 1 received 490000 messages
Process 1 received 495000 messages
Process 1 received 500000 messages
Process 1 received 505000 messages
Process 1 received 510000 messages
Process 1 received 515000 messages
Process 1 received 520000 messages
Process 1 received 525000 messages
Process 1 received 530000 messages
Process 1 received 535000 messages
Process 1 received 540000 messages
Process 1 received 545000 messages
Process 1 received 550000 messages
Process 1 received 555000 messages
Process 1 received 560000 messages
Process 1 received 565000 messages
Process 1 received 570000 messages
Process 1 received 575000 messages
Process 1 received 580000 messages
Process 1 received 585000 messages
Process 1 received 590000 messages
Moving sliding window to 12116
Process 1 received 595000 messages
Process 1 received 600000 messages
Process 1 received 605000 messages
Process 1 received 610000 messages
Process 1 received 615000 messages
Process 1 received 620000 messages
Process 1 received 625000 messages
Process 1 received 630000 messages
Process 1 received 635000 messages
Process 1 received 640000 messages
Process 1 received 645000 messages
Process 1 received 650000 messages
Process 1 received 655000 messages
Process 1 received 660000 messages
Process 1 received 665000 messages
Process 1 received 670000 messages
Process 1 received 675000 messages
Process 1 received 680000 messages
Process 1 received 685000 messages
Process 1 received 690000 messages
Process 1 received 695000 messages
Process 1 received 700000 messages
Process 1 received 705000 messages
Process 1 received 710000 messages
Process 1 received 715000 messages
Process 1 received 720000 messages
Process 1 received 725000 messages
Process 1 received 730000 messages
Process 1 received 735000 messages
Process 1 received 740000 messages
Process 1 received 745000 messages
Process 1 received 750000 messages
Process 1 received 755000 messages
Process 1 received 760000 messages
Process 1 received 765000 messages
Process 1 received 770000 messages
Process 1 received 775000 messages
Process 1 received 780000 messages
Process 1 received 785000 messages
Process 1 received 790000 messages
Process 1 received 795000 messages
Process 1 received 800000 messages
Process 1 received 805000 messages
Process 1 received 810000 messages
Process 1 received 815000 messages
Process 1 received 820000 messages
Process 1 received 825000 messages
Process 1 received 830000 messages
Process 1 received 835000 messages
Process 1 received 840000 messages
Process 1 received 845000 messages
Process 1 received 850000 messages
Process 1 received 855000 messages
Process 1 received 860000 messages
Process 1 received 865000 messages
Process 1 received 870000 messages
Process 1 received 875000 messages
Process 1 received 880000 messages
Process 1 received 885000 messages
Process 1 received 890000 messages
Moving sliding window to 18174
Process 1 received 895000 messages
Process 1 received 900000 messages
Process 1 received 905000 messages
Process 1 received 910000 messages
Process 1 received 915000 messages
Process 1 received 920000 messages
Process 1 received 925000 messages
Process 1 received 930000 messages
Process 1 received 935000 messages
Process 1 received 940000 messages
Process 1 received 945000 messages
Process 1 received 950000 messages
Process 1 received 955000 messages
Process 1 received 960000 messages
Process 1 received 965000 messages
Process 1 received 970000 messages
Process 1 received 975000 messages
Process 1 received 980000 messages
Process 1 received 985000 messages
Process 1 received 990000 messages
Process 1 received 995000 messages
Process 1 received 1000000 messages
Process 1 received 1005000 messages
Process 1 received 1010000 messages
Process 1 received 1015000 messages
Process 1 received 1020000 messages
Process 1 received 1025000 messages
Process 1 received 1030000 messages
Process 1 received 1035000 messages
Process 1 received 1040000 messages
Process 1 received 1045000 messages
Process 1 received 1050000 messages
Process 1 received 1055000 messages
Process 1 received 1060000 messages
Process 1 received 1065000 messages
Process 1 received 1070000 messages
Process 1 received 1075000 messages
Process 1 received 1080000 messages
Process 1 received 1085000 messages
Process 1 received 1090000 messages
Process 1 received 1095000 messages
Process 1 received 1100000 messages
Process 1 received 1105000 messages
Process 1 received 1110000 messages
Process 1 received 1115000 messages
Process 1 received 1120000 messages
Process 1 received 1125000 messages
Process 1 received 1130000 messages
Process 1 received 1135000 messages
Process 1 received 1140000 messages
Process 1 received 1145000 messages
Process 1 received 1150000 messages
Process 1 received 1155000 messages
Process 1 received 1160000 messages
Process 1 received 1165000 messages
Process 1 received 1170000 messages
Process 1 received 1175000 messages
Process 1 received 1180000 messages
Process 1 received 1185000 messages
Moving sliding window to 24232
Process 1 received 1190000 messages
Process 1 received 1195000 messages
Process 1 received 1200000 messages
Process 1 received 1205000 messages
Process 1 received 1210000 messages
Process 1 received 1215000 messages
Process 1 received 1220000 messages
Process 1 received 1225000 messages
Process 1 received 1230000 messages
Process 1 received 1235000 messages
Process 1 received 1240000 messages
Process 1 received 1245000 messages
Process 1 received 1250000 messages
Process 1 received 1255000 messages
Process 1 received 1260000 messages
Process 1 received 1265000 messages
Process 1 received 1270000 messages
Process 1 received 1275000 messages
Process 1 received 1280000 messages
Process 1 received 1285000 messages
Process 1 received 1290000 messages
Process 1 received 1295000 messages
Process 1 received 1300000 messages
Process 1 received 1305000 messages
Process 1 received 1310000 messages
Process 1 received 1315000 messages
Process 1 received 1320000 messages
Process 1 received 1325000 messages
Process 1 received 1330000 messages
Process 1 received 1335000 messages
Process 1 received 1340000 messages
Process 1 received 1345000 messages
Process 1 received 1350000 messages
Process 1 received 1355000 messages
Process 1 received 1360000 messages
Process 1 received 1365000 messages
Process 1 received 1370000 messages
Process 1 received 1375000 messages
Process 1 received 1380000 messages
Process 1 received 1385000 messages
Process 1 received 1390000 messages
Process 1 received 1395000 messages
Process 1 received 1400000 messages
Process 1 received 1405000 messages
Process 1 received 1410000 messages
Process 1 received 1415000 messages
Process 1 received 1420000 messages
Process 1 received 1425000 messages
Process 1 received 1430000 messages
Process 1 received 1435000 messages
Process 1 received 1440000 messages
Process 1 received 1445000 messages
Process 1 received 1450000 messages
Process 1 received 1455000 messages
Process 1 received 1460000 messages
Process 1 received 1465000 messages
Process 1 received 1470000 messages
Process 1 received 1475000 messages
Process 1 received 1480000 messages
Moving sliding window to 30290
Process 1 received 1485000 messages
Process 1 received 1490000 messages
Process 1 received 1495000 messages
Process 1 received 1500000 messages
Process 1 received 1505000 messages
Process 1 received 1510000 messages
Process 1 received 1515000 messages
Process 1 received 1520000 messages
Process 1 received 1525000 messages
Process 1 received 1530000 messages
Process 1 received 1535000 messages
Process 1 received 1540000 messages
Process 1 received 1545000 messages
Process 1 received 1550000 messages
Process 1 received 1555000 messages
Process 1 received 1560000 messages
Process 1 received 1565000 messages
Process 1 received 1570000 messages
Process 1 received 1575000 messages
Process 1 received 1580000 messages
Process 1 received 1585000 messages
Process 1 received 1590000 messages
Process 1 received 1595000 messages
Process 1 received 1600000 messages
Process 1 received 1605000 messages
Process 1 received 1610000 messages
Process 1 received 1615000 messages
Process 1 received 1620000 messages
Process 1 received 1625000 messages
Process 1 received 1630000 messages
Process 1 received 1635000 messages
Process 1 received 1640000 messages
Process 1 received 1645000 messages
Process 1 received 1650000 messages
Process 1 received 1655000 messages
Process 1 received 1660000 messages
Process 1 received 1665000 messages
Process 1 received 1670000 messages
Process 1 received 1675000 messages
Process 1 received 1680000 messages
Process 1 received 1685000 messages
Process 1 received 1690000 messages
Process 1 received 1695000 messages
Process 1 received 1700000 messages
Process 1 received 1705000 messages
Process 1 received 1710000 messages
Process 1 received 1715000 messages
Process 1 received 1720000 messages
Process 1 received 1725000 messages
Process 1 received 1730000 messages
Process 1 received 1735000 messages
Process 1 received 1740000 messages
Process 1 received 1745000 messages
Process 1 received 1750000 messages
Process 1 received 1755000 messages
Process 1 received 1760000 messages
Process 1 received 1765000 messages
Process 1 received 1770000 messages
Process 1 received 1775000 messages
Process 1 received 1780000 messages
Moving sliding window to 36348
Process 1 received 1785000 messages
Process 1 received 1790000 messages
Process 1 received 1795000 messages
Process 1 received 1800000 messages
Process 1 received 1805000 messages
Process 1 received 1810000 messages
Process 1 received 1815000 messages
Process 1 received 1820000 messages
Process 1 received 1825000 messages
Process 1 received 1830000 messages
Process 1 received 1835000 messages
Process 1 received 1840000 messages
Process 1 received 1845000 messages
Process 1 received 1850000 messages
Process 1 received 1855000 messages
Process 1 received 1860000 messages
Process 1 received 1865000 messages
Process 1 received 1870000 messages
Process 1 received 1875000 messages
Process 1 received 1880000 messages
Process 1 received 1885000 messages
Process 1 received 1890000 messages
Process 1 received 1895000 messages
Process 1 received 1900000 messages
Process 1 received 1905000 messages
Process 1 received 1910000 messages
Process 1 received 1915000 messages
Process 1 received 1920000 messages
Process 1 received 1925000 messages
Process 1 received 1930000 messages
Process 1 received 1935000 messages
Process 1 received 1940000 messages
Process 1 received 1945000 messages
Process 1 received 1950000 messages
Process 1 received 1955000 messages
Process 1 received 1960000 messages
Process 1 received 1965000 messages
Process 1 received 1970000 messages
Process 1 received 1975000 messages
Process 1 received 1980000 messages
Process 1 received 1985000 messages
Process 1 received 1990000 messages
Process 1 received 1995000 messages
Process 1 received 2000000 messages
Process 1 received 2005000 messages
Process 1 received 2010000 messages
Process 1 received 2015000 messages
Process 1 received 2020000 messages
Process 1 received 2025000 messages
Process 1 received 2030000 messages
Process 1 received 2035000 messages
Process 1 received 2040000 messages
Process 1 received 2045000 messages
Process 1 received 2050000 messages
Process 1 received 2055000 messages
Process 1 received 2060000 messages
Process 1 received 2065000 messages
Process 1 received 2070000 messages
Process 1 received 2075000 messages
Moving sliding window to 42406
Process 1 received 2080000 messages
Process 1 received 2085000 messages
Process 1 received 2090000 messages
Process 1 received 2095000 messages
Process 1 received 2100000 messages
Process 1 received 2105000 messages
Process 1 received 2110000 messages
Process 1 received 2115000 messages
Process 1 received 2120000 messages
Process 1 received 2125000 messages
Process 1 received 2130000 messages
Process 1 received 2135000 messages
Process 1 received 2140000 messages
Process 1 received 2145000 messages
Process 1 received 2150000 messages
Process 1 received 2155000 messages
Process 1 received 2160000 messages
Process 1 received 2165000 messages
Process 1 received 2170000 messages
Process 1 received 2175000 messages
Process 1 received 2180000 messages
Process 1 received 2185000 messages
Process 1 received 2190000 messages
Process 1 received 2195000 messages
Process 1 received 2200000 messages
Process 1 received 2205000 messages
Process 1 received 2210000 messages
Process 1 received 2215000 messages
Process 1 received 2220000 messages
Process 1 received 2225000 messages
Process 1 received 2230000 messages
Process 1 received 2235000 messages
Process 1 received 2240000 messages
Process 1 received 2245000 messages
Process 1 received 2250000 messages
Process 1 received 2255000 messages
Process 1 received 2260000 messages
Process 1 received 2265000 messages
Process 1 received 2270000 messages
Process 1 received 2275000 messages
Process 1 received 2280000 messages
Process 1 received 2285000 messages
Process 1 received 2290000 messages
Process 1 received 2295000 messages
Process 1 received 2300000 messages
Process 1 received 2305000 messages
Process 1 received 2310000 messages
Process 1 received 2315000 messages
Process 1 received 2320000 messages
Process 1 received 2325000 messages
Process 1 received 2330000 messages
Process 1 received 2335000 messages
Process 1 received 2340000 messages
Process 1 received 2345000 messages
Process 1 received 2350000 messages
Process 1 received 2355000 messages
Process 1 received 2360000 messages
Process 1 received 2365000 messages
Process 1 received 2370000 messages
Moving sliding window to 48464
Process 1 received 2375000 messages
Process 1 received 2380000 messages
Process 1 received 2385000 messages
Process 1 received 2390000 messages
Process 1 received 2395000 messages
Process 1 received 2400000 messages
Process 1 received 2405000 messages
Process 1 received 2410000 messages
Process 1 received 2415000 messages
Process 1 received 2420000 messages
Process 1 received 2425000 messages
Process 1 received 2430000 messages
Process 1 received 2435000 messages
Process 1 received 2440000 messages
Process 1 received 2445000 messages
Process 1 received 2450000 messages
Process 1 received all messages!
Immediately stopping network packet processing.
Writing output.
