My PID: 2093

From a new terminal type `kill -SIGINT 2093` or `kill -SIGTERM 2093` to stop processing packets

OUTPUT:  /shared/tools/proc08.output
My ID: 8

List of resolved hosts is:
==========================
1
Human-readable IP: 127.0.0.1
Human-readable Port: 11001

2
Human-readable IP: 127.0.0.1
Human-readable Port: 11002

3
Human-readable IP: 127.0.0.1
Human-readable Port: 11003

4
Human-readable IP: 127.0.0.1
Human-readable Port: 11004

5
Human-readable IP: 127.0.0.1
Human-readable Port: 11005

6
Human-readable IP: 127.0.0.1
Human-readable Port: 11006

7
Human-readable IP: 127.0.0.1
Human-readable Port: 11007

8
Human-readable IP: 127.0.0.1
Human-readable Port: 11008

Sliding window size: 164930
UDPReceiver: Created socket on port 11008
THREAD NUMBER: 5
9
Human-readable IP: 127.0.0.1
Human-readable Port: 11009

10
Human-readable IP: 127.0.0.1
Human-readable Port: 11010


Path to output:
===============
/shared/tools/proc08.output

Deleted old output file: false

Path to config:
===============
./config

null
===============
Doing some initialization

Broadcasting and delivering messages...

Number of messages: 500000
Deliver target: 1
Process ID: 8 Deliver Target: 1
Sent 5000 messages.
Sent 10000 messages.
Sent 15000 messages.
Sent 20000 messages.
Broadcasted all messages!
Sent 25000 messages.
Sent 30000 messages.
Sent 35000 messages.
Sent 40000 messages.
Sent 45000 messages.
Immediately stopping network packet processing.
Writing output.
