d 2 3
d 2 6
d 2 8
d 2 4
d 2 1
d 2 5
d 2 7
d 2 10
d 2 9
d 2 2
d 2 12
d 2 18
d 2 17
d 2 21
d 2 16
d 2 11
d 2 13
d 2 14
d 2 22
d 2 23
d 2 19
d 2 32
d 2 30
d 6 1
d 8 2
d 8 1
d 2 33
d 6 6
d 6 5
d 2 20
d 6 2
d 6 8
d 2 24
d 2 28
d 2 31
d 2 26
d 6 3
d 6 4
d 6 7
d 2 15
d 2 29
d 2 35
d 8 15
d 8 3
d 8 7
d 8 21
d 8 13
d 5 1
d 8 23
d 8 17
d 8 4
d 8 16
d 2 36
d 2 27
d 6 10
d 6 9
d 2 34
d 2 48
d 8 14
d 8 12
d 8 5
d 8 18
d 2 49
d 2 25
d 2 46
d 2 47
d 2 59
d 2 61
d 2 62
d 8 19
d 8 22
d 8 10
d 8 20
d 8 8
d 8 6
d 8 11
d 8 9
d 2 37
d 2 38
d 2 39
d 5 5
d 5 4
d 5 6
d 2 63
d 2 64
d 2 55
d 2 60
d 2 40
d 2 41
d 2 42
d 5 2
d 5 7
d 2 56
d 2 52
d 6 14
d 6 11
d 6 20
d 6 22
d 6 21
d 6 18
d 6 19
d 6 13
d 2 57
d 2 65
d 6 24
d 6 23
d 2 51
d 2 101
d 8 47
d 2 122
d 6 25
d 3 1
d 3 6
d 8 48
d 2 87
d 5 8
d 6 33
d 8 51
d 2 123
d 6 47
d 6 85
d 6 86
d 6 87
d 6 91
d 6 44
d 6 45
d 6 46
d 5 73
d 5 40
d 5 41
d 5 42
d 5 26
d 10 18
d 5 27
d 5 38
d 3 73
d 10 19
d 3 74
d 5 37
d 10 32
d 6 89
d 6 88
d 3 75
d 10 33
d 10 12
d 3 71
d 10 15
d 3 57
d 3 58
d 3 2
d 10 27
d 3 3
d 3 4
d 10 52
d 6 90
d 3 69
d 3 70
d 10 21
d 7 131
d 7 93
d 7 94
d 7 95
d 7 76
d 7 96
d 7 77
d 7 78
d 7 79
d 7 19
d 7 46
d 7 23
d 7 22
d 7 21
d 4 45
d 7 20
d 7 52
d 10 68
d 10 69
d 10 100
d 10 99
d 10 70
d 10 84
d 10 71
d 2 185
d 10 72
d 2 240
d 2 241
d 2 163
d 7 24
d 2 164
d 2 165
d 3 81
d 3 97
d 7 53
d 7 54
d 3 84
d 3 83
d 3 82
d 4 78
d 7 80
d 7 81
d 7 158
d 4 135
d 5 161
d 5 162
d 10 78
d 5 163
d 7 206
d 5 164
d 2 54
d 7 205
d 5 150
d 5 39
d 5 135
d 5 136
d 5 137
d 10 80
d 5 138
d 10 79
d 5 139
d 6 123
d 6 64
d 2 53
d 2 361
d 7 207
d 5 140
d 6 65
d 5 141
d 2 362
d 6 66
d 10 134
d 6 34
d 5 143
d 6 35
d 5 142
d 3 12
d 6 36
d 7 208
d 6 67
d 2 363
d 7 209
d 5 217
d 4 52
d 4 207
d 6 159
d 6 160
d 10 203
d 4 270
d 4 271
d 6 161
d 3 88
d 6 75
d 3 89
d 6 76
d 3 133
d 3 104
d 6 55
d 6 56
d 6 120
d 6 57
d 3 192
d 9 170
d 3 193
d 3 134
d 3 272
d 3 261
d 3 135
d 3 262
d 3 263
d 9 171
d 3 264
d 6 162
d 9 172
d 6 255
d 9 173
d 9 174
d 8 196
d 8 197
d 8 103
d 9 160
d 9 161
d 8 269
d 9 162
d 8 256
d 6 421
d 6 422
d 6 423
d 6 424
d 6 425
d 6 426
d 6 427
d 6 428
d 6 429
d 6 430
d 6 431
d 6 432
d 6 433
d 6 434
d 6 404
d 6 405
d 6 406
d 6 441
d 6 442
d 6 443
d 6 444
d 5 28
d 5 63
d 9 232
d 5 62
d 5 61
d 9 23
d 5 60
d 5 59
d 5 68
d 5 249
d 5 197
d 8 96
d 5 67
d 6 450
d 6 451
d 6 452
d 6 445
d 6 453
d 6 454
d 6 446
d 6 459
d 6 460
d 6 461
d 6 462
d 6 463
d 6 464
d 6 465
d 6 466
d 6 467
d 6 468
d 6 469
d 6 470
d 6 471
d 6 472
d 6 473
d 6 474
d 6 475
d 6 476
d 6 477
d 6 478
d 6 479
d 6 246
d 6 247
d 6 248
d 6 249
d 6 250
d 6 251
d 6 252
d 6 253
d 6 254
d 6 256
d 6 257
d 6 258
d 6 259
d 6 260
d 6 261
d 6 262
d 6 263
d 6 264
d 6 265
d 6 266
d 7 2
d 7 3
d 7 4
d 7 5
d 7 6
d 7 7
d 7 8
d 7 9
d 7 10
d 7 11
d 7 12
d 7 13
d 7 14
d 7 15
d 7 16
d 7 17
d 7 18
d 7 25
d 7 26
d 7 27
d 7 28
d 7 29
d 7 30
d 7 31
d 7 32
d 7 33
d 7 34
d 7 35
d 7 36
d 7 37
d 7 38
d 7 39
d 7 40
d 7 41
d 7 42
d 7 43
d 7 44
d 7 45
d 7 47
d 7 48
d 7 49
d 7 50
d 5 228
d 3 382
d 3 383
d 3 384
d 3 385
d 3 386
d 3 387
d 3 388
d 3 389
d 3 766
d 3 390
d 3 391
d 3 767
d 3 392
d 3 393
d 3 394
d 3 395
d 3 396
d 3 768
d 3 397
d 3 769
d 3 770
d 3 399
d 3 398
d 3 771
d 3 400
d 3 772
d 3 401
d 3 773
d 3 402
d 3 774
d 3 403
d 3 775
d 3 404
d 3 776
d 3 405
d 3 406
d 3 407
d 3 777
d 3 408
d 3 778
d 3 409
d 6 279
d 6 223
d 6 280
d 6 224
d 6 281
d 6 282
d 6 225
d 6 283
d 6 226
d 6 284
d 6 227
d 6 285
d 6 228
d 6 286
d 6 229
d 6 287
d 6 230
d 6 288
d 6 231
d 6 289
d 6 290
d 6 232
d 6 291
d 6 233
d 6 292
d 6 234
d 6 293
d 6 235
d 6 294
d 6 295
d 6 12
d 6 296
d 6 15
d 6 297
d 6 16
d 6 298
d 6 17
d 6 299
d 6 300
d 6 26
d 6 301
d 6 27
d 6 1236
d 6 1237
d 6 1238
d 6 1239
d 6 1240
d 6 1241
d 6 1242
d 6 1243
d 6 1244
d 6 1245
d 6 1246
d 6 1247
d 6 1248
d 6 1249
d 6 1250
d 6 1251
d 6 1252
d 6 1253
d 6 1254
d 6 1255
d 6 1256
d 6 1257
d 6 1258
d 6 1259
d 6 1260
d 6 1261
d 6 1262
d 7 1763
d 7 1765
d 6 1263
d 7 1766
d 7 1767
d 6 1264
d 7 1768
d 6 1265
d 7 1769
d 6 1266
d 7 1770
d 6 1267
d 7 1771
d 6 1268
d 7 1772
d 8 658
d 8 659
d 8 660
d 8 661
d 8 536
d 8 537
d 8 538
d 8 539
d 8 540
d 8 541
d 8 542
d 8 543
d 7 976
d 8 544
d 7 977
d 7 978
d 7 979
d 7 980
d 7 981
d 7 982
d 5 1699
d 5 1700
d 7 983
d 5 1701
d 7 984
d 7 985
d 7 986
d 5 1702
d 7 987
d 7 988
d 7 989
d 7 990
d 7 991
d 7 992
d 5 1703
d 7 993
d 7 994
d 7 995
d 7 996
d 5 1704
d 7 997
d 5 1705
d 9 225
d 9 226
d 9 227
d 9 228
d 9 229
d 9 230
d 9 231
d 9 233
d 9 234
d 9 235
d 9 236
d 9 237
d 9 238
d 9 239
d 9 240
d 9 241
d 9 242
d 9 243
d 9 244
d 9 245
d 9 246
d 9 247
d 9 248
d 9 249
d 9 250
d 9 252
d 9 253
d 9 254
d 9 255
d 9 256
d 9 1798
d 9 1799
d 9 1800
d 9 1801
d 9 1802
d 9 1803
d 9 1804
d 9 1805
d 9 1806
d 9 1807
d 9 1808
d 9 1809
d 2 2973
d 6 2291
d 10 2686
d 2 2974
d 6 2292
d 10 2687
d 2 2975
d 10 2688
d 6 2293
d 2 2976
d 10 2689
d 6 2294
d 2 2977
d 10 2690
d 6 2295
d 2 2978
d 10 2691
d 6 2296
d 2 2979
d 10 2692
d 10 2693
d 2 2980
d 6 2297
d 10 2694
d 2 2981
d 6 2298
d 10 2695
d 2 2982
d 6 2299
d 10 2696
d 2 2983
d 10 2697
d 6 2300
d 2 2984
d 10 2698
d 2 2985
d 6 2301
d 2 2986
d 10 2699
d 2 2987
d 10 2700
d 2 2988
d 4 802
d 4 803
d 4 804
d 4 805
d 4 806
d 4 807
d 4 808
d 4 809
d 4 810
d 4 811
d 4 812
d 4 813
d 5 176
d 5 177
d 4 815
d 5 178
d 4 816
d 5 179
d 4 817
d 5 180
d 4 818
d 5 181
d 4 819
d 4 820
d 4 821
d 4 822
d 4 823
d 4 824
d 4 825
d 4 826
d 4 827
d 4 828
d 4 829
d 4 830
d 4 831
d 4 832
d 4 833
d 4 834
d 4 835
d 4 836
d 4 837
d 4 838
d 3 361
d 3 33
d 3 34
d 3 35
d 3 36
d 3 37
d 3 38
d 3 39
d 3 40
d 3 41
d 3 2046
d 3 2047
d 3 2048
d 3 2049
d 3 2050
d 3 2051
d 3 42
d 3 2052
d 3 2053
d 3 2054
d 3 2055
d 3 2056
d 3 2057
d 3 2058
d 3 2059
d 3 43
d 3 44
d 3 45
d 3 46
d 3 47
d 3 48
d 3 49
d 3 50
d 3 51
d 3 52
d 3 53
d 3 54
d 3 55
d 3 56
d 3 59
d 3 60
d 3 61
d 7 1917
d 7 624
d 7 625
d 7 1918
d 7 626
d 7 1919
d 7 627
d 7 1920
d 7 628
d 7 1921
d 7 629
d 7 1922
d 7 630
d 7 1923
d 10 3255
d 10 3254
d 7 631
d 7 1924
d 10 3256
d 10 3257
d 7 632
d 10 3258
d 10 3259
d 7 1925
d 10 3260
d 10 3261
d 7 633
d 10 3262
d 10 3263
d 10 3264
d 10 3265
d 10 3266
d 10 3267
d 10 3268
d 10 3269
d 10 3270
d 10 3271
d 10 3272
d 10 3273
d 10 3274
d 10 3275
d 10 3276
d 2 2611
d 2 2612
d 2 2613
d 3 2032
d 2 2614
d 2 2615
d 3 2033
d 2 2616
d 2 2617
d 3 2034
d 3 2035
d 3 2036
d 2 2618
d 3 2037
d 2 2619
d 3 2038
d 2 2620
d 3 2039
d 2 2621
d 3 2040
d 2 2622
d 3 2041
d 2 2623
d 2 2624
d 3 2042
d 2 2625
d 3 2043
d 2 2626
d 3 2044
d 2 2627
d 3 2045
d 2 2628
d 2 2629
d 2 2630
d 2 2631
d 2 2632
d 2 2633
d 6 2532
d 6 2533
d 6 2534
d 6 2535
d 6 2536
d 6 2537
d 6 2538
d 6 2513
d 6 2526
d 6 2490
d 6 2462
d 6 2341
d 6 2539
d 6 2455
d 6 2540
d 6 2420
d 2 3988
d 6 2541
d 6 2507
d 2 3777
d 6 2415
d 3 857
d 3 1037
d 3 1956
d 2 1695
d 2 2508
d 2 2509
d 2 2510
d 2 2511
d 2 2512
d 2 2513
d 2 2514
d 2 2515
d 2 2516
d 2 2517
d 5 3315
d 5 3941
d 7 231
d 7 232
d 7 233
d 7 234
d 7 235
d 3 1689
d 3 1690
d 3 1691
d 3 1692
d 3 1693
d 3 1694
d 3 1695
d 3 1696
d 3 1697
d 3 1698
d 3 1699
d 3 1700
d 3 1701
d 3 1702
d 3 1703
d 3 1704
d 3 1705
d 3 1706
d 3 1707
d 3 1708
d 3 1709
d 3 1710
d 3 1711
d 4 1915
d 3 1712
d 3 1713
d 4 1673
d 3 1714
d 3 1715
d 4 541
d 3 1716
d 4 710
d 3 1717
d 3 1718
d 3 1719
d 3 1720
d 3 1721
d 3 1722
d 3 1723
d 3 1724
d 3 1725
d 3 1726
d 2 2440
d 6 1741
d 2 2441
d 6 1742
d 2 2442
d 6 1743
d 2 2443
d 6 1744
d 6 1745
d 2 2444
d 6 1746
d 2 2445
d 6 1747
d 2 2446
d 6 1748
d 6 1749
d 2 2447
d 6 1750
d 2 2448
d 6 1751
d 2 2449
d 6 1752
d 2 2450
d 6 1753
d 2 2451
d 6 1754
d 2 2452
d 6 1755
d 2 2453
d 6 1756
d 2 2454
d 6 1757
d 6 1758
d 2 2455
d 6 1759
d 2 2456
d 6 1760
d 2 2457
d 6 1761
d 2 2458
d 6 1762
d 2 2459
d 4 1546
d 4 1547
d 4 1548
d 4 1549
d 4 1550
d 4 1551
d 4 1552
d 4 1553
d 4 1554
d 4 1555
d 4 1556
d 4 1557
d 4 1558
d 4 1559
d 4 1560
d 4 1561
d 4 1562
d 4 1563
d 4 1564
d 4 1565
d 4 1566
d 4 1567
d 4 1568
d 4 1569
d 4 1570
d 4 1571
d 4 1572
d 4 1573
d 4 1574
d 4 1575
d 4 1576
d 4 1577
d 4 1578
d 4 1579
d 4 1580
d 4 1581
d 4 1582
d 4 1583
d 4 1584
d 4 1585
d 4 1586
d 4 1587
d 8 3266
d 6 974
d 7 924
d 8 3267
d 6 975
d 3 3392
d 8 3268
d 6 976
d 3 3549
d 7 925
d 8 3269
d 6 977
d 8 3270
d 3 2175
d 6 978
d 8 3271
d 3 3393
d 6 979
d 8 3272
d 3 3550
d 6 980
d 8 3273
d 6 981
d 8 3274
d 6 982
d 3 2532
d 8 3275
d 6 983
d 7 926
d 8 3276
d 6 984
d 8 3277
d 3 3394
d 6 985
d 8 3278
d 6 986
d 3 3551
d 8 3279
d 6 987
d 8 3280
d 6 988
d 8 3281
d 6 565
d 6 566
d 6 567
d 6 568
d 2 702
d 6 569
d 6 570
d 6 571
d 6 572
d 6 573
d 2 703
d 6 574
d 6 575
d 6 576
d 6 577
d 6 578
d 2 704
d 6 579
d 6 580
d 6 581
d 6 582
d 6 583
d 2 705
d 6 584
d 6 585
d 6 586
d 6 587
d 6 588
d 6 589
d 2 706
d 6 590
d 6 591
d 6 592
d 6 593
d 6 594
d 6 595
d 2 707
d 6 596
d 6 597
d 6 598
d 6 599
d 6 600
d 9 3471
d 10 1848
d 9 3472
d 9 3473
d 9 3474
d 10 1849
d 9 3475
d 9 3476
d 9 3477
d 9 3478
d 9 3479
d 10 1850
d 9 3480
d 9 3481
d 9 3482
d 9 3483
d 9 3484
d 10 1851
d 9 3485
d 9 3486
d 9 3487
d 9 3488
d 9 3489
d 10 1852
d 9 3490
d 9 3491
d 9 3492
d 9 3493
d 9 3494
d 10 1853
d 9 3495
d 9 3496
d 9 3497
d 9 3498
d 9 3499
d 10 1854
d 9 3500
d 9 3501
d 9 3502
d 9 3503
d 9 3504
d 10 1855
d 5 1719
d 5 1720
d 5 298
d 5 1721
d 5 299
d 5 1722
d 5 300
d 5 1723
d 5 1724
d 5 1725
d 5 1726
d 10 1084
d 5 1727
d 5 301
d 5 1728
d 5 302
d 5 1729
d 10 1085
d 5 303
d 5 1730
d 5 1731
d 5 1732
d 5 1733
d 10 1086
d 5 1734
d 5 1735
d 5 1736
d 5 1737
d 5 1738
d 10 1087
d 5 1739
d 5 1740
d 5 1741
d 5 1742
d 5 1743
d 10 1088
d 5 1744
d 5 1745
d 5 1746
d 5 1747
d 5 1748
d 10 1089
d 10 3932
d 5 2139
d 10 3933
d 5 2140
d 10 3934
d 5 2141
d 5 2142
d 10 3935
d 5 2143
d 10 3936
d 5 2144
d 10 3937
d 5 2145
d 10 3938
d 5 2146
d 10 3939
d 5 2147
d 10 3940
d 5 2148
d 10 3941
d 10 3942
d 5 2149
d 10 3943
d 5 2150
d 10 3944
d 5 2151
d 10 3945
d 5 2152
d 10 3946
