My PID: 2062

From a new terminal type `kill -SIGINT 2062` or `kill -SIGTERM 2062` to stop processing packets

OUTPUT:  /shared/tools/proc06.output
My ID: 6

List of resolved hosts is:
==========================
1
Human-readable IP: 127.0.0.1
Human-readable Port: 11001

2
Human-readable IP: 127.0.0.1
Human-readable Port: 11002

3
Human-readable IP: 127.0.0.1
Human-readable Port: 11003

4
Human-readable IP: 127.0.0.1
Human-readable Port: 11004

5
Human-readable IP: 127.0.0.1
Human-readable Port: 11005

6
Human-readable IP: 127.0.0.1
Human-readable Port: 11006

Sliding window size: 164930
UDPReceiver: Created socket on port 11006
THREAD NUMBER: 5
7
Human-readable IP: 127.0.0.1
Human-readable Port: 11007

8
Human-readable IP: 127.0.0.1
Human-readable Port: 11008

9
Human-readable IP: 127.0.0.1
Human-readable Port: 11009

10
Human-readable IP: 127.0.0.1
Human-readable Port: 11010


Path to output:
===============
/shared/tools/proc06.output

Deleted old output file: false

Path to config:
===============
./config

null
===============
Doing some initialization

Broadcasting and delivering messages...

Number of messages: 500000
Deliver target: 1
Process ID: 6 Deliver Target: 1
Broadcasted all messages!
Sent 5000 messages.
Sent 10000 messages.
Sent 15000 messages.
Sent 20000 messages.
Sent 25000 messages.
Sent 30000 messages.
Sent 35000 messages.
Sent 40000 messages.
Sent 45000 messages.
Sent 50000 messages.
Sent 55000 messages.
Immediately stopping network packet processing.
Writing output.
