Listening for transport dt_socket at address: 7374
My PID: 45993

From a new terminal type `kill -SIGINT 45993` or `kill -SIGTERM 45993` to stop processing packets

OUTPUT:  /Users/aybarsyazici/Documents/EPFL/distributed/EPFL-CS451-Project/tools/out/proc55.output
My ID: 55

List of resolved hosts is:
==========================
0
Human-readable IP: 127.0.0.1
Human-readable Port: 11001

1
Human-readable IP: 127.0.0.1
Human-readable Port: 11002

2
Human-readable IP: 127.0.0.1
Human-readable Port: 11003

3
Human-readable IP: 127.0.0.1
Human-readable Port: 11004

4
Human-readable IP: 127.0.0.1
Human-readable Port: 11005

5
Human-readable IP: 127.0.0.1
Human-readable Port: 11006

6
Human-readable IP: 127.0.0.1
Human-readable Port: 11007

7
Human-readable IP: 127.0.0.1
Human-readable Port: 11008

8
Human-readable IP: 127.0.0.1
Human-readable Port: 11009

9
Human-readable IP: 127.0.0.1
Human-readable Port: 11010

10
Human-readable IP: 127.0.0.1
Human-readable Port: 11011

11
Human-readable IP: 127.0.0.1
Human-readable Port: 11012

12
Human-readable IP: 127.0.0.1
Human-readable Port: 11013

13
Human-readable IP: 127.0.0.1
Human-readable Port: 11014

14
Human-readable IP: 127.0.0.1
Human-readable Port: 11015

15
Human-readable IP: 127.0.0.1
Human-readable Port: 11016

16
Human-readable IP: 127.0.0.1
Human-readable Port: 11017

17
Human-readable IP: 127.0.0.1
Human-readable Port: 11018

18
Human-readable IP: 127.0.0.1
Human-readable Port: 11019

19
Human-readable IP: 127.0.0.1
Human-readable Port: 11020

20
Human-readable IP: 127.0.0.1
Human-readable Port: 11021

21
Human-readable IP: 127.0.0.1
Human-readable Port: 11022

22
Human-readable IP: 127.0.0.1
Human-readable Port: 11023

23
Human-readable IP: 127.0.0.1
Human-readable Port: 11024

24
Human-readable IP: 127.0.0.1
Human-readable Port: 11025

25
Human-readable IP: 127.0.0.1
Human-readable Port: 11026

26
Human-readable IP: 127.0.0.1
Human-readable Port: 11027

27
Human-readable IP: 127.0.0.1
Human-readable Port: 11028

28
Human-readable IP: 127.0.0.1
Human-readable Port: 11029

29
Human-readable IP: 127.0.0.1
Human-readable Port: 11030

30
Human-readable IP: 127.0.0.1
Human-readable Port: 11031

31
Human-readable IP: 127.0.0.1
Human-readable Port: 11032

32
Human-readable IP: 127.0.0.1
Human-readable Port: 11033

33
Human-readable IP: 127.0.0.1
Human-readable Port: 11034

34
Human-readable IP: 127.0.0.1
Human-readable Port: 11035

35
Human-readable IP: 127.0.0.1
Human-readable Port: 11036

36
Human-readable IP: 127.0.0.1
Human-readable Port: 11037

37
Human-readable IP: 127.0.0.1
Human-readable Port: 11038

38
Human-readable IP: 127.0.0.1
Human-readable Port: 11039

39
Human-readable IP: 127.0.0.1
Human-readable Port: 11040

40
Human-readable IP: 127.0.0.1
Human-readable Port: 11041

41
Human-readable IP: 127.0.0.1
Human-readable Port: 11042

42
Human-readable IP: 127.0.0.1
Human-readable Port: 11043

43
Human-readable IP: 127.0.0.1
Human-readable Port: 11044

44
Human-readable IP: 127.0.0.1
Human-readable Port: 11045

45
Human-readable IP: 127.0.0.1
Human-readable Port: 11046

46
Human-readable IP: 127.0.0.1
Human-readable Port: 11047

47
Human-readable IP: 127.0.0.1
Human-readable Port: 11048

48
Human-readable IP: 127.0.0.1
Human-readable Port: 11049

49
Human-readable IP: 127.0.0.1
Human-readable Port: 11050

50
Human-readable IP: 127.0.0.1
Human-readable Port: 11051

51
Human-readable IP: 127.0.0.1
Human-readable Port: 11052

52
Human-readable IP: 127.0.0.1
Human-readable Port: 11053

53
Human-readable IP: 127.0.0.1
Human-readable Port: 11054

54
Human-readable IP: 127.0.0.1
Human-readable Port: 11055

ProposalSetSize: 1000
Sliding window size: 5
UDPReceiver: Created socket on port 11055
THREAD NUMBER: 1
55
Human-readable IP: 127.0.0.1
Human-readable Port: 11056

56
Human-readable IP: 127.0.0.1
Human-readable Port: 11057

57
Human-readable IP: 127.0.0.1
Human-readable Port: 11058

58
Human-readable IP: 127.0.0.1
Human-readable Port: 11059

59
Human-readable IP: 127.0.0.1
Human-readable Port: 11060

60
Human-readable IP: 127.0.0.1
Human-readable Port: 11061

61
Human-readable IP: 127.0.0.1
Human-readable Port: 11062

62
Human-readable IP: 127.0.0.1
Human-readable Port: 11063

63
Human-readable IP: 127.0.0.1
Human-readable Port: 11064

64
Human-readable IP: 127.0.0.1
Human-readable Port: 11065

65
Human-readable IP: 127.0.0.1
Human-readable Port: 11066

66
Human-readable IP: 127.0.0.1
Human-readable Port: 11067

67
Human-readable IP: 127.0.0.1
Human-readable Port: 11068

68
Human-readable IP: 127.0.0.1
Human-readable Port: 11069

69
Human-readable IP: 127.0.0.1
Human-readable Port: 11070

70
Human-readable IP: 127.0.0.1
Human-readable Port: 11071

71
Human-readable IP: 127.0.0.1
Human-readable Port: 11072

72
Human-readable IP: 127.0.0.1
Human-readable Port: 11073

73
Human-readable IP: 127.0.0.1
Human-readable Port: 11074

74
Human-readable IP: 127.0.0.1
Human-readable Port: 11075

75
Human-readable IP: 127.0.0.1
Human-readable Port: 11076

76
Human-readable IP: 127.0.0.1
Human-readable Port: 11077

77
Human-readable IP: 127.0.0.1
Human-readable Port: 11078

78
Human-readable IP: 127.0.0.1
Human-readable Port: 11079

79
Human-readable IP: 127.0.0.1
Human-readable Port: 11080

80
Human-readable IP: 127.0.0.1
Human-readable Port: 11081

81
Human-readable IP: 127.0.0.1
Human-readable Port: 11082

82
Human-readable IP: 127.0.0.1
Human-readable Port: 11083

83
Human-readable IP: 127.0.0.1
Human-readable Port: 11084

84
Human-readable IP: 127.0.0.1
Human-readable Port: 11085

85
Human-readable IP: 127.0.0.1
Human-readable Port: 11086

86
Human-readable IP: 127.0.0.1
Human-readable Port: 11087

87
Human-readable IP: 127.0.0.1
Human-readable Port: 11088

88
Human-readable IP: 127.0.0.1
Human-readable Port: 11089

89
Human-readable IP: 127.0.0.1
Human-readable Port: 11090

90
Human-readable IP: 127.0.0.1
Human-readable Port: 11091

91
Human-readable IP: 127.0.0.1
Human-readable Port: 11092

92
Human-readable IP: 127.0.0.1
Human-readable Port: 11093

93
Human-readable IP: 127.0.0.1
Human-readable Port: 11094

94
Human-readable IP: 127.0.0.1
Human-readable Port: 11095

95
Human-readable IP: 127.0.0.1
Human-readable Port: 11096

96
Human-readable IP: 127.0.0.1
Human-readable Port: 11097

97
Human-readable IP: 127.0.0.1
Human-readable Port: 11098

98
Human-readable IP: 127.0.0.1
Human-readable Port: 11099

99
Human-readable IP: 127.0.0.1
Human-readable Port: 11100


Path to output:
===============
/Users/aybarsyazici/Documents/EPFL/distributed/EPFL-CS451-Project/tools/out/proc55.output

Deleted old output file: false

Path to config:
===============
./out/proc55.config

===============
Doing some initialization

Broadcasting and delivering messages...

Process ID: 55
Starting Round 0
Broadcasting proposal 1 round 0 with 5 elements
__________________________
Starting Round 1
Broadcasting proposal 1 round 1 with 6 elements
__________________________
Starting Round 2
Broadcasting proposal 1 round 2 with 2 elements
__________________________
Starting Round 3
Broadcasting proposal 1 round 3 with 8 elements
__________________________
Broadcasting NEW proposal 2 round 3 with 405 elements
__________________________
Broadcasting NEW proposal 2 round 2 with 411 elements
__________________________
Broadcasting NEW proposal 2 round 1 with 421 elements
__________________________
Broadcasting NEW proposal 2 round 0 with 428 elements
__________________________
DECIDED: 0 428
Broadcasting DELIVERY OF: 0
DECIDED: 1 421
Broadcasting DELIVERY OF: 1
DECIDED: 2 411
Broadcasting DELIVERY OF: 2
DECIDED: 3 405
Broadcasting DELIVERY OF: 3
Starting Round 4
Broadcasting proposal 1 round 4 with 164 elements
__________________________
Starting Round 5
Broadcasting proposal 1 round 5 with 149 elements
__________________________
Starting Round 6
Broadcasting proposal 1 round 6 with 171 elements
__________________________
Starting Round 7
Broadcasting proposal 1 round 7 with 156 elements
__________________________
Broadcasting NEW proposal 2 round 4 with 255 elements
__________________________
Broadcasting NEW proposal 2 round 7 with 267 elements
__________________________
Broadcasting NEW proposal 2 round 5 with 258 elements
__________________________
Broadcasting NEW proposal 2 round 6 with 285 elements
__________________________
Broadcasting NEW proposal 3 round 7 with 278 elements
__________________________
Broadcasting NEW proposal 3 round 4 with 263 elements
__________________________
Broadcasting NEW proposal 3 round 5 with 261 elements
__________________________
Broadcasting NEW proposal 3 round 6 with 293 elements
__________________________
Sent 1000 messages.
Broadcasting NEW proposal 4 round 4 with 267 elements
__________________________
Broadcasting NEW proposal 4 round 7 with 281 elements
__________________________
Broadcasting NEW proposal 4 round 6 with 295 elements
__________________________
Broadcasting NEW proposal 5 round 4 with 268 elements
__________________________
Broadcasting NEW proposal 5 round 7 with 289 elements
__________________________
Broadcasting NEW proposal 5 round 6 with 298 elements
__________________________
DECIDED: 4 268
Broadcasting DELIVERY OF: 4
DECIDED: 5 261
Broadcasting DELIVERY OF: 5
Broadcasting NEW proposal 6 round 6 with 299 elements
__________________________
Broadcasting NEW proposal 6 round 7 with 294 elements
__________________________
Starting Round 8
Broadcasting proposal 1 round 8 with 238 elements
__________________________
Starting Round 9
Broadcasting proposal 1 round 9 with 250 elements
__________________________
Broadcasting NEW proposal 7 round 7 with 308 elements
__________________________
Broadcasting NEW proposal 2 round 8 with 261 elements
__________________________
Broadcasting NEW proposal 2 round 9 with 280 elements
__________________________
Broadcasting NEW proposal 7 round 6 with 309 elements
__________________________
Sent 2000 messages.
Broadcasting NEW proposal 8 round 6 with 314 elements
__________________________
Broadcasting NEW proposal 8 round 7 with 317 elements
__________________________
Broadcasting NEW proposal 9 round 7 with 322 elements
__________________________
Broadcasting NEW proposal 9 round 6 with 318 elements
__________________________
Broadcasting NEW proposal 10 round 6 with 320 elements
__________________________
Broadcasting NEW proposal 10 round 7 with 325 elements
__________________________
Broadcasting NEW proposal 11 round 6 with 335 elements
__________________________
Broadcasting NEW proposal 11 round 7 with 340 elements
__________________________
Sent 3000 messages.
Broadcasting NEW proposal 12 round 7 with 402 elements
__________________________
Broadcasting NEW proposal 12 round 6 with 379 elements
__________________________
Broadcasting NEW proposal 13 round 7 with 428 elements
__________________________
Broadcasting NEW proposal 13 round 6 with 404 elements
__________________________
Cleared accepted value set for round 2
Cleared accepted value set for round 1
Cleared accepted value set for round 0
Cleared accepted value set for round 3
Broadcasting NEW proposal 14 round 6 with 435 elements
__________________________
Broadcasting NEW proposal 14 round 7 with 450 elements
__________________________
DECIDED: 6 435
Broadcasting DELIVERY OF: 6
DECIDED: 7 450
Broadcasting DELIVERY OF: 7
DECIDED: 8 261
Broadcasting DELIVERY OF: 8
DECIDED: 9 280
Broadcasting DELIVERY OF: 9
Starting Round 10
Broadcasting proposal 1 round 10 with 275 elements
__________________________
Starting Round 11
Broadcasting proposal 1 round 11 with 287 elements
__________________________
Starting Round 12
Broadcasting proposal 1 round 12 with 309 elements
__________________________
Starting Round 13
Broadcasting proposal 1 round 13 with 299 elements
__________________________
Sent 4000 messages.
Broadcasting NEW proposal 2 round 11 with 385 elements
__________________________
Broadcasting NEW proposal 2 round 10 with 387 elements
__________________________
Cleared accepted value set for round 7
Cleared accepted value set for round 6
Cleared accepted value set for round 4
Cleared accepted value set for round 5
Broadcasting NEW proposal 3 round 11 with 417 elements
__________________________
Broadcasting NEW proposal 3 round 10 with 408 elements
__________________________
DECIDED: 10 408
Broadcasting DELIVERY OF: 10
DECIDED: 11 417
Broadcasting DELIVERY OF: 11
DECIDED: 12 309
Broadcasting DELIVERY OF: 12
DECIDED: 13 299
Broadcasting DELIVERY OF: 13
Starting Round 14
Broadcasting proposal 1 round 14 with 328 elements
__________________________
Starting Round 15
Broadcasting proposal 1 round 15 with 331 elements
__________________________
Starting Round 16
Broadcasting proposal 1 round 16 with 306 elements
__________________________
Starting Round 17
Broadcasting proposal 1 round 17 with 313 elements
__________________________
Cleared accepted value set for round 8
Cleared accepted value set for round 11
Cleared accepted value set for round 10
Cleared accepted value set for round 9
Broadcasting NEW proposal 2 round 14 with 432 elements
__________________________
Broadcasting NEW proposal 2 round 15 with 435 elements
__________________________
Sent 5000 messages.
DECIDED: 14 432
Broadcasting DELIVERY OF: 14
DECIDED: 15 435
Broadcasting DELIVERY OF: 15
DECIDED: 16 306
Broadcasting DELIVERY OF: 16
DECIDED: 17 313
Broadcasting DELIVERY OF: 17
Starting Round 18
Broadcasting proposal 1 round 18 with 288 elements
__________________________
Starting Round 19
Broadcasting proposal 1 round 19 with 327 elements
__________________________
Starting Round 20
Broadcasting proposal 1 round 20 with 314 elements
__________________________
Starting Round 21
Broadcasting proposal 1 round 21 with 298 elements
__________________________
Broadcasting NEW proposal 2 round 18 with 345 elements
__________________________
Broadcasting NEW proposal 2 round 19 with 376 elements
__________________________
Cleared accepted value set for round 12
Cleared accepted value set for round 15
Cleared accepted value set for round 13
Cleared accepted value set for round 14
Broadcasting NEW proposal 3 round 19 with 428 elements
__________________________
Broadcasting NEW proposal 3 round 18 with 411 elements
__________________________
Sent 6000 messages.
DECIDED: 18 411
Broadcasting DELIVERY OF: 18
DECIDED: 19 428
Broadcasting DELIVERY OF: 19
DECIDED: 20 314
Broadcasting DELIVERY OF: 20
DECIDED: 21 298
Broadcasting DELIVERY OF: 21
Starting Round 22
Broadcasting proposal 1 round 22 with 303 elements
__________________________
Starting Round 23
Broadcasting proposal 1 round 23 with 323 elements
__________________________
Starting Round 24
Broadcasting proposal 1 round 24 with 298 elements
__________________________
Starting Round 25
Broadcasting proposal 1 round 25 with 297 elements
__________________________
Broadcasting NEW proposal 2 round 23 with 438 elements
__________________________
Broadcasting NEW proposal 2 round 22 with 431 elements
__________________________
Cleared accepted value set for round 16
Cleared accepted value set for round 19
Cleared accepted value set for round 17
Cleared accepted value set for round 18
DECIDED: 22 431
Broadcasting DELIVERY OF: 22
DECIDED: 23 438
Broadcasting DELIVERY OF: 23
DECIDED: 24 298
Broadcasting DELIVERY OF: 24
DECIDED: 25 297
Broadcasting DELIVERY OF: 25
Starting Round 26
Broadcasting proposal 1 round 26 with 305 elements
__________________________
Starting Round 27
Broadcasting proposal 1 round 27 with 301 elements
__________________________
Starting Round 28
Broadcasting proposal 1 round 28 with 320 elements
__________________________
Starting Round 29
Broadcasting proposal 1 round 29 with 310 elements
__________________________
Broadcasting NEW proposal 2 round 26 with 367 elements
__________________________
Broadcasting NEW proposal 2 round 27 with 352 elements
__________________________
Sent 7000 messages.
Cleared accepted value set for round 22
Cleared accepted value set for round 20
Cleared accepted value set for round 23
Cleared accepted value set for round 21
Broadcasting NEW proposal 3 round 27 with 415 elements
__________________________
Broadcasting NEW proposal 3 round 26 with 434 elements
__________________________
DECIDED: 26 434
Broadcasting DELIVERY OF: 26
DECIDED: 27 415
Broadcasting DELIVERY OF: 27
DECIDED: 28 320
Broadcasting DELIVERY OF: 28
DECIDED: 29 310
Broadcasting DELIVERY OF: 29
Starting Round 30
Broadcasting proposal 1 round 30 with 324 elements
__________________________
Starting Round 31
Broadcasting proposal 1 round 31 with 310 elements
__________________________
Starting Round 32
Broadcasting proposal 1 round 32 with 286 elements
__________________________
Starting Round 33
Broadcasting proposal 1 round 33 with 289 elements
__________________________
Broadcasting NEW proposal 2 round 30 with 435 elements
__________________________
Broadcasting NEW proposal 2 round 31 with 430 elements
__________________________
Cleared accepted value set for round 24
Cleared accepted value set for round 25
Cleared accepted value set for round 26
Cleared accepted value set for round 27
Sent 8000 messages.
DECIDED: 30 435
Broadcasting DELIVERY OF: 30
DECIDED: 31 430
Broadcasting DELIVERY OF: 31
DECIDED: 32 286
Broadcasting DELIVERY OF: 32
DECIDED: 33 289
Broadcasting DELIVERY OF: 33
Starting Round 34
Broadcasting proposal 1 round 34 with 325 elements
__________________________
Starting Round 35
Broadcasting proposal 1 round 35 with 291 elements
__________________________
Starting Round 36
Broadcasting proposal 1 round 36 with 306 elements
__________________________
Starting Round 37
Broadcasting proposal 1 round 37 with 335 elements
__________________________
Broadcasting NEW proposal 2 round 34 with 384 elements
__________________________
Broadcasting NEW proposal 2 round 35 with 352 elements
__________________________
Cleared accepted value set for round 30
Cleared accepted value set for round 31
Cleared accepted value set for round 28
Cleared accepted value set for round 29
Broadcasting NEW proposal 3 round 34 with 426 elements
__________________________
Broadcasting NEW proposal 3 round 35 with 427 elements
__________________________
DECIDED: 34 426
Broadcasting DELIVERY OF: 34
DECIDED: 35 427
Broadcasting DELIVERY OF: 35
DECIDED: 36 306
Broadcasting DELIVERY OF: 36
DECIDED: 37 335
Broadcasting DELIVERY OF: 37
Starting Round 38
Broadcasting proposal 1 round 38 with 324 elements
__________________________
Starting Round 39
Broadcasting proposal 1 round 39 with 297 elements
__________________________
Starting Round 40
Broadcasting proposal 1 round 40 with 340 elements
__________________________
Starting Round 41
Broadcasting proposal 1 round 41 with 290 elements
__________________________
Sent 9000 messages.
Broadcasting NEW proposal 2 round 38 with 437 elements
__________________________
Broadcasting NEW proposal 2 round 39 with 420 elements
__________________________
Cleared accepted value set for round 33
Cleared accepted value set for round 34
Cleared accepted value set for round 35
Cleared accepted value set for round 32
DECIDED: 38 437
Broadcasting DELIVERY OF: 38
DECIDED: 39 420
Broadcasting DELIVERY OF: 39
DECIDED: 40 340
Broadcasting DELIVERY OF: 40
DECIDED: 41 290
Broadcasting DELIVERY OF: 41
Starting Round 42
Broadcasting proposal 1 round 42 with 298 elements
__________________________
Starting Round 43
Broadcasting proposal 1 round 43 with 284 elements
__________________________
Starting Round 44
Broadcasting proposal 1 round 44 with 320 elements
__________________________
Starting Round 45
Broadcasting proposal 1 round 45 with 318 elements
__________________________
Broadcasting NEW proposal 2 round 43 with 354 elements
__________________________
Broadcasting NEW proposal 2 round 42 with 369 elements
__________________________
Cleared accepted value set for round 38
Cleared accepted value set for round 39
Cleared accepted value set for round 37
Cleared accepted value set for round 36
Sent 10000 messages.
Broadcasting NEW proposal 3 round 42 with 415 elements
__________________________
Broadcasting NEW proposal 3 round 43 with 404 elements
__________________________
DECIDED: 42 415
Broadcasting DELIVERY OF: 42
DECIDED: 43 404
Broadcasting DELIVERY OF: 43
DECIDED: 44 320
Broadcasting DELIVERY OF: 44
DECIDED: 45 318
Broadcasting DELIVERY OF: 45
Starting Round 46
Broadcasting proposal 1 round 46 with 303 elements
__________________________
Starting Round 47
Broadcasting proposal 1 round 47 with 290 elements
__________________________
Starting Round 48
Broadcasting proposal 1 round 48 with 306 elements
__________________________
Starting Round 49
Broadcasting proposal 1 round 49 with 321 elements
__________________________
Broadcasting NEW proposal 2 round 46 with 422 elements
__________________________
Broadcasting NEW proposal 2 round 47 with 404 elements
__________________________
Cleared accepted value set for round 40
Cleared accepted value set for round 41
Cleared accepted value set for round 42
Cleared accepted value set for round 43
Broadcasting NEW proposal 3 round 47 with 410 elements
__________________________
Broadcasting NEW proposal 3 round 46 with 423 elements
__________________________
DECIDED: 46 423
Broadcasting DELIVERY OF: 46
DECIDED: 47 410
Broadcasting DELIVERY OF: 47
DECIDED: 48 306
Broadcasting DELIVERY OF: 48
DECIDED: 49 321
Broadcasting DELIVERY OF: 49
Sent 11000 messages.
Starting Round 50
Broadcasting proposal 1 round 50 with 339 elements
__________________________
Starting Round 51
Broadcasting proposal 1 round 51 with 395 elements
__________________________
Starting Round 52
Broadcasting proposal 1 round 52 with 312 elements
__________________________
Starting Round 53
Broadcasting proposal 1 round 53 with 305 elements
__________________________
Cleared accepted value set for round 44
Cleared accepted value set for round 47
Cleared accepted value set for round 45
Cleared accepted value set for round 46
Broadcasting NEW proposal 2 round 51 with 458 elements
__________________________
Broadcasting NEW proposal 2 round 50 with 388 elements
__________________________
DECIDED: 50 388
Broadcasting DELIVERY OF: 50
DECIDED: 51 458
Broadcasting DELIVERY OF: 51
DECIDED: 52 312
Broadcasting DELIVERY OF: 52
DECIDED: 53 305
Broadcasting DELIVERY OF: 53
Starting Round 54
Broadcasting proposal 1 round 54 with 332 elements
__________________________
Starting Round 55
Broadcasting proposal 1 round 55 with 299 elements
__________________________
Starting Round 56
Broadcasting proposal 1 round 56 with 305 elements
__________________________
Starting Round 57
Broadcasting proposal 1 round 57 with 315 elements
__________________________
Broadcasting NEW proposal 2 round 55 with 405 elements
__________________________
Broadcasting NEW proposal 2 round 54 with 444 elements
__________________________
Sent 12000 messages.
Cleared accepted value set for round 49
Cleared accepted value set for round 50
Cleared accepted value set for round 51
Cleared accepted value set for round 48
Broadcasting NEW proposal 3 round 55 with 424 elements
__________________________
Broadcasting NEW proposal 3 round 54 with 455 elements
__________________________
DECIDED: 54 455
Broadcasting DELIVERY OF: 54
DECIDED: 55 424
Broadcasting DELIVERY OF: 55
DECIDED: 56 305
Broadcasting DELIVERY OF: 56
DECIDED: 57 315
Broadcasting DELIVERY OF: 57
Starting Round 58
Broadcasting proposal 1 round 58 with 337 elements
__________________________
Starting Round 59
Broadcasting proposal 1 round 59 with 341 elements
__________________________
Starting Round 60
Broadcasting proposal 1 round 60 with 283 elements
__________________________
Starting Round 61
Broadcasting proposal 1 round 61 with 318 elements
__________________________
Cleared accepted value set for round 52
Cleared accepted value set for round 53
Cleared accepted value set for round 55
Cleared accepted value set for round 54
Broadcasting NEW proposal 2 round 59 with 439 elements
__________________________
Broadcasting NEW proposal 2 round 58 with 419 elements
__________________________
DECIDED: 58 419
Broadcasting DELIVERY OF: 58
DECIDED: 59 439
Broadcasting DELIVERY OF: 59
DECIDED: 60 283
Broadcasting DELIVERY OF: 60
DECIDED: 61 318
Broadcasting DELIVERY OF: 61
Sent 13000 messages.
Starting Round 62
Broadcasting proposal 1 round 62 with 304 elements
__________________________
Starting Round 63
Broadcasting proposal 1 round 63 with 302 elements
__________________________
Starting Round 64
Broadcasting proposal 1 round 64 with 342 elements
__________________________
Starting Round 65
Broadcasting proposal 1 round 65 with 292 elements
__________________________
Broadcasting NEW proposal 2 round 62 with 359 elements
__________________________
Broadcasting NEW proposal 2 round 63 with 354 elements
__________________________
Cleared accepted value set for round 56
Cleared accepted value set for round 59
Cleared accepted value set for round 57
Cleared accepted value set for round 58
Broadcasting NEW proposal 3 round 62 with 409 elements
__________________________
Broadcasting NEW proposal 3 round 63 with 417 elements
__________________________
DECIDED: 62 409
Broadcasting DELIVERY OF: 62
DECIDED: 63 417
Broadcasting DELIVERY OF: 63
DECIDED: 64 342
Broadcasting DELIVERY OF: 64
DECIDED: 65 292
Broadcasting DELIVERY OF: 65
Starting Round 66
Broadcasting proposal 1 round 66 with 338 elements
__________________________
Starting Round 67
Broadcasting proposal 1 round 67 with 313 elements
__________________________
Starting Round 68
Broadcasting proposal 1 round 68 with 313 elements
__________________________
Starting Round 69
Broadcasting proposal 1 round 69 with 325 elements
__________________________
Sent 14000 messages.
Broadcasting NEW proposal 2 round 66 with 440 elements
__________________________
Broadcasting NEW proposal 2 round 67 with 431 elements
__________________________
Cleared accepted value set for round 61
Cleared accepted value set for round 63
Cleared accepted value set for round 62
Cleared accepted value set for round 60
DECIDED: 66 440
Broadcasting DELIVERY OF: 66
DECIDED: 67 431
Broadcasting DELIVERY OF: 67
DECIDED: 68 313
Broadcasting DELIVERY OF: 68
DECIDED: 69 325
Broadcasting DELIVERY OF: 69
Starting Round 70
Broadcasting proposal 1 round 70 with 326 elements
__________________________
Starting Round 71
Broadcasting proposal 1 round 71 with 305 elements
__________________________
Starting Round 72
Broadcasting proposal 1 round 72 with 290 elements
__________________________
Starting Round 73
Broadcasting proposal 1 round 73 with 303 elements
__________________________
Broadcasting NEW proposal 2 round 71 with 375 elements
__________________________
Broadcasting NEW proposal 2 round 70 with 389 elements
__________________________
Cleared accepted value set for round 66
Cleared accepted value set for round 64
Cleared accepted value set for round 67
Cleared accepted value set for round 65
Broadcasting NEW proposal 3 round 70 with 431 elements
__________________________
Broadcasting NEW proposal 3 round 71 with 414 elements
__________________________
Sent 15000 messages.
DECIDED: 70 431
Broadcasting DELIVERY OF: 70
DECIDED: 71 414
Broadcasting DELIVERY OF: 71
DECIDED: 72 290
Broadcasting DELIVERY OF: 72
DECIDED: 73 303
Broadcasting DELIVERY OF: 73
Starting Round 74
Broadcasting proposal 1 round 74 with 324 elements
__________________________
Starting Round 75
Broadcasting proposal 1 round 75 with 261 elements
__________________________
Starting Round 76
Broadcasting proposal 1 round 76 with 308 elements
__________________________
Starting Round 77
Broadcasting proposal 1 round 77 with 303 elements
__________________________
Broadcasting NEW proposal 2 round 74 with 426 elements
__________________________
Broadcasting NEW proposal 2 round 75 with 374 elements
__________________________
Cleared accepted value set for round 71
Cleared accepted value set for round 70
Cleared accepted value set for round 68
Cleared accepted value set for round 69
Broadcasting NEW proposal 3 round 74 with 429 elements
__________________________
Broadcasting NEW proposal 3 round 75 with 381 elements
__________________________
DECIDED: 74 429
Broadcasting DELIVERY OF: 74
DECIDED: 75 381
Broadcasting DELIVERY OF: 75
DECIDED: 76 308
Broadcasting DELIVERY OF: 76
DECIDED: 77 303
Broadcasting DELIVERY OF: 77
Starting Round 78
Broadcasting proposal 1 round 78 with 364 elements
__________________________
Starting Round 79
Broadcasting proposal 1 round 79 with 313 elements
__________________________
Starting Round 80
Broadcasting proposal 1 round 80 with 305 elements
__________________________
Starting Round 81
Broadcasting proposal 1 round 81 with 310 elements
__________________________
Sent 16000 messages.
Cleared accepted value set for round 75
Cleared accepted value set for round 73
Cleared accepted value set for round 74
Cleared accepted value set for round 72
Broadcasting NEW proposal 2 round 78 with 465 elements
__________________________
Broadcasting NEW proposal 2 round 79 with 407 elements
__________________________
DECIDED: 78 465
Broadcasting DELIVERY OF: 78
DECIDED: 79 407
Broadcasting DELIVERY OF: 79
DECIDED: 80 305
Broadcasting DELIVERY OF: 80
DECIDED: 81 310
Broadcasting DELIVERY OF: 81
Starting Round 82
Broadcasting proposal 1 round 82 with 293 elements
__________________________
Starting Round 83
Broadcasting proposal 1 round 83 with 299 elements
__________________________
Starting Round 84
Broadcasting proposal 1 round 84 with 330 elements
__________________________
Starting Round 85
Broadcasting proposal 1 round 85 with 329 elements
__________________________
Broadcasting NEW proposal 2 round 83 with 427 elements
__________________________
Broadcasting NEW proposal 2 round 82 with 391 elements
__________________________
Sent 17000 messages.
Cleared accepted value set for round 78
Cleared accepted value set for round 79
Cleared accepted value set for round 76
Cleared accepted value set for round 77
Broadcasting NEW proposal 3 round 82 with 401 elements
__________________________
Broadcasting NEW proposal 3 round 83 with 433 elements
__________________________
DECIDED: 82 401
Broadcasting DELIVERY OF: 82
DECIDED: 83 433
Broadcasting DELIVERY OF: 83
DECIDED: 84 330
Broadcasting DELIVERY OF: 84
DECIDED: 85 329
Broadcasting DELIVERY OF: 85
Starting Round 86
Broadcasting proposal 1 round 86 with 332 elements
__________________________
Starting Round 87
Broadcasting proposal 1 round 87 with 367 elements
__________________________
Starting Round 88
Broadcasting proposal 1 round 88 with 305 elements
__________________________
Starting Round 89
Broadcasting proposal 1 round 89 with 301 elements
__________________________
Cleared accepted value set for round 83
Cleared accepted value set for round 81
Cleared accepted value set for round 82
Cleared accepted value set for round 80
Broadcasting NEW proposal 2 round 86 with 415 elements
__________________________
Broadcasting NEW proposal 2 round 87 with 431 elements
__________________________
DECIDED: 86 415
Broadcasting DELIVERY OF: 86
DECIDED: 87 431
Broadcasting DELIVERY OF: 87
DECIDED: 88 305
Broadcasting DELIVERY OF: 88
DECIDED: 89 301
Broadcasting DELIVERY OF: 89
Starting Round 90
Broadcasting proposal 1 round 90 with 298 elements
__________________________
Starting Round 91
Broadcasting proposal 1 round 91 with 289 elements
__________________________
Starting Round 92
Broadcasting proposal 1 round 92 with 321 elements
__________________________
Starting Round 93
Broadcasting proposal 1 round 93 with 296 elements
__________________________
Sent 18000 messages.
Broadcasting NEW proposal 2 round 91 with 406 elements
__________________________
Broadcasting NEW proposal 2 round 90 with 408 elements
__________________________
Cleared accepted value set for round 87
Cleared accepted value set for round 84
Cleared accepted value set for round 85
Cleared accepted value set for round 86
Broadcasting NEW proposal 3 round 90 with 418 elements
__________________________
Broadcasting NEW proposal 3 round 91 with 412 elements
__________________________
DECIDED: 90 418
Broadcasting DELIVERY OF: 90
DECIDED: 91 412
Broadcasting DELIVERY OF: 91
DECIDED: 92 321
Broadcasting DELIVERY OF: 92
DECIDED: 93 296
Broadcasting DELIVERY OF: 93
Starting Round 94
Broadcasting proposal 1 round 94 with 353 elements
__________________________
Starting Round 95
Broadcasting proposal 1 round 95 with 362 elements
__________________________
Starting Round 96
Broadcasting proposal 1 round 96 with 295 elements
__________________________
Starting Round 97
Broadcasting proposal 1 round 97 with 333 elements
__________________________
Cleared accepted value set for round 88
Cleared accepted value set for round 91
Cleared accepted value set for round 90
Cleared accepted value set for round 89
Sent 19000 messages.
Broadcasting NEW proposal 2 round 94 with 422 elements
__________________________
Broadcasting NEW proposal 2 round 95 with 448 elements
__________________________
DECIDED: 94 422
Broadcasting DELIVERY OF: 94
DECIDED: 95 448
Broadcasting DELIVERY OF: 95
DECIDED: 96 295
Broadcasting DELIVERY OF: 96
DECIDED: 97 333
Broadcasting DELIVERY OF: 97
Starting Round 98
Broadcasting proposal 1 round 98 with 320 elements
__________________________
Starting Round 99
Broadcasting proposal 1 round 99 with 299 elements
__________________________
Starting Round 100
Broadcasting proposal 1 round 100 with 302 elements
__________________________
Starting Round 101
Broadcasting proposal 1 round 101 with 301 elements
__________________________
Broadcasting NEW proposal 2 round 98 with 425 elements
__________________________
Broadcasting NEW proposal 2 round 99 with 386 elements
__________________________
Cleared accepted value set for round 92
Cleared accepted value set for round 94
Cleared accepted value set for round 95
Cleared accepted value set for round 93
Broadcasting NEW proposal 3 round 98 with 448 elements
__________________________
Broadcasting NEW proposal 3 round 99 with 410 elements
__________________________
Sent 20000 messages.
DECIDED: 98 448
Broadcasting DELIVERY OF: 98
DECIDED: 99 410
Broadcasting DELIVERY OF: 99
DECIDED: 100 302
Broadcasting DELIVERY OF: 100
DECIDED: 101 301
Broadcasting DELIVERY OF: 101
Starting Round 102
Broadcasting proposal 1 round 102 with 305 elements
__________________________
Starting Round 103
Broadcasting proposal 1 round 103 with 317 elements
__________________________
Starting Round 104
Broadcasting proposal 1 round 104 with 304 elements
__________________________
Starting Round 105
Broadcasting proposal 1 round 105 with 344 elements
__________________________
Cleared accepted value set for round 96
Broadcasting NEW proposal 2 round 102 with 424 elements
__________________________
Broadcasting NEW proposal 2 round 103 with 447 elements
__________________________
Cleared accepted value set for round 99
Cleared accepted value set for round 98
Cleared accepted value set for round 97
DECIDED: 102 424
Broadcasting DELIVERY OF: 102
DECIDED: 103 447
Broadcasting DELIVERY OF: 103
DECIDED: 104 304
Broadcasting DELIVERY OF: 104
DECIDED: 105 344
Broadcasting DELIVERY OF: 105
Starting Round 106
Broadcasting proposal 1 round 106 with 297 elements
__________________________
Starting Round 107
Broadcasting proposal 1 round 107 with 325 elements
__________________________
Starting Round 108
Broadcasting proposal 1 round 108 with 321 elements
__________________________
Starting Round 109
Broadcasting proposal 1 round 109 with 325 elements
__________________________
Broadcasting NEW proposal 2 round 106 with 369 elements
__________________________
Broadcasting NEW proposal 2 round 107 with 409 elements
__________________________
Sent 21000 messages.
Cleared accepted value set for round 100
Cleared accepted value set for round 103
Cleared accepted value set for round 102
Cleared accepted value set for round 101
Broadcasting NEW proposal 3 round 106 with 405 elements
__________________________
Broadcasting NEW proposal 3 round 107 with 441 elements
__________________________
DECIDED: 106 405
Broadcasting DELIVERY OF: 106
DECIDED: 107 441
Broadcasting DELIVERY OF: 107
DECIDED: 108 321
Broadcasting DELIVERY OF: 108
DECIDED: 109 325
Broadcasting DELIVERY OF: 109
Starting Round 110
Broadcasting proposal 1 round 110 with 301 elements
__________________________
Starting Round 111
Broadcasting proposal 1 round 111 with 339 elements
__________________________
Starting Round 112
Broadcasting proposal 1 round 112 with 323 elements
__________________________
Starting Round 113
Broadcasting proposal 1 round 113 with 303 elements
__________________________
Cleared accepted value set for round 104
Broadcasting NEW proposal 2 round 110 with 418 elements
__________________________
Broadcasting NEW proposal 2 round 111 with 472 elements
__________________________
Cleared accepted value set for round 105
Cleared accepted value set for round 107
Cleared accepted value set for round 106
Sent 22000 messages.
DECIDED: 110 418
Broadcasting DELIVERY OF: 110
DECIDED: 111 472
Broadcasting DELIVERY OF: 111
DECIDED: 112 323
Broadcasting DELIVERY OF: 112
DECIDED: 113 303
Broadcasting DELIVERY OF: 113
Starting Round 114
Broadcasting proposal 1 round 114 with 283 elements
__________________________
Starting Round 115
Broadcasting proposal 1 round 115 with 313 elements
__________________________
Starting Round 116
Broadcasting proposal 1 round 116 with 307 elements
__________________________
Starting Round 117
Broadcasting proposal 1 round 117 with 298 elements
__________________________
Broadcasting NEW proposal 2 round 115 with 387 elements
__________________________
Broadcasting NEW proposal 2 round 114 with 349 elements
__________________________
Cleared accepted value set for round 108
Cleared accepted value set for round 110
Cleared accepted value set for round 111
Cleared accepted value set for round 109
Broadcasting NEW proposal 3 round 114 with 407 elements
__________________________
Broadcasting NEW proposal 3 round 115 with 439 elements
__________________________
DECIDED: 114 407
Broadcasting DELIVERY OF: 114
DECIDED: 115 439
Broadcasting DELIVERY OF: 115
DECIDED: 116 307
Broadcasting DELIVERY OF: 116
DECIDED: 117 298
Broadcasting DELIVERY OF: 117
Starting Round 118
Broadcasting proposal 1 round 118 with 314 elements
__________________________
Starting Round 119
Broadcasting proposal 1 round 119 with 308 elements
__________________________
Starting Round 120
Broadcasting proposal 1 round 120 with 318 elements
__________________________
Starting Round 121
Broadcasting proposal 1 round 121 with 299 elements
__________________________
Sent 23000 messages.
Cleared accepted value set for round 112
Broadcasting NEW proposal 2 round 119 with 426 elements
__________________________
Broadcasting NEW proposal 2 round 118 with 425 elements
__________________________
Cleared accepted value set for round 113
Cleared accepted value set for round 115
Cleared accepted value set for round 114
Broadcasting NEW proposal 3 round 118 with 434 elements
__________________________
Broadcasting NEW proposal 3 round 119 with 430 elements
__________________________
DECIDED: 118 434
Broadcasting DELIVERY OF: 118
DECIDED: 119 430
Broadcasting DELIVERY OF: 119
DECIDED: 120 318
Broadcasting DELIVERY OF: 120
DECIDED: 121 299
Broadcasting DELIVERY OF: 121
Starting Round 122
Broadcasting proposal 1 round 122 with 309 elements
__________________________
Starting Round 123
Broadcasting proposal 1 round 123 with 324 elements
__________________________
Starting Round 124
Broadcasting proposal 1 round 124 with 306 elements
__________________________
Starting Round 125
Broadcasting proposal 1 round 125 with 281 elements
__________________________
Cleared accepted value set for round 116
Cleared accepted value set for round 117
Cleared accepted value set for round 118
Cleared accepted value set for round 119
Broadcasting NEW proposal 2 round 122 with 401 elements
__________________________
Broadcasting NEW proposal 2 round 123 with 419 elements
__________________________
Sent 24000 messages.
DECIDED: 122 401
Broadcasting DELIVERY OF: 122
DECIDED: 123 419
Broadcasting DELIVERY OF: 123
DECIDED: 124 306
Broadcasting DELIVERY OF: 124
DECIDED: 125 281
Broadcasting DELIVERY OF: 125
Starting Round 126
Broadcasting proposal 1 round 126 with 282 elements
__________________________
Starting Round 127
Broadcasting proposal 1 round 127 with 320 elements
__________________________
Starting Round 128
Broadcasting proposal 1 round 128 with 301 elements
__________________________
Starting Round 129
Broadcasting proposal 1 round 129 with 302 elements
__________________________
Cleared accepted value set for round 120
Broadcasting NEW proposal 2 round 126 with 380 elements
__________________________
Broadcasting NEW proposal 2 round 127 with 413 elements
__________________________
Cleared accepted value set for round 121
Cleared accepted value set for round 122
Cleared accepted value set for round 123
Broadcasting NEW proposal 3 round 127 with 432 elements
__________________________
Broadcasting NEW proposal 3 round 126 with 406 elements
__________________________
Sent 25000 messages.
DECIDED: 126 406
Broadcasting DELIVERY OF: 126
DECIDED: 127 432
Broadcasting DELIVERY OF: 127
DECIDED: 128 301
Broadcasting DELIVERY OF: 128
DECIDED: 129 302
Broadcasting DELIVERY OF: 129
Starting Round 130
Broadcasting proposal 1 round 130 with 299 elements
__________________________
Starting Round 131
Broadcasting proposal 1 round 131 with 307 elements
__________________________
Starting Round 132
Broadcasting proposal 1 round 132 with 304 elements
__________________________
Starting Round 133
Broadcasting proposal 1 round 133 with 303 elements
__________________________
Cleared accepted value set for round 124
Cleared accepted value set for round 126
Cleared accepted value set for round 127
Cleared accepted value set for round 125
Broadcasting NEW proposal 2 round 131 with 411 elements
__________________________
Broadcasting NEW proposal 2 round 130 with 400 elements
__________________________
DECIDED: 130 400
Broadcasting DELIVERY OF: 130
DECIDED: 131 411
Broadcasting DELIVERY OF: 131
DECIDED: 132 304
Broadcasting DELIVERY OF: 132
DECIDED: 133 303
Broadcasting DELIVERY OF: 133
Starting Round 134
Broadcasting proposal 1 round 134 with 296 elements
__________________________
Starting Round 135
Broadcasting proposal 1 round 135 with 321 elements
__________________________
Starting Round 136
Broadcasting proposal 1 round 136 with 321 elements
__________________________
Starting Round 137
Broadcasting proposal 1 round 137 with 337 elements
__________________________
Cleared accepted value set for round 128
Broadcasting NEW proposal 2 round 135 with 412 elements
__________________________
Broadcasting NEW proposal 2 round 134 with 396 elements
__________________________
Sent 26000 messages.
Cleared accepted value set for round 129
Cleared accepted value set for round 130
Cleared accepted value set for round 131
Broadcasting NEW proposal 3 round 134 with 417 elements
__________________________
Broadcasting NEW proposal 3 round 135 with 426 elements
__________________________
DECIDED: 134 417
Broadcasting DELIVERY OF: 134
DECIDED: 135 426
Broadcasting DELIVERY OF: 135
DECIDED: 136 321
Broadcasting DELIVERY OF: 136
DECIDED: 137 337
Broadcasting DELIVERY OF: 137
Starting Round 138
Broadcasting proposal 1 round 138 with 303 elements
__________________________
Starting Round 139
Broadcasting proposal 1 round 139 with 324 elements
__________________________
Starting Round 140
Broadcasting proposal 1 round 140 with 316 elements
__________________________
Starting Round 141
Broadcasting proposal 1 round 141 with 292 elements
__________________________
Cleared accepted value set for round 132
Cleared accepted value set for round 134
Cleared accepted value set for round 135
Cleared accepted value set for round 133
Broadcasting NEW proposal 2 round 138 with 412 elements
__________________________
Broadcasting NEW proposal 2 round 139 with 445 elements
__________________________
Sent 27000 messages.
DECIDED: 138 412
Broadcasting DELIVERY OF: 138
DECIDED: 139 445
Broadcasting DELIVERY OF: 139
DECIDED: 140 316
Broadcasting DELIVERY OF: 140
DECIDED: 141 292
Broadcasting DELIVERY OF: 141
Starting Round 142
Broadcasting proposal 1 round 142 with 322 elements
__________________________
Starting Round 143
Broadcasting proposal 1 round 143 with 319 elements
__________________________
Starting Round 144
Broadcasting proposal 1 round 144 with 299 elements
__________________________
Starting Round 145
Broadcasting proposal 1 round 145 with 309 elements
__________________________
Cleared accepted value set for round 136
Broadcasting NEW proposal 2 round 142 with 422 elements
__________________________
Broadcasting NEW proposal 2 round 143 with 404 elements
__________________________
Cleared accepted value set for round 137
Cleared accepted value set for round 138
Cleared accepted value set for round 139
Broadcasting NEW proposal 3 round 142 with 445 elements
__________________________
Broadcasting NEW proposal 3 round 143 with 420 elements
__________________________
DECIDED: 142 445
Broadcasting DELIVERY OF: 142
DECIDED: 143 420
Broadcasting DELIVERY OF: 143
DECIDED: 144 299
Broadcasting DELIVERY OF: 144
DECIDED: 145 309
Broadcasting DELIVERY OF: 145
Starting Round 146
Broadcasting proposal 1 round 146 with 357 elements
__________________________
Starting Round 147
Broadcasting proposal 1 round 147 with 317 elements
__________________________
Starting Round 148
Broadcasting proposal 1 round 148 with 309 elements
__________________________
Starting Round 149
Broadcasting proposal 1 round 149 with 296 elements
__________________________
Cleared accepted value set for round 140
Sent 28000 messages.
Cleared accepted value set for round 142
Cleared accepted value set for round 143
Cleared accepted value set for round 141
Broadcasting NEW proposal 2 round 146 with 476 elements
__________________________
Broadcasting NEW proposal 2 round 147 with 439 elements
__________________________
DECIDED: 146 476
Broadcasting DELIVERY OF: 146
DECIDED: 147 439
Broadcasting DELIVERY OF: 147
DECIDED: 148 309
Broadcasting DELIVERY OF: 148
DECIDED: 149 296
Broadcasting DELIVERY OF: 149
Starting Round 150
Broadcasting proposal 1 round 150 with 274 elements
__________________________
Starting Round 151
Broadcasting proposal 1 round 151 with 302 elements
__________________________
Starting Round 152
Broadcasting proposal 1 round 152 with 277 elements
__________________________
Starting Round 153
Broadcasting proposal 1 round 153 with 337 elements
__________________________
Broadcasting NEW proposal 2 round 150 with 370 elements
__________________________
Broadcasting NEW proposal 2 round 151 with 397 elements
__________________________
Cleared accepted value set for round 144
Cleared accepted value set for round 145
Cleared accepted value set for round 146
Cleared accepted value set for round 147
Sent 29000 messages.
Broadcasting NEW proposal 3 round 150 with 389 elements
__________________________
Broadcasting NEW proposal 3 round 151 with 419 elements
__________________________
DECIDED: 150 389
Broadcasting DELIVERY OF: 150
DECIDED: 151 419
Broadcasting DELIVERY OF: 151
DECIDED: 152 277
Broadcasting DELIVERY OF: 152
DECIDED: 153 337
Broadcasting DELIVERY OF: 153
Starting Round 154
Broadcasting proposal 1 round 154 with 308 elements
__________________________
Starting Round 155
Broadcasting proposal 1 round 155 with 305 elements
__________________________
Starting Round 156
Broadcasting proposal 1 round 156 with 301 elements
__________________________
Starting Round 157
Broadcasting proposal 1 round 157 with 302 elements
__________________________
Cleared accepted value set for round 148
Broadcasting NEW proposal 2 round 154 with 418 elements
__________________________
Broadcasting NEW proposal 2 round 155 with 415 elements
__________________________
Cleared accepted value set for round 149
Cleared accepted value set for round 151
Cleared accepted value set for round 150
DECIDED: 154 418
Broadcasting DELIVERY OF: 154
DECIDED: 155 415
Broadcasting DELIVERY OF: 155
DECIDED: 156 301
Broadcasting DELIVERY OF: 156
DECIDED: 157 302
Broadcasting DELIVERY OF: 157
Starting Round 158
Broadcasting proposal 1 round 158 with 292 elements
__________________________
Starting Round 159
Broadcasting proposal 1 round 159 with 329 elements
__________________________
Starting Round 160
Broadcasting proposal 1 round 160 with 307 elements
__________________________
Starting Round 161
Broadcasting proposal 1 round 161 with 298 elements
__________________________
Sent 30000 messages.
Broadcasting NEW proposal 2 round 158 with 372 elements
__________________________
Broadcasting NEW proposal 2 round 159 with 397 elements
__________________________
Cleared accepted value set for round 152
Cleared accepted value set for round 153
Cleared accepted value set for round 155
Cleared accepted value set for round 154
Broadcasting NEW proposal 3 round 159 with 431 elements
__________________________
Broadcasting NEW proposal 3 round 158 with 407 elements
__________________________
DECIDED: 158 407
Broadcasting DELIVERY OF: 158
DECIDED: 159 431
Broadcasting DELIVERY OF: 159
DECIDED: 160 307
Broadcasting DELIVERY OF: 160
DECIDED: 161 298
Broadcasting DELIVERY OF: 161
Starting Round 162
Broadcasting proposal 1 round 162 with 301 elements
__________________________
Starting Round 163
Broadcasting proposal 1 round 163 with 293 elements
__________________________
Starting Round 164
Broadcasting proposal 1 round 164 with 312 elements
__________________________
Starting Round 165
Broadcasting proposal 1 round 165 with 323 elements
__________________________
Cleared accepted value set for round 156
Broadcasting NEW proposal 2 round 163 with 422 elements
__________________________
Broadcasting NEW proposal 2 round 162 with 418 elements
__________________________
Cleared accepted value set for round 159
Cleared accepted value set for round 157
Cleared accepted value set for round 158
Sent 31000 messages.
Broadcasting NEW proposal 3 round 162 with 420 elements
__________________________
Broadcasting NEW proposal 3 round 163 with 423 elements
__________________________
DECIDED: 162 420
Broadcasting DELIVERY OF: 162
DECIDED: 163 423
Broadcasting DELIVERY OF: 163
DECIDED: 164 312
Broadcasting DELIVERY OF: 164
DECIDED: 165 323
Broadcasting DELIVERY OF: 165
Cleared accepted value set for round 160
Starting Round 166
Broadcasting proposal 1 round 166 with 301 elements
__________________________
Starting Round 167
Broadcasting proposal 1 round 167 with 370 elements
__________________________
Starting Round 168
Broadcasting proposal 1 round 168 with 283 elements
__________________________
Starting Round 169
Broadcasting proposal 1 round 169 with 300 elements
__________________________
Cleared accepted value set for round 162
Cleared accepted value set for round 163
Cleared accepted value set for round 161
Broadcasting NEW proposal 2 round 167 with 415 elements
__________________________
Broadcasting NEW proposal 2 round 166 with 358 elements
__________________________
DECIDED: 166 358
Broadcasting DELIVERY OF: 166
DECIDED: 167 415
Broadcasting DELIVERY OF: 167
DECIDED: 168 283
Broadcasting DELIVERY OF: 168
DECIDED: 169 300
Broadcasting DELIVERY OF: 169
Sent 32000 messages.
Starting Round 170
Broadcasting proposal 1 round 170 with 311 elements
__________________________
Starting Round 171
Broadcasting proposal 1 round 171 with 324 elements
__________________________
Starting Round 172
Broadcasting proposal 1 round 172 with 315 elements
__________________________
Starting Round 173
Broadcasting proposal 1 round 173 with 308 elements
__________________________
Cleared accepted value set for round 164
Broadcasting NEW proposal 2 round 170 with 430 elements
__________________________
Broadcasting NEW proposal 2 round 171 with 437 elements
__________________________
Cleared accepted value set for round 167
Cleared accepted value set for round 165
Cleared accepted value set for round 166
DECIDED: 170 430
Broadcasting DELIVERY OF: 170
DECIDED: 171 437
Broadcasting DELIVERY OF: 171
DECIDED: 172 315
Broadcasting DELIVERY OF: 172
DECIDED: 173 308
Broadcasting DELIVERY OF: 173
Starting Round 174
Broadcasting proposal 1 round 174 with 300 elements
__________________________
Starting Round 175
Broadcasting proposal 1 round 175 with 290 elements
__________________________
Starting Round 176
Broadcasting proposal 1 round 176 with 297 elements
__________________________
Starting Round 177
Broadcasting proposal 1 round 177 with 315 elements
__________________________
Broadcasting NEW proposal 2 round 175 with 345 elements
__________________________
Broadcasting NEW proposal 2 round 174 with 336 elements
__________________________
Cleared accepted value set for round 168
Sent 33000 messages.
Cleared accepted value set for round 169
Cleared accepted value set for round 170
Cleared accepted value set for round 171
Broadcasting NEW proposal 3 round 175 with 418 elements
__________________________
Broadcasting NEW proposal 3 round 174 with 398 elements
__________________________
DECIDED: 174 398
Broadcasting DELIVERY OF: 174
DECIDED: 175 418
Broadcasting DELIVERY OF: 175
DECIDED: 176 297
Broadcasting DELIVERY OF: 176
DECIDED: 177 315
Broadcasting DELIVERY OF: 177
Starting Round 178
Broadcasting proposal 1 round 178 with 316 elements
__________________________
Starting Round 179
Broadcasting proposal 1 round 179 with 285 elements
__________________________
Starting Round 180
Broadcasting proposal 1 round 180 with 288 elements
__________________________
Starting Round 181
Broadcasting proposal 1 round 181 with 296 elements
__________________________
Cleared accepted value set for round 172
Broadcasting NEW proposal 2 round 179 with 400 elements
__________________________
Broadcasting NEW proposal 2 round 178 with 450 elements
__________________________
Cleared accepted value set for round 173
Cleared accepted value set for round 174
Cleared accepted value set for round 175
DECIDED: 178 450
Broadcasting DELIVERY OF: 178
DECIDED: 179 400
Broadcasting DELIVERY OF: 179
DECIDED: 180 288
Broadcasting DELIVERY OF: 180
DECIDED: 181 296
Broadcasting DELIVERY OF: 181
Starting Round 182
Broadcasting proposal 1 round 182 with 307 elements
__________________________
Starting Round 183
Broadcasting proposal 1 round 183 with 319 elements
__________________________
Starting Round 184
Broadcasting proposal 1 round 184 with 286 elements
__________________________
Starting Round 185
Broadcasting proposal 1 round 185 with 308 elements
__________________________
Sent 34000 messages.
Broadcasting NEW proposal 2 round 182 with 345 elements
__________________________
Broadcasting NEW proposal 2 round 183 with 349 elements
__________________________
Cleared accepted value set for round 176
Cleared accepted value set for round 177
Cleared accepted value set for round 178
Cleared accepted value set for round 179
Broadcasting NEW proposal 3 round 182 with 428 elements
__________________________
Broadcasting NEW proposal 3 round 183 with 437 elements
__________________________
DECIDED: 182 428
Broadcasting DELIVERY OF: 182
DECIDED: 183 437
Broadcasting DELIVERY OF: 183
DECIDED: 184 286
Broadcasting DELIVERY OF: 184
DECIDED: 185 308
Broadcasting DELIVERY OF: 185
Starting Round 186
Broadcasting proposal 1 round 186 with 309 elements
__________________________
Starting Round 187
Broadcasting proposal 1 round 187 with 281 elements
__________________________
Starting Round 188
Broadcasting proposal 1 round 188 with 306 elements
__________________________
Starting Round 189
Broadcasting proposal 1 round 189 with 322 elements
__________________________
Cleared accepted value set for round 180
Sent 35000 messages.
Broadcasting NEW proposal 2 round 187 with 426 elements
__________________________
Broadcasting NEW proposal 2 round 186 with 421 elements
__________________________
Cleared accepted value set for round 182
Cleared accepted value set for round 183
Cleared accepted value set for round 181
DECIDED: 186 421
Broadcasting DELIVERY OF: 186
DECIDED: 187 426
Broadcasting DELIVERY OF: 187
DECIDED: 188 306
Broadcasting DELIVERY OF: 188
DECIDED: 189 322
Broadcasting DELIVERY OF: 189
Starting Round 190
Broadcasting proposal 1 round 190 with 317 elements
__________________________
Starting Round 191
Broadcasting proposal 1 round 191 with 305 elements
__________________________
Starting Round 192
Broadcasting proposal 1 round 192 with 301 elements
__________________________
Starting Round 193
Broadcasting proposal 1 round 193 with 303 elements
__________________________
Broadcasting NEW proposal 2 round 190 with 357 elements
__________________________
Broadcasting NEW proposal 2 round 191 with 345 elements
__________________________
Cleared accepted value set for round 184
Cleared accepted value set for round 187
Cleared accepted value set for round 186
Cleared accepted value set for round 185
Broadcasting NEW proposal 3 round 191 with 418 elements
__________________________
Broadcasting NEW proposal 3 round 190 with 424 elements
__________________________
Sent 36000 messages.
DECIDED: 190 424
Broadcasting DELIVERY OF: 190
DECIDED: 191 418
Broadcasting DELIVERY OF: 191
DECIDED: 192 301
Broadcasting DELIVERY OF: 192
DECIDED: 193 303
Broadcasting DELIVERY OF: 193
Starting Round 194
Broadcasting proposal 1 round 194 with 295 elements
__________________________
Starting Round 195
Broadcasting proposal 1 round 195 with 287 elements
__________________________
Starting Round 196
Broadcasting proposal 1 round 196 with 328 elements
__________________________
Starting Round 197
Broadcasting proposal 1 round 197 with 312 elements
__________________________
Cleared accepted value set for round 188
Broadcasting NEW proposal 2 round 194 with 429 elements
__________________________
Broadcasting NEW proposal 2 round 195 with 411 elements
__________________________
Cleared accepted value set for round 191
Cleared accepted value set for round 190
Cleared accepted value set for round 189
DECIDED: 194 429
Broadcasting DELIVERY OF: 194
DECIDED: 195 411
Broadcasting DELIVERY OF: 195
DECIDED: 196 328
Broadcasting DELIVERY OF: 196
DECIDED: 197 312
Broadcasting DELIVERY OF: 197
Starting Round 198
Broadcasting proposal 1 round 198 with 297 elements
__________________________
Starting Round 199
Broadcasting proposal 1 round 199 with 293 elements
__________________________
Starting Round 200
Broadcasting proposal 1 round 200 with 275 elements
__________________________
Starting Round 201
Broadcasting proposal 1 round 201 with 304 elements
__________________________
Sent 37000 messages.
Broadcasting NEW proposal 2 round 199 with 345 elements
__________________________
Broadcasting NEW proposal 2 round 198 with 345 elements
__________________________
Cleared accepted value set for round 192
Cleared accepted value set for round 194
Cleared accepted value set for round 193
Cleared accepted value set for round 195
Broadcasting NEW proposal 3 round 198 with 407 elements
__________________________
Broadcasting NEW proposal 3 round 199 with 416 elements
__________________________
DECIDED: 198 407
Broadcasting DELIVERY OF: 198
DECIDED: 199 416
Broadcasting DELIVERY OF: 199
DECIDED: 200 275
Broadcasting DELIVERY OF: 200
DECIDED: 201 304
Broadcasting DELIVERY OF: 201
Starting Round 202
Broadcasting proposal 1 round 202 with 311 elements
__________________________
Starting Round 203
Broadcasting proposal 1 round 203 with 307 elements
__________________________
Starting Round 204
Broadcasting proposal 1 round 204 with 298 elements
__________________________
Starting Round 205
Broadcasting proposal 1 round 205 with 304 elements
__________________________
Cleared accepted value set for round 196
Broadcasting NEW proposal 2 round 202 with 429 elements
__________________________
Broadcasting NEW proposal 2 round 203 with 444 elements
__________________________
Cleared accepted value set for round 197
Cleared accepted value set for round 199
Cleared accepted value set for round 198
Sent 38000 messages.
DECIDED: 202 429
Broadcasting DELIVERY OF: 202
DECIDED: 203 444
Broadcasting DELIVERY OF: 203
DECIDED: 204 298
Broadcasting DELIVERY OF: 204
DECIDED: 205 304
Broadcasting DELIVERY OF: 205
Starting Round 206
Broadcasting proposal 1 round 206 with 306 elements
__________________________
Starting Round 207
Broadcasting proposal 1 round 207 with 271 elements
__________________________
Starting Round 208
Broadcasting proposal 1 round 208 with 307 elements
__________________________
Starting Round 209
Broadcasting proposal 1 round 209 with 273 elements
__________________________
Broadcasting NEW proposal 2 round 207 with 330 elements
__________________________
Broadcasting NEW proposal 2 round 206 with 349 elements
__________________________
Cleared accepted value set for round 200
Cleared accepted value set for round 203
Cleared accepted value set for round 202
Cleared accepted value set for round 201
Broadcasting NEW proposal 3 round 206 with 415 elements
__________________________
Broadcasting NEW proposal 3 round 207 with 421 elements
__________________________
DECIDED: 206 415
Broadcasting DELIVERY OF: 206
DECIDED: 207 421
Broadcasting DELIVERY OF: 207
DECIDED: 208 307
Broadcasting DELIVERY OF: 208
DECIDED: 209 273
Broadcasting DELIVERY OF: 209
Starting Round 210
Broadcasting proposal 1 round 210 with 325 elements
__________________________
Starting Round 211
Broadcasting proposal 1 round 211 with 305 elements
__________________________
Starting Round 212
Broadcasting proposal 1 round 212 with 303 elements
__________________________
Starting Round 213
Broadcasting proposal 1 round 213 with 308 elements
__________________________
Sent 39000 messages.
Cleared accepted value set for round 204
Broadcasting NEW proposal 2 round 210 with 430 elements
__________________________
Broadcasting NEW proposal 2 round 211 with 420 elements
__________________________
Cleared accepted value set for round 207
Cleared accepted value set for round 206
Cleared accepted value set for round 205
Broadcasting NEW proposal 3 round 210 with 432 elements
__________________________
Broadcasting NEW proposal 3 round 211 with 424 elements
__________________________
DECIDED: 210 432
Broadcasting DELIVERY OF: 210
DECIDED: 211 424
Broadcasting DELIVERY OF: 211
DECIDED: 212 303
Broadcasting DELIVERY OF: 212
DECIDED: 213 308
Broadcasting DELIVERY OF: 213
Starting Round 214
Broadcasting proposal 1 round 214 with 312 elements
__________________________
Starting Round 215
Broadcasting proposal 1 round 215 with 308 elements
__________________________
Starting Round 216
Broadcasting proposal 1 round 216 with 269 elements
__________________________
Starting Round 217
Broadcasting proposal 1 round 217 with 305 elements
__________________________
Cleared accepted value set for round 208
Cleared accepted value set for round 211
Cleared accepted value set for round 209
Cleared accepted value set for round 210
Sent 40000 messages.
Broadcasting NEW proposal 2 round 214 with 423 elements
__________________________
Broadcasting NEW proposal 2 round 215 with 416 elements
__________________________
DECIDED: 214 423
Broadcasting DELIVERY OF: 214
DECIDED: 215 416
Broadcasting DELIVERY OF: 215
DECIDED: 216 269
Broadcasting DELIVERY OF: 216
DECIDED: 217 305
Broadcasting DELIVERY OF: 217
Starting Round 218
Broadcasting proposal 1 round 218 with 293 elements
__________________________
Starting Round 219
Broadcasting proposal 1 round 219 with 274 elements
__________________________
Starting Round 220
Broadcasting proposal 1 round 220 with 299 elements
__________________________
Starting Round 221
Broadcasting proposal 1 round 221 with 307 elements
__________________________
Cleared accepted value set for round 212
Broadcasting NEW proposal 2 round 218 with 412 elements
__________________________
Broadcasting NEW proposal 2 round 219 with 392 elements
__________________________
Cleared accepted value set for round 215
Cleared accepted value set for round 213
Cleared accepted value set for round 214
Broadcasting NEW proposal 3 round 218 with 420 elements
__________________________
Broadcasting NEW proposal 3 round 219 with 400 elements
__________________________
Sent 41000 messages.
DECIDED: 218 420
Broadcasting DELIVERY OF: 218
DECIDED: 219 400
Broadcasting DELIVERY OF: 219
DECIDED: 220 299
Broadcasting DELIVERY OF: 220
DECIDED: 221 307
Broadcasting DELIVERY OF: 221
Starting Round 222
Broadcasting proposal 1 round 222 with 379 elements
__________________________
Starting Round 223
Broadcasting proposal 1 round 223 with 341 elements
__________________________
Starting Round 224
Broadcasting proposal 1 round 224 with 290 elements
__________________________
Starting Round 225
Broadcasting proposal 1 round 225 with 305 elements
__________________________
Cleared accepted value set for round 216
Cleared accepted value set for round 217
Cleared accepted value set for round 218
Cleared accepted value set for round 219
Broadcasting NEW proposal 2 round 223 with 434 elements
__________________________
Broadcasting NEW proposal 2 round 222 with 452 elements
__________________________
DECIDED: 222 452
Broadcasting DELIVERY OF: 222
DECIDED: 223 434
Broadcasting DELIVERY OF: 223
DECIDED: 224 290
Broadcasting DELIVERY OF: 224
DECIDED: 225 305
Broadcasting DELIVERY OF: 225
Starting Round 226
Broadcasting proposal 1 round 226 with 296 elements
__________________________
Starting Round 227
Broadcasting proposal 1 round 227 with 311 elements
__________________________
Starting Round 228
Broadcasting proposal 1 round 228 with 271 elements
__________________________
Starting Round 229
Broadcasting proposal 1 round 229 with 314 elements
__________________________
Broadcasting NEW proposal 2 round 226 with 409 elements
__________________________
Broadcasting NEW proposal 2 round 227 with 411 elements
__________________________
Sent 42000 messages.
Cleared accepted value set for round 220
Cleared accepted value set for round 223
Cleared accepted value set for round 222
Cleared accepted value set for round 221
Broadcasting NEW proposal 3 round 227 with 419 elements
__________________________
Broadcasting NEW proposal 3 round 226 with 423 elements
__________________________
DECIDED: 226 423
Broadcasting DELIVERY OF: 226
DECIDED: 227 419
Broadcasting DELIVERY OF: 227
DECIDED: 228 271
Broadcasting DELIVERY OF: 228
DECIDED: 229 314
Broadcasting DELIVERY OF: 229
Starting Round 230
Broadcasting proposal 1 round 230 with 365 elements
__________________________
Starting Round 231
Broadcasting proposal 1 round 231 with 349 elements
__________________________
Starting Round 232
Broadcasting proposal 1 round 232 with 306 elements
__________________________
Starting Round 233
Broadcasting proposal 1 round 233 with 263 elements
__________________________
Cleared accepted value set for round 224
Cleared accepted value set for round 226
Cleared accepted value set for round 225
Cleared accepted value set for round 227
Broadcasting NEW proposal 2 round 231 with 412 elements
__________________________
Broadcasting NEW proposal 2 round 230 with 435 elements
__________________________
Sent 43000 messages.
DECIDED: 230 435
Broadcasting DELIVERY OF: 230
DECIDED: 231 412
Broadcasting DELIVERY OF: 231
DECIDED: 232 306
Broadcasting DELIVERY OF: 232
DECIDED: 233 263
Broadcasting DELIVERY OF: 233
Starting Round 234
Broadcasting proposal 1 round 234 with 316 elements
__________________________
Starting Round 235
Broadcasting proposal 1 round 235 with 315 elements
__________________________
Starting Round 236
Broadcasting proposal 1 round 236 with 334 elements
__________________________
Starting Round 237
Broadcasting proposal 1 round 237 with 286 elements
__________________________
Broadcasting NEW proposal 2 round 235 with 397 elements
__________________________
Broadcasting NEW proposal 2 round 234 with 398 elements
__________________________
Cleared accepted value set for round 228
Cleared accepted value set for round 230
Cleared accepted value set for round 231
Cleared accepted value set for round 229
Broadcasting NEW proposal 3 round 235 with 413 elements
__________________________
Broadcasting NEW proposal 3 round 234 with 423 elements
__________________________
DECIDED: 234 423
Broadcasting DELIVERY OF: 234
DECIDED: 235 413
Broadcasting DELIVERY OF: 235
DECIDED: 236 334
Broadcasting DELIVERY OF: 236
DECIDED: 237 286
Broadcasting DELIVERY OF: 237
Starting Round 238
Broadcasting proposal 1 round 238 with 306 elements
__________________________
Starting Round 239
Broadcasting proposal 1 round 239 with 312 elements
__________________________
Starting Round 240
Broadcasting proposal 1 round 240 with 297 elements
__________________________
Starting Round 241
Broadcasting proposal 1 round 241 with 316 elements
__________________________
Cleared accepted value set for round 232
Cleared accepted value set for round 233
Sent 44000 messages.
Cleared accepted value set for round 234
Cleared accepted value set for round 235
Broadcasting NEW proposal 2 round 239 with 424 elements
__________________________
Broadcasting NEW proposal 2 round 238 with 418 elements
__________________________
DECIDED: 238 418
Broadcasting DELIVERY OF: 238
DECIDED: 239 424
Broadcasting DELIVERY OF: 239
DECIDED: 240 297
Broadcasting DELIVERY OF: 240
DECIDED: 241 316
Broadcasting DELIVERY OF: 241
Starting Round 242
Broadcasting proposal 1 round 242 with 311 elements
__________________________
Starting Round 243
Broadcasting proposal 1 round 243 with 331 elements
__________________________
Starting Round 244
Broadcasting proposal 1 round 244 with 286 elements
__________________________
Starting Round 245
Broadcasting proposal 1 round 245 with 327 elements
__________________________
Broadcasting NEW proposal 2 round 243 with 407 elements
__________________________
Broadcasting NEW proposal 2 round 242 with 413 elements
__________________________
Cleared accepted value set for round 239
Cleared accepted value set for round 238
Cleared accepted value set for round 236
Cleared accepted value set for round 237
Sent 45000 messages.
Broadcasting NEW proposal 3 round 243 with 422 elements
__________________________
Broadcasting NEW proposal 3 round 242 with 446 elements
__________________________
DECIDED: 242 446
Broadcasting DELIVERY OF: 242
DECIDED: 243 422
Broadcasting DELIVERY OF: 243
DECIDED: 244 286
Broadcasting DELIVERY OF: 244
DECIDED: 245 327
Broadcasting DELIVERY OF: 245
Starting Round 246
Broadcasting proposal 1 round 246 with 358 elements
__________________________
Starting Round 247
Broadcasting proposal 1 round 247 with 371 elements
__________________________
Starting Round 248
Broadcasting proposal 1 round 248 with 277 elements
__________________________
Starting Round 249
Broadcasting proposal 1 round 249 with 303 elements
__________________________
Cleared accepted value set for round 243
Cleared accepted value set for round 242
Cleared accepted value set for round 240
Cleared accepted value set for round 241
Broadcasting NEW proposal 2 round 247 with 439 elements
__________________________
Broadcasting NEW proposal 2 round 246 with 426 elements
__________________________
DECIDED: 246 426
Broadcasting DELIVERY OF: 246
DECIDED: 247 439
Broadcasting DELIVERY OF: 247
DECIDED: 248 277
Broadcasting DELIVERY OF: 248
DECIDED: 249 303
Broadcasting DELIVERY OF: 249
Starting Round 250
Broadcasting proposal 1 round 250 with 305 elements
__________________________
Starting Round 251
Broadcasting proposal 1 round 251 with 320 elements
__________________________
Starting Round 252
Broadcasting proposal 1 round 252 with 298 elements
__________________________
Starting Round 253
Broadcasting proposal 1 round 253 with 298 elements
__________________________
Sent 46000 messages.
Broadcasting NEW proposal 2 round 250 with 399 elements
__________________________
Broadcasting NEW proposal 2 round 251 with 426 elements
__________________________
Cleared accepted value set for round 244
Cleared accepted value set for round 247
Cleared accepted value set for round 245
Cleared accepted value set for round 246
Broadcasting NEW proposal 3 round 250 with 422 elements
__________________________
Broadcasting NEW proposal 3 round 251 with 441 elements
__________________________
DECIDED: 250 422
Broadcasting DELIVERY OF: 250
DECIDED: 251 441
Broadcasting DELIVERY OF: 251
DECIDED: 252 298
Broadcasting DELIVERY OF: 252
DECIDED: 253 298
Broadcasting DELIVERY OF: 253
Starting Round 254
Broadcasting proposal 1 round 254 with 375 elements
__________________________
Starting Round 255
Broadcasting proposal 1 round 255 with 341 elements
__________________________
Starting Round 256
Broadcasting proposal 1 round 256 with 331 elements
__________________________
Starting Round 257
Broadcasting proposal 1 round 257 with 265 elements
__________________________
Broadcasting NEW proposal 2 round 254 with 420 elements
__________________________
Broadcasting NEW proposal 2 round 255 with 409 elements
__________________________
Cleared accepted value set for round 248
Cleared accepted value set for round 249
Cleared accepted value set for round 251
Cleared accepted value set for round 250
Sent 47000 messages.
DECIDED: 254 420
Broadcasting DELIVERY OF: 254
DECIDED: 255 409
Broadcasting DELIVERY OF: 255
DECIDED: 256 331
Broadcasting DELIVERY OF: 256
DECIDED: 257 265
Broadcasting DELIVERY OF: 257
Starting Round 258
Broadcasting proposal 1 round 258 with 331 elements
__________________________
Starting Round 259
Broadcasting proposal 1 round 259 with 305 elements
__________________________
Starting Round 260
Broadcasting proposal 1 round 260 with 287 elements
__________________________
Starting Round 261
Broadcasting proposal 1 round 261 with 277 elements
__________________________
Broadcasting NEW proposal 2 round 258 with 429 elements
__________________________
Broadcasting NEW proposal 2 round 259 with 395 elements
__________________________
Cleared accepted value set for round 252
Cleared accepted value set for round 253
Cleared accepted value set for round 254
Cleared accepted value set for round 255
Broadcasting NEW proposal 3 round 259 with 429 elements
__________________________
Broadcasting NEW proposal 3 round 258 with 457 elements
__________________________
Sent 48000 messages.
DECIDED: 258 457
Broadcasting DELIVERY OF: 258
DECIDED: 259 429
Broadcasting DELIVERY OF: 259
DECIDED: 260 287
Broadcasting DELIVERY OF: 260
DECIDED: 261 277
Broadcasting DELIVERY OF: 261
Starting Round 262
Broadcasting proposal 1 round 262 with 316 elements
__________________________
Starting Round 263
Broadcasting proposal 1 round 263 with 324 elements
__________________________
Starting Round 264
Broadcasting proposal 1 round 264 with 334 elements
__________________________
Starting Round 265
Broadcasting proposal 1 round 265 with 303 elements
__________________________
Cleared accepted value set for round 259
Cleared accepted value set for round 257
Cleared accepted value set for round 258
Cleared accepted value set for round 256
Broadcasting NEW proposal 2 round 262 with 426 elements
__________________________
Broadcasting NEW proposal 2 round 263 with 432 elements
__________________________
DECIDED: 262 426
Broadcasting DELIVERY OF: 262
DECIDED: 263 432
Broadcasting DELIVERY OF: 263
DECIDED: 264 334
Broadcasting DELIVERY OF: 264
DECIDED: 265 303
Broadcasting DELIVERY OF: 265
Starting Round 266
Broadcasting proposal 1 round 266 with 318 elements
__________________________
Starting Round 267
Broadcasting proposal 1 round 267 with 309 elements
__________________________
Starting Round 268
Broadcasting proposal 1 round 268 with 301 elements
__________________________
Starting Round 269
Broadcasting proposal 1 round 269 with 316 elements
__________________________
Broadcasting NEW proposal 2 round 266 with 396 elements
__________________________
Broadcasting NEW proposal 2 round 267 with 404 elements
__________________________
Sent 49000 messages.
Cleared accepted value set for round 262
Cleared accepted value set for round 263
Cleared accepted value set for round 261
Cleared accepted value set for round 260
Broadcasting NEW proposal 3 round 266 with 431 elements
__________________________
Broadcasting NEW proposal 3 round 267 with 440 elements
__________________________
DECIDED: 266 431
Broadcasting DELIVERY OF: 266
DECIDED: 267 440
Broadcasting DELIVERY OF: 267
DECIDED: 268 301
Broadcasting DELIVERY OF: 268
DECIDED: 269 316
Broadcasting DELIVERY OF: 269
Starting Round 270
Broadcasting proposal 1 round 270 with 337 elements
__________________________
Starting Round 271
Broadcasting proposal 1 round 271 with 335 elements
__________________________
Starting Round 272
Broadcasting proposal 1 round 272 with 328 elements
__________________________
Starting Round 273
Broadcasting proposal 1 round 273 with 306 elements
__________________________
Broadcasting NEW proposal 2 round 271 with 422 elements
__________________________
Broadcasting NEW proposal 2 round 270 with 422 elements
__________________________
Cleared accepted value set for round 265
Cleared accepted value set for round 264
Cleared accepted value set for round 266
Cleared accepted value set for round 267
DECIDED: 270 422
Broadcasting DELIVERY OF: 270
DECIDED: 271 422
Broadcasting DELIVERY OF: 271
DECIDED: 272 328
Broadcasting DELIVERY OF: 272
DECIDED: 273 306
Broadcasting DELIVERY OF: 273
Sent 50000 messages.
Starting Round 274
Broadcasting proposal 1 round 274 with 325 elements
__________________________
Starting Round 275
Broadcasting proposal 1 round 275 with 304 elements
__________________________
Starting Round 276
Broadcasting proposal 1 round 276 with 277 elements
__________________________
Starting Round 277
Broadcasting proposal 1 round 277 with 291 elements
__________________________
Broadcasting NEW proposal 2 round 275 with 375 elements
__________________________
Broadcasting NEW proposal 2 round 274 with 403 elements
__________________________
Cleared accepted value set for round 270
Cleared accepted value set for round 268
Cleared accepted value set for round 269
Cleared accepted value set for round 271
Broadcasting NEW proposal 3 round 274 with 444 elements
__________________________
Broadcasting NEW proposal 3 round 275 with 420 elements
__________________________
DECIDED: 274 444
Broadcasting DELIVERY OF: 274
DECIDED: 275 420
Broadcasting DELIVERY OF: 275
DECIDED: 276 277
Broadcasting DELIVERY OF: 276
DECIDED: 277 291
Broadcasting DELIVERY OF: 277
Starting Round 278
Broadcasting proposal 1 round 278 with 339 elements
__________________________
Starting Round 279
Broadcasting proposal 1 round 279 with 326 elements
__________________________
Starting Round 280
Broadcasting proposal 1 round 280 with 335 elements
__________________________
Starting Round 281
Broadcasting proposal 1 round 281 with 315 elements
__________________________
Sent 51000 messages.
Broadcasting NEW proposal 2 round 278 with 477 elements
__________________________
Broadcasting NEW proposal 2 round 279 with 429 elements
__________________________
Cleared accepted value set for round 274
Cleared accepted value set for round 275
Cleared accepted value set for round 273
Cleared accepted value set for round 272
DECIDED: 278 477
Broadcasting DELIVERY OF: 278
DECIDED: 279 429
Broadcasting DELIVERY OF: 279
DECIDED: 280 335
Broadcasting DELIVERY OF: 280
DECIDED: 281 315
Broadcasting DELIVERY OF: 281
Starting Round 282
Broadcasting proposal 1 round 282 with 297 elements
__________________________
Starting Round 283
Broadcasting proposal 1 round 283 with 317 elements
__________________________
Starting Round 284
Broadcasting proposal 1 round 284 with 304 elements
__________________________
Starting Round 285
Broadcasting proposal 1 round 285 with 325 elements
__________________________
Broadcasting NEW proposal 2 round 282 with 372 elements
__________________________
Broadcasting NEW proposal 2 round 283 with 389 elements
__________________________
Cleared accepted value set for round 277
Cleared accepted value set for round 278
Cleared accepted value set for round 276
Cleared accepted value set for round 279
Broadcasting NEW proposal 3 round 282 with 417 elements
__________________________
Broadcasting NEW proposal 3 round 283 with 443 elements
__________________________
Sent 52000 messages.
DECIDED: 282 417
Broadcasting DELIVERY OF: 282
DECIDED: 283 443
Broadcasting DELIVERY OF: 283
DECIDED: 284 304
Broadcasting DELIVERY OF: 284
DECIDED: 285 325
Broadcasting DELIVERY OF: 285
Starting Round 286
Broadcasting proposal 1 round 286 with 287 elements
__________________________
Starting Round 287
Broadcasting proposal 1 round 287 with 301 elements
__________________________
Starting Round 288
Broadcasting proposal 1 round 288 with 300 elements
__________________________
Starting Round 289
Broadcasting proposal 1 round 289 with 314 elements
__________________________
Broadcasting NEW proposal 2 round 287 with 416 elements
__________________________
Broadcasting NEW proposal 2 round 286 with 406 elements
__________________________
Cleared accepted value set for round 280
Cleared accepted value set for round 281
Cleared accepted value set for round 283
Cleared accepted value set for round 282
DECIDED: 286 406
Broadcasting DELIVERY OF: 286
DECIDED: 287 416
Broadcasting DELIVERY OF: 287
DECIDED: 288 300
Broadcasting DELIVERY OF: 288
DECIDED: 289 314
Broadcasting DELIVERY OF: 289
Starting Round 290
Broadcasting proposal 1 round 290 with 297 elements
__________________________
Starting Round 291
Broadcasting proposal 1 round 291 with 310 elements
__________________________
Starting Round 292
Broadcasting proposal 1 round 292 with 263 elements
__________________________
Starting Round 293
Broadcasting proposal 1 round 293 with 293 elements
__________________________
Sent 53000 messages.
Broadcasting NEW proposal 2 round 290 with 334 elements
__________________________
Broadcasting NEW proposal 2 round 291 with 352 elements
__________________________
Cleared accepted value set for round 284
Cleared accepted value set for round 286
Cleared accepted value set for round 285
Cleared accepted value set for round 287
Broadcasting NEW proposal 3 round 291 with 409 elements
__________________________
Broadcasting NEW proposal 3 round 290 with 407 elements
__________________________
DECIDED: 290 407
Broadcasting DELIVERY OF: 290
DECIDED: 291 409
Broadcasting DELIVERY OF: 291
DECIDED: 292 263
Broadcasting DELIVERY OF: 292
DECIDED: 293 293
Broadcasting DELIVERY OF: 293
Starting Round 294
Broadcasting proposal 1 round 294 with 295 elements
__________________________
Starting Round 295
Broadcasting proposal 1 round 295 with 301 elements
__________________________
Starting Round 296
Broadcasting proposal 1 round 296 with 313 elements
__________________________
Starting Round 297
Broadcasting proposal 1 round 297 with 287 elements
__________________________
Broadcasting NEW proposal 2 round 294 with 396 elements
__________________________
Broadcasting NEW proposal 2 round 295 with 402 elements
__________________________
Sent 54000 messages.
Cleared accepted value set for round 288
Cleared accepted value set for round 291
Cleared accepted value set for round 289
Cleared accepted value set for round 290
Broadcasting NEW proposal 3 round 294 with 421 elements
__________________________
Broadcasting NEW proposal 3 round 295 with 420 elements
__________________________
DECIDED: 294 421
Broadcasting DELIVERY OF: 294
DECIDED: 295 420
Broadcasting DELIVERY OF: 295
DECIDED: 296 313
Broadcasting DELIVERY OF: 296
DECIDED: 297 287
Broadcasting DELIVERY OF: 297
Starting Round 298
Broadcasting proposal 1 round 298 with 285 elements
__________________________
Starting Round 299
Broadcasting proposal 1 round 299 with 333 elements
__________________________
Cleared accepted value set for round 292
Cleared accepted value set for round 295
Cleared accepted value set for round 293
Cleared accepted value set for round 294
Broadcasting NEW proposal 2 round 298 with 405 elements
__________________________
Broadcasting NEW proposal 2 round 299 with 448 elements
__________________________
DECIDED: 298 405
Broadcasting DELIVERY OF: 298
DECIDED: 299 448
Broadcasting DELIVERY OF: 299
Cleared accepted value set for round 296
Cleared accepted value set for round 297
Cleared accepted value set for round 298
Cleared accepted value set for round 299
ERROR IN PERFECT LINKS DELIVER: Message{proposalCount=2, senderId=63, receiverId=54, latticeRound=296, isAck=0}
Immediately stopping network packet processing.
Writing output.
